Log file open, 06/08/21 19:19:56
LogInit: Display: Running engine for game: ImaginePower
LogPlatformFile: Not using cached read wrapper
LogTaskGraph: Started task graph with 5 named threads and 35 total threads with 3 sets of task threads.
LogStats: Stats thread started at 0.319710
LogD3D11RHI: Loaded GFSDK_Aftermath_Lib.x64.dll
LogICUInternationalization: ICU TimeZone Detection - Raw Offset: +1:00, Platform Override: ''
LogPluginManager: Mounting plugin Paper2D
LogPluginManager: Mounting plugin AISupport
LogPluginManager: Mounting plugin LightPropagationVolume
LogPluginManager: Mounting plugin CameraShakePreviewer
LogPluginManager: Mounting plugin ActorLayerUtilities
LogPluginManager: Mounting plugin AnimationSharing
LogPluginManager: Mounting plugin CLionSourceCodeAccess
LogPluginManager: Mounting plugin CodeLiteSourceCodeAccess
LogPluginManager: Mounting plugin GitSourceControl
LogPluginManager: Mounting plugin KDevelopSourceCodeAccess
LogPluginManager: Mounting plugin NullSourceCodeAccess
LogPluginManager: Mounting plugin PerforceSourceControl
LogPluginManager: Mounting plugin PlasticSourceControl
LogPluginManager: Mounting plugin RiderSourceCodeAccess
LogPluginManager: Mounting plugin SubversionSourceControl
LogPluginManager: Mounting plugin UObjectPlugin
LogPluginManager: Mounting plugin VisualStudioCodeSourceCodeAccess
LogPluginManager: Mounting plugin VisualStudioSourceCodeAccess
LogPluginManager: Mounting plugin XCodeSourceCodeAccess
LogPluginManager: Mounting plugin AssetManagerEditor
LogPluginManager: Mounting plugin CryptoKeys
LogPluginManager: Mounting plugin CurveEditorTools
LogPluginManager: Mounting plugin DataValidation
LogPluginManager: Mounting plugin EditorScriptingUtilities
LogPluginManager: Mounting plugin FacialAnimation
LogPluginManager: Mounting plugin GameplayTagsEditor
LogPluginManager: Mounting plugin GeometryMode
LogPluginManager: Mounting plugin MacGraphicsSwitching
LogPluginManager: Mounting plugin MaterialAnalyzer
LogPluginManager: Mounting plugin MobileLauncherProfileWizard
LogPluginManager: Mounting plugin PluginBrowser
LogPluginManager: Mounting plugin SpeedTreeImporter
LogPluginManager: Mounting plugin DatasmithContent
LogPluginManager: Mounting plugin VariantManagerContent
LogPluginManager: Mounting plugin AlembicImporter
LogPluginManager: Mounting plugin AutomationUtils
LogPluginManager: Mounting plugin BackChannel
LogPluginManager: Mounting plugin ChaosCloth
LogPluginManager: Mounting plugin ChaosClothEditor
LogPluginManager: Mounting plugin ChaosEditor
LogPluginManager: Mounting plugin ChaosNiagara
LogPluginManager: Mounting plugin ChaosSolverPlugin
LogPluginManager: Mounting plugin CharacterAI
LogPluginManager: Mounting plugin GeometryCache
LogPluginManager: Mounting plugin GeometryCollectionPlugin
LogPluginManager: Mounting plugin GeometryProcessing
LogPluginManager: Mounting plugin PlanarCut
LogPluginManager: Mounting plugin PlatformCrypto
LogPluginManager: Mounting plugin ProxyLODPlugin
LogPluginManager: Mounting plugin PythonScriptPlugin
LogPluginManager: Mounting plugin SkeletalReduction
LogPluginManager: Mounting plugin Niagara
LogPluginManager: Mounting plugin MagicLeap
LogPluginManager: Mounting plugin MagicLeapLightEstimation
LogPluginManager: Mounting plugin MagicLeapMedia
LogPluginManager: Mounting plugin MagicLeapPassableWorld
LogPluginManager: Mounting plugin MLSDK
LogPluginManager: Mounting plugin AndroidMedia
LogPluginManager: Mounting plugin AvfMedia
LogPluginManager: Mounting plugin ImgMedia
LogPluginManager: Mounting plugin MediaCompositing
LogPluginManager: Mounting plugin MediaPlayerEditor
LogPluginManager: Mounting plugin WebMMedia
LogPluginManager: Mounting plugin WmfMedia
LogPluginManager: Mounting plugin MegascansPlugin
LogPluginManager: Mounting plugin MeshPainting
LogPluginManager: Mounting plugin TcpMessaging
LogPluginManager: Mounting plugin UdpMessaging
LogPluginManager: Mounting plugin ActorSequence
LogPluginManager: Mounting plugin LevelSequenceEditor
LogPluginManager: Mounting plugin MatineeToLevelSequence
LogPluginManager: Mounting plugin MovieRenderPipeline
LogPluginManager: Mounting plugin TemplateSequence
LogPluginManager: Mounting plugin NetcodeUnitTest
LogPluginManager: Mounting plugin NUTUnrealEngine4
LogPluginManager: Mounting plugin OnlineSubsystemGooglePlay
LogPluginManager: Mounting plugin OnlineSubsystemIOS
LogPluginManager: Mounting plugin OnlineSubsystem
LogPluginManager: Mounting plugin OnlineSubsystemNull
LogPluginManager: Mounting plugin OnlineSubsystemUtils
LogPluginManager: Mounting plugin LauncherChunkInstaller
LogPluginManager: Mounting plugin AndroidDeviceProfileSelector
LogPluginManager: Mounting plugin AndroidMoviePlayer
LogPluginManager: Mounting plugin AndroidPermission
LogPluginManager: Mounting plugin AppleImageUtils
LogPluginManager: Mounting plugin AppleMoviePlayer
LogPluginManager: Mounting plugin ArchVisCharacter
LogPluginManager: Mounting plugin AssetTags
LogPluginManager: Mounting plugin AudioCapture
LogPluginManager: Mounting plugin CableComponent
LogPluginManager: Mounting plugin CustomMeshComponent
LogPluginManager: Mounting plugin DatabaseSupport
LogPluginManager: Mounting plugin SQLiteCore
LogPluginManager: Mounting plugin SQLiteSupport
LogPluginManager: Mounting plugin EditableMesh
LogPluginManager: Mounting plugin ExampleDeviceProfileSelector
LogPluginManager: Mounting plugin GoogleCloudMessaging
LogPluginManager: Mounting plugin GooglePAD
LogPluginManager: Mounting plugin IOSDeviceProfileSelector
LogPluginManager: Mounting plugin LinuxDeviceProfileSelector
LogPluginManager: Mounting plugin LocationServicesBPLibrary
LogPluginManager: Mounting plugin MobilePatchingUtils
LogPluginManager: Mounting plugin OculusVR
LogPluginManager: Mounting plugin PhysXVehicles
LogPluginManager: Mounting plugin PostSplashScreen
LogPluginManager: Mounting plugin ProceduralMeshComponent
LogPluginManager: Mounting plugin RuntimePhysXCooking
LogPluginManager: Mounting plugin SignificanceManager
LogPluginManager: Mounting plugin SoundFields
LogPluginManager: Mounting plugin SteamVR
LogPluginManager: Mounting plugin Synthesis
LogPluginManager: Mounting plugin WebMMoviePlayer
LogPluginManager: Mounting plugin WindowsMoviePlayer
LogPluginManager: Mounting plugin ScreenshotTools
LogInit: Using libcurl 7.55.1-DEV
LogInit:  - built for x86_64-pc-win32
LogInit:  - supports SSL with OpenSSL/1.1.1
LogInit:  - supports HTTP deflate (compression) using libz 1.2.8
LogInit:  - other features:
LogInit:      CURL_VERSION_SSL
LogInit:      CURL_VERSION_LIBZ
LogInit:      CURL_VERSION_IPV6
LogInit:      CURL_VERSION_ASYNCHDNS
LogInit:      CURL_VERSION_LARGEFILE
LogInit:      CURL_VERSION_IDN
LogInit:  CurlRequestOptions (configurable via config and command line):
LogInit:  - bVerifyPeer = true  - Libcurl will verify peer certificate
LogInit:  - bUseHttpProxy = false  - Libcurl will NOT use HTTP proxy
LogInit:  - bDontReuseConnections = false  - Libcurl will reuse connections
LogInit:  - MaxHostConnections = 16  - Libcurl will limit the number of connections to a host
LogInit:  - LocalHostAddr = Default
LogInit:  - BufferSize = 65536
LogOnline: OSS: Creating online subsystem instance for: NULL
LogInit: WinSock: version 1.1 (2.2), MaxSocks=32767, MaxUdp=65467
LogOnline: OSS: TryLoadSubsystemAndSetDefault: Loaded subsystem for module [NULL]
LogInit: Build: ++UE4+Release-4.25-CL-14469661
LogInit: Engine Version: 4.25.4-14469661+++UE4+Release-4.25
LogInit: Compatible Engine Version: 4.25.0-13144385+++UE4+Release-4.25
LogInit: Net CL: 13144385
LogInit: OS: Windows 10 (Release 2009) (), CPU: Intel(R) Core(TM) i7-9750H CPU @ 2.60GHz, GPU: Intel(R) UHD Graphics 630
LogInit: Compiled (64-bit): Oct 11 2020 08:10:49
LogInit: Compiled with Visual C++: 19.24.28315.00
LogInit: Build Configuration: Development
LogInit: Branch Name: ++UE4+Release-4.25
LogInit: Command Line:  -skipcompile
LogInit: Base Directory: C:/Program Files/Epic Games/UE_4.25/Engine/Binaries/Win64/
LogInit: Allocator: TBB
LogInit: Installed Engine Build: 1
LogDevObjectVersion: Number of dev versions registered: 26
LogDevObjectVersion:   Dev-Blueprints (B0D832E4-1F89-4F0D-ACCF-7EB736FD4AA2): 10
LogDevObjectVersion:   Dev-Build (E1C64328-A22C-4D53-A36C-8E866417BD8C): 0
LogDevObjectVersion:   Dev-Core (375EC13C-06E4-48FB-B500-84F0262A717E): 4
LogDevObjectVersion:   Dev-Editor (E4B068ED-F494-42E9-A231-DA0B2E46BB41): 38
LogDevObjectVersion:   Dev-Framework (CFFC743F-43B0-4480-9391-14DF171D2073): 37
LogDevObjectVersion:   Dev-Mobile (B02B49B5-BB20-44E9-A304-32B752E40360): 2
LogDevObjectVersion:   Dev-Networking (A4E4105C-59A1-49B5-A7C5-40C4547EDFEE): 0
LogDevObjectVersion:   Dev-Online (39C831C9-5AE6-47DC-9A44-9C173E1C8E7C): 0
LogDevObjectVersion:   Dev-Physics (78F01B33-EBEA-4F98-B9B4-84EACCB95AA2): 4
LogDevObjectVersion:   Dev-Platform (6631380F-2D4D-43E0-8009-CF276956A95A): 0
LogDevObjectVersion:   Dev-Rendering (12F88B9F-8875-4AFC-A67C-D90C383ABD29): 43
LogDevObjectVersion:   Dev-Sequencer (7B5AE74C-D270-4C10-A958-57980B212A5A): 12
LogDevObjectVersion:   Dev-VR (D7296918-1DD6-4BDD-9DE2-64A83CC13884): 3
LogDevObjectVersion:   Dev-LoadTimes (C2A15278-BFE7-4AFE-6C17-90FF531DF755): 1
LogDevObjectVersion:   Private-Geometry (6EACA3D4-40EC-4CC1-B786-8BED09428FC5): 3
LogDevObjectVersion:   Dev-AnimPhys (29E575DD-E0A3-4627-9D10-D276232CDCEA): 17
LogDevObjectVersion:   Dev-Anim (AF43A65D-7FD3-4947-9873-3E8ED9C1BB05): 7
LogDevObjectVersion:   Dev-ReflectionCapture (6B266CEC-1EC7-4B8F-A30B-E4D90942FC07): 1
LogDevObjectVersion:   Dev-Automation (0DF73D61-A23F-47EA-B727-89E90C41499A): 1
LogDevObjectVersion:   FortniteMain (601D1886-AC64-4F84-AA16-D3DE0DEAC7D6): 31
LogDevObjectVersion:   Dev-Enterprise (9DFFBCD6-494F-0158-E221-12823C92A888): 10
LogDevObjectVersion:   Dev-Niagara (F2AED0AC-9AFE-416F-8664-AA7FFA26D6FC): 1
LogDevObjectVersion:   Dev-Destruction (174F1F0B-B4C6-45A5-B13F-2EE8D0FB917D): 10
LogDevObjectVersion:   Dev-Physics-Ext (35F94A83-E258-406C-A318-09F59610247C): 37
LogDevObjectVersion:   Dev-PhysicsMaterial-Chaos (B68FC16E-8B1B-42E2-B453-215C058844FE): 1
LogDevObjectVersion:   Dev-CineCamera (B2E18506-4273-CFC2-A54E-F4BB758BBA07): 1
LogInit: Presizing for max 25165824 objects, including 0 objects not considered by GC, pre-allocating 0 bytes for permanent pool.
LogConfig: Applying CVar settings from Section [/Script/Engine.StreamingSettings] File [C:/Projects/Piotr_Starczewski_Imagine_Power/ImaginePower/Saved/Config/Windows/Engine.ini]
LogConfig: Setting CVar [[s.MinBulkDataSizeForAsyncLoading:131072]]
LogConfig: Setting CVar [[s.AsyncLoadingThreadEnabled:0]]
LogConfig: Setting CVar [[s.EventDrivenLoaderEnabled:1]]
LogConfig: Setting CVar [[s.WarnIfTimeLimitExceeded:0]]
LogConfig: Setting CVar [[s.TimeLimitExceededMultiplier:1.5]]
LogConfig: Setting CVar [[s.TimeLimitExceededMinTime:0.005]]
LogConfig: Setting CVar [[s.UseBackgroundLevelStreaming:1]]
LogConfig: Setting CVar [[s.PriorityAsyncLoadingExtraTime:15.0]]
LogConfig: Setting CVar [[s.LevelStreamingActorsUpdateTimeLimit:5.0]]
LogConfig: Setting CVar [[s.PriorityLevelStreamingActorsUpdateExtraTime:5.0]]
LogConfig: Setting CVar [[s.LevelStreamingComponentsRegistrationGranularity:10]]
LogConfig: Setting CVar [[s.UnregisterComponentsTimeLimit:1.0]]
LogConfig: Setting CVar [[s.LevelStreamingComponentsUnregistrationGranularity:5]]
LogConfig: Setting CVar [[s.FlushStreamingOnExit:1]]
LogInit: Object subsystem initialized
LogConfig: Setting CVar [[con.DebugEarlyDefault:1]]
LogConfig: Setting CVar [[r.setres:1280x720]]
[2021.06.08-17.19.57:290][  0]LogConfig: Setting CVar [[r.VSync:0]]
[2021.06.08-17.19.57:290][  0]LogConfig: Setting CVar [[r.RHICmdBypass:0]]
[2021.06.08-17.19.57:290][  0]LogConfig: Applying CVar settings from Section [/Script/Engine.RendererSettings] File [C:/Projects/Piotr_Starczewski_Imagine_Power/ImaginePower/Saved/Config/Windows/Engine.ini]
[2021.06.08-17.19.57:290][  0]LogConfig: Setting CVar [[r.GPUCrashDebugging:0]]
[2021.06.08-17.19.57:290][  0]LogConfig: Applying CVar settings from Section [/Script/Engine.RendererOverrideSettings] File [C:/Projects/Piotr_Starczewski_Imagine_Power/ImaginePower/Saved/Config/Windows/Engine.ini]
[2021.06.08-17.19.57:290][  0]LogConfig: Applying CVar settings from Section [/Script/Engine.StreamingSettings] File [C:/Projects/Piotr_Starczewski_Imagine_Power/ImaginePower/Saved/Config/Windows/Engine.ini]
[2021.06.08-17.19.57:291][  0]LogConfig: Setting CVar [[s.MinBulkDataSizeForAsyncLoading:131072]]
[2021.06.08-17.19.57:291][  0]LogConfig: Setting CVar [[s.AsyncLoadingThreadEnabled:0]]
[2021.06.08-17.19.57:291][  0]LogConfig: Setting CVar [[s.EventDrivenLoaderEnabled:1]]
[2021.06.08-17.19.57:291][  0]LogConfig: Setting CVar [[s.WarnIfTimeLimitExceeded:0]]
[2021.06.08-17.19.57:291][  0]LogConfig: Setting CVar [[s.TimeLimitExceededMultiplier:1.5]]
[2021.06.08-17.19.57:291][  0]LogConfig: Setting CVar [[s.TimeLimitExceededMinTime:0.005]]
[2021.06.08-17.19.57:291][  0]LogConfig: Setting CVar [[s.UseBackgroundLevelStreaming:1]]
[2021.06.08-17.19.57:291][  0]LogConfig: Setting CVar [[s.PriorityAsyncLoadingExtraTime:15.0]]
[2021.06.08-17.19.57:291][  0]LogConfig: Setting CVar [[s.LevelStreamingActorsUpdateTimeLimit:5.0]]
[2021.06.08-17.19.57:291][  0]LogConfig: Setting CVar [[s.PriorityLevelStreamingActorsUpdateExtraTime:5.0]]
[2021.06.08-17.19.57:291][  0]LogConfig: Setting CVar [[s.LevelStreamingComponentsRegistrationGranularity:10]]
[2021.06.08-17.19.57:291][  0]LogConfig: Setting CVar [[s.UnregisterComponentsTimeLimit:1.0]]
[2021.06.08-17.19.57:291][  0]LogConfig: Setting CVar [[s.LevelStreamingComponentsUnregistrationGranularity:5]]
[2021.06.08-17.19.57:291][  0]LogConfig: Setting CVar [[s.FlushStreamingOnExit:1]]
[2021.06.08-17.19.57:291][  0]LogConfig: Applying CVar settings from Section [/Script/Engine.GarbageCollectionSettings] File [C:/Projects/Piotr_Starczewski_Imagine_Power/ImaginePower/Saved/Config/Windows/Engine.ini]
[2021.06.08-17.19.57:291][  0]LogConfig: Setting CVar [[gc.MaxObjectsNotConsideredByGC:1]]
[2021.06.08-17.19.57:291][  0]LogConfig: Setting CVar [[gc.SizeOfPermanentObjectPool:0]]
[2021.06.08-17.19.57:291][  0]LogConfig: Setting CVar [[gc.FlushStreamingOnGC:0]]
[2021.06.08-17.19.57:291][  0]LogConfig: Setting CVar [[gc.NumRetriesBeforeForcingGC:10]]
[2021.06.08-17.19.57:291][  0]LogConfig: Setting CVar [[gc.AllowParallelGC:1]]
[2021.06.08-17.19.57:292][  0]LogConfig: Setting CVar [[gc.TimeBetweenPurgingPendingKillObjects:61.1]]
[2021.06.08-17.19.57:292][  0]LogConfig: Setting CVar [[gc.MaxObjectsInEditor:25165824]]
[2021.06.08-17.19.57:292][  0]LogConfig: Setting CVar [[gc.IncrementalBeginDestroyEnabled:1]]
[2021.06.08-17.19.57:292][  0]LogConfig: Setting CVar [[gc.CreateGCClusters:1]]
[2021.06.08-17.19.57:292][  0]LogConfig: Setting CVar [[gc.MinGCClusterSize:5]]
[2021.06.08-17.19.57:292][  0]LogConfig: Setting CVar [[gc.ActorClusteringEnabled:0]]
[2021.06.08-17.19.57:292][  0]LogConfig: Setting CVar [[gc.BlueprintClusteringEnabled:0]]
[2021.06.08-17.19.57:292][  0]LogConfig: Setting CVar [[gc.UseDisregardForGCOnDedicatedServers:0]]
[2021.06.08-17.19.57:292][  0]LogConfig: Applying CVar settings from Section [/Script/Engine.NetworkSettings] File [C:/Projects/Piotr_Starczewski_Imagine_Power/ImaginePower/Saved/Config/Windows/Engine.ini]
[2021.06.08-17.19.57:292][  0]LogConfig: Applying CVar settings from Section [/Script/UnrealEd.CookerSettings] File [C:/Projects/Piotr_Starczewski_Imagine_Power/ImaginePower/Saved/Config/Windows/Engine.ini]
[2021.06.08-17.19.57:296][  0]LogConfig: Applying CVar settings from Section [ViewDistanceQuality@3] File [C:/Projects/Piotr_Starczewski_Imagine_Power/ImaginePower/Saved/Config/Windows/Scalability.ini]
[2021.06.08-17.19.57:296][  0]LogConfig: Setting CVar [[r.SkeletalMeshLODBias:0]]
[2021.06.08-17.19.57:296][  0]LogConfig: Setting CVar [[r.ViewDistanceScale:1.0]]
[2021.06.08-17.19.57:296][  0]LogConfig: Applying CVar settings from Section [AntiAliasingQuality@3] File [C:/Projects/Piotr_Starczewski_Imagine_Power/ImaginePower/Saved/Config/Windows/Scalability.ini]
[2021.06.08-17.19.57:296][  0]LogConfig: Setting CVar [[r.PostProcessAAQuality:4]]
[2021.06.08-17.19.57:296][  0]LogConfig: Applying CVar settings from Section [ShadowQuality@3] File [C:/Projects/Piotr_Starczewski_Imagine_Power/ImaginePower/Saved/Config/Windows/Scalability.ini]
[2021.06.08-17.19.57:296][  0]LogConfig: Setting CVar [[r.LightFunctionQuality:1]]
[2021.06.08-17.19.57:296][  0]LogConfig: Setting CVar [[r.ShadowQuality:5]]
[2021.06.08-17.19.57:297][  0]LogConfig: Setting CVar [[r.Shadow.CSM.MaxCascades:10]]
[2021.06.08-17.19.57:297][  0]LogConfig: Setting CVar [[r.Shadow.MaxResolution:2048]]
[2021.06.08-17.19.57:297][  0]LogConfig: Setting CVar [[r.Shadow.MaxCSMResolution:2048]]
[2021.06.08-17.19.57:297][  0]LogConfig: Setting CVar [[r.Shadow.RadiusThreshold:0.01]]
[2021.06.08-17.19.57:297][  0]LogConfig: Setting CVar [[r.Shadow.DistanceScale:1.0]]
[2021.06.08-17.19.57:297][  0]LogConfig: Setting CVar [[r.Shadow.CSM.TransitionScale:1.0]]
[2021.06.08-17.19.57:297][  0]LogConfig: Setting CVar [[r.Shadow.PreShadowResolutionFactor:1.0]]
[2021.06.08-17.19.57:297][  0]LogConfig: Setting CVar [[r.DistanceFieldShadowing:1]]
[2021.06.08-17.19.57:297][  0]LogConfig: Setting CVar [[r.DistanceFieldAO:1]]
[2021.06.08-17.19.57:297][  0]LogConfig: Setting CVar [[r.AOQuality:2]]
[2021.06.08-17.19.57:297][  0]LogConfig: Setting CVar [[r.VolumetricFog:1]]
[2021.06.08-17.19.57:297][  0]LogConfig: Setting CVar [[r.VolumetricFog.GridPixelSize:8]]
[2021.06.08-17.19.57:297][  0]LogConfig: Setting CVar [[r.VolumetricFog.GridSizeZ:128]]
[2021.06.08-17.19.57:297][  0]LogConfig: Setting CVar [[r.VolumetricFog.HistoryMissSupersampleCount:4]]
[2021.06.08-17.19.57:297][  0]LogConfig: Setting CVar [[r.LightMaxDrawDistanceScale:1]]
[2021.06.08-17.19.57:297][  0]LogConfig: Setting CVar [[r.CapsuleShadows:1]]
[2021.06.08-17.19.57:297][  0]LogConfig: Applying CVar settings from Section [PostProcessQuality@3] File [C:/Projects/Piotr_Starczewski_Imagine_Power/ImaginePower/Saved/Config/Windows/Scalability.ini]
[2021.06.08-17.19.57:297][  0]LogConfig: Setting CVar [[r.MotionBlurQuality:4]]
[2021.06.08-17.19.57:297][  0]LogConfig: Setting CVar [[r.AmbientOcclusionMipLevelFactor:0.4]]
[2021.06.08-17.19.57:297][  0]LogConfig: Setting CVar [[r.AmbientOcclusionMaxQuality:100]]
[2021.06.08-17.19.57:297][  0]LogConfig: Setting CVar [[r.AmbientOcclusionLevels:-1]]
[2021.06.08-17.19.57:297][  0]LogConfig: Setting CVar [[r.AmbientOcclusionRadiusScale:1.0]]
[2021.06.08-17.19.57:297][  0]LogConfig: Setting CVar [[r.DepthOfFieldQuality:2]]
[2021.06.08-17.19.57:297][  0]LogConfig: Setting CVar [[r.RenderTargetPoolMin:400]]
[2021.06.08-17.19.57:297][  0]LogConfig: Setting CVar [[r.LensFlareQuality:2]]
[2021.06.08-17.19.57:297][  0]LogConfig: Setting CVar [[r.SceneColorFringeQuality:1]]
[2021.06.08-17.19.57:297][  0]LogConfig: Setting CVar [[r.EyeAdaptationQuality:2]]
[2021.06.08-17.19.57:298][  0]LogConfig: Setting CVar [[r.BloomQuality:5]]
[2021.06.08-17.19.57:298][  0]LogConfig: Setting CVar [[r.FastBlurThreshold:100]]
[2021.06.08-17.19.57:298][  0]LogConfig: Setting CVar [[r.Upscale.Quality:3]]
[2021.06.08-17.19.57:298][  0]LogConfig: Setting CVar [[r.Tonemapper.GrainQuantization:1]]
[2021.06.08-17.19.57:298][  0]LogConfig: Setting CVar [[r.LightShaftQuality:1]]
[2021.06.08-17.19.57:298][  0]LogConfig: Setting CVar [[r.Filter.SizeScale:1]]
[2021.06.08-17.19.57:298][  0]LogConfig: Setting CVar [[r.Tonemapper.Quality:5]]
[2021.06.08-17.19.57:298][  0]LogConfig: Setting CVar [[r.DOF.Gather.AccumulatorQuality:1        ; higher gathering accumulator quality]]
[2021.06.08-17.19.57:298][  0]LogConfig: Setting CVar [[r.DOF.Gather.PostfilterMethod:1          ; Median3x3 postfilering method]]
[2021.06.08-17.19.57:298][  0]LogConfig: Setting CVar [[r.DOF.Gather.EnableBokehSettings:0       ; no bokeh simulation when gathering]]
[2021.06.08-17.19.57:298][  0]LogConfig: Setting CVar [[r.DOF.Gather.RingCount:4                 ; medium number of samples when gathering]]
[2021.06.08-17.19.57:298][  0]LogConfig: Setting CVar [[r.DOF.Scatter.ForegroundCompositing:1    ; additive foreground scattering]]
[2021.06.08-17.19.57:298][  0]LogConfig: Setting CVar [[r.DOF.Scatter.BackgroundCompositing:2    ; additive background scattering]]
[2021.06.08-17.19.57:298][  0]LogConfig: Setting CVar [[r.DOF.Scatter.EnableBokehSettings:1      ; bokeh simulation when scattering]]
[2021.06.08-17.19.57:298][  0]LogConfig: Setting CVar [[r.DOF.Scatter.MaxSpriteRatio:0.1         ; only a maximum of 10% of scattered bokeh]]
[2021.06.08-17.19.57:298][  0]LogConfig: Setting CVar [[r.DOF.Recombine.Quality:1                ; cheap slight out of focus]]
[2021.06.08-17.19.57:298][  0]LogConfig: Setting CVar [[r.DOF.Recombine.EnableBokehSettings:0    ; no bokeh simulation on slight out of focus]]
[2021.06.08-17.19.57:298][  0]LogConfig: Setting CVar [[r.DOF.TemporalAAQuality:1                ; more stable temporal accumulation]]
[2021.06.08-17.19.57:298][  0]LogConfig: Setting CVar [[r.DOF.Kernel.MaxForegroundRadius:0.025]]
[2021.06.08-17.19.57:298][  0]LogConfig: Setting CVar [[r.DOF.Kernel.MaxBackgroundRadius:0.025]]
[2021.06.08-17.19.57:298][  0]LogConfig: Applying CVar settings from Section [TextureQuality@3] File [C:/Projects/Piotr_Starczewski_Imagine_Power/ImaginePower/Saved/Config/Windows/Scalability.ini]
[2021.06.08-17.19.57:298][  0]LogConfig: Setting CVar [[r.Streaming.MipBias:0]]
[2021.06.08-17.19.57:298][  0]LogConfig: Setting CVar [[r.Streaming.AmortizeCPUToGPUCopy:0]]
[2021.06.08-17.19.57:298][  0]LogConfig: Setting CVar [[r.Streaming.MaxNumTexturesToStreamPerFrame:0]]
[2021.06.08-17.19.57:298][  0]LogConfig: Setting CVar [[r.Streaming.Boost:1]]
[2021.06.08-17.19.57:298][  0]LogConfig: Setting CVar [[r.MaxAnisotropy:8]]
[2021.06.08-17.19.57:298][  0]LogConfig: Setting CVar [[r.VT.MaxAnisotropy:8]]
[2021.06.08-17.19.57:298][  0]LogConfig: Setting CVar [[r.Streaming.LimitPoolSizeToVRAM:0]]
[2021.06.08-17.19.57:299][  0]LogConfig: Setting CVar [[r.Streaming.PoolSize:1000]]
[2021.06.08-17.19.57:299][  0]LogConfig: Setting CVar [[r.Streaming.MaxEffectiveScreenSize:0]]
[2021.06.08-17.19.57:299][  0]LogConfig: Applying CVar settings from Section [EffectsQuality@3] File [C:/Projects/Piotr_Starczewski_Imagine_Power/ImaginePower/Saved/Config/Windows/Scalability.ini]
[2021.06.08-17.19.57:299][  0]LogConfig: Setting CVar [[r.TranslucencyLightingVolumeDim:64]]
[2021.06.08-17.19.57:299][  0]LogConfig: Setting CVar [[r.RefractionQuality:2]]
[2021.06.08-17.19.57:299][  0]LogConfig: Setting CVar [[r.SSR.Quality:3]]
[2021.06.08-17.19.57:299][  0]LogConfig: Setting CVar [[r.SSR.HalfResSceneColor:0]]
[2021.06.08-17.19.57:299][  0]LogConfig: Setting CVar [[r.SceneColorFormat:4]]
[2021.06.08-17.19.57:299][  0]LogConfig: Setting CVar [[r.DetailMode:2]]
[2021.06.08-17.19.57:299][  0]LogConfig: Setting CVar [[r.TranslucencyVolumeBlur:1]]
[2021.06.08-17.19.57:299][  0]LogConfig: Setting CVar [[r.MaterialQualityLevel:1 ; High quality]]
[2021.06.08-17.19.57:299][  0]LogConfig: Setting CVar [[r.SSS.Scale:1]]
[2021.06.08-17.19.57:299][  0]LogConfig: Setting CVar [[r.SSS.SampleSet:2]]
[2021.06.08-17.19.57:299][  0]LogConfig: Setting CVar [[r.SSS.Quality:1]]
[2021.06.08-17.19.57:299][  0]LogConfig: Setting CVar [[r.SSS.HalfRes:0]]
[2021.06.08-17.19.57:299][  0]LogConfig: Setting CVar [[r.SSGI.Quality:3]]
[2021.06.08-17.19.57:299][  0]LogConfig: Setting CVar [[r.EmitterSpawnRateScale:1.0]]
[2021.06.08-17.19.57:299][  0]LogConfig: Setting CVar [[r.ParticleLightQuality:2]]
[2021.06.08-17.19.57:299][  0]LogConfig: Setting CVar [[r.SkyAtmosphere.AerialPerspectiveLUT.FastApplyOnOpaque:1 ; Always have FastSkyLUT 1 in this case to avoid wrong sky]]
[2021.06.08-17.19.57:299][  0]LogConfig: Setting CVar [[r.SkyAtmosphere.AerialPerspectiveLUT.SampleCountPerSlice:1]]
[2021.06.08-17.19.57:299][  0]LogConfig: Setting CVar [[r.SkyAtmosphere.AerialPerspectiveLUT.DepthResolution:16.0]]
[2021.06.08-17.19.57:299][  0]LogConfig: Setting CVar [[r.SkyAtmosphere.FastSkyLUT:1]]
[2021.06.08-17.19.57:299][  0]LogConfig: Setting CVar [[r.SkyAtmosphere.FastSkyLUT.SampleCountMin:4.0]]
[2021.06.08-17.19.57:299][  0]LogConfig: Setting CVar [[r.SkyAtmosphere.FastSkyLUT.SampleCountMax:32.0]]
[2021.06.08-17.19.57:299][  0]LogConfig: Setting CVar [[r.SkyAtmosphere.SampleCountMin:4.0]]
[2021.06.08-17.19.57:299][  0]LogConfig: Setting CVar [[r.SkyAtmosphere.SampleCountMax:32.0]]
[2021.06.08-17.19.57:299][  0]LogConfig: Setting CVar [[r.SkyAtmosphere.TransmittanceLUT.UseSmallFormat:0]]
[2021.06.08-17.19.57:300][  0]LogConfig: Setting CVar [[r.SkyAtmosphere.TransmittanceLUT.SampleCount:10.0]]
[2021.06.08-17.19.57:300][  0]LogConfig: Setting CVar [[r.SkyAtmosphere.MultiScatteringLUT.SampleCount:15.0]]
[2021.06.08-17.19.57:300][  0]LogConfig: Applying CVar settings from Section [FoliageQuality@3] File [C:/Projects/Piotr_Starczewski_Imagine_Power/ImaginePower/Saved/Config/Windows/Scalability.ini]
[2021.06.08-17.19.57:300][  0]LogConfig: Setting CVar [[foliage.DensityScale:1.0]]
[2021.06.08-17.19.57:300][  0]LogConfig: Setting CVar [[grass.DensityScale:1.0]]
[2021.06.08-17.19.57:300][  0]LogConfig: Applying CVar settings from Section [ShadingQuality@3] File [C:/Projects/Piotr_Starczewski_Imagine_Power/ImaginePower/Saved/Config/Windows/Scalability.ini]
[2021.06.08-17.19.57:300][  0]LogConfig: Setting CVar [[r.HairStrands.SkyLighting.SampleCount:16]]
[2021.06.08-17.19.57:300][  0]LogConfig: Setting CVar [[r.HairStrands.SkyLighting.JitterIntegration:0]]
[2021.06.08-17.19.57:300][  0]LogConfig: Setting CVar [[r.HairStrands.SkyAO.SampleCount:16]]
[2021.06.08-17.19.57:300][  0]LogConfig: Setting CVar [[r.HairStrands.DeepShadow.SuperSampling:0]]
[2021.06.08-17.19.57:300][  0]LogConfig: Setting CVar [[r.HairStrands.VisibilityPPLL:0]]
[2021.06.08-17.19.57:300][  0]LogConfig: Setting CVar [[r.HairStrands.RasterizationScale:0.5]]
[2021.06.08-17.19.57:300][  0]LogConfig: Setting CVar [[r.HairStrands.VelocityRasterizationScale:1]]
[2021.06.08-17.19.57:300][  0]LogInit: Selected Device Profile: [Windows]
[2021.06.08-17.19.57:300][  0]LogInit: Applying CVar settings loaded from the selected device profile: [Windows]
[2021.06.08-17.19.57:300][  0]LogHAL: Display: Platform has ~ 16 GB [17012580352 / 17179869184 / 16], which maps to Larger [LargestMinGB=32, LargerMinGB=12, DefaultMinGB=8, SmallerMinGB=6, SmallestMinGB=0)
[2021.06.08-17.19.57:300][  0]LogInit: Going up to parent DeviceProfile []
[2021.06.08-17.19.57:300][  0]LogConfig: Applying CVar settings from Section [ViewDistanceQuality@Cine] File [C:/Projects/Piotr_Starczewski_Imagine_Power/ImaginePower/Saved/Config/Windows/Scalability.ini]
[2021.06.08-17.19.57:300][  0]LogConfig: Setting CVar [[r.SkeletalMeshLODBias:0]]
[2021.06.08-17.19.57:300][  0]LogConfig: Setting CVar [[r.ViewDistanceScale:10.0]]
[2021.06.08-17.19.57:300][  0]LogConfig: Applying CVar settings from Section [AntiAliasingQuality@0] File [C:/Projects/Piotr_Starczewski_Imagine_Power/ImaginePower/Saved/Config/Windows/Scalability.ini]
[2021.06.08-17.19.57:300][  0]LogConfig: Setting CVar [[r.PostProcessAAQuality:0]]
[2021.06.08-17.19.57:300][  0]LogConfig: Applying CVar settings from Section [ShadowQuality@Cine] File [C:/Projects/Piotr_Starczewski_Imagine_Power/ImaginePower/Saved/Config/Windows/Scalability.ini]
[2021.06.08-17.19.57:300][  0]LogConfig: Setting CVar [[r.LightFunctionQuality:1]]
[2021.06.08-17.19.57:300][  0]LogConfig: Setting CVar [[r.ShadowQuality:5]]
[2021.06.08-17.19.57:300][  0]LogConfig: Setting CVar [[r.Shadow.CSM.MaxCascades:10]]
[2021.06.08-17.19.57:301][  0]LogConfig: Setting CVar [[r.Shadow.MaxResolution:4096]]
[2021.06.08-17.19.57:301][  0]LogConfig: Setting CVar [[r.Shadow.MaxCSMResolution:4096]]
[2021.06.08-17.19.57:301][  0]LogConfig: Setting CVar [[r.Shadow.RadiusThreshold:0]]
[2021.06.08-17.19.57:301][  0]LogConfig: Setting CVar [[r.Shadow.DistanceScale:1.0]]
[2021.06.08-17.19.57:301][  0]LogConfig: Setting CVar [[r.Shadow.CSM.TransitionScale:1.0]]
[2021.06.08-17.19.57:301][  0]LogConfig: Setting CVar [[r.Shadow.PreShadowResolutionFactor:1.0]]
[2021.06.08-17.19.57:301][  0]LogConfig: Setting CVar [[r.DistanceFieldShadowing:1]]
[2021.06.08-17.19.57:301][  0]LogConfig: Setting CVar [[r.DistanceFieldAO:1]]
[2021.06.08-17.19.57:301][  0]LogConfig: Setting CVar [[r.AOQuality:2]]
[2021.06.08-17.19.57:301][  0]LogConfig: Setting CVar [[r.VolumetricFog:1]]
[2021.06.08-17.19.57:301][  0]LogConfig: Setting CVar [[r.VolumetricFog.GridPixelSize:4]]
[2021.06.08-17.19.57:301][  0]LogConfig: Setting CVar [[r.VolumetricFog.GridSizeZ:128]]
[2021.06.08-17.19.57:301][  0]LogConfig: Setting CVar [[r.VolumetricFog.HistoryMissSupersampleCount:16]]
[2021.06.08-17.19.57:301][  0]LogConfig: Setting CVar [[r.LightMaxDrawDistanceScale:1]]
[2021.06.08-17.19.57:301][  0]LogConfig: Setting CVar [[r.CapsuleShadows:1]]
[2021.06.08-17.19.57:301][  0]LogConfig: Applying CVar settings from Section [PostProcessQuality@Cine] File [C:/Projects/Piotr_Starczewski_Imagine_Power/ImaginePower/Saved/Config/Windows/Scalability.ini]
[2021.06.08-17.19.57:301][  0]LogConfig: Setting CVar [[r.MotionBlurQuality:4]]
[2021.06.08-17.19.57:301][  0]LogConfig: Setting CVar [[r.AmbientOcclusionMipLevelFactor:0.4]]
[2021.06.08-17.19.57:301][  0]LogConfig: Setting CVar [[r.AmbientOcclusionMaxQuality:100]]
[2021.06.08-17.19.57:301][  0]LogConfig: Setting CVar [[r.AmbientOcclusionLevels:-1]]
[2021.06.08-17.19.57:301][  0]LogConfig: Setting CVar [[r.AmbientOcclusionRadiusScale:1.0]]
[2021.06.08-17.19.57:301][  0]LogConfig: Setting CVar [[r.DepthOfFieldQuality:4]]
[2021.06.08-17.19.57:301][  0]LogConfig: Setting CVar [[r.RenderTargetPoolMin:1000]]
[2021.06.08-17.19.57:301][  0]LogConfig: Setting CVar [[r.LensFlareQuality:3]]
[2021.06.08-17.19.57:301][  0]LogConfig: Setting CVar [[r.SceneColorFringeQuality:1]]
[2021.06.08-17.19.57:301][  0]LogConfig: Setting CVar [[r.EyeAdaptationQuality:2]]
[2021.06.08-17.19.57:301][  0]LogConfig: Setting CVar [[r.BloomQuality:5]]
[2021.06.08-17.19.57:301][  0]LogConfig: Setting CVar [[r.FastBlurThreshold:100]]
[2021.06.08-17.19.57:301][  0]LogConfig: Setting CVar [[r.Upscale.Quality:3]]
[2021.06.08-17.19.57:302][  0]LogConfig: Setting CVar [[r.Tonemapper.GrainQuantization:1]]
[2021.06.08-17.19.57:302][  0]LogConfig: Setting CVar [[r.LightShaftQuality:1]]
[2021.06.08-17.19.57:302][  0]LogConfig: Setting CVar [[r.Filter.SizeScale:1]]
[2021.06.08-17.19.57:302][  0]LogConfig: Setting CVar [[r.Tonemapper.Quality:5]]
[2021.06.08-17.19.57:302][  0]LogConfig: Setting CVar [[r.DOF.Gather.AccumulatorQuality:1        ; higher gathering accumulator quality]]
[2021.06.08-17.19.57:302][  0]LogConfig: Setting CVar [[r.DOF.Gather.PostfilterMethod:1          ; Median3x3 postfilering method]]
[2021.06.08-17.19.57:302][  0]LogConfig: Setting CVar [[r.DOF.Gather.EnableBokehSettings:1       ; bokeh simulation when gathering]]
[2021.06.08-17.19.57:302][  0]LogConfig: Setting CVar [[r.DOF.Gather.RingCount:5                 ; high number of samples when gathering]]
[2021.06.08-17.19.57:302][  0]LogConfig: Setting CVar [[r.DOF.Scatter.ForegroundCompositing:1    ; additive foreground scattering]]
[2021.06.08-17.19.57:302][  0]LogConfig: Setting CVar [[r.DOF.Scatter.BackgroundCompositing:2    ; background scattering occlusion]]
[2021.06.08-17.19.57:302][  0]LogConfig: Setting CVar [[r.DOF.Scatter.EnableBokehSettings:1      ; no bokeh simulation when scattering]]
[2021.06.08-17.19.57:302][  0]LogConfig: Setting CVar [[r.DOF.Scatter.MaxSpriteRatio:0.25        ; only a maximum of 10% of scattered bokeh]]
[2021.06.08-17.19.57:302][  0]LogConfig: Setting CVar [[r.DOF.Recombine.Quality:2                ; highest slight out of focus]]
[2021.06.08-17.19.57:302][  0]LogConfig: Setting CVar [[r.DOF.Recombine.EnableBokehSettings:1    ; bokeh simulation on slight out of focus]]
[2021.06.08-17.19.57:302][  0]LogConfig: Setting CVar [[r.DOF.TemporalAAQuality:1                ; more stable temporal accumulation]]
[2021.06.08-17.19.57:302][  0]LogConfig: Setting CVar [[r.DOF.Kernel.MaxForegroundRadius:0.025]]
[2021.06.08-17.19.57:302][  0]LogConfig: Setting CVar [[r.DOF.Kernel.MaxBackgroundRadius:0.025]]
[2021.06.08-17.19.57:302][  0]LogConfig: Applying CVar settings from Section [TextureQuality@Cine] File [C:/Projects/Piotr_Starczewski_Imagine_Power/ImaginePower/Saved/Config/Windows/Scalability.ini]
[2021.06.08-17.19.57:302][  0]LogConfig: Setting CVar [[r.Streaming.MipBias:0]]
[2021.06.08-17.19.57:302][  0]LogConfig: Setting CVar [[r.Streaming.AmortizeCPUToGPUCopy:0]]
[2021.06.08-17.19.57:302][  0]LogConfig: Setting CVar [[r.Streaming.MaxNumTexturesToStreamPerFrame:0]]
[2021.06.08-17.19.57:302][  0]LogConfig: Setting CVar [[r.Streaming.Boost:1]]
[2021.06.08-17.19.57:302][  0]LogConfig: Setting CVar [[r.MaxAnisotropy:8]]
[2021.06.08-17.19.57:302][  0]LogConfig: Setting CVar [[r.VT.MaxAnisotropy:8]]
[2021.06.08-17.19.57:302][  0]LogConfig: Setting CVar [[r.Streaming.LimitPoolSizeToVRAM:0]]
[2021.06.08-17.19.57:302][  0]LogConfig: Setting CVar [[r.Streaming.PoolSize:3000]]
[2021.06.08-17.19.57:303][  0]LogConfig: Setting CVar [[r.Streaming.MaxEffectiveScreenSize:0]]
[2021.06.08-17.19.57:303][  0]LogConfig: Applying CVar settings from Section [EffectsQuality@Cine] File [C:/Projects/Piotr_Starczewski_Imagine_Power/ImaginePower/Saved/Config/Windows/Scalability.ini]
[2021.06.08-17.19.57:303][  0]LogConfig: Setting CVar [[r.TranslucencyLightingVolumeDim:64]]
[2021.06.08-17.19.57:303][  0]LogConfig: Setting CVar [[r.RefractionQuality:2]]
[2021.06.08-17.19.57:303][  0]LogConfig: Setting CVar [[r.SSR.Quality:4]]
[2021.06.08-17.19.57:303][  0]LogConfig: Setting CVar [[r.SSR.HalfResSceneColor:0]]
[2021.06.08-17.19.57:303][  0]LogConfig: Setting CVar [[r.SceneColorFormat:4]]
[2021.06.08-17.19.57:303][  0]LogConfig: Setting CVar [[r.DetailMode:2]]
[2021.06.08-17.19.57:303][  0]LogConfig: Setting CVar [[r.TranslucencyVolumeBlur:1]]
[2021.06.08-17.19.57:303][  0]LogConfig: Setting CVar [[r.MaterialQualityLevel:1 ; High quality]]
[2021.06.08-17.19.57:303][  0]LogConfig: Setting CVar [[r.SSS.Scale:1]]
[2021.06.08-17.19.57:303][  0]LogConfig: Setting CVar [[r.SSS.SampleSet:2]]
[2021.06.08-17.19.57:303][  0]LogConfig: Setting CVar [[r.SSS.Quality:1]]
[2021.06.08-17.19.57:303][  0]LogConfig: Setting CVar [[r.SSS.HalfRes:0]]
[2021.06.08-17.19.57:303][  0]LogConfig: Setting CVar [[r.SSGI.Quality:4]]
[2021.06.08-17.19.57:303][  0]LogConfig: Setting CVar [[r.EmitterSpawnRateScale:1.0]]
[2021.06.08-17.19.57:303][  0]LogConfig: Setting CVar [[r.ParticleLightQuality:2]]
[2021.06.08-17.19.57:303][  0]LogConfig: Setting CVar [[r.SkyAtmosphere.AerialPerspectiveLUT.FastApplyOnOpaque:0]]
[2021.06.08-17.19.57:303][  0]LogConfig: Setting CVar [[r.SkyAtmosphere.AerialPerspectiveLUT.SampleCountPerSlice:2]]
[2021.06.08-17.19.57:303][  0]LogConfig: Setting CVar [[r.SkyAtmosphere.AerialPerspectiveLUT.DepthResolution:32.0]]
[2021.06.08-17.19.57:303][  0]LogConfig: Setting CVar [[r.SkyAtmosphere.FastSkyLUT:0]]
[2021.06.08-17.19.57:303][  0]LogConfig: Setting CVar [[r.SkyAtmosphere.FastSkyLUT.SampleCountMin:4.0]]
[2021.06.08-17.19.57:303][  0]LogConfig: Setting CVar [[r.SkyAtmosphere.FastSkyLUT.SampleCountMax:32.0]]
[2021.06.08-17.19.57:303][  0]LogConfig: Setting CVar [[r.SkyAtmosphere.SampleCountMin:8.0]]
[2021.06.08-17.19.57:303][  0]LogConfig: Setting CVar [[r.SkyAtmosphere.SampleCountMax:32.0]]
[2021.06.08-17.19.57:303][  0]LogConfig: Setting CVar [[r.SkyAtmosphere.TransmittanceLUT.UseSmallFormat:0]]
[2021.06.08-17.19.57:303][  0]LogConfig: Setting CVar [[r.SkyAtmosphere.TransmittanceLUT.SampleCount:30.0]]
[2021.06.08-17.19.57:303][  0]LogConfig: Setting CVar [[r.SkyAtmosphere.MultiScatteringLUT.SampleCount:20.0]]
[2021.06.08-17.19.57:303][  0]LogConfig: Applying CVar settings from Section [FoliageQuality@Cine] File [C:/Projects/Piotr_Starczewski_Imagine_Power/ImaginePower/Saved/Config/Windows/Scalability.ini]
[2021.06.08-17.19.57:304][  0]LogConfig: Setting CVar [[foliage.DensityScale:1.0]]
[2021.06.08-17.19.57:304][  0]LogConfig: Setting CVar [[grass.DensityScale:1.0]]
[2021.06.08-17.19.57:304][  0]LogConfig: Applying CVar settings from Section [ShadingQuality@Cine] File [C:/Projects/Piotr_Starczewski_Imagine_Power/ImaginePower/Saved/Config/Windows/Scalability.ini]
[2021.06.08-17.19.57:304][  0]LogConfig: Setting CVar [[r.HairStrands.SkyLighting.SampleCount:64]]
[2021.06.08-17.19.57:304][  0]LogConfig: Setting CVar [[r.HairStrands.SkyLighting.JitterIntegration:1]]
[2021.06.08-17.19.57:304][  0]LogConfig: Setting CVar [[r.HairStrands.SkyAO.SampleCount:32]]
[2021.06.08-17.19.57:304][  0]LogConfig: Setting CVar [[r.HairStrands.DeepShadow.SuperSampling:1]]
[2021.06.08-17.19.57:304][  0]LogConfig: Setting CVar [[r.HairStrands.RasterizationScale:1]]
[2021.06.08-17.19.57:304][  0]LogConfig: Setting CVar [[r.HairStrands.VelocityRasterizationScale:1]]
[2021.06.08-17.19.57:304][  0]LogConfig: Setting CVar [[r.HairStrands.VisibilityPPLL:1]]
[2021.06.08-17.19.57:304][  0]LogConfig: Applying CVar settings from Section [Startup] File [../../../Engine/Config/ConsoleVariables.ini]
[2021.06.08-17.19.57:304][  0]LogConfig: Setting CVar [[net.UseAdaptiveNetUpdateFrequency:0]]
[2021.06.08-17.19.57:304][  0]LogConfig: Setting CVar [[p.chaos.AllowCreatePhysxBodies:1]]
[2021.06.08-17.19.57:304][  0]LogConfig: Setting CVar [[fx.SkipVectorVMBackendOptimizations:1]]
[2021.06.08-17.19.57:304][  0]LogConfig: Applying CVar settings from Section [ConsoleVariables] File [C:/Projects/Piotr_Starczewski_Imagine_Power/ImaginePower/Saved/Config/Windows/Engine.ini]
[2021.06.08-17.19.57:304][  0]LogInit: Computer: WINDOWSSALAMI
[2021.06.08-17.19.57:304][  0]LogInit: User: Proti
[2021.06.08-17.19.57:304][  0]LogInit: CPU Page size=4096, Cores=6
[2021.06.08-17.19.57:304][  0]LogInit: High frequency timer resolution =10.000000 MHz
[2021.06.08-17.19.57:305][  0]LogMemory: Memory total: Physical=15.8GB (16GB approx)
[2021.06.08-17.19.57:305][  0]LogMemory: Platform Memory Stats for Windows
[2021.06.08-17.19.57:305][  0]LogMemory: Process Physical Memory: 121.63 MB used, 121.63 MB peak
[2021.06.08-17.19.57:305][  0]LogMemory: Process Virtual Memory: 100.29 MB used, 100.29 MB peak
[2021.06.08-17.19.57:305][  0]LogMemory: Physical Memory: 10129.27 MB used,  6095.19 MB free, 16224.46 MB total
[2021.06.08-17.19.57:305][  0]LogMemory: Virtual Memory: 5174.58 MB used,  134212552.00 MB free, 134217728.00 MB total
[2021.06.08-17.19.57:313][  0]LogWindows: WindowsPlatformFeatures enabled
[2021.06.08-17.19.57:565][  0]LogInit: Physics initialised using underlying interface: PhysX
[2021.06.08-17.19.57:569][  0]LogInit: Using OS detected language (en-US).
[2021.06.08-17.19.57:569][  0]LogInit: Using OS detected locale (en-AT).
[2021.06.08-17.19.57:582][  0]LogTextLocalizationManager: No specific localization for 'en-US' exists, so the 'en' localization will be used.
[2021.06.08-17.19.57:784][  0]LogInit: Setting process to per monitor DPI aware
[2021.06.08-17.19.57:836][  0]LogSlate: New Slate User Created.  User Index 0, Is Virtual User: 0
[2021.06.08-17.19.57:836][  0]LogSlate: Slate User Registered.  User Index 0, Is Virtual User: 0
[2021.06.08-17.19.58:051][  0]LogHMD: Failed to initialize OpenVR with code 110
[2021.06.08-17.19.58:051][  0]LogD3D11RHI: D3D11 min allowed feature level: 11_0
[2021.06.08-17.19.58:051][  0]LogD3D11RHI: D3D11 max allowed feature level: 11_0
[2021.06.08-17.19.58:051][  0]LogD3D11RHI: D3D11 adapters:
[2021.06.08-17.19.58:683][  0]LogD3D11RHI:    0. 'NVIDIA GeForce RTX 2060' (Feature Level 11_0)
[2021.06.08-17.19.58:683][  0]LogD3D11RHI:       5980/0/8112 MB DedicatedVideo/DedicatedSystem/SharedSystem, Outputs:1, VendorId:0x10de
[2021.06.08-17.19.58:728][  0]LogD3D11RHI:    1. 'Intel(R) UHD Graphics 630' (Feature Level 11_0)
[2021.06.08-17.19.58:728][  0]LogD3D11RHI:       128/0/8112 MB DedicatedVideo/DedicatedSystem/SharedSystem, Outputs:0, VendorId:0x8086
[2021.06.08-17.19.58:732][  0]LogD3D11RHI:    2. 'Microsoft Basic Render Driver' (Feature Level 11_0)
[2021.06.08-17.19.58:733][  0]LogD3D11RHI:       0/0/8112 MB DedicatedVideo/DedicatedSystem/SharedSystem, Outputs:0, VendorId:0x1414
[2021.06.08-17.19.58:733][  0]LogD3D11RHI: Chosen D3D11 Adapter: 0
[2021.06.08-17.19.58:737][  0]LogD3D11RHI: Creating new Direct3DDevice
[2021.06.08-17.19.58:738][  0]LogD3D11RHI:     GPU DeviceId: 0x1f11 (for the marketing name, search the web for "GPU Device Id")
[2021.06.08-17.19.58:738][  0]LogWindows: EnumDisplayDevices:
[2021.06.08-17.19.58:738][  0]LogWindows:    0. 'Intel(R) UHD Graphics 630' (P:1 D:1)
[2021.06.08-17.19.58:738][  0]LogWindows:    1. 'Intel(R) UHD Graphics 630' (P:0 D:0)
[2021.06.08-17.19.58:738][  0]LogWindows:    2. 'Intel(R) UHD Graphics 630' (P:0 D:0)
[2021.06.08-17.19.58:739][  0]LogWindows:    3. 'NVIDIA GeForce RTX 2060' (P:0 D:0)
[2021.06.08-17.19.58:739][  0]LogWindows:    4. 'NVIDIA GeForce RTX 2060' (P:0 D:0)
[2021.06.08-17.19.58:739][  0]LogWindows:    5. 'NVIDIA GeForce RTX 2060' (P:0 D:0)
[2021.06.08-17.19.58:739][  0]LogWindows:    6. 'NVIDIA GeForce RTX 2060' (P:0 D:0)
[2021.06.08-17.19.58:739][  0]LogWindows: DebugString: PrimaryIsNotTheChoosenAdapter PrimaryIsNotTheChoosenAdapter PrimaryIsNotTheChoosenAdapter FoundDriverCount:4 
[2021.06.08-17.19.58:739][  0]LogD3D11RHI:     Adapter Name: NVIDIA GeForce RTX 2060
[2021.06.08-17.19.58:740][  0]LogD3D11RHI:   Driver Version: 465.89 (internal:27.21.14.6589, unified:465.89)
[2021.06.08-17.19.58:740][  0]LogD3D11RHI:      Driver Date: 3-25-2021
[2021.06.08-17.19.58:740][  0]LogRHI: Texture pool is 4186 MB (70% of 5980 MB)
[2021.06.08-17.19.58:818][  0]LogD3D11RHI: RHI has support for 64 bit atomics
[2021.06.08-17.19.58:818][  0]LogD3D11RHI: Async texture creation enabled
[2021.06.08-17.19.58:818][  0]LogD3D11RHI: Array index from any shader is supported
[2021.06.08-17.19.58:834][  0]LogD3D11RHI: GPU Timing Frequency: 1000.000000 (Debug: 2 1)
[2021.06.08-17.19.59:060][  0]LogTargetPlatformManager: Display: Loaded TargetPlatform 'AllDesktop'
[2021.06.08-17.19.59:080][  0]LogTargetPlatformManager: Display: Loaded TargetPlatform 'Android'
[2021.06.08-17.19.59:080][  0]LogTargetPlatformManager: Display: Loaded TargetPlatform 'Android_ASTC'
[2021.06.08-17.19.59:080][  0]LogTargetPlatformManager: Display: Loaded TargetPlatform 'Android_DXT'
[2021.06.08-17.19.59:080][  0]LogTargetPlatformManager: Display: Loaded TargetPlatform 'Android_ETC2'
[2021.06.08-17.19.59:080][  0]LogTargetPlatformManager: Display: Loaded TargetPlatform 'AndroidClient'
[2021.06.08-17.19.59:080][  0]LogTargetPlatformManager: Display: Loaded TargetPlatform 'Android_ASTCClient'
[2021.06.08-17.19.59:081][  0]LogTargetPlatformManager: Display: Loaded TargetPlatform 'Android_DXTClient'
[2021.06.08-17.19.59:081][  0]LogTargetPlatformManager: Display: Loaded TargetPlatform 'Android_ETC2Client'
[2021.06.08-17.19.59:081][  0]LogTargetPlatformManager: Display: Loaded TargetPlatform 'Android_Multi'
[2021.06.08-17.19.59:081][  0]LogTargetPlatformManager: Display: Loaded TargetPlatform 'Android_MultiClient'
[2021.06.08-17.19.59:109][  0]LogTargetPlatformManager: Display: Loaded TargetPlatform 'IOSClient'
[2021.06.08-17.19.59:109][  0]LogTargetPlatformManager: Display: Loaded TargetPlatform 'IOS'
[2021.06.08-17.19.59:120][  0]LogTargetPlatformManager: Display: Loaded TargetPlatform 'Linux'
[2021.06.08-17.19.59:130][  0]LogTargetPlatformManager: Display: Loaded TargetPlatform 'LinuxNoEditor'
[2021.06.08-17.19.59:140][  0]LogTargetPlatformManager: Display: Loaded TargetPlatform 'LinuxClient'
[2021.06.08-17.19.59:150][  0]LogTargetPlatformManager: Display: Loaded TargetPlatform 'LinuxServer'
[2021.06.08-17.19.59:159][  0]LogTargetPlatformManager: Display: Loaded TargetPlatform 'LinuxAArch64NoEditor'
[2021.06.08-17.19.59:170][  0]LogTargetPlatformManager: Display: Loaded TargetPlatform 'LinuxAArch64Client'
[2021.06.08-17.19.59:183][  0]LogTargetPlatformManager: Display: Loaded TargetPlatform 'LinuxAArch64Server'
[2021.06.08-17.19.59:207][  0]LogTargetPlatformManager: Display: Loaded TargetPlatform 'Lumin'
[2021.06.08-17.19.59:207][  0]LogTargetPlatformManager: Display: Loaded TargetPlatform 'LuminClient'
[2021.06.08-17.19.59:223][  0]LogTargetPlatformManager: Display: Loaded TargetPlatform 'TVOSClient'
[2021.06.08-17.19.59:223][  0]LogTargetPlatformManager: Display: Loaded TargetPlatform 'TVOS'
[2021.06.08-17.19.59:235][  0]LogTargetPlatformManager: Display: Loaded TargetPlatform 'WindowsNoEditor'
[2021.06.08-17.19.59:246][  0]LogTargetPlatformManager: Display: Loaded TargetPlatform 'Windows'
[2021.06.08-17.19.59:256][  0]LogTargetPlatformManager: Display: Loaded TargetPlatform 'WindowsClient'
[2021.06.08-17.19.59:307][  0]LogTargetPlatformManager: Display: Loaded TargetPlatform 'WindowsServer'
[2021.06.08-17.19.59:307][  0]LogTargetPlatformManager: Display: Building Assets For Windows
[2021.06.08-17.19.59:322][  0]LogAudioDebug: Display: Lib vorbis DLL was dynamically loaded.
[2021.06.08-17.19.59:437][  0]LogShaderCompilers: Guid format shader working directory is -25 characters bigger than the processId version (../../../../../../Projects/Piotr_Starczewski_Imagine_Power/ImaginePower/Intermediate/Shaders/WorkingDirectory/5988/).
[2021.06.08-17.19.59:437][  0]LogShaderCompilers: Cleaned the shader compiler working directory 'C:/Users/Proti/AppData/Local/Temp/UnrealShaderWorkingDir/207CF36B4537C36684E34D919908E920/'.
[2021.06.08-17.19.59:438][  0]LogXGEController: Cleaning working directory: C:/Users/Proti/AppData/Local/Temp/UnrealXGEWorkingDir/
[2021.06.08-17.19.59:438][  0]LogXGEController: Cannot use XGE Controller as Incredibuild is not installed on this machine.
[2021.06.08-17.19.59:439][  0]LogShaderCompilers: Cannot use XGE Shader Compiler as Incredibuild is not installed on this machine.
[2021.06.08-17.19.59:439][  0]LogShaderCompilers: Display: Using Local Shader Compiler.
[2021.06.08-17.20.00:221][  0]LogDerivedDataCache: Display: Max Cache Size: 512 MB
[2021.06.08-17.20.00:307][  0]LogDerivedDataCache: Loaded boot cache 0.09s 79MB C:/Users/Proti/AppData/Local/UnrealEngine/4.25/DerivedDataCache/Boot.ddc.
[2021.06.08-17.20.00:308][  0]LogDerivedDataCache: Display: Loaded Boot cache: C:/Users/Proti/AppData/Local/UnrealEngine/4.25/DerivedDataCache/Boot.ddc
[2021.06.08-17.20.00:308][  0]LogDerivedDataCache: FDerivedDataBackendGraph:  Pak pak cache file ../../../../../../Projects/Piotr_Starczewski_Imagine_Power/ImaginePower/DerivedDataCache/DDC.ddp not found, will not use a pak cache.
[2021.06.08-17.20.00:308][  0]LogDerivedDataCache: Unable to find inner node Pak for hierarchical cache Hierarchy.
[2021.06.08-17.20.00:308][  0]LogDerivedDataCache: FDerivedDataBackendGraph:  CompressedPak pak cache file ../../../../../../Projects/Piotr_Starczewski_Imagine_Power/ImaginePower/DerivedDataCache/Compressed.ddp not found, will not use a pak cache.
[2021.06.08-17.20.00:308][  0]LogDerivedDataCache: Unable to find inner node CompressedPak for hierarchical cache Hierarchy.
[2021.06.08-17.20.00:317][  0]LogDerivedDataCache: Display: Pak cache opened for reading ../../../Engine/DerivedDataCache/Compressed.ddp.
[2021.06.08-17.20.00:317][  0]LogDerivedDataCache: FDerivedDataBackendGraph:  EnterprisePak pak cache file ../../../Enterprise/DerivedDataCache/Compressed.ddp not found, will not use a pak cache.
[2021.06.08-17.20.00:317][  0]LogDerivedDataCache: Unable to find inner node EnterprisePak for hierarchical cache Hierarchy.
[2021.06.08-17.20.00:319][  0]LogDerivedDataCache: Using Local data cache path C:/Users/Proti/AppData/Local/UnrealEngine/Common/DerivedDataCache: Writable
[2021.06.08-17.20.00:319][  0]LogDerivedDataCache: Shared data cache path not found in *engine.ini, will not use an Shared cache.
[2021.06.08-17.20.00:319][  0]LogDerivedDataCache: Unable to find inner node Shared for hierarchical cache Hierarchy.
[2021.06.08-17.20.00:363][  0]LogSlate: Using FreeType 2.10.0
[2021.06.08-17.20.00:364][  0]LogSlate: SlateFontServices - WITH_FREETYPE: 1, WITH_HARFBUZZ: 1
[2021.06.08-17.20.00:389][  0]LogAssetRegistry: FAssetRegistry took 0.0040 seconds to start up
[2021.06.08-17.20.00:584][  0]LogInit: Selected Device Profile: [Windows]
[2021.06.08-17.20.00:733][  0]LogMeshReduction: Using QuadricMeshReduction for automatic static mesh reduction
[2021.06.08-17.20.00:733][  0]LogMeshReduction: Using SimplygonMeshReduction for automatic skeletal mesh reduction
[2021.06.08-17.20.00:733][  0]LogMeshReduction: Using ProxyLODMeshReduction for automatic mesh merging
[2021.06.08-17.20.00:733][  0]LogMeshReduction: No distributed automatic mesh merging module available
[2021.06.08-17.20.00:734][  0]LogMeshMerging: No distributed automatic mesh merging module available
[2021.06.08-17.20.00:749][  0]LogNetVersion: ImaginePower 1.0.0, NetCL: 13144385, EngineNetVer: 14, GameNetVer: 0 (Checksum: 3019717282)
[2021.06.08-17.20.01:122][  0]LogAISub: UAISubsystem::UAISubsystem AISubsystem (0000020D4ED45C40), frame # 0
[2021.06.08-17.20.01:122][  0]LogAISub: UAISubsystem::UAISubsystem AIPerceptionSystem (0000020D4ECB4A40), frame # 0
[2021.06.08-17.20.01:124][  0]LogAISub: UAISubsystem::UAISubsystem EnvQueryManager (0000020D4ED10800), frame # 0
[2021.06.08-17.20.01:157][  0]LogPackageLocalizationCache: Processed 21 localized package path(s) for 1 prioritized culture(s) in 0.025407 seconds
[2021.06.08-17.20.01:160][  0]LogUObjectArray: 15917 objects as part of root set at end of initial load.
[2021.06.08-17.20.01:160][  0]LogUObjectAllocator: 3965568 out of 0 bytes used by permanent object pool.
[2021.06.08-17.20.01:160][  0]LogUObjectArray: CloseDisregardForGC: 0/0 objects in disregard for GC pool
[2021.06.08-17.20.01:541][  0]LogPython: Using Python 2.7.14
[2021.06.08-17.20.02:372][  0]LogTcpMessaging: Initializing TcpMessaging bridge
[2021.06.08-17.20.02:380][  0]LogUdpMessaging: Initializing bridge on interface 0.0.0.0:0 to multicast group 230.0.0.1:6666.
[2021.06.08-17.20.02:722][  0]SourceControl: Source control is disabled
[2021.06.08-17.20.02:723][  0]SourceControl: Source control is disabled
[2021.06.08-17.20.02:732][  0]SourceControl: Source control is disabled
[2021.06.08-17.20.02:739][  0]SourceControl: Source control is disabled
[2021.06.08-17.20.02:750][  0]SourceControl: Source control is disabled
[2021.06.08-17.20.03:209][  0]LogAndroidPermission: UAndroidPermissionCallbackProxy::GetInstance
[2021.06.08-17.20.03:249][  0]LogAudioCaptureCore: Display: No Audio Capture implementations found. Audio input will be silent.
[2021.06.08-17.20.03:250][  0]LogAudioCaptureCore: Display: No Audio Capture implementations found. Audio input will be silent.
[2021.06.08-17.20.03:340][  0]LogOcInput: OculusInput pre-init called
[2021.06.08-17.20.03:356][  0]LogWindows: Failed to load 'OVRPlugin.dll' (GetLastError=126)
[2021.06.08-17.20.03:356][  0]LogWindows: File 'OVRPlugin.dll' does not exist
[2021.06.08-17.20.03:727][  0]LogEngine: Initializing Engine...
[2021.06.08-17.20.03:728][  0]LogHMD: Failed to initialize OpenVR with code 110
[2021.06.08-17.20.03:728][  0]LogMagicLeap: Warning: VR disabled because ZI is not enabled.  To enable, in the editor, Edit -> Project Settings -> Plugins -> Magic Leap Plugin -> Enable Zero Iteration
[2021.06.08-17.20.03:729][  0]LogStats: UGameplayTagsManager::InitializeManager -  0.000 s
[2021.06.08-17.20.03:828][  0]LogInit: Initializing FReadOnlyCVARCache
[2021.06.08-17.20.03:842][  0]LogAIModule: Creating AISystem for world Untitled
[2021.06.08-17.20.03:842][  0]LogAISub: UAISubsystem::UAISubsystem EnvQueryManager (0000020D5C41BC00), frame # 0
[2021.06.08-17.20.03:842][  0]LogAISub: UAISubsystem::UAISubsystem AIPerceptionSystem (0000020D5C3BF600), frame # 0
[2021.06.08-17.20.03:851][  0]LogAudioMixer: Display: Audio Mixer Platform Settings:
[2021.06.08-17.20.03:851][  0]LogAudioMixer: Display: 	Sample Rate:						  48000
[2021.06.08-17.20.03:851][  0]LogAudioMixer: Display: 	Callback Buffer Frame Size Requested: 1024
[2021.06.08-17.20.03:851][  0]LogAudioMixer: Display: 	Callback Buffer Frame Size To Use:	  1024
[2021.06.08-17.20.03:852][  0]LogAudioMixer: Display: 	Number of buffers to queue:			  2
[2021.06.08-17.20.03:852][  0]LogAudioMixer: Display: 	Max Channels (voices):				  32
[2021.06.08-17.20.03:852][  0]LogAudioMixer: Display: 	Number of Async Source Workers:		  0
[2021.06.08-17.20.03:852][  0]LogAudio: Display: AudioDevice MaxSources: 32
[2021.06.08-17.20.03:852][  0]LogAudio: Display: Using built-in audio occlusion.
[2021.06.08-17.20.03:852][  0]LogAudioMixer: Display: Initializing audio mixer.
[2021.06.08-17.20.03:877][  0]LogAudioMixer: Display: 0: FrontLeft
[2021.06.08-17.20.03:877][  0]LogAudioMixer: Display: 1: FrontRight
[2021.06.08-17.20.03:915][  0]LogAudioMixer: Display: Using Audio Device Speakers (Realtek(R) Audio)
[2021.06.08-17.20.03:918][  0]LogAudioMixer: Display: Initializing Sound Submixes...
[2021.06.08-17.20.03:920][  0]LogAudioMixer: Display: Creating Master Submix 'MasterSubmixDefault'
[2021.06.08-17.20.03:920][  0]LogAudioMixer: Display: Creating Master Submix 'MasterReverbSubmixDefault'
[2021.06.08-17.20.03:920][  0]LogAudioMixer: Display: Creating Master Submix 'MasterEQSubmixDefault'
[2021.06.08-17.20.03:922][  0]LogInit: FAudioDevice initialized.
[2021.06.08-17.20.03:922][  0]LogNetVersion: Set ProjectVersion to 1.0.0.0. Version Checksum will be recalculated on next use.
[2021.06.08-17.20.03:961][  0]LogDerivedDataCache: Saved boot cache 0.04s 79MB C:/Users/Proti/AppData/Local/UnrealEngine/4.25/DerivedDataCache/Boot.ddc.
[2021.06.08-17.20.03:961][  0]LogInit: Texture streaming: Enabled
[2021.06.08-17.20.03:983][  0]LogEngineSessionManager: EngineSessionManager initialized
[2021.06.08-17.20.03:983][  0]LogEditorSessionSummary: Verbose: Initializing EditorSessionSummaryWriter for editor session tracking
[2021.06.08-17.20.03:984][  0]LogEditorSessionSummary: EditorSessionSummaryWriter initialized
[2021.06.08-17.20.04:028][  0]LogInit: Transaction tracking system initialized
[2021.06.08-17.20.04:065][  0]BlueprintLog: New page: Editor Load
[2021.06.08-17.20.04:198][  0]LocalizationService: Localization service is disabled
[2021.06.08-17.20.04:400][  0]LogCook: Display: Max memory allowance for cook 16384mb min free memory 0mb
[2021.06.08-17.20.04:400][  0]LogCook: Display: Mobile HDR setting 1
[2021.06.08-17.20.04:628][  0]LogFileCache: Scanning file cache for directory 'C:/Projects/Piotr_Starczewski_Imagine_Power/ImaginePower/Content/' took 0.00s
[2021.06.08-17.20.04:880][  0]SourceControl: Source control is disabled
[2021.06.08-17.20.04:880][  0]LogUnrealEdMisc: Loading editor; pre map load, took 9.071
[2021.06.08-17.20.04:881][  0]Cmd: MAP LOAD FILE="../../../../../../Projects/Piotr_Starczewski_Imagine_Power/ImaginePower/Content/FirstPersonCPP/Maps/FirstPersonExampleMap.umap" TEMPLATE=0 SHOWPROGRESS=1 FEATURELEVEL=3
[2021.06.08-17.20.04:881][  0]LightingResults: New page: Lighting Build
[2021.06.08-17.20.04:884][  0]LogWorld: UWorld::CleanupWorld for Untitled, bSessionEnded=true, bCleanupResources=true
[2021.06.08-17.20.04:884][  0]LogSlate: InvalidateAllWidgets triggered.  All widgets were invalidated
[2021.06.08-17.20.04:884][  0]MapCheck: New page: Map Check
[2021.06.08-17.20.04:884][  0]LightingResults: New page: Lighting Build
[2021.06.08-17.20.04:894][  0]LogAISub: UAISubsystem::~UAISubsystem EnvQueryManager (0000020D5C41BC00), frame # 0
[2021.06.08-17.20.04:894][  0]LogAISub: UAISubsystem::~UAISubsystem AIPerceptionSystem (0000020D5C3BF600), frame # 0
[2021.06.08-17.20.04:895][  0]LogUObjectHash: Compacting FUObjectHashTables data took   0.71ms
[2021.06.08-17.20.04:947][  0]LogAIModule: Creating AISystem for world FirstPersonExampleMap
[2021.06.08-17.20.04:947][  0]LogAISub: UAISubsystem::UAISubsystem EnvQueryManager (0000020D4399FE00), frame # 0
[2021.06.08-17.20.04:947][  0]LogAISub: UAISubsystem::UAISubsystem AIPerceptionSystem (0000020D577DDF80), frame # 0
[2021.06.08-17.20.04:975][  0]LogEditorServer: Finished looking for orphan Actors (0.000 secs)
[2021.06.08-17.20.04:987][  0]LogUObjectHash: Compacting FUObjectHashTables data took   0.68ms
[2021.06.08-17.20.04:988][  0]Cmd: MAP CHECKDEP NOCLEARLOG
[2021.06.08-17.20.04:988][  0]MapCheck: Map check complete: 0 Error(s), 0 Warning(s), took 0,133ms to complete.
[2021.06.08-17.20.04:988][  0]LogFileHelpers: Loading map 'FirstPersonExampleMap' took 0.107
[2021.06.08-17.20.04:991][  0]LogUnrealEdMisc: Total Editor Startup Time, took 9.181
[2021.06.08-17.20.05:133][  0]LogSlate: Updating window title bar state: overlay mode, drag disabled, window buttons hidden, title bar hidden
[2021.06.08-17.20.05:139][  0]LogSlate: Updating window title bar state: overlay mode, drag disabled, window buttons hidden, title bar hidden
[2021.06.08-17.20.05:145][  0]LogSlate: Updating window title bar state: overlay mode, drag disabled, window buttons hidden, title bar hidden
[2021.06.08-17.20.05:152][  0]LogSlate: Updating window title bar state: overlay mode, drag disabled, window buttons hidden, title bar hidden
[2021.06.08-17.20.05:161][  0]LogCollectionManager: Loaded 0 collections in 0.001348 seconds
[2021.06.08-17.20.05:182][  0]LogFileCache: Scanning file cache for directory 'C:/Projects/Piotr_Starczewski_Imagine_Power/ImaginePower/Saved/Collections/' took 0.00s
[2021.06.08-17.20.05:182][  0]LogFileCache: Scanning file cache for directory 'C:/Projects/Piotr_Starczewski_Imagine_Power/ImaginePower/Content/Developers/Proti/Collections/' took 0.00s
[2021.06.08-17.20.05:182][  0]LogFileCache: Scanning file cache for directory 'C:/Projects/Piotr_Starczewski_Imagine_Power/ImaginePower/Content/Collections/' took 0.00s
[2021.06.08-17.20.05:182][  0]LogContentBrowser: Native class hierarchy populated in 0.0085 seconds. Added 3455 classes and 830 folders.
[2021.06.08-17.20.05:188][  0]LogContentBrowser: Native class hierarchy updated for 'WidgetCarousel' in 0.0003 seconds. Added 0 classes and 0 folders.
[2021.06.08-17.20.05:320][  0]LogContentBrowser: Native class hierarchy updated for 'AddContentDialog' in 0.0004 seconds. Added 0 classes and 0 folders.
[2021.06.08-17.20.05:328][  0]LogContentBrowser: Native class hierarchy updated for 'SceneOutliner' in 0.0004 seconds. Added 2 classes and 0 folders.
[2021.06.08-17.20.05:460][  0]LogSlate: Took 0.000986 seconds to synchronously load lazily loaded font '../../../Engine/Content/Slate/Fonts/Roboto-Regular.ttf' (155K)
[2021.06.08-17.20.05:462][  0]LogSlate: Took 0.000733 seconds to synchronously load lazily loaded font '../../../Engine/Content/Slate/Fonts/Roboto-Bold.ttf' (160K)
[2021.06.08-17.20.05:466][  0]LogSlate: Took 0.000610 seconds to synchronously load lazily loaded font '../../../Engine/Content/Editor/Slate/Fonts/FontAwesome.ttf' (139K)
[2021.06.08-17.20.05:520][  0]LogRenderer: Reallocating scene render targets to support 1096x576 Format 10 NumSamples 1 (Frame:1).
[2021.06.08-17.20.05:618][  0]LogContentBrowser: Native class hierarchy updated for 'HierarchicalLODOutliner' in 0.0004 seconds. Added 0 classes and 0 folders.
[2021.06.08-17.20.05:618][  0]LogLoad: (Engine Initialization) Total time: 9.81 seconds
[2021.06.08-17.20.05:619][  0]LogLoad: (Engine Initialization) Total Blueprint compile time: 0.00 seconds
[2021.06.08-17.20.05:680][  0]LogAssetRegistry: Asset discovery search completed in 5.2942 seconds
[2021.06.08-17.20.05:683][  0]LogCollectionManager: Fixed up redirectors for 0 collections in 0.000002 seconds (updated 0 objects)
[2021.06.08-17.20.05:684][  0]LogContentStreaming: Texture pool size now 3000 MB
[2021.06.08-17.20.05:751][  0]LogSlate: Took 0.000867 seconds to synchronously load lazily loaded font '../../../Engine/Content/Slate/Fonts/Roboto-Light.ttf' (167K)
[2021.06.08-17.20.07:300][ 81]LogTemp: Repeating last play command: Selected Viewport
[2021.06.08-17.20.07:312][ 81]LogPlayLevel: PlayLevel: No blueprints needed recompiling
[2021.06.08-17.20.07:313][ 81]PIE: New page: PIE session: FirstPersonExampleMap (8 Jun 2021, 21:20:07)
[2021.06.08-17.20.07:314][ 81]LogOnline: OSS: Creating online subsystem instance for: NULL
[2021.06.08-17.20.07:316][ 81]LogOnline: OSS: TryLoadSubsystemAndSetDefault: Loaded subsystem for module [NULL]
[2021.06.08-17.20.07:316][ 81]LogPlayLevel: Creating play world package: /Game/FirstPersonCPP/Maps/UEDPIE_0_FirstPersonExampleMap
[2021.06.08-17.20.07:329][ 81]LogPlayLevel: PIE: StaticDuplicateObject took: (0.012001s)
[2021.06.08-17.20.07:330][ 81]LogAIModule: Creating AISystem for world FirstPersonExampleMap
[2021.06.08-17.20.07:330][ 81]LogAISub: UAISubsystem::UAISubsystem EnvQueryManager (0000020D786AFE00), frame # 81
[2021.06.08-17.20.07:330][ 81]LogAISub: UAISubsystem::UAISubsystem AIPerceptionSystem (0000020D78732480), frame # 81
[2021.06.08-17.20.07:330][ 81]LogPlayLevel: PIE: World Init took: (0.001261s)
[2021.06.08-17.20.07:330][ 81]LogPlayLevel: PIE: Created PIE world by copying editor world from /Game/FirstPersonCPP/Maps/FirstPersonExampleMap.FirstPersonExampleMap to /Game/FirstPersonCPP/Maps/UEDPIE_0_FirstPersonExampleMap.FirstPersonExampleMap (0.013645s)
[2021.06.08-17.20.07:340][ 81]LogUObjectHash: Compacting FUObjectHashTables data took   0.56ms
[2021.06.08-17.20.07:342][ 81]LogAudioMixer: Display: Audio Mixer Platform Settings:
[2021.06.08-17.20.07:342][ 81]LogAudioMixer: Display: 	Sample Rate:						  48000
[2021.06.08-17.20.07:342][ 81]LogAudioMixer: Display: 	Callback Buffer Frame Size Requested: 1024
[2021.06.08-17.20.07:342][ 81]LogAudioMixer: Display: 	Callback Buffer Frame Size To Use:	  1024
[2021.06.08-17.20.07:342][ 81]LogAudioMixer: Display: 	Number of buffers to queue:			  2
[2021.06.08-17.20.07:342][ 81]LogAudioMixer: Display: 	Max Channels (voices):				  32
[2021.06.08-17.20.07:342][ 81]LogAudioMixer: Display: 	Number of Async Source Workers:		  0
[2021.06.08-17.20.07:342][ 81]LogAudio: Display: AudioDevice MaxSources: 32
[2021.06.08-17.20.07:342][ 81]LogAudio: Display: Using built-in audio occlusion.
[2021.06.08-17.20.07:342][ 81]LogAudioMixer: Display: Initializing audio mixer.
[2021.06.08-17.20.07:344][ 81]LogAudioMixer: Display: 0: FrontLeft
[2021.06.08-17.20.07:344][ 81]LogAudioMixer: Display: 1: FrontRight
[2021.06.08-17.20.07:363][ 81]LogAudioMixer: Display: Using Audio Device Speakers (Realtek(R) Audio)
[2021.06.08-17.20.07:364][ 81]LogAudioMixer: Display: Initializing Sound Submixes...
[2021.06.08-17.20.07:364][ 81]LogAudioMixer: Display: Creating Master Submix 'MasterSubmixDefault'
[2021.06.08-17.20.07:364][ 81]LogAudioMixer: Display: Creating Master Submix 'MasterReverbSubmixDefault'
[2021.06.08-17.20.07:364][ 81]LogAudioMixer: Display: Creating Master Submix 'MasterEQSubmixDefault'
[2021.06.08-17.20.07:377][ 81]LogInit: FAudioDevice initialized.
[2021.06.08-17.20.07:391][ 81]LogLoad: Game class is 'ImaginePowerGameMode'
[2021.06.08-17.20.07:394][ 81]LogWorld: Bringing World /Game/FirstPersonCPP/Maps/UEDPIE_0_FirstPersonExampleMap.FirstPersonExampleMap up for play (max tick rate 60) at 2021.06.08-19.20.07
[2021.06.08-17.20.07:395][ 81]LogWorld: Bringing up level for play took: 0.003490
[2021.06.08-17.20.07:396][ 81]LogOnline: OSS: Creating online subsystem instance for: :Context_4
[2021.06.08-17.20.07:407][ 81]LogContentBrowser: Native class hierarchy updated for 'MovieSceneCapture' in 0.0004 seconds. Added 20 classes and 0 folders.
[2021.06.08-17.20.07:408][ 81]PIE: Server logged in
[2021.06.08-17.20.07:409][ 81]PIE: Play in editor total start time 0,098 seconds.
[2021.06.08-17.20.12:757][401]LogTcpMessaging: Started Connection to '127.0.0.1:6666'
[2021.06.08-17.20.13:267][431]LogBlueprintUserMessages: [BTTask_BlueprintBase_New_C_0] Delivered Item EObjectList::OL_Nothing
[2021.06.08-17.20.17:618][692]LogBlueprintUserMessages: [BTTask_BlueprintBase_New_C_0] Delivered Item EObjectList::OL_Nothing
[2021.06.08-17.20.20:642][872]LogSlate: Updating window title bar state: overlay mode, drag disabled, window buttons hidden, title bar hidden
[2021.06.08-17.20.20:642][872]LogWorld: BeginTearingDown for /Game/FirstPersonCPP/Maps/UEDPIE_0_FirstPersonExampleMap
[2021.06.08-17.20.20:642][872]LogWorld: UWorld::CleanupWorld for FirstPersonExampleMap, bSessionEnded=true, bCleanupResources=true
[2021.06.08-17.20.20:643][872]LogSlate: InvalidateAllWidgets triggered.  All widgets were invalidated
[2021.06.08-17.20.20:655][872]LogPlayLevel: Display: Shutting down PIE online subsystems
[2021.06.08-17.20.20:657][872]LogSlate: InvalidateAllWidgets triggered.  All widgets were invalidated
[2021.06.08-17.20.20:693][872]LogSlate: Updating window title bar state: overlay mode, drag disabled, window buttons hidden, title bar hidden
[2021.06.08-17.20.20:694][872]LogAISub: UAISubsystem::~UAISubsystem EnvQueryManager (0000020D786AFE00), frame # 872
[2021.06.08-17.20.20:695][872]LogAISub: UAISubsystem::~UAISubsystem AIPerceptionSystem (0000020D78732480), frame # 872
[2021.06.08-17.20.20:695][872]LogUObjectHash: Compacting FUObjectHashTables data took   0.52ms
[2021.06.08-17.20.20:719][873]LogPlayLevel: Display: Destroying online subsystem :Context_4
[2021.06.08-17.20.21:352][910]LogUObjectHash: Compacting FUObjectHashTables data took   0.55ms
[2021.06.08-17.20.30:187][124]LogSlate: Took 0.000124 seconds to synchronously load lazily loaded font '../../../Engine/Content/Slate/Fonts/Roboto-Light.ttf' (167K)
[2021.06.08-17.20.30:203][124]LogAssetEditorSubsystem: Opening Asset editor for Class /Script/ImaginePower.Minion
[2021.06.08-17.20.30:438][124]LogVSAccessor: Warning: Couldn't goto line number '1' in 'C:/Projects/Piotr_Starczewski_Imagine_Power/ImaginePower/Source/ImaginePower/Minion.cpp'
[2021.06.08-17.22.55:926][627]Candidate modules for hot reload:
[2021.06.08-17.22.55:926][627]  ImaginePower
[2021.06.08-17.22.55:926][627]Launching UnrealBuildTool... [C:/Program Files/Epic Games/UE_4.25/Engine/Binaries/DotNET/UnrealBuildTool.exe  -ModuleWithSuffix=ImaginePower,1022 ImaginePowerEditor Win64 Development -Project="C:/Projects/Piotr_Starczewski_Imagine_Power/ImaginePower/ImaginePower.uproject" "C:/Projects/Piotr_Starczewski_Imagine_Power/ImaginePower/ImaginePower.uproject"  -IgnoreJunk]
[2021.06.08-17.22.55:934][627]Warning: Starting HotReload took  0.0s.
[2021.06.08-17.23.03:068][651]CompilerResultsLog: New page: Compilation - 8 Jun 2021, 21:23:03
[2021.06.08-17.23.03:068][651]CompilerResultsLog: Using 'git status' to determine working set for adaptive non-unity build (C:\Projects\Piotr_Starczewski_Imagine_Power).
[2021.06.08-17.23.03:069][651]CompilerResultsLog: Building ImaginePowerEditor...
[2021.06.08-17.23.03:069][651]CompilerResultsLog: Using Visual Studio 2019 14.29.30037 toolchain (C:\Program Files (x86)\Microsoft Visual Studio\2019\Community\VC\Tools\MSVC\14.29.30037) and Windows 10.0.19041.0 SDK (C:\Program Files (x86)\Windows Kits\10).
[2021.06.08-17.23.03:069][651]CompilerResultsLog: Building 5 actions with 12 processes...
[2021.06.08-17.23.03:069][651]CompilerResultsLog:   [1/5] ImaginePowerCharacter.cpp
[2021.06.08-17.23.03:069][651]CompilerResultsLog:   [2/5] Minion.cpp
[2021.06.08-17.23.03:069][651]CompilerResultsLog:   [3/5] UE4Editor-ImaginePower-1022.lib
[2021.06.08-17.23.03:069][651]CompilerResultsLog:      Creating library C:\Projects\Piotr_Starczewski_Imagine_Power\ImaginePower\Intermediate\Build\Win64\UE4Editor\Development\ImaginePower\UE4Editor-ImaginePower-1022.lib and object C:\Projects\Piotr_Starczewski_Imagine_Power\ImaginePower\Intermediate\Build\Win64\UE4Editor\Development\ImaginePower\UE4Editor-ImaginePower-1022.exp
[2021.06.08-17.23.03:069][651]CompilerResultsLog:   [4/5] UE4Editor-ImaginePower-1022.dll
[2021.06.08-17.23.03:070][651]CompilerResultsLog:      Creating library C:\Projects\Piotr_Starczewski_Imagine_Power\ImaginePower\Intermediate\Build\Win64\UE4Editor\Development\ImaginePower\UE4Editor-ImaginePower-1022.suppressed.lib and object C:\Projects\Piotr_Starczewski_Imagine_Power\ImaginePower\Intermediate\Build\Win64\UE4Editor\Development\ImaginePower\UE4Editor-ImaginePower-1022.suppressed.exp
[2021.06.08-17.23.03:070][651]CompilerResultsLog:   [5/5] ImaginePowerEditor.target
[2021.06.08-17.23.03:070][651]CompilerResultsLog: Total time in Parallel executor: 6,22 seconds
[2021.06.08-17.23.03:070][651]CompilerResultsLog: Total execution time: 6,81 seconds
[2021.06.08-17.23.03:070][651]LogMainFrame: MainFrame: Module compiling took 7.148 seconds
[2021.06.08-17.23.03:097][651]LogClass: EObjectList HotReload.
[2021.06.08-17.23.03:105][651]LogContentBrowser: Native class hierarchy updated for 'ImaginePower' in 0.0004 seconds. Added 9 classes and 2 folders.
[2021.06.08-17.23.03:111][651]Display: HotReload successful (9 functions remapped  0 scriptstructs remapped)
[2021.06.08-17.23.03:198][651]LogContentBrowser: Native class hierarchy populated in 0.0076 seconds. Added 3455 classes and 830 folders.
[2021.06.08-17.23.03:198][651]Display: HotReload took  7.3s.
[2021.06.08-17.23.47:514][811]LogTemp: Repeating last play command: Selected Viewport
[2021.06.08-17.23.47:531][811]LogPlayLevel: PlayLevel: No blueprints needed recompiling
[2021.06.08-17.23.47:531][811]PIE: New page: PIE session: FirstPersonExampleMap (8 Jun 2021, 21:23:47)
[2021.06.08-17.23.47:531][811]LogPlayLevel: Creating play world package: /Game/FirstPersonCPP/Maps/UEDPIE_0_FirstPersonExampleMap
[2021.06.08-17.23.47:541][811]LogPlayLevel: PIE: StaticDuplicateObject took: (0.009831s)
[2021.06.08-17.23.47:541][811]LogAIModule: Creating AISystem for world FirstPersonExampleMap
[2021.06.08-17.23.47:541][811]LogAISub: UAISubsystem::UAISubsystem EnvQueryManager (0000020DB392BC00), frame # 1811
[2021.06.08-17.23.47:541][811]LogAISub: UAISubsystem::UAISubsystem AIPerceptionSystem (0000020D814E8B80), frame # 1811
[2021.06.08-17.23.47:542][811]LogPlayLevel: PIE: World Init took: (0.001375s)
[2021.06.08-17.23.47:542][811]LogPlayLevel: PIE: Created PIE world by copying editor world from /Game/FirstPersonCPP/Maps/FirstPersonExampleMap.FirstPersonExampleMap to /Game/FirstPersonCPP/Maps/UEDPIE_0_FirstPersonExampleMap.FirstPersonExampleMap (0.011576s)
[2021.06.08-17.23.47:557][811]LogUObjectHash: Compacting FUObjectHashTables data took   0.57ms
[2021.06.08-17.23.47:559][811]LogAudioMixer: Display: Audio Mixer Platform Settings:
[2021.06.08-17.23.47:559][811]LogAudioMixer: Display: 	Sample Rate:						  48000
[2021.06.08-17.23.47:559][811]LogAudioMixer: Display: 	Callback Buffer Frame Size Requested: 1024
[2021.06.08-17.23.47:559][811]LogAudioMixer: Display: 	Callback Buffer Frame Size To Use:	  1024
[2021.06.08-17.23.47:560][811]LogAudioMixer: Display: 	Number of buffers to queue:			  2
[2021.06.08-17.23.47:560][811]LogAudioMixer: Display: 	Max Channels (voices):				  32
[2021.06.08-17.23.47:560][811]LogAudioMixer: Display: 	Number of Async Source Workers:		  0
[2021.06.08-17.23.47:560][811]LogAudio: Display: AudioDevice MaxSources: 32
[2021.06.08-17.23.47:560][811]LogAudio: Display: Using built-in audio occlusion.
[2021.06.08-17.23.47:560][811]LogAudioMixer: Display: Initializing audio mixer.
[2021.06.08-17.23.47:562][811]LogAudioMixer: Display: 0: FrontLeft
[2021.06.08-17.23.47:562][811]LogAudioMixer: Display: 1: FrontRight
[2021.06.08-17.23.47:583][811]LogAudioMixer: Display: Using Audio Device Speakers (Realtek(R) Audio)
[2021.06.08-17.23.47:583][811]LogAudioMixer: Display: Initializing Sound Submixes...
[2021.06.08-17.23.47:583][811]LogAudioMixer: Display: Creating Master Submix 'MasterSubmixDefault'
[2021.06.08-17.23.47:583][811]LogAudioMixer: Display: Creating Master Submix 'MasterReverbSubmixDefault'
[2021.06.08-17.23.47:583][811]LogAudioMixer: Display: Creating Master Submix 'MasterEQSubmixDefault'
[2021.06.08-17.23.47:596][811]LogInit: FAudioDevice initialized.
[2021.06.08-17.23.47:608][811]LogLoad: Game class is 'ImaginePowerGameMode'
[2021.06.08-17.23.47:611][811]LogWorld: Bringing World /Game/FirstPersonCPP/Maps/UEDPIE_0_FirstPersonExampleMap.FirstPersonExampleMap up for play (max tick rate 60) at 2021.06.08-19.23.47
[2021.06.08-17.23.47:612][811]LogWorld: Bringing up level for play took: 0.003339
[2021.06.08-17.23.47:612][811]LogOnline: OSS: Creating online subsystem instance for: :Context_5
[2021.06.08-17.23.47:615][811]PIE: Server logged in
[2021.06.08-17.23.47:616][811]PIE: Play in editor total start time 0,089 seconds.
[2021.06.08-17.23.53:229][147]LogBlueprintUserMessages: [BTTask_BlueprintBase_New_C_0] Delivered Item EObjectList::OL_Nothing
[2021.06.08-17.23.56:212][326]LogBlueprintUserMessages: [BTTask_BlueprintBase_New_C_0] Delivered Item EObjectList::OL_Nothing
[2021.06.08-17.23.58:179][444]LogBlueprintUserMessages: [BTTask_BlueprintBase_New_C_0] Delivered Item EObjectList::OL_Nothing
[2021.06.08-17.24.00:182][562]LogSlate: Updating window title bar state: overlay mode, drag disabled, window buttons hidden, title bar hidden
[2021.06.08-17.24.00:182][562]LogWorld: BeginTearingDown for /Game/FirstPersonCPP/Maps/UEDPIE_0_FirstPersonExampleMap
[2021.06.08-17.24.00:183][562]LogWorld: UWorld::CleanupWorld for FirstPersonExampleMap, bSessionEnded=true, bCleanupResources=true
[2021.06.08-17.24.00:183][562]LogSlate: InvalidateAllWidgets triggered.  All widgets were invalidated
[2021.06.08-17.24.00:197][562]LogPlayLevel: Display: Shutting down PIE online subsystems
[2021.06.08-17.24.00:198][562]LogSlate: InvalidateAllWidgets triggered.  All widgets were invalidated
[2021.06.08-17.24.00:234][562]LogSlate: Updating window title bar state: overlay mode, drag disabled, window buttons hidden, title bar hidden
[2021.06.08-17.24.00:235][562]LogAISub: UAISubsystem::~UAISubsystem AIPerceptionSystem (0000020D814E8B80), frame # 2562
[2021.06.08-17.24.00:235][562]LogAISub: UAISubsystem::~UAISubsystem EnvQueryManager (0000020DB392BC00), frame # 2562
[2021.06.08-17.24.00:235][562]LogUObjectHash: Compacting FUObjectHashTables data took   0.60ms
[2021.06.08-17.24.00:259][563]LogPlayLevel: Display: Destroying online subsystem :Context_5
[2021.06.08-17.24.00:687][587]LogUObjectHash: Compacting FUObjectHashTables data took   0.85ms
[2021.06.08-17.25.28:064][315]Candidate modules for hot reload:
[2021.06.08-17.25.28:064][315]  ImaginePower
[2021.06.08-17.25.28:065][315]Launching UnrealBuildTool... [C:/Program Files/Epic Games/UE_4.25/Engine/Binaries/DotNET/UnrealBuildTool.exe  -ModuleWithSuffix=ImaginePower,7376 ImaginePowerEditor Win64 Development -Project="C:/Projects/Piotr_Starczewski_Imagine_Power/ImaginePower/ImaginePower.uproject" "C:/Projects/Piotr_Starczewski_Imagine_Power/ImaginePower/ImaginePower.uproject"  -IgnoreJunk]
[2021.06.08-17.25.28:072][315]Warning: Starting HotReload took  0.0s.
[2021.06.08-17.25.32:884][587]CompilerResultsLog: New page: Compilation - 8 Jun 2021, 21:25:32
[2021.06.08-17.25.32:884][587]CompilerResultsLog: Using 'git status' to determine working set for adaptive non-unity build (C:\Projects\Piotr_Starczewski_Imagine_Power).
[2021.06.08-17.25.32:884][587]CompilerResultsLog: Building ImaginePowerEditor...
[2021.06.08-17.25.32:884][587]CompilerResultsLog: Using Visual Studio 2019 14.29.30037 toolchain (C:\Program Files (x86)\Microsoft Visual Studio\2019\Community\VC\Tools\MSVC\14.29.30037) and Windows 10.0.19041.0 SDK (C:\Program Files (x86)\Windows Kits\10).
[2021.06.08-17.25.32:884][587]CompilerResultsLog: Building 4 actions with 12 processes...
[2021.06.08-17.25.32:884][587]CompilerResultsLog:   [1/4] Minion.cpp
[2021.06.08-17.25.32:885][587]CompilerResultsLog:   [2/4] UE4Editor-ImaginePower-7376.lib
[2021.06.08-17.25.32:885][587]CompilerResultsLog:      Creating library C:\Projects\Piotr_Starczewski_Imagine_Power\ImaginePower\Intermediate\Build\Win64\UE4Editor\Development\ImaginePower\UE4Editor-ImaginePower-7376.lib and object C:\Projects\Piotr_Starczewski_Imagine_Power\ImaginePower\Intermediate\Build\Win64\UE4Editor\Development\ImaginePower\UE4Editor-ImaginePower-7376.exp
[2021.06.08-17.25.32:885][587]CompilerResultsLog:   [3/4] UE4Editor-ImaginePower-7376.dll
[2021.06.08-17.25.32:885][587]CompilerResultsLog:      Creating library C:\Projects\Piotr_Starczewski_Imagine_Power\ImaginePower\Intermediate\Build\Win64\UE4Editor\Development\ImaginePower\UE4Editor-ImaginePower-7376.suppressed.lib and object C:\Projects\Piotr_Starczewski_Imagine_Power\ImaginePower\Intermediate\Build\Win64\UE4Editor\Development\ImaginePower\UE4Editor-ImaginePower-7376.suppressed.exp
[2021.06.08-17.25.32:885][587]CompilerResultsLog:   [4/4] ImaginePowerEditor.target
[2021.06.08-17.25.32:885][587]CompilerResultsLog: Total time in Parallel executor: 4,10 seconds
[2021.06.08-17.25.32:885][587]CompilerResultsLog: Total execution time: 4,72 seconds
[2021.06.08-17.25.32:885][587]LogMainFrame: MainFrame: Module compiling took 4.825 seconds
[2021.06.08-17.25.32:910][587]LogClass: EObjectList HotReload.
[2021.06.08-17.25.32:918][587]LogContentBrowser: Native class hierarchy updated for 'ImaginePower' in 0.0004 seconds. Added 9 classes and 2 folders.
[2021.06.08-17.25.32:923][587]Display: HotReload successful (9 functions remapped  0 scriptstructs remapped)
[2021.06.08-17.25.32:955][587]LogContentBrowser: Native class hierarchy populated in 0.0081 seconds. Added 3455 classes and 830 folders.
[2021.06.08-17.25.32:955][587]Display: HotReload took  4.9s.
[2021.06.08-17.25.33:378][612]LogTemp: Repeating last play command: Selected Viewport
[2021.06.08-17.25.33:393][612]LogPlayLevel: PlayLevel: No blueprints needed recompiling
[2021.06.08-17.25.33:393][612]PIE: New page: PIE session: FirstPersonExampleMap (8 Jun 2021, 21:25:33)
[2021.06.08-17.25.33:421][612]LogPlayLevel: Creating play world package: /Game/FirstPersonCPP/Maps/UEDPIE_0_FirstPersonExampleMap
[2021.06.08-17.25.33:433][612]LogPlayLevel: PIE: StaticDuplicateObject took: (0.012987s)
[2021.06.08-17.25.33:434][612]LogAIModule: Creating AISystem for world FirstPersonExampleMap
[2021.06.08-17.25.33:434][612]LogAISub: UAISubsystem::UAISubsystem EnvQueryManager (0000020DB3CC0800), frame # 3612
[2021.06.08-17.25.33:435][612]LogAISub: UAISubsystem::UAISubsystem AIPerceptionSystem (0000020D747A4900), frame # 3612
[2021.06.08-17.25.33:435][612]LogPlayLevel: PIE: World Init took: (0.001388s)
[2021.06.08-17.25.33:435][612]LogPlayLevel: PIE: Created PIE world by copying editor world from /Game/FirstPersonCPP/Maps/FirstPersonExampleMap.FirstPersonExampleMap to /Game/FirstPersonCPP/Maps/UEDPIE_0_FirstPersonExampleMap.FirstPersonExampleMap (0.014903s)
[2021.06.08-17.25.33:448][612]LogUObjectHash: Compacting FUObjectHashTables data took   0.55ms
[2021.06.08-17.25.33:449][612]LogAudioMixer: Display: Audio Mixer Platform Settings:
[2021.06.08-17.25.33:449][612]LogAudioMixer: Display: 	Sample Rate:						  48000
[2021.06.08-17.25.33:449][612]LogAudioMixer: Display: 	Callback Buffer Frame Size Requested: 1024
[2021.06.08-17.25.33:449][612]LogAudioMixer: Display: 	Callback Buffer Frame Size To Use:	  1024
[2021.06.08-17.25.33:449][612]LogAudioMixer: Display: 	Number of buffers to queue:			  2
[2021.06.08-17.25.33:450][612]LogAudioMixer: Display: 	Max Channels (voices):				  32
[2021.06.08-17.25.33:450][612]LogAudioMixer: Display: 	Number of Async Source Workers:		  0
[2021.06.08-17.25.33:450][612]LogAudio: Display: AudioDevice MaxSources: 32
[2021.06.08-17.25.33:450][612]LogAudio: Display: Using built-in audio occlusion.
[2021.06.08-17.25.33:450][612]LogAudioMixer: Display: Initializing audio mixer.
[2021.06.08-17.25.33:452][612]LogAudioMixer: Display: 0: FrontLeft
[2021.06.08-17.25.33:452][612]LogAudioMixer: Display: 1: FrontRight
[2021.06.08-17.25.33:472][612]LogAudioMixer: Display: Using Audio Device Speakers (Realtek(R) Audio)
[2021.06.08-17.25.33:472][612]LogAudioMixer: Display: Initializing Sound Submixes...
[2021.06.08-17.25.33:473][612]LogAudioMixer: Display: Creating Master Submix 'MasterSubmixDefault'
[2021.06.08-17.25.33:473][612]LogAudioMixer: Display: Creating Master Submix 'MasterReverbSubmixDefault'
[2021.06.08-17.25.33:473][612]LogAudioMixer: Display: Creating Master Submix 'MasterEQSubmixDefault'
[2021.06.08-17.25.33:485][612]LogInit: FAudioDevice initialized.
[2021.06.08-17.25.33:493][612]LogLoad: Game class is 'ImaginePowerGameMode'
[2021.06.08-17.25.33:496][612]LogWorld: Bringing World /Game/FirstPersonCPP/Maps/UEDPIE_0_FirstPersonExampleMap.FirstPersonExampleMap up for play (max tick rate 60) at 2021.06.08-19.25.33
[2021.06.08-17.25.33:497][612]LogWorld: Bringing up level for play took: 0.003056
[2021.06.08-17.25.33:497][612]LogOnline: OSS: Creating online subsystem instance for: :Context_6
[2021.06.08-17.25.33:501][612]PIE: Server logged in
[2021.06.08-17.25.33:501][612]PIE: Play in editor total start time 0,112 seconds.
[2021.06.08-17.25.38:031][883]LogBlueprintUserMessages: [BTTask_BlueprintBase_New_C_0] Delivered Item EObjectList::OL_Nothing
[2021.06.08-17.25.41:298][ 79]LogBlueprintUserMessages: [BTTask_BlueprintBase_New_C_0] Delivered Item EObjectList::OL_Nothing
[2021.06.08-17.25.41:722][103]LogSlate: Updating window title bar state: overlay mode, drag disabled, window buttons hidden, title bar hidden
[2021.06.08-17.25.41:722][103]LogWorld: BeginTearingDown for /Game/FirstPersonCPP/Maps/UEDPIE_0_FirstPersonExampleMap
[2021.06.08-17.25.41:723][103]LogWorld: UWorld::CleanupWorld for FirstPersonExampleMap, bSessionEnded=true, bCleanupResources=true
[2021.06.08-17.25.41:724][103]LogSlate: InvalidateAllWidgets triggered.  All widgets were invalidated
[2021.06.08-17.25.41:743][103]LogPlayLevel: Display: Shutting down PIE online subsystems
[2021.06.08-17.25.41:745][103]LogSlate: InvalidateAllWidgets triggered.  All widgets were invalidated
[2021.06.08-17.25.41:786][103]LogSlate: Updating window title bar state: overlay mode, drag disabled, window buttons hidden, title bar hidden
[2021.06.08-17.25.41:787][103]LogAISub: UAISubsystem::~UAISubsystem AIPerceptionSystem (0000020D747A4900), frame # 4103
[2021.06.08-17.25.41:787][103]LogAISub: UAISubsystem::~UAISubsystem EnvQueryManager (0000020DB3CC0800), frame # 4103
[2021.06.08-17.25.41:788][103]LogUObjectHash: Compacting FUObjectHashTables data took   0.57ms
[2021.06.08-17.25.41:811][104]LogPlayLevel: Display: Destroying online subsystem :Context_6
[2021.06.08-17.25.42:366][136]LogUObjectHash: Compacting FUObjectHashTables data took   0.57ms
[2021.06.08-17.25.54:324][222]LogUObjectHash: Compacting FUObjectHashTables data took   0.24ms
[2021.06.08-17.25.54:380][222]LogSlate: Window 'ImaginePower - Unreal Editor' being destroyed
[2021.06.08-17.25.54:383][222]LogWindowsTextInputMethodSystem: Display: IME system now deactivated.
[2021.06.08-17.25.54:499][223]Cmd: QUIT_EDITOR
[2021.06.08-17.25.54:499][223]LogCore: Engine exit requested (reason: UUnrealEdEngine::CloseEditor())
[2021.06.08-17.25.54:506][223]LogCore: Engine exit requested (reason: EngineExit() was called; note: exit was already requested)
[2021.06.08-17.25.54:557][223]LogExit: Preparing to exit.
[2021.06.08-17.25.55:127][223]LogUObjectHash: Compacting FUObjectHashTables data took   1.28ms
[2021.06.08-17.25.55:619][223]LogActorComponent: UnregisterComponent: (None.None) Not registered. Aborting.
[2021.06.08-17.25.55:619][223]LogActorComponent: UnregisterComponent: (None.None) Not registered. Aborting.
[2021.06.08-17.25.55:619][223]LogActorComponent: UnregisterComponent: (None.None) Not registered. Aborting.
[2021.06.08-17.25.55:619][223]LogActorComponent: UnregisterComponent: (None.None) Not registered. Aborting.
[2021.06.08-17.25.55:619][223]LogActorComponent: UnregisterComponent: (None.None) Not registered. Aborting.
[2021.06.08-17.25.55:619][223]LogActorComponent: UnregisterComponent: (None.None) Not registered. Aborting.
[2021.06.08-17.25.55:620][223]LogActorComponent: UnregisterComponent: (None.None) Not registered. Aborting.
[2021.06.08-17.25.55:620][223]LogWorld: UWorld::CleanupWorld for None, bSessionEnded=true, bCleanupResources=true
[2021.06.08-17.25.55:620][223]LogActorComponent: UnregisterComponent: (None.None) Not registered. Aborting.
[2021.06.08-17.25.55:620][223]LogActorComponent: UnregisterComponent: (None.None) Not registered. Aborting.
[2021.06.08-17.25.55:620][223]LogActorComponent: UnregisterComponent: (None.None) Not registered. Aborting.
[2021.06.08-17.25.55:620][223]LogActorComponent: UnregisterComponent: (None.None) Not registered. Aborting.
[2021.06.08-17.25.55:620][223]LogActorComponent: UnregisterComponent: (None.None) Not registered. Aborting.
[2021.06.08-17.25.55:621][223]LogActorComponent: UnregisterComponent: (None.None) Not registered. Aborting.
[2021.06.08-17.25.55:621][223]LogActorComponent: UnregisterComponent: (None.None) Not registered. Aborting.
[2021.06.08-17.25.55:621][223]LogWorld: UWorld::CleanupWorld for None, bSessionEnded=true, bCleanupResources=true
[2021.06.08-17.25.55:621][223]LogActorComponent: UnregisterComponent: (None.None) Not registered. Aborting.
[2021.06.08-17.25.55:621][223]LogActorComponent: UnregisterComponent: (None.None) Not registered. Aborting.
[2021.06.08-17.25.55:621][223]LogActorComponent: UnregisterComponent: (None.None) Not registered. Aborting.
[2021.06.08-17.25.55:621][223]LogActorComponent: UnregisterComponent: (None.None) Not registered. Aborting.
[2021.06.08-17.25.55:621][223]LogActorComponent: UnregisterComponent: (None.None) Not registered. Aborting.
[2021.06.08-17.25.55:621][223]LogActorComponent: UnregisterComponent: (None.None) Not registered. Aborting.
[2021.06.08-17.25.55:621][223]LogActorComponent: UnregisterComponent: (None.None) Not registered. Aborting.
[2021.06.08-17.25.55:621][223]LogWorld: UWorld::CleanupWorld for None, bSessionEnded=true, bCleanupResources=true
[2021.06.08-17.25.55:624][223]LogDemo: Cleaned up 0 splitscreen connections with owner deletion
[2021.06.08-17.25.55:631][223]LogExit: Editor shut down
[2021.06.08-17.25.55:631][223]LogExit: Transaction tracking system shut down
[2021.06.08-17.25.55:837][223]LogAISub: UAISubsystem::~UAISubsystem AISubsystem (0000020D4ED45C40), frame # 4223
[2021.06.08-17.25.55:837][223]LogAISub: UAISubsystem::~UAISubsystem AIPerceptionSystem (0000020D4ECB4A40), frame # 4223
[2021.06.08-17.25.55:839][223]LogAISub: UAISubsystem::~UAISubsystem EnvQueryManager (0000020D4ED10800), frame # 4223
[2021.06.08-17.25.55:861][223]LogAISub: UAISubsystem::~UAISubsystem AIPerceptionSystem (0000020D577DDF80), frame # 4223
[2021.06.08-17.25.55:861][223]LogAISub: UAISubsystem::~UAISubsystem EnvQueryManager (0000020D4399FE00), frame # 4223
[2021.06.08-17.25.55:904][223]LogExit: Object subsystem successfully closed.
[2021.06.08-17.25.55:944][223]LogShaderCompilers: Display: Shaders left to compile 0
[2021.06.08-17.25.55:996][223]LogModuleManager: Shutting down and abandoning module ImaginePower (810)
[2021.06.08-17.25.55:996][223]LogModuleManager: Shutting down and abandoning module MovieSceneCapture (808)
[2021.06.08-17.25.55:997][223]LogModuleManager: Shutting down and abandoning module Voice (806)
[2021.06.08-17.25.55:997][223]LogModuleManager: Shutting down and abandoning module HierarchicalLODOutliner (804)
[2021.06.08-17.25.55:997][223]LogModuleManager: Shutting down and abandoning module SceneOutliner (802)
[2021.06.08-17.25.55:997][223]LogModuleManager: Shutting down and abandoning module AddContentDialog (800)
[2021.06.08-17.25.55:998][223]LogModuleManager: Shutting down and abandoning module WidgetCarousel (799)
[2021.06.08-17.25.55:998][223]LogModuleManager: Shutting down and abandoning module EditorWidgets (796)
[2021.06.08-17.25.55:998][223]LogModuleManager: Shutting down and abandoning module CollectionManager (794)
[2021.06.08-17.25.55:998][223]LogModuleManager: Shutting down and abandoning module StatsViewer (792)
[2021.06.08-17.25.55:999][223]LogModuleManager: Shutting down and abandoning module VirtualTexturingEditor (790)
[2021.06.08-17.25.55:999][223]LogModuleManager: Shutting down and abandoning module FoliageEdit (788)
[2021.06.08-17.25.56:000][223]LogModuleManager: Shutting down and abandoning module LandscapeEditor (786)
[2021.06.08-17.25.56:001][223]LogModuleManager: Shutting down and abandoning module MeshPaintMode (784)
[2021.06.08-17.25.56:002][223]LogModuleManager: Shutting down and abandoning module SceneDepthPickerMode (782)
[2021.06.08-17.25.56:002][223]LogModuleManager: Shutting down and abandoning module ActorPickerMode (780)
[2021.06.08-17.25.56:002][223]LogModuleManager: Shutting down and abandoning module PIEPreviewDeviceProfileSelector (778)
[2021.06.08-17.25.56:003][223]LogModuleManager: Shutting down and abandoning module SequenceRecorderSections (776)
[2021.06.08-17.25.56:003][223]LogModuleManager: Shutting down and abandoning module AutomationWorker (774)
[2021.06.08-17.25.56:003][223]LogModuleManager: Shutting down and abandoning module SteamVREditor (772)
[2021.06.08-17.25.56:003][223]LogModuleManager: Shutting down and abandoning module OculusMR (770)
[2021.06.08-17.25.56:003][223]LogModuleManager: Shutting down and abandoning module GooglePADEditor (768)
[2021.06.08-17.25.56:003][223]LogModuleManager: Shutting down and abandoning module AudioCaptureEditor (766)
[2021.06.08-17.25.56:003][223]LogModuleManager: Shutting down and abandoning module TemplateSequenceEditor (764)
[2021.06.08-17.25.56:004][223]LogModuleManager: Shutting down and abandoning module MatineeToLevelSequence (762)
[2021.06.08-17.25.56:004][223]LogModuleManager: Shutting down and abandoning module LevelSequenceEditor (760)
[2021.06.08-17.25.56:005][223]LogModuleManager: Shutting down and abandoning module ActorSequenceEditor (758)
[2021.06.08-17.25.56:006][223]LogModuleManager: Shutting down and abandoning module WmfMediaFactory (756)
[2021.06.08-17.25.56:006][223]LogModuleManager: Shutting down and abandoning module WmfMediaEditor (754)
[2021.06.08-17.25.56:006][223]LogModuleManager: Shutting down and abandoning module WebMMediaFactory (752)
[2021.06.08-17.25.56:006][223]LogModuleManager: Shutting down and abandoning module WebMMediaEditor (750)
[2021.06.08-17.25.56:006][223]LogModuleManager: Shutting down and abandoning module WebMMedia (748)
[2021.06.08-17.25.56:006][223]LogModuleManager: Shutting down and abandoning module MediaPlayerEditor (746)
[2021.06.08-17.25.56:006][223]LogModuleManager: Shutting down and abandoning module MediaCompositingEditor (744)
[2021.06.08-17.25.56:007][223]LogModuleManager: Shutting down and abandoning module SequenceRecorder (743)
[2021.06.08-17.25.56:007][223]LogModuleManager: Shutting down and abandoning module OpenExrWrapper (740)
[2021.06.08-17.25.56:007][223]LogModuleManager: Shutting down and abandoning module ImgMediaFactory (738)
[2021.06.08-17.25.56:007][223]LogModuleManager: Shutting down and abandoning module ImgMediaEditor (736)
[2021.06.08-17.25.56:007][223]LogModuleManager: Shutting down and abandoning module AvfMediaFactory (734)
[2021.06.08-17.25.56:007][223]LogModuleManager: Shutting down and abandoning module AvfMediaEditor (732)
[2021.06.08-17.25.56:007][223]LogModuleManager: Shutting down and abandoning module AndroidMediaFactory (730)
[2021.06.08-17.25.56:007][223]LogModuleManager: Shutting down and abandoning module AndroidMediaEditor (728)
[2021.06.08-17.25.56:007][223]LogModuleManager: Shutting down and abandoning module MagicLeapMediaCodecFactory (726)
[2021.06.08-17.25.56:007][223]LogModuleManager: Shutting down and abandoning module MagicLeapMediaFactory (724)
[2021.06.08-17.25.56:007][223]LogModuleManager: Shutting down and abandoning module MagicLeapMediaEditor (722)
[2021.06.08-17.25.56:007][223]LogModuleManager: Shutting down and abandoning module PlanarCut (720)
[2021.06.08-17.25.56:008][223]LogModuleManager: Shutting down and abandoning module CharacterAI (718)
[2021.06.08-17.25.56:008][223]LogModuleManager: Shutting down and abandoning module TextureAlignMode (716)
[2021.06.08-17.25.56:008][223]LogModuleManager: Shutting down and abandoning module BspMode (714)
[2021.06.08-17.25.56:008][223]LogModuleManager: Shutting down and abandoning module PlacementMode (713)
[2021.06.08-17.25.56:008][223]LogModuleManager: Shutting down and abandoning module GeometryMode (710)
[2021.06.08-17.25.56:008][223]LogModuleManager: Shutting down and abandoning module CameraShakePreviewer (708)
[2021.06.08-17.25.56:009][223]LogModuleManager: Shutting down and abandoning module SmartSnapping (706)
[2021.06.08-17.25.56:009][223]LogModuleManager: Shutting down and abandoning module SessionServices (704)
[2021.06.08-17.25.56:009][223]LogModuleManager: Shutting down and abandoning module MeshPaint (702)
[2021.06.08-17.25.56:010][223]LogModuleManager: Shutting down and abandoning module ViewportSnapping (700)
[2021.06.08-17.25.56:010][223]LogModuleManager: Shutting down and abandoning module ViewportInteraction (698)
[2021.06.08-17.25.56:010][223]LogModuleManager: Shutting down and abandoning module ClothPainter (696)
[2021.06.08-17.25.56:011][223]LogModuleManager: Shutting down and abandoning module SkeletalMeshEditor (695)
[2021.06.08-17.25.56:012][223]LogModuleManager: Shutting down and abandoning module LogVisualizer (692)
[2021.06.08-17.25.56:013][223]LogModuleManager: Shutting down and abandoning module IntroTutorials (690)
[2021.06.08-17.25.56:013][223]LogModuleManager: Shutting down and abandoning module GameProjectGeneration (689)
[2021.06.08-17.25.56:014][223]LogModuleManager: Shutting down and abandoning module LuminPlatformEditor (686)
[2021.06.08-17.25.56:014][223]LogModuleManager: Shutting down and abandoning module IOSPlatformEditor (684)
[2021.06.08-17.25.56:014][223]LogModuleManager: Shutting down and abandoning module AndroidPlatformEditor (682)
[2021.06.08-17.25.56:014][223]LogModuleManager: Shutting down and abandoning module AndroidDeviceDetection (681)
[2021.06.08-17.25.56:819][223]LogModuleManager: Shutting down and abandoning module WindowsPlatformEditor (678)
[2021.06.08-17.25.56:820][223]LogModuleManager: Shutting down and abandoning module LuminRuntimeSettings (676)
[2021.06.08-17.25.56:820][223]LogModuleManager: Shutting down and abandoning module IOSRuntimeSettings (674)
[2021.06.08-17.25.56:820][223]LogModuleManager: Shutting down and abandoning module AndroidRuntimeSettings (672)
[2021.06.08-17.25.56:820][223]LogModuleManager: Shutting down and abandoning module TraceInsights (670)
[2021.06.08-17.25.56:825][223]LogModuleManager: Shutting down and abandoning module TraceServices (669)
[2021.06.08-17.25.56:826][223]LogModuleManager: Shutting down and abandoning module EditorInteractiveToolsFramework (666)
[2021.06.08-17.25.56:827][223]LogModuleManager: Shutting down and abandoning module TimeManagementEditor (664)
[2021.06.08-17.25.56:827][223]LogModuleManager: Shutting down and abandoning module InputBindingEditor (662)
[2021.06.08-17.25.56:827][223]LogModuleManager: Shutting down and abandoning module MergeActors (660)
[2021.06.08-17.25.56:828][223]LogModuleManager: Shutting down and abandoning module LocalizationDashboard (658)
[2021.06.08-17.25.56:828][223]LogModuleManager: Shutting down and abandoning module LocalizationService (657)
[2021.06.08-17.25.56:829][223]LogModuleManager: Shutting down and abandoning module HardwareTargeting (654)
[2021.06.08-17.25.56:829][223]LogModuleManager: Shutting down and abandoning module DeviceProfileEditor (652)
[2021.06.08-17.25.56:829][223]LogModuleManager: Shutting down and abandoning module UndoHistory (650)
[2021.06.08-17.25.56:829][223]LogModuleManager: Shutting down and abandoning module XmlParser (648)
[2021.06.08-17.25.56:830][223]LogModuleManager: Shutting down and abandoning module Blutility (646)
[2021.06.08-17.25.56:830][223]LogModuleManager: Shutting down and abandoning module ProjectSettingsViewer (644)
[2021.06.08-17.25.56:830][223]LogModuleManager: Shutting down and abandoning module ProjectTargetPlatformEditor (643)
[2021.06.08-17.25.56:830][223]LogModuleManager: Shutting down and abandoning module EditorSettingsViewer (640)
[2021.06.08-17.25.56:830][223]LogModuleManager: Shutting down and abandoning module SettingsEditor (638)
[2021.06.08-17.25.56:830][223]LogModuleManager: Shutting down and abandoning module ProjectLauncher (636)
[2021.06.08-17.25.56:831][223]LogModuleManager: Shutting down and abandoning module SessionFrontend (634)
[2021.06.08-17.25.56:831][223]LogModuleManager: Shutting down and abandoning module ProfilerClient (632)
[2021.06.08-17.25.56:831][223]LogModuleManager: Shutting down and abandoning module DeviceManager (630)
[2021.06.08-17.25.56:832][223]LogModuleManager: Shutting down and abandoning module TargetDeviceServices (629)
