Log file open, 06/04/21 01:20:52
LogInit: Display: Running engine for game: ImaginePower
LogPlatformFile: Not using cached read wrapper
LogTaskGraph: Started task graph with 5 named threads and 35 total threads with 3 sets of task threads.
LogStats: Stats thread started at 0.269847
LogD3D11RHI: Loaded GFSDK_Aftermath_Lib.x64.dll
LogICUInternationalization: ICU TimeZone Detection - Raw Offset: +1:00, Platform Override: ''
LogPluginManager: Mounting plugin Paper2D
LogPluginManager: Mounting plugin AISupport
LogPluginManager: Mounting plugin LightPropagationVolume
LogPluginManager: Mounting plugin CameraShakePreviewer
LogPluginManager: Mounting plugin ActorLayerUtilities
LogPluginManager: Mounting plugin AnimationSharing
LogPluginManager: Mounting plugin CLionSourceCodeAccess
LogPluginManager: Mounting plugin CodeLiteSourceCodeAccess
LogPluginManager: Mounting plugin GitSourceControl
LogPluginManager: Mounting plugin KDevelopSourceCodeAccess
LogPluginManager: Mounting plugin NullSourceCodeAccess
LogPluginManager: Mounting plugin PerforceSourceControl
LogPluginManager: Mounting plugin PlasticSourceControl
LogPluginManager: Mounting plugin RiderSourceCodeAccess
LogPluginManager: Mounting plugin SubversionSourceControl
LogPluginManager: Mounting plugin UObjectPlugin
LogPluginManager: Mounting plugin VisualStudioCodeSourceCodeAccess
LogPluginManager: Mounting plugin VisualStudioSourceCodeAccess
LogPluginManager: Mounting plugin XCodeSourceCodeAccess
LogPluginManager: Mounting plugin AssetManagerEditor
LogPluginManager: Mounting plugin CryptoKeys
LogPluginManager: Mounting plugin CurveEditorTools
LogPluginManager: Mounting plugin DataValidation
LogPluginManager: Mounting plugin EditorScriptingUtilities
LogPluginManager: Mounting plugin FacialAnimation
LogPluginManager: Mounting plugin GameplayTagsEditor
LogPluginManager: Mounting plugin GeometryMode
LogPluginManager: Mounting plugin MacGraphicsSwitching
LogPluginManager: Mounting plugin MaterialAnalyzer
LogPluginManager: Mounting plugin MobileLauncherProfileWizard
LogPluginManager: Mounting plugin PluginBrowser
LogPluginManager: Mounting plugin SpeedTreeImporter
LogPluginManager: Mounting plugin DatasmithContent
LogPluginManager: Mounting plugin VariantManagerContent
LogPluginManager: Mounting plugin AlembicImporter
LogPluginManager: Mounting plugin AutomationUtils
LogPluginManager: Mounting plugin BackChannel
LogPluginManager: Mounting plugin ChaosCloth
LogPluginManager: Mounting plugin ChaosClothEditor
LogPluginManager: Mounting plugin ChaosEditor
LogPluginManager: Mounting plugin ChaosNiagara
LogPluginManager: Mounting plugin ChaosSolverPlugin
LogPluginManager: Mounting plugin CharacterAI
LogPluginManager: Mounting plugin GeometryCache
LogPluginManager: Mounting plugin GeometryCollectionPlugin
LogPluginManager: Mounting plugin GeometryProcessing
LogPluginManager: Mounting plugin PlanarCut
LogPluginManager: Mounting plugin PlatformCrypto
LogPluginManager: Mounting plugin ProxyLODPlugin
LogPluginManager: Mounting plugin PythonScriptPlugin
LogPluginManager: Mounting plugin SkeletalReduction
LogPluginManager: Mounting plugin Niagara
LogPluginManager: Mounting plugin MagicLeap
LogPluginManager: Mounting plugin MagicLeapLightEstimation
LogPluginManager: Mounting plugin MagicLeapMedia
LogPluginManager: Mounting plugin MagicLeapPassableWorld
LogPluginManager: Mounting plugin MLSDK
LogPluginManager: Mounting plugin AndroidMedia
LogPluginManager: Mounting plugin AvfMedia
LogPluginManager: Mounting plugin ImgMedia
LogPluginManager: Mounting plugin MediaCompositing
LogPluginManager: Mounting plugin MediaPlayerEditor
LogPluginManager: Mounting plugin WebMMedia
LogPluginManager: Mounting plugin WmfMedia
LogPluginManager: Mounting plugin MegascansPlugin
LogPluginManager: Mounting plugin MeshPainting
LogPluginManager: Mounting plugin TcpMessaging
LogPluginManager: Mounting plugin UdpMessaging
LogPluginManager: Mounting plugin ActorSequence
LogPluginManager: Mounting plugin LevelSequenceEditor
LogPluginManager: Mounting plugin MatineeToLevelSequence
LogPluginManager: Mounting plugin MovieRenderPipeline
LogPluginManager: Mounting plugin TemplateSequence
LogPluginManager: Mounting plugin NetcodeUnitTest
LogPluginManager: Mounting plugin NUTUnrealEngine4
LogPluginManager: Mounting plugin OnlineSubsystemGooglePlay
LogPluginManager: Mounting plugin OnlineSubsystemIOS
LogPluginManager: Mounting plugin OnlineSubsystem
LogPluginManager: Mounting plugin OnlineSubsystemNull
LogPluginManager: Mounting plugin OnlineSubsystemUtils
LogPluginManager: Mounting plugin LauncherChunkInstaller
LogPluginManager: Mounting plugin AndroidDeviceProfileSelector
LogPluginManager: Mounting plugin AndroidMoviePlayer
LogPluginManager: Mounting plugin AndroidPermission
LogPluginManager: Mounting plugin AppleImageUtils
LogPluginManager: Mounting plugin AppleMoviePlayer
LogPluginManager: Mounting plugin ArchVisCharacter
LogPluginManager: Mounting plugin AssetTags
LogPluginManager: Mounting plugin AudioCapture
LogPluginManager: Mounting plugin CableComponent
LogPluginManager: Mounting plugin CustomMeshComponent
LogPluginManager: Mounting plugin DatabaseSupport
LogPluginManager: Mounting plugin SQLiteCore
LogPluginManager: Mounting plugin SQLiteSupport
LogPluginManager: Mounting plugin EditableMesh
LogPluginManager: Mounting plugin ExampleDeviceProfileSelector
LogPluginManager: Mounting plugin GoogleCloudMessaging
LogPluginManager: Mounting plugin GooglePAD
LogPluginManager: Mounting plugin IOSDeviceProfileSelector
LogPluginManager: Mounting plugin LinuxDeviceProfileSelector
LogPluginManager: Mounting plugin LocationServicesBPLibrary
LogPluginManager: Mounting plugin MobilePatchingUtils
LogPluginManager: Mounting plugin OculusVR
LogPluginManager: Mounting plugin PhysXVehicles
LogPluginManager: Mounting plugin PostSplashScreen
LogPluginManager: Mounting plugin ProceduralMeshComponent
LogPluginManager: Mounting plugin RuntimePhysXCooking
LogPluginManager: Mounting plugin SignificanceManager
LogPluginManager: Mounting plugin SoundFields
LogPluginManager: Mounting plugin SteamVR
LogPluginManager: Mounting plugin Synthesis
LogPluginManager: Mounting plugin WebMMoviePlayer
LogPluginManager: Mounting plugin WindowsMoviePlayer
LogPluginManager: Mounting plugin ScreenshotTools
LogInit: Using libcurl 7.55.1-DEV
LogInit:  - built for x86_64-pc-win32
LogInit:  - supports SSL with OpenSSL/1.1.1
LogInit:  - supports HTTP deflate (compression) using libz 1.2.8
LogInit:  - other features:
LogInit:      CURL_VERSION_SSL
LogInit:      CURL_VERSION_LIBZ
LogInit:      CURL_VERSION_IPV6
LogInit:      CURL_VERSION_ASYNCHDNS
LogInit:      CURL_VERSION_LARGEFILE
LogInit:      CURL_VERSION_IDN
LogInit:  CurlRequestOptions (configurable via config and command line):
LogInit:  - bVerifyPeer = true  - Libcurl will verify peer certificate
LogInit:  - bUseHttpProxy = false  - Libcurl will NOT use HTTP proxy
LogInit:  - bDontReuseConnections = false  - Libcurl will reuse connections
LogInit:  - MaxHostConnections = 16  - Libcurl will limit the number of connections to a host
LogInit:  - LocalHostAddr = Default
LogInit:  - BufferSize = 65536
LogOnline: OSS: Creating online subsystem instance for: NULL
LogInit: WinSock: version 1.1 (2.2), MaxSocks=32767, MaxUdp=65467
LogOnline: OSS: TryLoadSubsystemAndSetDefault: Loaded subsystem for module [NULL]
LogInit: Build: ++UE4+Release-4.25-CL-14469661
LogInit: Engine Version: 4.25.4-14469661+++UE4+Release-4.25
LogInit: Compatible Engine Version: 4.25.0-13144385+++UE4+Release-4.25
LogInit: Net CL: 13144385
LogInit: OS: Windows 10 (Release 2009) (), CPU: Intel(R) Core(TM) i7-9750H CPU @ 2.60GHz, GPU: Intel(R) UHD Graphics 630
LogInit: Compiled (64-bit): Oct 11 2020 08:10:49
LogInit: Compiled with Visual C++: 19.24.28315.00
LogInit: Build Configuration: Development
LogInit: Branch Name: ++UE4+Release-4.25
LogInit: Command Line:  -skipcompile
LogInit: Base Directory: C:/Program Files/Epic Games/UE_4.25/Engine/Binaries/Win64/
LogInit: Allocator: TBB
LogInit: Installed Engine Build: 1
LogDevObjectVersion: Number of dev versions registered: 26
LogDevObjectVersion:   Dev-Blueprints (B0D832E4-1F89-4F0D-ACCF-7EB736FD4AA2): 10
LogDevObjectVersion:   Dev-Build (E1C64328-A22C-4D53-A36C-8E866417BD8C): 0
LogDevObjectVersion:   Dev-Core (375EC13C-06E4-48FB-B500-84F0262A717E): 4
LogDevObjectVersion:   Dev-Editor (E4B068ED-F494-42E9-A231-DA0B2E46BB41): 38
LogDevObjectVersion:   Dev-Framework (CFFC743F-43B0-4480-9391-14DF171D2073): 37
LogDevObjectVersion:   Dev-Mobile (B02B49B5-BB20-44E9-A304-32B752E40360): 2
LogDevObjectVersion:   Dev-Networking (A4E4105C-59A1-49B5-A7C5-40C4547EDFEE): 0
LogDevObjectVersion:   Dev-Online (39C831C9-5AE6-47DC-9A44-9C173E1C8E7C): 0
LogDevObjectVersion:   Dev-Physics (78F01B33-EBEA-4F98-B9B4-84EACCB95AA2): 4
LogDevObjectVersion:   Dev-Platform (6631380F-2D4D-43E0-8009-CF276956A95A): 0
LogDevObjectVersion:   Dev-Rendering (12F88B9F-8875-4AFC-A67C-D90C383ABD29): 43
LogDevObjectVersion:   Dev-Sequencer (7B5AE74C-D270-4C10-A958-57980B212A5A): 12
LogDevObjectVersion:   Dev-VR (D7296918-1DD6-4BDD-9DE2-64A83CC13884): 3
LogDevObjectVersion:   Dev-LoadTimes (C2A15278-BFE7-4AFE-6C17-90FF531DF755): 1
LogDevObjectVersion:   Private-Geometry (6EACA3D4-40EC-4CC1-B786-8BED09428FC5): 3
LogDevObjectVersion:   Dev-AnimPhys (29E575DD-E0A3-4627-9D10-D276232CDCEA): 17
LogDevObjectVersion:   Dev-Anim (AF43A65D-7FD3-4947-9873-3E8ED9C1BB05): 7
LogDevObjectVersion:   Dev-ReflectionCapture (6B266CEC-1EC7-4B8F-A30B-E4D90942FC07): 1
LogDevObjectVersion:   Dev-Automation (0DF73D61-A23F-47EA-B727-89E90C41499A): 1
LogDevObjectVersion:   FortniteMain (601D1886-AC64-4F84-AA16-D3DE0DEAC7D6): 31
LogDevObjectVersion:   Dev-Enterprise (9DFFBCD6-494F-0158-E221-12823C92A888): 10
LogDevObjectVersion:   Dev-Niagara (F2AED0AC-9AFE-416F-8664-AA7FFA26D6FC): 1
LogDevObjectVersion:   Dev-Destruction (174F1F0B-B4C6-45A5-B13F-2EE8D0FB917D): 10
LogDevObjectVersion:   Dev-Physics-Ext (35F94A83-E258-406C-A318-09F59610247C): 37
LogDevObjectVersion:   Dev-PhysicsMaterial-Chaos (B68FC16E-8B1B-42E2-B453-215C058844FE): 1
LogDevObjectVersion:   Dev-CineCamera (B2E18506-4273-CFC2-A54E-F4BB758BBA07): 1
LogInit: Presizing for max 25165824 objects, including 0 objects not considered by GC, pre-allocating 0 bytes for permanent pool.
LogConfig: Applying CVar settings from Section [/Script/Engine.StreamingSettings] File [C:/Projects/Piotr_Starczewski_Imagine_Power/ImaginePower/Saved/Config/Windows/Engine.ini]
LogConfig: Setting CVar [[s.MinBulkDataSizeForAsyncLoading:131072]]
LogConfig: Setting CVar [[s.AsyncLoadingThreadEnabled:0]]
LogConfig: Setting CVar [[s.EventDrivenLoaderEnabled:1]]
LogConfig: Setting CVar [[s.WarnIfTimeLimitExceeded:0]]
LogConfig: Setting CVar [[s.TimeLimitExceededMultiplier:1.5]]
LogConfig: Setting CVar [[s.TimeLimitExceededMinTime:0.005]]
LogConfig: Setting CVar [[s.UseBackgroundLevelStreaming:1]]
LogConfig: Setting CVar [[s.PriorityAsyncLoadingExtraTime:15.0]]
LogConfig: Setting CVar [[s.LevelStreamingActorsUpdateTimeLimit:5.0]]
LogConfig: Setting CVar [[s.PriorityLevelStreamingActorsUpdateExtraTime:5.0]]
LogConfig: Setting CVar [[s.LevelStreamingComponentsRegistrationGranularity:10]]
LogConfig: Setting CVar [[s.UnregisterComponentsTimeLimit:1.0]]
LogConfig: Setting CVar [[s.LevelStreamingComponentsUnregistrationGranularity:5]]
LogConfig: Setting CVar [[s.FlushStreamingOnExit:1]]
LogInit: Object subsystem initialized
LogConfig: Setting CVar [[con.DebugEarlyDefault:1]]
LogConfig: Setting CVar [[r.setres:1280x720]]
[2021.06.03-23.20.53:253][  0]LogConfig: Setting CVar [[r.VSync:0]]
[2021.06.03-23.20.53:253][  0]LogConfig: Setting CVar [[r.RHICmdBypass:0]]
[2021.06.03-23.20.53:253][  0]LogConfig: Applying CVar settings from Section [/Script/Engine.RendererSettings] File [C:/Projects/Piotr_Starczewski_Imagine_Power/ImaginePower/Saved/Config/Windows/Engine.ini]
[2021.06.03-23.20.53:253][  0]LogConfig: Setting CVar [[r.GPUCrashDebugging:0]]
[2021.06.03-23.20.53:253][  0]LogConfig: Applying CVar settings from Section [/Script/Engine.RendererOverrideSettings] File [C:/Projects/Piotr_Starczewski_Imagine_Power/ImaginePower/Saved/Config/Windows/Engine.ini]
[2021.06.03-23.20.53:253][  0]LogConfig: Applying CVar settings from Section [/Script/Engine.StreamingSettings] File [C:/Projects/Piotr_Starczewski_Imagine_Power/ImaginePower/Saved/Config/Windows/Engine.ini]
[2021.06.03-23.20.53:253][  0]LogConfig: Setting CVar [[s.MinBulkDataSizeForAsyncLoading:131072]]
[2021.06.03-23.20.53:253][  0]LogConfig: Setting CVar [[s.AsyncLoadingThreadEnabled:0]]
[2021.06.03-23.20.53:253][  0]LogConfig: Setting CVar [[s.EventDrivenLoaderEnabled:1]]
[2021.06.03-23.20.53:253][  0]LogConfig: Setting CVar [[s.WarnIfTimeLimitExceeded:0]]
[2021.06.03-23.20.53:253][  0]LogConfig: Setting CVar [[s.TimeLimitExceededMultiplier:1.5]]
[2021.06.03-23.20.53:253][  0]LogConfig: Setting CVar [[s.TimeLimitExceededMinTime:0.005]]
[2021.06.03-23.20.53:253][  0]LogConfig: Setting CVar [[s.UseBackgroundLevelStreaming:1]]
[2021.06.03-23.20.53:253][  0]LogConfig: Setting CVar [[s.PriorityAsyncLoadingExtraTime:15.0]]
[2021.06.03-23.20.53:253][  0]LogConfig: Setting CVar [[s.LevelStreamingActorsUpdateTimeLimit:5.0]]
[2021.06.03-23.20.53:253][  0]LogConfig: Setting CVar [[s.PriorityLevelStreamingActorsUpdateExtraTime:5.0]]
[2021.06.03-23.20.53:253][  0]LogConfig: Setting CVar [[s.LevelStreamingComponentsRegistrationGranularity:10]]
[2021.06.03-23.20.53:253][  0]LogConfig: Setting CVar [[s.UnregisterComponentsTimeLimit:1.0]]
[2021.06.03-23.20.53:253][  0]LogConfig: Setting CVar [[s.LevelStreamingComponentsUnregistrationGranularity:5]]
[2021.06.03-23.20.53:253][  0]LogConfig: Setting CVar [[s.FlushStreamingOnExit:1]]
[2021.06.03-23.20.53:253][  0]LogConfig: Applying CVar settings from Section [/Script/Engine.GarbageCollectionSettings] File [C:/Projects/Piotr_Starczewski_Imagine_Power/ImaginePower/Saved/Config/Windows/Engine.ini]
[2021.06.03-23.20.53:253][  0]LogConfig: Setting CVar [[gc.MaxObjectsNotConsideredByGC:1]]
[2021.06.03-23.20.53:253][  0]LogConfig: Setting CVar [[gc.SizeOfPermanentObjectPool:0]]
[2021.06.03-23.20.53:253][  0]LogConfig: Setting CVar [[gc.FlushStreamingOnGC:0]]
[2021.06.03-23.20.53:253][  0]LogConfig: Setting CVar [[gc.NumRetriesBeforeForcingGC:10]]
[2021.06.03-23.20.53:253][  0]LogConfig: Setting CVar [[gc.AllowParallelGC:1]]
[2021.06.03-23.20.53:254][  0]LogConfig: Setting CVar [[gc.TimeBetweenPurgingPendingKillObjects:61.1]]
[2021.06.03-23.20.53:254][  0]LogConfig: Setting CVar [[gc.MaxObjectsInEditor:25165824]]
[2021.06.03-23.20.53:254][  0]LogConfig: Setting CVar [[gc.IncrementalBeginDestroyEnabled:1]]
[2021.06.03-23.20.53:254][  0]LogConfig: Setting CVar [[gc.CreateGCClusters:1]]
[2021.06.03-23.20.53:254][  0]LogConfig: Setting CVar [[gc.MinGCClusterSize:5]]
[2021.06.03-23.20.53:254][  0]LogConfig: Setting CVar [[gc.ActorClusteringEnabled:0]]
[2021.06.03-23.20.53:254][  0]LogConfig: Setting CVar [[gc.BlueprintClusteringEnabled:0]]
[2021.06.03-23.20.53:254][  0]LogConfig: Setting CVar [[gc.UseDisregardForGCOnDedicatedServers:0]]
[2021.06.03-23.20.53:254][  0]LogConfig: Applying CVar settings from Section [/Script/Engine.NetworkSettings] File [C:/Projects/Piotr_Starczewski_Imagine_Power/ImaginePower/Saved/Config/Windows/Engine.ini]
[2021.06.03-23.20.53:254][  0]LogConfig: Applying CVar settings from Section [/Script/UnrealEd.CookerSettings] File [C:/Projects/Piotr_Starczewski_Imagine_Power/ImaginePower/Saved/Config/Windows/Engine.ini]
[2021.06.03-23.20.53:257][  0]LogConfig: Applying CVar settings from Section [ViewDistanceQuality@3] File [C:/Projects/Piotr_Starczewski_Imagine_Power/ImaginePower/Saved/Config/Windows/Scalability.ini]
[2021.06.03-23.20.53:257][  0]LogConfig: Setting CVar [[r.SkeletalMeshLODBias:0]]
[2021.06.03-23.20.53:258][  0]LogConfig: Setting CVar [[r.ViewDistanceScale:1.0]]
[2021.06.03-23.20.53:258][  0]LogConfig: Applying CVar settings from Section [AntiAliasingQuality@3] File [C:/Projects/Piotr_Starczewski_Imagine_Power/ImaginePower/Saved/Config/Windows/Scalability.ini]
[2021.06.03-23.20.53:258][  0]LogConfig: Setting CVar [[r.PostProcessAAQuality:4]]
[2021.06.03-23.20.53:258][  0]LogConfig: Applying CVar settings from Section [ShadowQuality@3] File [C:/Projects/Piotr_Starczewski_Imagine_Power/ImaginePower/Saved/Config/Windows/Scalability.ini]
[2021.06.03-23.20.53:258][  0]LogConfig: Setting CVar [[r.LightFunctionQuality:1]]
[2021.06.03-23.20.53:258][  0]LogConfig: Setting CVar [[r.ShadowQuality:5]]
[2021.06.03-23.20.53:258][  0]LogConfig: Setting CVar [[r.Shadow.CSM.MaxCascades:10]]
[2021.06.03-23.20.53:258][  0]LogConfig: Setting CVar [[r.Shadow.MaxResolution:2048]]
[2021.06.03-23.20.53:258][  0]LogConfig: Setting CVar [[r.Shadow.MaxCSMResolution:2048]]
[2021.06.03-23.20.53:258][  0]LogConfig: Setting CVar [[r.Shadow.RadiusThreshold:0.01]]
[2021.06.03-23.20.53:258][  0]LogConfig: Setting CVar [[r.Shadow.DistanceScale:1.0]]
[2021.06.03-23.20.53:258][  0]LogConfig: Setting CVar [[r.Shadow.CSM.TransitionScale:1.0]]
[2021.06.03-23.20.53:258][  0]LogConfig: Setting CVar [[r.Shadow.PreShadowResolutionFactor:1.0]]
[2021.06.03-23.20.53:258][  0]LogConfig: Setting CVar [[r.DistanceFieldShadowing:1]]
[2021.06.03-23.20.53:258][  0]LogConfig: Setting CVar [[r.DistanceFieldAO:1]]
[2021.06.03-23.20.53:258][  0]LogConfig: Setting CVar [[r.AOQuality:2]]
[2021.06.03-23.20.53:258][  0]LogConfig: Setting CVar [[r.VolumetricFog:1]]
[2021.06.03-23.20.53:258][  0]LogConfig: Setting CVar [[r.VolumetricFog.GridPixelSize:8]]
[2021.06.03-23.20.53:258][  0]LogConfig: Setting CVar [[r.VolumetricFog.GridSizeZ:128]]
[2021.06.03-23.20.53:258][  0]LogConfig: Setting CVar [[r.VolumetricFog.HistoryMissSupersampleCount:4]]
[2021.06.03-23.20.53:258][  0]LogConfig: Setting CVar [[r.LightMaxDrawDistanceScale:1]]
[2021.06.03-23.20.53:258][  0]LogConfig: Setting CVar [[r.CapsuleShadows:1]]
[2021.06.03-23.20.53:258][  0]LogConfig: Applying CVar settings from Section [PostProcessQuality@3] File [C:/Projects/Piotr_Starczewski_Imagine_Power/ImaginePower/Saved/Config/Windows/Scalability.ini]
[2021.06.03-23.20.53:258][  0]LogConfig: Setting CVar [[r.MotionBlurQuality:4]]
[2021.06.03-23.20.53:258][  0]LogConfig: Setting CVar [[r.AmbientOcclusionMipLevelFactor:0.4]]
[2021.06.03-23.20.53:258][  0]LogConfig: Setting CVar [[r.AmbientOcclusionMaxQuality:100]]
[2021.06.03-23.20.53:258][  0]LogConfig: Setting CVar [[r.AmbientOcclusionLevels:-1]]
[2021.06.03-23.20.53:258][  0]LogConfig: Setting CVar [[r.AmbientOcclusionRadiusScale:1.0]]
[2021.06.03-23.20.53:259][  0]LogConfig: Setting CVar [[r.DepthOfFieldQuality:2]]
[2021.06.03-23.20.53:259][  0]LogConfig: Setting CVar [[r.RenderTargetPoolMin:400]]
[2021.06.03-23.20.53:259][  0]LogConfig: Setting CVar [[r.LensFlareQuality:2]]
[2021.06.03-23.20.53:259][  0]LogConfig: Setting CVar [[r.SceneColorFringeQuality:1]]
[2021.06.03-23.20.53:259][  0]LogConfig: Setting CVar [[r.EyeAdaptationQuality:2]]
[2021.06.03-23.20.53:259][  0]LogConfig: Setting CVar [[r.BloomQuality:5]]
[2021.06.03-23.20.53:259][  0]LogConfig: Setting CVar [[r.FastBlurThreshold:100]]
[2021.06.03-23.20.53:259][  0]LogConfig: Setting CVar [[r.Upscale.Quality:3]]
[2021.06.03-23.20.53:259][  0]LogConfig: Setting CVar [[r.Tonemapper.GrainQuantization:1]]
[2021.06.03-23.20.53:259][  0]LogConfig: Setting CVar [[r.LightShaftQuality:1]]
[2021.06.03-23.20.53:259][  0]LogConfig: Setting CVar [[r.Filter.SizeScale:1]]
[2021.06.03-23.20.53:259][  0]LogConfig: Setting CVar [[r.Tonemapper.Quality:5]]
[2021.06.03-23.20.53:259][  0]LogConfig: Setting CVar [[r.DOF.Gather.AccumulatorQuality:1        ; higher gathering accumulator quality]]
[2021.06.03-23.20.53:259][  0]LogConfig: Setting CVar [[r.DOF.Gather.PostfilterMethod:1          ; Median3x3 postfilering method]]
[2021.06.03-23.20.53:259][  0]LogConfig: Setting CVar [[r.DOF.Gather.EnableBokehSettings:0       ; no bokeh simulation when gathering]]
[2021.06.03-23.20.53:259][  0]LogConfig: Setting CVar [[r.DOF.Gather.RingCount:4                 ; medium number of samples when gathering]]
[2021.06.03-23.20.53:259][  0]LogConfig: Setting CVar [[r.DOF.Scatter.ForegroundCompositing:1    ; additive foreground scattering]]
[2021.06.03-23.20.53:259][  0]LogConfig: Setting CVar [[r.DOF.Scatter.BackgroundCompositing:2    ; additive background scattering]]
[2021.06.03-23.20.53:259][  0]LogConfig: Setting CVar [[r.DOF.Scatter.EnableBokehSettings:1      ; bokeh simulation when scattering]]
[2021.06.03-23.20.53:259][  0]LogConfig: Setting CVar [[r.DOF.Scatter.MaxSpriteRatio:0.1         ; only a maximum of 10% of scattered bokeh]]
[2021.06.03-23.20.53:259][  0]LogConfig: Setting CVar [[r.DOF.Recombine.Quality:1                ; cheap slight out of focus]]
[2021.06.03-23.20.53:259][  0]LogConfig: Setting CVar [[r.DOF.Recombine.EnableBokehSettings:0    ; no bokeh simulation on slight out of focus]]
[2021.06.03-23.20.53:259][  0]LogConfig: Setting CVar [[r.DOF.TemporalAAQuality:1                ; more stable temporal accumulation]]
[2021.06.03-23.20.53:259][  0]LogConfig: Setting CVar [[r.DOF.Kernel.MaxForegroundRadius:0.025]]
[2021.06.03-23.20.53:259][  0]LogConfig: Setting CVar [[r.DOF.Kernel.MaxBackgroundRadius:0.025]]
[2021.06.03-23.20.53:259][  0]LogConfig: Applying CVar settings from Section [TextureQuality@3] File [C:/Projects/Piotr_Starczewski_Imagine_Power/ImaginePower/Saved/Config/Windows/Scalability.ini]
[2021.06.03-23.20.53:259][  0]LogConfig: Setting CVar [[r.Streaming.MipBias:0]]
[2021.06.03-23.20.53:259][  0]LogConfig: Setting CVar [[r.Streaming.AmortizeCPUToGPUCopy:0]]
[2021.06.03-23.20.53:259][  0]LogConfig: Setting CVar [[r.Streaming.MaxNumTexturesToStreamPerFrame:0]]
[2021.06.03-23.20.53:259][  0]LogConfig: Setting CVar [[r.Streaming.Boost:1]]
[2021.06.03-23.20.53:259][  0]LogConfig: Setting CVar [[r.MaxAnisotropy:8]]
[2021.06.03-23.20.53:260][  0]LogConfig: Setting CVar [[r.VT.MaxAnisotropy:8]]
[2021.06.03-23.20.53:260][  0]LogConfig: Setting CVar [[r.Streaming.LimitPoolSizeToVRAM:0]]
[2021.06.03-23.20.53:260][  0]LogConfig: Setting CVar [[r.Streaming.PoolSize:1000]]
[2021.06.03-23.20.53:260][  0]LogConfig: Setting CVar [[r.Streaming.MaxEffectiveScreenSize:0]]
[2021.06.03-23.20.53:260][  0]LogConfig: Applying CVar settings from Section [EffectsQuality@3] File [C:/Projects/Piotr_Starczewski_Imagine_Power/ImaginePower/Saved/Config/Windows/Scalability.ini]
[2021.06.03-23.20.53:260][  0]LogConfig: Setting CVar [[r.TranslucencyLightingVolumeDim:64]]
[2021.06.03-23.20.53:260][  0]LogConfig: Setting CVar [[r.RefractionQuality:2]]
[2021.06.03-23.20.53:260][  0]LogConfig: Setting CVar [[r.SSR.Quality:3]]
[2021.06.03-23.20.53:260][  0]LogConfig: Setting CVar [[r.SSR.HalfResSceneColor:0]]
[2021.06.03-23.20.53:260][  0]LogConfig: Setting CVar [[r.SceneColorFormat:4]]
[2021.06.03-23.20.53:260][  0]LogConfig: Setting CVar [[r.DetailMode:2]]
[2021.06.03-23.20.53:260][  0]LogConfig: Setting CVar [[r.TranslucencyVolumeBlur:1]]
[2021.06.03-23.20.53:260][  0]LogConfig: Setting CVar [[r.MaterialQualityLevel:1 ; High quality]]
[2021.06.03-23.20.53:260][  0]LogConfig: Setting CVar [[r.SSS.Scale:1]]
[2021.06.03-23.20.53:260][  0]LogConfig: Setting CVar [[r.SSS.SampleSet:2]]
[2021.06.03-23.20.53:260][  0]LogConfig: Setting CVar [[r.SSS.Quality:1]]
[2021.06.03-23.20.53:260][  0]LogConfig: Setting CVar [[r.SSS.HalfRes:0]]
[2021.06.03-23.20.53:260][  0]LogConfig: Setting CVar [[r.SSGI.Quality:3]]
[2021.06.03-23.20.53:260][  0]LogConfig: Setting CVar [[r.EmitterSpawnRateScale:1.0]]
[2021.06.03-23.20.53:260][  0]LogConfig: Setting CVar [[r.ParticleLightQuality:2]]
[2021.06.03-23.20.53:260][  0]LogConfig: Setting CVar [[r.SkyAtmosphere.AerialPerspectiveLUT.FastApplyOnOpaque:1 ; Always have FastSkyLUT 1 in this case to avoid wrong sky]]
[2021.06.03-23.20.53:260][  0]LogConfig: Setting CVar [[r.SkyAtmosphere.AerialPerspectiveLUT.SampleCountPerSlice:1]]
[2021.06.03-23.20.53:260][  0]LogConfig: Setting CVar [[r.SkyAtmosphere.AerialPerspectiveLUT.DepthResolution:16.0]]
[2021.06.03-23.20.53:260][  0]LogConfig: Setting CVar [[r.SkyAtmosphere.FastSkyLUT:1]]
[2021.06.03-23.20.53:260][  0]LogConfig: Setting CVar [[r.SkyAtmosphere.FastSkyLUT.SampleCountMin:4.0]]
[2021.06.03-23.20.53:260][  0]LogConfig: Setting CVar [[r.SkyAtmosphere.FastSkyLUT.SampleCountMax:32.0]]
[2021.06.03-23.20.53:260][  0]LogConfig: Setting CVar [[r.SkyAtmosphere.SampleCountMin:4.0]]
[2021.06.03-23.20.53:260][  0]LogConfig: Setting CVar [[r.SkyAtmosphere.SampleCountMax:32.0]]
[2021.06.03-23.20.53:260][  0]LogConfig: Setting CVar [[r.SkyAtmosphere.TransmittanceLUT.UseSmallFormat:0]]
[2021.06.03-23.20.53:260][  0]LogConfig: Setting CVar [[r.SkyAtmosphere.TransmittanceLUT.SampleCount:10.0]]
[2021.06.03-23.20.53:260][  0]LogConfig: Setting CVar [[r.SkyAtmosphere.MultiScatteringLUT.SampleCount:15.0]]
[2021.06.03-23.20.53:260][  0]LogConfig: Applying CVar settings from Section [FoliageQuality@3] File [C:/Projects/Piotr_Starczewski_Imagine_Power/ImaginePower/Saved/Config/Windows/Scalability.ini]
[2021.06.03-23.20.53:261][  0]LogConfig: Setting CVar [[foliage.DensityScale:1.0]]
[2021.06.03-23.20.53:261][  0]LogConfig: Setting CVar [[grass.DensityScale:1.0]]
[2021.06.03-23.20.53:261][  0]LogConfig: Applying CVar settings from Section [ShadingQuality@3] File [C:/Projects/Piotr_Starczewski_Imagine_Power/ImaginePower/Saved/Config/Windows/Scalability.ini]
[2021.06.03-23.20.53:261][  0]LogConfig: Setting CVar [[r.HairStrands.SkyLighting.SampleCount:16]]
[2021.06.03-23.20.53:261][  0]LogConfig: Setting CVar [[r.HairStrands.SkyLighting.JitterIntegration:0]]
[2021.06.03-23.20.53:261][  0]LogConfig: Setting CVar [[r.HairStrands.SkyAO.SampleCount:16]]
[2021.06.03-23.20.53:261][  0]LogConfig: Setting CVar [[r.HairStrands.DeepShadow.SuperSampling:0]]
[2021.06.03-23.20.53:261][  0]LogConfig: Setting CVar [[r.HairStrands.VisibilityPPLL:0]]
[2021.06.03-23.20.53:261][  0]LogConfig: Setting CVar [[r.HairStrands.RasterizationScale:0.5]]
[2021.06.03-23.20.53:261][  0]LogConfig: Setting CVar [[r.HairStrands.VelocityRasterizationScale:1]]
[2021.06.03-23.20.53:261][  0]LogInit: Selected Device Profile: [Windows]
[2021.06.03-23.20.53:261][  0]LogInit: Applying CVar settings loaded from the selected device profile: [Windows]
[2021.06.03-23.20.53:261][  0]LogHAL: Display: Platform has ~ 16 GB [17012580352 / 17179869184 / 16], which maps to Larger [LargestMinGB=32, LargerMinGB=12, DefaultMinGB=8, SmallerMinGB=6, SmallestMinGB=0)
[2021.06.03-23.20.53:261][  0]LogInit: Going up to parent DeviceProfile []
[2021.06.03-23.20.53:261][  0]LogConfig: Applying CVar settings from Section [ViewDistanceQuality@Cine] File [C:/Projects/Piotr_Starczewski_Imagine_Power/ImaginePower/Saved/Config/Windows/Scalability.ini]
[2021.06.03-23.20.53:261][  0]LogConfig: Setting CVar [[r.SkeletalMeshLODBias:0]]
[2021.06.03-23.20.53:261][  0]LogConfig: Setting CVar [[r.ViewDistanceScale:10.0]]
[2021.06.03-23.20.53:261][  0]LogConfig: Applying CVar settings from Section [AntiAliasingQuality@0] File [C:/Projects/Piotr_Starczewski_Imagine_Power/ImaginePower/Saved/Config/Windows/Scalability.ini]
[2021.06.03-23.20.53:261][  0]LogConfig: Setting CVar [[r.PostProcessAAQuality:0]]
[2021.06.03-23.20.53:261][  0]LogConfig: Applying CVar settings from Section [ShadowQuality@Cine] File [C:/Projects/Piotr_Starczewski_Imagine_Power/ImaginePower/Saved/Config/Windows/Scalability.ini]
[2021.06.03-23.20.53:261][  0]LogConfig: Setting CVar [[r.LightFunctionQuality:1]]
[2021.06.03-23.20.53:261][  0]LogConfig: Setting CVar [[r.ShadowQuality:5]]
[2021.06.03-23.20.53:261][  0]LogConfig: Setting CVar [[r.Shadow.CSM.MaxCascades:10]]
[2021.06.03-23.20.53:261][  0]LogConfig: Setting CVar [[r.Shadow.MaxResolution:4096]]
[2021.06.03-23.20.53:261][  0]LogConfig: Setting CVar [[r.Shadow.MaxCSMResolution:4096]]
[2021.06.03-23.20.53:261][  0]LogConfig: Setting CVar [[r.Shadow.RadiusThreshold:0]]
[2021.06.03-23.20.53:261][  0]LogConfig: Setting CVar [[r.Shadow.DistanceScale:1.0]]
[2021.06.03-23.20.53:261][  0]LogConfig: Setting CVar [[r.Shadow.CSM.TransitionScale:1.0]]
[2021.06.03-23.20.53:262][  0]LogConfig: Setting CVar [[r.Shadow.PreShadowResolutionFactor:1.0]]
[2021.06.03-23.20.53:262][  0]LogConfig: Setting CVar [[r.DistanceFieldShadowing:1]]
[2021.06.03-23.20.53:262][  0]LogConfig: Setting CVar [[r.DistanceFieldAO:1]]
[2021.06.03-23.20.53:262][  0]LogConfig: Setting CVar [[r.AOQuality:2]]
[2021.06.03-23.20.53:262][  0]LogConfig: Setting CVar [[r.VolumetricFog:1]]
[2021.06.03-23.20.53:262][  0]LogConfig: Setting CVar [[r.VolumetricFog.GridPixelSize:4]]
[2021.06.03-23.20.53:262][  0]LogConfig: Setting CVar [[r.VolumetricFog.GridSizeZ:128]]
[2021.06.03-23.20.53:262][  0]LogConfig: Setting CVar [[r.VolumetricFog.HistoryMissSupersampleCount:16]]
[2021.06.03-23.20.53:262][  0]LogConfig: Setting CVar [[r.LightMaxDrawDistanceScale:1]]
[2021.06.03-23.20.53:262][  0]LogConfig: Setting CVar [[r.CapsuleShadows:1]]
[2021.06.03-23.20.53:262][  0]LogConfig: Applying CVar settings from Section [PostProcessQuality@Cine] File [C:/Projects/Piotr_Starczewski_Imagine_Power/ImaginePower/Saved/Config/Windows/Scalability.ini]
[2021.06.03-23.20.53:262][  0]LogConfig: Setting CVar [[r.MotionBlurQuality:4]]
[2021.06.03-23.20.53:262][  0]LogConfig: Setting CVar [[r.AmbientOcclusionMipLevelFactor:0.4]]
[2021.06.03-23.20.53:262][  0]LogConfig: Setting CVar [[r.AmbientOcclusionMaxQuality:100]]
[2021.06.03-23.20.53:262][  0]LogConfig: Setting CVar [[r.AmbientOcclusionLevels:-1]]
[2021.06.03-23.20.53:262][  0]LogConfig: Setting CVar [[r.AmbientOcclusionRadiusScale:1.0]]
[2021.06.03-23.20.53:262][  0]LogConfig: Setting CVar [[r.DepthOfFieldQuality:4]]
[2021.06.03-23.20.53:262][  0]LogConfig: Setting CVar [[r.RenderTargetPoolMin:1000]]
[2021.06.03-23.20.53:262][  0]LogConfig: Setting CVar [[r.LensFlareQuality:3]]
[2021.06.03-23.20.53:262][  0]LogConfig: Setting CVar [[r.SceneColorFringeQuality:1]]
[2021.06.03-23.20.53:262][  0]LogConfig: Setting CVar [[r.EyeAdaptationQuality:2]]
[2021.06.03-23.20.53:262][  0]LogConfig: Setting CVar [[r.BloomQuality:5]]
[2021.06.03-23.20.53:262][  0]LogConfig: Setting CVar [[r.FastBlurThreshold:100]]
[2021.06.03-23.20.53:262][  0]LogConfig: Setting CVar [[r.Upscale.Quality:3]]
[2021.06.03-23.20.53:262][  0]LogConfig: Setting CVar [[r.Tonemapper.GrainQuantization:1]]
[2021.06.03-23.20.53:262][  0]LogConfig: Setting CVar [[r.LightShaftQuality:1]]
[2021.06.03-23.20.53:262][  0]LogConfig: Setting CVar [[r.Filter.SizeScale:1]]
[2021.06.03-23.20.53:262][  0]LogConfig: Setting CVar [[r.Tonemapper.Quality:5]]
[2021.06.03-23.20.53:262][  0]LogConfig: Setting CVar [[r.DOF.Gather.AccumulatorQuality:1        ; higher gathering accumulator quality]]
[2021.06.03-23.20.53:262][  0]LogConfig: Setting CVar [[r.DOF.Gather.PostfilterMethod:1          ; Median3x3 postfilering method]]
[2021.06.03-23.20.53:262][  0]LogConfig: Setting CVar [[r.DOF.Gather.EnableBokehSettings:1       ; bokeh simulation when gathering]]
[2021.06.03-23.20.53:263][  0]LogConfig: Setting CVar [[r.DOF.Gather.RingCount:5                 ; high number of samples when gathering]]
[2021.06.03-23.20.53:263][  0]LogConfig: Setting CVar [[r.DOF.Scatter.ForegroundCompositing:1    ; additive foreground scattering]]
[2021.06.03-23.20.53:263][  0]LogConfig: Setting CVar [[r.DOF.Scatter.BackgroundCompositing:2    ; background scattering occlusion]]
[2021.06.03-23.20.53:263][  0]LogConfig: Setting CVar [[r.DOF.Scatter.EnableBokehSettings:1      ; no bokeh simulation when scattering]]
[2021.06.03-23.20.53:263][  0]LogConfig: Setting CVar [[r.DOF.Scatter.MaxSpriteRatio:0.25        ; only a maximum of 10% of scattered bokeh]]
[2021.06.03-23.20.53:263][  0]LogConfig: Setting CVar [[r.DOF.Recombine.Quality:2                ; highest slight out of focus]]
[2021.06.03-23.20.53:263][  0]LogConfig: Setting CVar [[r.DOF.Recombine.EnableBokehSettings:1    ; bokeh simulation on slight out of focus]]
[2021.06.03-23.20.53:263][  0]LogConfig: Setting CVar [[r.DOF.TemporalAAQuality:1                ; more stable temporal accumulation]]
[2021.06.03-23.20.53:263][  0]LogConfig: Setting CVar [[r.DOF.Kernel.MaxForegroundRadius:0.025]]
[2021.06.03-23.20.53:263][  0]LogConfig: Setting CVar [[r.DOF.Kernel.MaxBackgroundRadius:0.025]]
[2021.06.03-23.20.53:263][  0]LogConfig: Applying CVar settings from Section [TextureQuality@Cine] File [C:/Projects/Piotr_Starczewski_Imagine_Power/ImaginePower/Saved/Config/Windows/Scalability.ini]
[2021.06.03-23.20.53:263][  0]LogConfig: Setting CVar [[r.Streaming.MipBias:0]]
[2021.06.03-23.20.53:263][  0]LogConfig: Setting CVar [[r.Streaming.AmortizeCPUToGPUCopy:0]]
[2021.06.03-23.20.53:263][  0]LogConfig: Setting CVar [[r.Streaming.MaxNumTexturesToStreamPerFrame:0]]
[2021.06.03-23.20.53:263][  0]LogConfig: Setting CVar [[r.Streaming.Boost:1]]
[2021.06.03-23.20.53:263][  0]LogConfig: Setting CVar [[r.MaxAnisotropy:8]]
[2021.06.03-23.20.53:263][  0]LogConfig: Setting CVar [[r.VT.MaxAnisotropy:8]]
[2021.06.03-23.20.53:263][  0]LogConfig: Setting CVar [[r.Streaming.LimitPoolSizeToVRAM:0]]
[2021.06.03-23.20.53:263][  0]LogConfig: Setting CVar [[r.Streaming.PoolSize:3000]]
[2021.06.03-23.20.53:263][  0]LogConfig: Setting CVar [[r.Streaming.MaxEffectiveScreenSize:0]]
[2021.06.03-23.20.53:263][  0]LogConfig: Applying CVar settings from Section [EffectsQuality@Cine] File [C:/Projects/Piotr_Starczewski_Imagine_Power/ImaginePower/Saved/Config/Windows/Scalability.ini]
[2021.06.03-23.20.53:263][  0]LogConfig: Setting CVar [[r.TranslucencyLightingVolumeDim:64]]
[2021.06.03-23.20.53:263][  0]LogConfig: Setting CVar [[r.RefractionQuality:2]]
[2021.06.03-23.20.53:263][  0]LogConfig: Setting CVar [[r.SSR.Quality:4]]
[2021.06.03-23.20.53:263][  0]LogConfig: Setting CVar [[r.SSR.HalfResSceneColor:0]]
[2021.06.03-23.20.53:263][  0]LogConfig: Setting CVar [[r.SceneColorFormat:4]]
[2021.06.03-23.20.53:263][  0]LogConfig: Setting CVar [[r.DetailMode:2]]
[2021.06.03-23.20.53:263][  0]LogConfig: Setting CVar [[r.TranslucencyVolumeBlur:1]]
[2021.06.03-23.20.53:263][  0]LogConfig: Setting CVar [[r.MaterialQualityLevel:1 ; High quality]]
[2021.06.03-23.20.53:263][  0]LogConfig: Setting CVar [[r.SSS.Scale:1]]
[2021.06.03-23.20.53:264][  0]LogConfig: Setting CVar [[r.SSS.SampleSet:2]]
[2021.06.03-23.20.53:264][  0]LogConfig: Setting CVar [[r.SSS.Quality:1]]
[2021.06.03-23.20.53:264][  0]LogConfig: Setting CVar [[r.SSS.HalfRes:0]]
[2021.06.03-23.20.53:264][  0]LogConfig: Setting CVar [[r.SSGI.Quality:4]]
[2021.06.03-23.20.53:264][  0]LogConfig: Setting CVar [[r.EmitterSpawnRateScale:1.0]]
[2021.06.03-23.20.53:264][  0]LogConfig: Setting CVar [[r.ParticleLightQuality:2]]
[2021.06.03-23.20.53:264][  0]LogConfig: Setting CVar [[r.SkyAtmosphere.AerialPerspectiveLUT.FastApplyOnOpaque:0]]
[2021.06.03-23.20.53:264][  0]LogConfig: Setting CVar [[r.SkyAtmosphere.AerialPerspectiveLUT.SampleCountPerSlice:2]]
[2021.06.03-23.20.53:264][  0]LogConfig: Setting CVar [[r.SkyAtmosphere.AerialPerspectiveLUT.DepthResolution:32.0]]
[2021.06.03-23.20.53:264][  0]LogConfig: Setting CVar [[r.SkyAtmosphere.FastSkyLUT:0]]
[2021.06.03-23.20.53:264][  0]LogConfig: Setting CVar [[r.SkyAtmosphere.FastSkyLUT.SampleCountMin:4.0]]
[2021.06.03-23.20.53:264][  0]LogConfig: Setting CVar [[r.SkyAtmosphere.FastSkyLUT.SampleCountMax:32.0]]
[2021.06.03-23.20.53:264][  0]LogConfig: Setting CVar [[r.SkyAtmosphere.SampleCountMin:8.0]]
[2021.06.03-23.20.53:264][  0]LogConfig: Setting CVar [[r.SkyAtmosphere.SampleCountMax:32.0]]
[2021.06.03-23.20.53:264][  0]LogConfig: Setting CVar [[r.SkyAtmosphere.TransmittanceLUT.UseSmallFormat:0]]
[2021.06.03-23.20.53:264][  0]LogConfig: Setting CVar [[r.SkyAtmosphere.TransmittanceLUT.SampleCount:30.0]]
[2021.06.03-23.20.53:264][  0]LogConfig: Setting CVar [[r.SkyAtmosphere.MultiScatteringLUT.SampleCount:20.0]]
[2021.06.03-23.20.53:264][  0]LogConfig: Applying CVar settings from Section [FoliageQuality@Cine] File [C:/Projects/Piotr_Starczewski_Imagine_Power/ImaginePower/Saved/Config/Windows/Scalability.ini]
[2021.06.03-23.20.53:264][  0]LogConfig: Setting CVar [[foliage.DensityScale:1.0]]
[2021.06.03-23.20.53:264][  0]LogConfig: Setting CVar [[grass.DensityScale:1.0]]
[2021.06.03-23.20.53:264][  0]LogConfig: Applying CVar settings from Section [ShadingQuality@Cine] File [C:/Projects/Piotr_Starczewski_Imagine_Power/ImaginePower/Saved/Config/Windows/Scalability.ini]
[2021.06.03-23.20.53:264][  0]LogConfig: Setting CVar [[r.HairStrands.SkyLighting.SampleCount:64]]
[2021.06.03-23.20.53:264][  0]LogConfig: Setting CVar [[r.HairStrands.SkyLighting.JitterIntegration:1]]
[2021.06.03-23.20.53:264][  0]LogConfig: Setting CVar [[r.HairStrands.SkyAO.SampleCount:32]]
[2021.06.03-23.20.53:264][  0]LogConfig: Setting CVar [[r.HairStrands.DeepShadow.SuperSampling:1]]
[2021.06.03-23.20.53:264][  0]LogConfig: Setting CVar [[r.HairStrands.RasterizationScale:1]]
[2021.06.03-23.20.53:264][  0]LogConfig: Setting CVar [[r.HairStrands.VelocityRasterizationScale:1]]
[2021.06.03-23.20.53:264][  0]LogConfig: Setting CVar [[r.HairStrands.VisibilityPPLL:1]]
[2021.06.03-23.20.53:264][  0]LogConfig: Applying CVar settings from Section [Startup] File [../../../Engine/Config/ConsoleVariables.ini]
[2021.06.03-23.20.53:265][  0]LogConfig: Setting CVar [[net.UseAdaptiveNetUpdateFrequency:0]]
[2021.06.03-23.20.53:265][  0]LogConfig: Setting CVar [[p.chaos.AllowCreatePhysxBodies:1]]
[2021.06.03-23.20.53:265][  0]LogConfig: Setting CVar [[fx.SkipVectorVMBackendOptimizations:1]]
[2021.06.03-23.20.53:265][  0]LogConfig: Applying CVar settings from Section [ConsoleVariables] File [C:/Projects/Piotr_Starczewski_Imagine_Power/ImaginePower/Saved/Config/Windows/Engine.ini]
[2021.06.03-23.20.53:265][  0]LogInit: Computer: WINDOWSSALAMI
[2021.06.03-23.20.53:265][  0]LogInit: User: Proti
[2021.06.03-23.20.53:265][  0]LogInit: CPU Page size=4096, Cores=6
[2021.06.03-23.20.53:265][  0]LogInit: High frequency timer resolution =10.000000 MHz
[2021.06.03-23.20.53:265][  0]LogMemory: Memory total: Physical=15.8GB (16GB approx)
[2021.06.03-23.20.53:265][  0]LogMemory: Platform Memory Stats for Windows
[2021.06.03-23.20.53:265][  0]LogMemory: Process Physical Memory: 121.99 MB used, 122.00 MB peak
[2021.06.03-23.20.53:265][  0]LogMemory: Process Virtual Memory: 100.69 MB used, 100.69 MB peak
[2021.06.03-23.20.53:265][  0]LogMemory: Physical Memory: 10435.69 MB used,  5788.77 MB free, 16224.46 MB total
[2021.06.03-23.20.53:265][  0]LogMemory: Virtual Memory: 5174.58 MB used,  134212552.00 MB free, 134217728.00 MB total
[2021.06.03-23.20.53:271][  0]LogWindows: WindowsPlatformFeatures enabled
[2021.06.03-23.20.53:371][  0]LogInit: Physics initialised using underlying interface: PhysX
[2021.06.03-23.20.53:372][  0]LogInit: Using OS detected language (en-US).
[2021.06.03-23.20.53:372][  0]LogInit: Using OS detected locale (en-AT).
[2021.06.03-23.20.53:376][  0]LogTextLocalizationManager: No specific localization for 'en-US' exists, so the 'en' localization will be used.
[2021.06.03-23.20.53:510][  0]LogInit: Setting process to per monitor DPI aware
[2021.06.03-23.20.53:549][  0]LogSlate: New Slate User Created.  User Index 0, Is Virtual User: 0
[2021.06.03-23.20.53:549][  0]LogSlate: Slate User Registered.  User Index 0, Is Virtual User: 0
[2021.06.03-23.20.53:671][  0]LogHMD: Failed to initialize OpenVR with code 110
[2021.06.03-23.20.53:671][  0]LogD3D11RHI: D3D11 min allowed feature level: 11_0
[2021.06.03-23.20.53:671][  0]LogD3D11RHI: D3D11 max allowed feature level: 11_0
[2021.06.03-23.20.53:671][  0]LogD3D11RHI: D3D11 adapters:
[2021.06.03-23.20.53:792][  0]LogD3D11RHI:    0. 'NVIDIA GeForce RTX 2060' (Feature Level 11_0)
[2021.06.03-23.20.53:792][  0]LogD3D11RHI:       5980/0/8112 MB DedicatedVideo/DedicatedSystem/SharedSystem, Outputs:1, VendorId:0x10de
[2021.06.03-23.20.53:827][  0]LogD3D11RHI:    1. 'Intel(R) UHD Graphics 630' (Feature Level 11_0)
[2021.06.03-23.20.53:827][  0]LogD3D11RHI:       128/0/8112 MB DedicatedVideo/DedicatedSystem/SharedSystem, Outputs:0, VendorId:0x8086
[2021.06.03-23.20.53:831][  0]LogD3D11RHI:    2. 'Microsoft Basic Render Driver' (Feature Level 11_0)
[2021.06.03-23.20.53:831][  0]LogD3D11RHI:       0/0/8112 MB DedicatedVideo/DedicatedSystem/SharedSystem, Outputs:0, VendorId:0x1414
[2021.06.03-23.20.53:831][  0]LogD3D11RHI: Chosen D3D11 Adapter: 0
[2021.06.03-23.20.53:836][  0]LogD3D11RHI: Creating new Direct3DDevice
[2021.06.03-23.20.53:836][  0]LogD3D11RHI:     GPU DeviceId: 0x1f11 (for the marketing name, search the web for "GPU Device Id")
[2021.06.03-23.20.53:836][  0]LogWindows: EnumDisplayDevices:
[2021.06.03-23.20.53:837][  0]LogWindows:    0. 'Intel(R) UHD Graphics 630' (P:1 D:1)
[2021.06.03-23.20.53:837][  0]LogWindows:    1. 'Intel(R) UHD Graphics 630' (P:0 D:0)
[2021.06.03-23.20.53:837][  0]LogWindows:    2. 'Intel(R) UHD Graphics 630' (P:0 D:0)
[2021.06.03-23.20.53:837][  0]LogWindows:    3. 'NVIDIA GeForce RTX 2060' (P:0 D:0)
[2021.06.03-23.20.53:838][  0]LogWindows:    4. 'NVIDIA GeForce RTX 2060' (P:0 D:0)
[2021.06.03-23.20.53:838][  0]LogWindows:    5. 'NVIDIA GeForce RTX 2060' (P:0 D:0)
[2021.06.03-23.20.53:838][  0]LogWindows:    6. 'NVIDIA GeForce RTX 2060' (P:0 D:0)
[2021.06.03-23.20.53:838][  0]LogWindows: DebugString: PrimaryIsNotTheChoosenAdapter PrimaryIsNotTheChoosenAdapter PrimaryIsNotTheChoosenAdapter FoundDriverCount:4 
[2021.06.03-23.20.53:838][  0]LogD3D11RHI:     Adapter Name: NVIDIA GeForce RTX 2060
[2021.06.03-23.20.53:838][  0]LogD3D11RHI:   Driver Version: 465.89 (internal:27.21.14.6589, unified:465.89)
[2021.06.03-23.20.53:838][  0]LogD3D11RHI:      Driver Date: 3-25-2021
[2021.06.03-23.20.53:838][  0]LogRHI: Texture pool is 4186 MB (70% of 5980 MB)
[2021.06.03-23.20.53:913][  0]LogD3D11RHI: RHI has support for 64 bit atomics
[2021.06.03-23.20.53:913][  0]LogD3D11RHI: Async texture creation enabled
[2021.06.03-23.20.53:914][  0]LogD3D11RHI: Array index from any shader is supported
[2021.06.03-23.20.53:926][  0]LogD3D11RHI: GPU Timing Frequency: 1000.000000 (Debug: 2 1)
[2021.06.03-23.20.54:152][  0]LogTargetPlatformManager: Display: Loaded TargetPlatform 'AllDesktop'
[2021.06.03-23.20.54:170][  0]LogTargetPlatformManager: Display: Loaded TargetPlatform 'Android'
[2021.06.03-23.20.54:170][  0]LogTargetPlatformManager: Display: Loaded TargetPlatform 'Android_ASTC'
[2021.06.03-23.20.54:170][  0]LogTargetPlatformManager: Display: Loaded TargetPlatform 'Android_DXT'
[2021.06.03-23.20.54:171][  0]LogTargetPlatformManager: Display: Loaded TargetPlatform 'Android_ETC2'
[2021.06.03-23.20.54:171][  0]LogTargetPlatformManager: Display: Loaded TargetPlatform 'AndroidClient'
[2021.06.03-23.20.54:171][  0]LogTargetPlatformManager: Display: Loaded TargetPlatform 'Android_ASTCClient'
[2021.06.03-23.20.54:171][  0]LogTargetPlatformManager: Display: Loaded TargetPlatform 'Android_DXTClient'
[2021.06.03-23.20.54:171][  0]LogTargetPlatformManager: Display: Loaded TargetPlatform 'Android_ETC2Client'
[2021.06.03-23.20.54:171][  0]LogTargetPlatformManager: Display: Loaded TargetPlatform 'Android_Multi'
[2021.06.03-23.20.54:171][  0]LogTargetPlatformManager: Display: Loaded TargetPlatform 'Android_MultiClient'
[2021.06.03-23.20.54:197][  0]LogTargetPlatformManager: Display: Loaded TargetPlatform 'IOSClient'
[2021.06.03-23.20.54:197][  0]LogTargetPlatformManager: Display: Loaded TargetPlatform 'IOS'
[2021.06.03-23.20.54:212][  0]LogTargetPlatformManager: Display: Loaded TargetPlatform 'Linux'
[2021.06.03-23.20.54:221][  0]LogTargetPlatformManager: Display: Loaded TargetPlatform 'LinuxNoEditor'
[2021.06.03-23.20.54:230][  0]LogTargetPlatformManager: Display: Loaded TargetPlatform 'LinuxClient'
[2021.06.03-23.20.54:239][  0]LogTargetPlatformManager: Display: Loaded TargetPlatform 'LinuxServer'
[2021.06.03-23.20.54:249][  0]LogTargetPlatformManager: Display: Loaded TargetPlatform 'LinuxAArch64NoEditor'
[2021.06.03-23.20.54:257][  0]LogTargetPlatformManager: Display: Loaded TargetPlatform 'LinuxAArch64Client'
[2021.06.03-23.20.54:266][  0]LogTargetPlatformManager: Display: Loaded TargetPlatform 'LinuxAArch64Server'
[2021.06.03-23.20.54:289][  0]LogTargetPlatformManager: Display: Loaded TargetPlatform 'Lumin'
[2021.06.03-23.20.54:289][  0]LogTargetPlatformManager: Display: Loaded TargetPlatform 'LuminClient'
[2021.06.03-23.20.54:304][  0]LogTargetPlatformManager: Display: Loaded TargetPlatform 'TVOSClient'
[2021.06.03-23.20.54:304][  0]LogTargetPlatformManager: Display: Loaded TargetPlatform 'TVOS'
[2021.06.03-23.20.54:313][  0]LogTargetPlatformManager: Display: Loaded TargetPlatform 'WindowsNoEditor'
[2021.06.03-23.20.54:322][  0]LogTargetPlatformManager: Display: Loaded TargetPlatform 'Windows'
[2021.06.03-23.20.54:334][  0]LogTargetPlatformManager: Display: Loaded TargetPlatform 'WindowsClient'
[2021.06.03-23.20.54:343][  0]LogTargetPlatformManager: Display: Loaded TargetPlatform 'WindowsServer'
[2021.06.03-23.20.54:344][  0]LogTargetPlatformManager: Display: Building Assets For Windows
[2021.06.03-23.20.54:355][  0]LogAudioDebug: Display: Lib vorbis DLL was dynamically loaded.
[2021.06.03-23.20.54:434][  0]LogShaderCompilers: Guid format shader working directory is -25 characters bigger than the processId version (../../../../../../Projects/Piotr_Starczewski_Imagine_Power/ImaginePower/Intermediate/Shaders/WorkingDirectory/1412/).
[2021.06.03-23.20.54:434][  0]LogShaderCompilers: Cleaned the shader compiler working directory 'C:/Users/Proti/AppData/Local/Temp/UnrealShaderWorkingDir/2D2F59A0427BC393285542AE3DB09D19/'.
[2021.06.03-23.20.54:435][  0]LogXGEController: Cannot use XGE Controller as Incredibuild is not installed on this machine.
[2021.06.03-23.20.54:435][  0]LogShaderCompilers: Cannot use XGE Shader Compiler as Incredibuild is not installed on this machine.
[2021.06.03-23.20.54:435][  0]LogShaderCompilers: Display: Using Local Shader Compiler.
[2021.06.03-23.20.55:084][  0]LogDerivedDataCache: Display: Max Cache Size: 512 MB
[2021.06.03-23.20.55:125][  0]LogDerivedDataCache: Loaded boot cache 0.04s 79MB C:/Users/Proti/AppData/Local/UnrealEngine/4.25/DerivedDataCache/Boot.ddc.
[2021.06.03-23.20.55:125][  0]LogDerivedDataCache: Display: Loaded Boot cache: C:/Users/Proti/AppData/Local/UnrealEngine/4.25/DerivedDataCache/Boot.ddc
[2021.06.03-23.20.55:125][  0]LogDerivedDataCache: FDerivedDataBackendGraph:  Pak pak cache file ../../../../../../Projects/Piotr_Starczewski_Imagine_Power/ImaginePower/DerivedDataCache/DDC.ddp not found, will not use a pak cache.
[2021.06.03-23.20.55:125][  0]LogDerivedDataCache: Unable to find inner node Pak for hierarchical cache Hierarchy.
[2021.06.03-23.20.55:126][  0]LogDerivedDataCache: FDerivedDataBackendGraph:  CompressedPak pak cache file ../../../../../../Projects/Piotr_Starczewski_Imagine_Power/ImaginePower/DerivedDataCache/Compressed.ddp not found, will not use a pak cache.
[2021.06.03-23.20.55:126][  0]LogDerivedDataCache: Unable to find inner node CompressedPak for hierarchical cache Hierarchy.
[2021.06.03-23.20.55:134][  0]LogDerivedDataCache: Display: Pak cache opened for reading ../../../Engine/DerivedDataCache/Compressed.ddp.
[2021.06.03-23.20.55:135][  0]LogDerivedDataCache: FDerivedDataBackendGraph:  EnterprisePak pak cache file ../../../Enterprise/DerivedDataCache/Compressed.ddp not found, will not use a pak cache.
[2021.06.03-23.20.55:135][  0]LogDerivedDataCache: Unable to find inner node EnterprisePak for hierarchical cache Hierarchy.
[2021.06.03-23.20.55:138][  0]LogDerivedDataCache: Using Local data cache path C:/Users/Proti/AppData/Local/UnrealEngine/Common/DerivedDataCache: Writable
[2021.06.03-23.20.55:138][  0]LogDerivedDataCache: Shared data cache path not found in *engine.ini, will not use an Shared cache.
[2021.06.03-23.20.55:138][  0]LogDerivedDataCache: Unable to find inner node Shared for hierarchical cache Hierarchy.
[2021.06.03-23.20.55:180][  0]LogSlate: Using FreeType 2.10.0
[2021.06.03-23.20.55:181][  0]LogSlate: SlateFontServices - WITH_FREETYPE: 1, WITH_HARFBUZZ: 1
[2021.06.03-23.20.55:208][  0]LogAssetRegistry: FAssetRegistry took 0.0039 seconds to start up
[2021.06.03-23.20.55:395][  0]LogInit: Selected Device Profile: [Windows]
[2021.06.03-23.20.55:502][  0]LogMeshReduction: Using QuadricMeshReduction for automatic static mesh reduction
[2021.06.03-23.20.55:503][  0]LogMeshReduction: Using SimplygonMeshReduction for automatic skeletal mesh reduction
[2021.06.03-23.20.55:503][  0]LogMeshReduction: Using ProxyLODMeshReduction for automatic mesh merging
[2021.06.03-23.20.55:503][  0]LogMeshReduction: No distributed automatic mesh merging module available
[2021.06.03-23.20.55:503][  0]LogMeshMerging: No distributed automatic mesh merging module available
[2021.06.03-23.20.55:515][  0]LogNetVersion: ImaginePower 1.0.0, NetCL: 13144385, EngineNetVer: 14, GameNetVer: 0 (Checksum: 3019717282)
[2021.06.03-23.20.55:857][  0]LogAISub: UAISubsystem::UAISubsystem AISubsystem (0000022F18AAC340), frame # 0
[2021.06.03-23.20.55:857][  0]LogAISub: UAISubsystem::UAISubsystem AIPerceptionSystem (0000022F18A08CC0), frame # 0
[2021.06.03-23.20.55:859][  0]LogAISub: UAISubsystem::UAISubsystem EnvQueryManager (0000022F18A78800), frame # 0
[2021.06.03-23.20.55:887][  0]LogPackageLocalizationCache: Processed 21 localized package path(s) for 1 prioritized culture(s) in 0.024600 seconds
[2021.06.03-23.20.55:891][  0]LogUObjectArray: 15917 objects as part of root set at end of initial load.
[2021.06.03-23.20.55:891][  0]LogUObjectAllocator: 3965568 out of 0 bytes used by permanent object pool.
[2021.06.03-23.20.55:891][  0]LogUObjectArray: CloseDisregardForGC: 0/0 objects in disregard for GC pool
[2021.06.03-23.20.56:150][  0]LogPython: Using Python 2.7.14
[2021.06.03-23.20.56:917][  0]LogTcpMessaging: Initializing TcpMessaging bridge
[2021.06.03-23.20.56:924][  0]LogUdpMessaging: Initializing bridge on interface 0.0.0.0:0 to multicast group 230.0.0.1:6666.
[2021.06.03-23.20.57:148][  0]SourceControl: Source control is disabled
[2021.06.03-23.20.57:148][  0]SourceControl: Source control is disabled
[2021.06.03-23.20.57:151][  0]SourceControl: Source control is disabled
[2021.06.03-23.20.57:154][  0]SourceControl: Source control is disabled
[2021.06.03-23.20.57:161][  0]SourceControl: Source control is disabled
[2021.06.03-23.20.57:503][  0]LogAndroidPermission: UAndroidPermissionCallbackProxy::GetInstance
[2021.06.03-23.20.57:538][  0]LogAudioCaptureCore: Display: No Audio Capture implementations found. Audio input will be silent.
[2021.06.03-23.20.57:538][  0]LogAudioCaptureCore: Display: No Audio Capture implementations found. Audio input will be silent.
[2021.06.03-23.20.57:611][  0]LogOcInput: OculusInput pre-init called
[2021.06.03-23.20.57:623][  0]LogWindows: Failed to load 'OVRPlugin.dll' (GetLastError=126)
[2021.06.03-23.20.57:623][  0]LogWindows: File 'OVRPlugin.dll' does not exist
[2021.06.03-23.20.57:979][  0]LogEngine: Initializing Engine...
[2021.06.03-23.20.57:980][  0]LogHMD: Failed to initialize OpenVR with code 110
[2021.06.03-23.20.57:980][  0]LogMagicLeap: Warning: VR disabled because ZI is not enabled.  To enable, in the editor, Edit -> Project Settings -> Plugins -> Magic Leap Plugin -> Enable Zero Iteration
[2021.06.03-23.20.57:981][  0]LogStats: UGameplayTagsManager::InitializeManager -  0.000 s
[2021.06.03-23.20.58:073][  0]LogInit: Initializing FReadOnlyCVARCache
[2021.06.03-23.20.58:083][  0]LogAIModule: Creating AISystem for world Untitled
[2021.06.03-23.20.58:083][  0]LogAISub: UAISubsystem::UAISubsystem EnvQueryManager (0000022F2457DE00), frame # 0
[2021.06.03-23.20.58:083][  0]LogAISub: UAISubsystem::UAISubsystem AIPerceptionSystem (0000022F245B2E80), frame # 0
[2021.06.03-23.20.58:095][  0]LogAudioMixer: Display: Audio Mixer Platform Settings:
[2021.06.03-23.20.58:096][  0]LogAudioMixer: Display: 	Sample Rate:						  48000
[2021.06.03-23.20.58:096][  0]LogAudioMixer: Display: 	Callback Buffer Frame Size Requested: 1024
[2021.06.03-23.20.58:096][  0]LogAudioMixer: Display: 	Callback Buffer Frame Size To Use:	  1024
[2021.06.03-23.20.58:096][  0]LogAudioMixer: Display: 	Number of buffers to queue:			  2
[2021.06.03-23.20.58:096][  0]LogAudioMixer: Display: 	Max Channels (voices):				  32
[2021.06.03-23.20.58:096][  0]LogAudioMixer: Display: 	Number of Async Source Workers:		  0
[2021.06.03-23.20.58:096][  0]LogAudio: Display: AudioDevice MaxSources: 32
[2021.06.03-23.20.58:096][  0]LogAudio: Display: Using built-in audio occlusion.
[2021.06.03-23.20.58:096][  0]LogAudioMixer: Display: Initializing audio mixer.
[2021.06.03-23.20.58:116][  0]LogAudioMixer: Display: 0: FrontLeft
[2021.06.03-23.20.58:116][  0]LogAudioMixer: Display: 1: FrontRight
[2021.06.03-23.20.58:151][  0]LogAudioMixer: Display: Using Audio Device Speakers (Realtek(R) Audio)
[2021.06.03-23.20.58:151][  0]LogAudioMixer: Display: Initializing Sound Submixes...
[2021.06.03-23.20.58:152][  0]LogAudioMixer: Display: Creating Master Submix 'MasterSubmixDefault'
[2021.06.03-23.20.58:152][  0]LogAudioMixer: Display: Creating Master Submix 'MasterReverbSubmixDefault'
[2021.06.03-23.20.58:155][  0]LogAudioMixer: Display: Creating Master Submix 'MasterEQSubmixDefault'
[2021.06.03-23.20.58:157][  0]LogInit: FAudioDevice initialized.
[2021.06.03-23.20.58:157][  0]LogNetVersion: Set ProjectVersion to 1.0.0.0. Version Checksum will be recalculated on next use.
[2021.06.03-23.20.58:195][  0]LogDerivedDataCache: Saved boot cache 0.04s 79MB C:/Users/Proti/AppData/Local/UnrealEngine/4.25/DerivedDataCache/Boot.ddc.
[2021.06.03-23.20.58:198][  0]LogInit: Texture streaming: Enabled
[2021.06.03-23.20.58:215][  0]LogEngineSessionManager: EngineSessionManager initialized
[2021.06.03-23.20.58:215][  0]LogEditorSessionSummary: Verbose: Initializing EditorSessionSummaryWriter for editor session tracking
[2021.06.03-23.20.58:216][  0]LogEditorSessionSummary: EditorSessionSummaryWriter initialized
[2021.06.03-23.20.58:248][  0]LogInit: Transaction tracking system initialized
[2021.06.03-23.20.58:273][  0]BlueprintLog: New page: Editor Load
[2021.06.03-23.20.58:351][  0]LocalizationService: Localization service is disabled
[2021.06.03-23.20.58:503][  0]LogCook: Display: Max memory allowance for cook 16384mb min free memory 0mb
[2021.06.03-23.20.58:503][  0]LogCook: Display: Mobile HDR setting 1
[2021.06.03-23.20.58:666][  0]LogFileCache: Scanning file cache for directory 'C:/Projects/Piotr_Starczewski_Imagine_Power/ImaginePower/Content/' took 0.00s
[2021.06.03-23.20.58:854][  0]SourceControl: Source control is disabled
[2021.06.03-23.20.58:854][  0]LogUnrealEdMisc: Loading editor; pre map load, took 6.890
[2021.06.03-23.20.58:854][  0]Cmd: MAP LOAD FILE="../../../../../../Projects/Piotr_Starczewski_Imagine_Power/ImaginePower/Content/FirstPersonCPP/Maps/FirstPersonExampleMap.umap" TEMPLATE=0 SHOWPROGRESS=1 FEATURELEVEL=3
[2021.06.03-23.20.58:854][  0]LightingResults: New page: Lighting Build
[2021.06.03-23.20.58:855][  0]LogWorld: UWorld::CleanupWorld for Untitled, bSessionEnded=true, bCleanupResources=true
[2021.06.03-23.20.58:855][  0]LogSlate: InvalidateAllWidgets triggered.  All widgets were invalidated
[2021.06.03-23.20.58:855][  0]MapCheck: New page: Map Check
[2021.06.03-23.20.58:856][  0]LightingResults: New page: Lighting Build
[2021.06.03-23.20.58:865][  0]LogAISub: UAISubsystem::~UAISubsystem EnvQueryManager (0000022F2457DE00), frame # 0
[2021.06.03-23.20.58:866][  0]LogAISub: UAISubsystem::~UAISubsystem AIPerceptionSystem (0000022F245B2E80), frame # 0
[2021.06.03-23.20.58:867][  0]LogUObjectHash: Compacting FUObjectHashTables data took   0.86ms
[2021.06.03-23.20.58:928][  0]LogAIModule: Creating AISystem for world FirstPersonExampleMap
[2021.06.03-23.20.58:928][  0]LogAISub: UAISubsystem::UAISubsystem EnvQueryManager (0000022F0D81CE00), frame # 0
[2021.06.03-23.20.58:928][  0]LogAISub: UAISubsystem::UAISubsystem AIPerceptionSystem (0000022F17FC5800), frame # 0
[2021.06.03-23.20.58:936][  0]LogEditorServer: Finished looking for orphan Actors (0.000 secs)
[2021.06.03-23.20.58:956][  0]LogUObjectHash: Compacting FUObjectHashTables data took   0.72ms
[2021.06.03-23.20.58:956][  0]Cmd: MAP CHECKDEP NOCLEARLOG
[2021.06.03-23.20.58:956][  0]MapCheck: Map check complete: 0 Error(s), 0 Warning(s), took 0,127ms to complete.
[2021.06.03-23.20.58:957][  0]LogFileHelpers: Loading map 'FirstPersonExampleMap' took 0.102
[2021.06.03-23.20.58:959][  0]LogUnrealEdMisc: Total Editor Startup Time, took 6.995
[2021.06.03-23.20.59:057][  0]LogSlate: Updating window title bar state: overlay mode, drag disabled, window buttons hidden, title bar hidden
[2021.06.03-23.20.59:063][  0]LogSlate: Updating window title bar state: overlay mode, drag disabled, window buttons hidden, title bar hidden
[2021.06.03-23.20.59:069][  0]LogSlate: Updating window title bar state: overlay mode, drag disabled, window buttons hidden, title bar hidden
[2021.06.03-23.20.59:075][  0]LogSlate: Updating window title bar state: overlay mode, drag disabled, window buttons hidden, title bar hidden
[2021.06.03-23.20.59:081][  0]LogCollectionManager: Loaded 0 collections in 0.001372 seconds
[2021.06.03-23.20.59:098][  0]LogFileCache: Scanning file cache for directory 'C:/Projects/Piotr_Starczewski_Imagine_Power/ImaginePower/Saved/Collections/' took 0.00s
[2021.06.03-23.20.59:098][  0]LogFileCache: Scanning file cache for directory 'C:/Projects/Piotr_Starczewski_Imagine_Power/ImaginePower/Content/Developers/Proti/Collections/' took 0.00s
[2021.06.03-23.20.59:098][  0]LogFileCache: Scanning file cache for directory 'C:/Projects/Piotr_Starczewski_Imagine_Power/ImaginePower/Content/Collections/' took 0.00s
[2021.06.03-23.20.59:098][  0]LogContentBrowser: Native class hierarchy populated in 0.0080 seconds. Added 3454 classes and 830 folders.
[2021.06.03-23.20.59:102][  0]LogContentBrowser: Native class hierarchy updated for 'WidgetCarousel' in 0.0003 seconds. Added 0 classes and 0 folders.
[2021.06.03-23.20.59:146][  0]LogContentBrowser: Native class hierarchy updated for 'AddContentDialog' in 0.0004 seconds. Added 0 classes and 0 folders.
[2021.06.03-23.20.59:153][  0]LogContentBrowser: Native class hierarchy updated for 'SceneOutliner' in 0.0003 seconds. Added 2 classes and 0 folders.
[2021.06.03-23.20.59:586][  0]LogSlate: Took 0.000113 seconds to synchronously load lazily loaded font '../../../Engine/Content/Slate/Fonts/Roboto-Regular.ttf' (155K)
[2021.06.03-23.20.59:588][  0]LogSlate: Took 0.000120 seconds to synchronously load lazily loaded font '../../../Engine/Content/Slate/Fonts/Roboto-Bold.ttf' (160K)
[2021.06.03-23.20.59:591][  0]LogSlate: Took 0.000224 seconds to synchronously load lazily loaded font '../../../Engine/Content/Editor/Slate/Fonts/FontAwesome.ttf' (139K)
[2021.06.03-23.20.59:642][  0]LogRenderer: Reallocating scene render targets to support 1024x608 Format 10 NumSamples 1 (Frame:1).
[2021.06.03-23.20.59:674][  0]LogSlate: Took 0.000149 seconds to synchronously load lazily loaded font '../../../Engine/Content/Slate/Fonts/Roboto-Light.ttf' (167K)
[2021.06.03-23.20.59:727][  0]LogContentBrowser: Native class hierarchy updated for 'HierarchicalLODOutliner' in 0.0004 seconds. Added 0 classes and 0 folders.
[2021.06.03-23.20.59:727][  0]LogLoad: (Engine Initialization) Total time: 7.76 seconds
[2021.06.03-23.20.59:728][  0]LogLoad: (Engine Initialization) Total Blueprint compile time: 0.00 seconds
[2021.06.03-23.20.59:844][  0]LogAssetRegistry: Asset discovery search completed in 4.6384 seconds
[2021.06.03-23.20.59:847][  0]LogCollectionManager: Fixed up redirectors for 0 collections in 0.000002 seconds (updated 0 objects)
[2021.06.03-23.20.59:848][  0]LogContentStreaming: Texture pool size now 3000 MB
[2021.06.03-23.21.03:822][229]LogTemp: Repeating last play command: Selected Viewport
[2021.06.03-23.21.03:830][229]LogPlayLevel: PlayLevel: No blueprints needed recompiling
[2021.06.03-23.21.03:831][229]PIE: New page: PIE session: FirstPersonExampleMap (4 Jun 2021, 03:21:03)
[2021.06.03-23.21.03:833][229]LogOnline: OSS: Creating online subsystem instance for: NULL
[2021.06.03-23.21.03:835][229]LogOnline: OSS: TryLoadSubsystemAndSetDefault: Loaded subsystem for module [NULL]
[2021.06.03-23.21.03:835][229]LogPlayLevel: Creating play world package: /Game/FirstPersonCPP/Maps/UEDPIE_0_FirstPersonExampleMap
[2021.06.03-23.21.03:846][229]LogPlayLevel: PIE: StaticDuplicateObject took: (0.011328s)
[2021.06.03-23.21.03:847][229]LogAIModule: Creating AISystem for world FirstPersonExampleMap
[2021.06.03-23.21.03:848][229]LogAISub: UAISubsystem::UAISubsystem EnvQueryManager (0000022FAE723E00), frame # 229
[2021.06.03-23.21.03:848][229]LogAISub: UAISubsystem::UAISubsystem AIPerceptionSystem (0000022F4C004400), frame # 229
[2021.06.03-23.21.03:848][229]LogPlayLevel: PIE: World Init took: (0.001419s)
[2021.06.03-23.21.03:848][229]LogPlayLevel: PIE: Created PIE world by copying editor world from /Game/FirstPersonCPP/Maps/FirstPersonExampleMap.FirstPersonExampleMap to /Game/FirstPersonCPP/Maps/UEDPIE_0_FirstPersonExampleMap.FirstPersonExampleMap (0.013120s)
[2021.06.03-23.21.03:859][229]LogUObjectHash: Compacting FUObjectHashTables data took   0.55ms
[2021.06.03-23.21.03:860][229]LogAudioMixer: Display: Audio Mixer Platform Settings:
[2021.06.03-23.21.03:860][229]LogAudioMixer: Display: 	Sample Rate:						  48000
[2021.06.03-23.21.03:860][229]LogAudioMixer: Display: 	Callback Buffer Frame Size Requested: 1024
[2021.06.03-23.21.03:861][229]LogAudioMixer: Display: 	Callback Buffer Frame Size To Use:	  1024
[2021.06.03-23.21.03:861][229]LogAudioMixer: Display: 	Number of buffers to queue:			  2
[2021.06.03-23.21.03:861][229]LogAudioMixer: Display: 	Max Channels (voices):				  32
[2021.06.03-23.21.03:861][229]LogAudioMixer: Display: 	Number of Async Source Workers:		  0
[2021.06.03-23.21.03:861][229]LogAudio: Display: AudioDevice MaxSources: 32
[2021.06.03-23.21.03:861][229]LogAudio: Display: Using built-in audio occlusion.
[2021.06.03-23.21.03:862][229]LogAudioMixer: Display: Initializing audio mixer.
[2021.06.03-23.21.03:863][229]LogAudioMixer: Display: 0: FrontLeft
[2021.06.03-23.21.03:863][229]LogAudioMixer: Display: 1: FrontRight
[2021.06.03-23.21.03:882][229]LogAudioMixer: Display: Using Audio Device Speakers (Realtek(R) Audio)
[2021.06.03-23.21.03:882][229]LogAudioMixer: Display: Initializing Sound Submixes...
[2021.06.03-23.21.03:882][229]LogAudioMixer: Display: Creating Master Submix 'MasterSubmixDefault'
[2021.06.03-23.21.03:882][229]LogAudioMixer: Display: Creating Master Submix 'MasterReverbSubmixDefault'
[2021.06.03-23.21.03:882][229]LogAudioMixer: Display: Creating Master Submix 'MasterEQSubmixDefault'
[2021.06.03-23.21.03:895][229]LogInit: FAudioDevice initialized.
[2021.06.03-23.21.03:909][229]LogLoad: Game class is 'ImaginePowerGameMode'
[2021.06.03-23.21.03:911][229]LogWorld: Bringing World /Game/FirstPersonCPP/Maps/UEDPIE_0_FirstPersonExampleMap.FirstPersonExampleMap up for play (max tick rate 60) at 2021.06.04-01.21.03
[2021.06.03-23.21.03:912][229]LogWorld: Bringing up level for play took: 0.001548
[2021.06.03-23.21.03:912][229]LogOnline: OSS: Creating online subsystem instance for: :Context_2
[2021.06.03-23.21.03:916][229]LogContentBrowser: Native class hierarchy updated for 'MovieSceneCapture' in 0.0004 seconds. Added 20 classes and 0 folders.
[2021.06.03-23.21.03:917][229]LogSkinnedMeshComp: Warning: GetSocketByName(GripPoint): No SkeletalMesh for Component(CharacterMesh1P) Actor(ImaginePowerCharacter_1)
[2021.06.03-23.21.03:917][229]LogSkinnedMeshComp: Warning: GetSocketByName(GripPoint): No SkeletalMesh for Component(CharacterMesh1P) Actor(ImaginePowerCharacter_1)
[2021.06.03-23.21.03:917][229]PIE: Server logged in
[2021.06.03-23.21.03:918][229]PIE: Play in editor total start time 0,088 seconds.
[2021.06.03-23.21.03:920][229]LogSkinnedMeshComp: Warning: GetSocketByName(GripPoint): No SkeletalMesh for Component(CharacterMesh1P) Actor(ImaginePowerCharacter_1)
[2021.06.03-23.21.04:055][236]LogSkinnedMeshComp: Warning: GetSocketByName(GripPoint): No SkeletalMesh for Component(CharacterMesh1P) Actor(ImaginePowerCharacter_1)
[2021.06.03-23.21.04:071][237]LogSkinnedMeshComp: Warning: GetSocketByName(GripPoint): No SkeletalMesh for Component(CharacterMesh1P) Actor(ImaginePowerCharacter_1)
[2021.06.03-23.21.04:072][237]LogSkinnedMeshComp: Warning: GetSocketByName(GripPoint): No SkeletalMesh for Component(CharacterMesh1P) Actor(ImaginePowerCharacter_1)
[2021.06.03-23.21.04:089][238]LogSkinnedMeshComp: Warning: GetSocketByName(GripPoint): No SkeletalMesh for Component(CharacterMesh1P) Actor(ImaginePowerCharacter_1)
[2021.06.03-23.21.04:105][239]LogSkinnedMeshComp: Warning: GetSocketByName(GripPoint): No SkeletalMesh for Component(CharacterMesh1P) Actor(ImaginePowerCharacter_1)
[2021.06.03-23.21.04:106][239]LogSkinnedMeshComp: Warning: GetSocketByName(GripPoint): No SkeletalMesh for Component(CharacterMesh1P) Actor(ImaginePowerCharacter_1)
[2021.06.03-23.21.04:121][240]LogSkinnedMeshComp: Warning: GetSocketByName(GripPoint): No SkeletalMesh for Component(CharacterMesh1P) Actor(ImaginePowerCharacter_1)
[2021.06.03-23.21.04:122][240]LogSkinnedMeshComp: Warning: GetSocketByName(GripPoint): No SkeletalMesh for Component(CharacterMesh1P) Actor(ImaginePowerCharacter_1)
[2021.06.03-23.21.04:138][241]LogSkinnedMeshComp: Warning: GetSocketByName(GripPoint): No SkeletalMesh for Component(CharacterMesh1P) Actor(ImaginePowerCharacter_1)
[2021.06.03-23.21.04:139][241]LogSkinnedMeshComp: Warning: GetSocketByName(GripPoint): No SkeletalMesh for Component(CharacterMesh1P) Actor(ImaginePowerCharacter_1)
[2021.06.03-23.21.04:155][242]LogSkinnedMeshComp: Warning: GetSocketByName(GripPoint): No SkeletalMesh for Component(CharacterMesh1P) Actor(ImaginePowerCharacter_1)
[2021.06.03-23.21.04:156][242]LogSkinnedMeshComp: Warning: GetSocketByName(GripPoint): No SkeletalMesh for Component(CharacterMesh1P) Actor(ImaginePowerCharacter_1)
[2021.06.03-23.21.04:172][243]LogSkinnedMeshComp: Warning: GetSocketByName(GripPoint): No SkeletalMesh for Component(CharacterMesh1P) Actor(ImaginePowerCharacter_1)
[2021.06.03-23.21.04:172][243]LogSkinnedMeshComp: Warning: GetSocketByName(GripPoint): No SkeletalMesh for Component(CharacterMesh1P) Actor(ImaginePowerCharacter_1)
[2021.06.03-23.21.04:188][244]LogSkinnedMeshComp: Warning: GetSocketByName(GripPoint): No SkeletalMesh for Component(CharacterMesh1P) Actor(ImaginePowerCharacter_1)
[2021.06.03-23.21.04:189][244]LogSkinnedMeshComp: Warning: GetSocketByName(GripPoint): No SkeletalMesh for Component(CharacterMesh1P) Actor(ImaginePowerCharacter_1)
[2021.06.03-23.21.04:205][245]LogSkinnedMeshComp: Warning: GetSocketByName(GripPoint): No SkeletalMesh for Component(CharacterMesh1P) Actor(ImaginePowerCharacter_1)
[2021.06.03-23.21.04:206][245]LogSkinnedMeshComp: Warning: GetSocketByName(GripPoint): No SkeletalMesh for Component(CharacterMesh1P) Actor(ImaginePowerCharacter_1)
[2021.06.03-23.21.04:222][246]LogSkinnedMeshComp: Warning: GetSocketByName(GripPoint): No SkeletalMesh for Component(CharacterMesh1P) Actor(ImaginePowerCharacter_1)
[2021.06.03-23.21.04:223][246]LogSkinnedMeshComp: Warning: GetSocketByName(GripPoint): No SkeletalMesh for Component(CharacterMesh1P) Actor(ImaginePowerCharacter_1)
[2021.06.03-23.21.04:238][247]LogSkinnedMeshComp: Warning: GetSocketByName(GripPoint): No SkeletalMesh for Component(CharacterMesh1P) Actor(ImaginePowerCharacter_1)
[2021.06.03-23.21.04:239][247]LogSkinnedMeshComp: Warning: GetSocketByName(GripPoint): No SkeletalMesh for Component(CharacterMesh1P) Actor(ImaginePowerCharacter_1)
[2021.06.03-23.21.04:256][248]LogSkinnedMeshComp: Warning: GetSocketByName(GripPoint): No SkeletalMesh for Component(CharacterMesh1P) Actor(ImaginePowerCharacter_1)
[2021.06.03-23.21.04:257][248]LogSkinnedMeshComp: Warning: GetSocketByName(GripPoint): No SkeletalMesh for Component(CharacterMesh1P) Actor(ImaginePowerCharacter_1)
[2021.06.03-23.21.04:273][249]LogSkinnedMeshComp: Warning: GetSocketByName(GripPoint): No SkeletalMesh for Component(CharacterMesh1P) Actor(ImaginePowerCharacter_1)
[2021.06.03-23.21.04:273][249]LogSkinnedMeshComp: Warning: GetSocketByName(GripPoint): No SkeletalMesh for Component(CharacterMesh1P) Actor(ImaginePowerCharacter_1)
[2021.06.03-23.21.04:289][250]LogSkinnedMeshComp: Warning: GetSocketByName(GripPoint): No SkeletalMesh for Component(CharacterMesh1P) Actor(ImaginePowerCharacter_1)
[2021.06.03-23.21.04:304][251]LogSkinnedMeshComp: Warning: GetSocketByName(GripPoint): No SkeletalMesh for Component(CharacterMesh1P) Actor(ImaginePowerCharacter_1)
[2021.06.03-23.21.04:305][251]LogSkinnedMeshComp: Warning: GetSocketByName(GripPoint): No SkeletalMesh for Component(CharacterMesh1P) Actor(ImaginePowerCharacter_1)
[2021.06.03-23.21.04:321][252]LogSkinnedMeshComp: Warning: GetSocketByName(GripPoint): No SkeletalMesh for Component(CharacterMesh1P) Actor(ImaginePowerCharacter_1)
[2021.06.03-23.21.04:338][253]LogSkinnedMeshComp: Warning: GetSocketByName(GripPoint): No SkeletalMesh for Component(CharacterMesh1P) Actor(ImaginePowerCharacter_1)
[2021.06.03-23.21.04:354][254]LogSkinnedMeshComp: Warning: GetSocketByName(GripPoint): No SkeletalMesh for Component(CharacterMesh1P) Actor(ImaginePowerCharacter_1)
[2021.06.03-23.21.04:371][255]LogSkinnedMeshComp: Warning: GetSocketByName(GripPoint): No SkeletalMesh for Component(CharacterMesh1P) Actor(ImaginePowerCharacter_1)
[2021.06.03-23.21.04:388][256]LogSkinnedMeshComp: Warning: GetSocketByName(GripPoint): No SkeletalMesh for Component(CharacterMesh1P) Actor(ImaginePowerCharacter_1)
[2021.06.03-23.21.04:405][257]LogSkinnedMeshComp: Warning: GetSocketByName(GripPoint): No SkeletalMesh for Component(CharacterMesh1P) Actor(ImaginePowerCharacter_1)
[2021.06.03-23.21.04:421][258]LogSkinnedMeshComp: Warning: GetSocketByName(GripPoint): No SkeletalMesh for Component(CharacterMesh1P) Actor(ImaginePowerCharacter_1)
[2021.06.03-23.21.04:438][259]LogSkinnedMeshComp: Warning: GetSocketByName(GripPoint): No SkeletalMesh for Component(CharacterMesh1P) Actor(ImaginePowerCharacter_1)
[2021.06.03-23.21.04:454][260]LogSkinnedMeshComp: Warning: GetSocketByName(GripPoint): No SkeletalMesh for Component(CharacterMesh1P) Actor(ImaginePowerCharacter_1)
[2021.06.03-23.21.04:471][261]LogSkinnedMeshComp: Warning: GetSocketByName(GripPoint): No SkeletalMesh for Component(CharacterMesh1P) Actor(ImaginePowerCharacter_1)
[2021.06.03-23.21.04:488][262]LogSkinnedMeshComp: Warning: GetSocketByName(GripPoint): No SkeletalMesh for Component(CharacterMesh1P) Actor(ImaginePowerCharacter_1)
[2021.06.03-23.21.04:571][267]LogSkinnedMeshComp: Warning: GetSocketByName(GripPoint): No SkeletalMesh for Component(CharacterMesh1P) Actor(ImaginePowerCharacter_1)
[2021.06.03-23.21.04:589][268]LogSkinnedMeshComp: Warning: GetSocketByName(GripPoint): No SkeletalMesh for Component(CharacterMesh1P) Actor(ImaginePowerCharacter_1)
[2021.06.03-23.21.04:605][269]LogSkinnedMeshComp: Warning: GetSocketByName(GripPoint): No SkeletalMesh for Component(CharacterMesh1P) Actor(ImaginePowerCharacter_1)
[2021.06.03-23.21.04:621][270]LogSkinnedMeshComp: Warning: GetSocketByName(GripPoint): No SkeletalMesh for Component(CharacterMesh1P) Actor(ImaginePowerCharacter_1)
[2021.06.03-23.21.04:638][271]LogSkinnedMeshComp: Warning: GetSocketByName(GripPoint): No SkeletalMesh for Component(CharacterMesh1P) Actor(ImaginePowerCharacter_1)
[2021.06.03-23.21.04:654][272]LogSkinnedMeshComp: Warning: GetSocketByName(GripPoint): No SkeletalMesh for Component(CharacterMesh1P) Actor(ImaginePowerCharacter_1)
[2021.06.03-23.21.04:671][273]LogSkinnedMeshComp: Warning: GetSocketByName(GripPoint): No SkeletalMesh for Component(CharacterMesh1P) Actor(ImaginePowerCharacter_1)
[2021.06.03-23.21.04:871][285]LogSkinnedMeshComp: Warning: GetSocketByName(GripPoint): No SkeletalMesh for Component(CharacterMesh1P) Actor(ImaginePowerCharacter_1)
[2021.06.03-23.21.04:890][286]LogSkinnedMeshComp: Warning: GetSocketByName(GripPoint): No SkeletalMesh for Component(CharacterMesh1P) Actor(ImaginePowerCharacter_1)
[2021.06.03-23.21.04:891][286]LogSkinnedMeshComp: Warning: GetSocketByName(GripPoint): No SkeletalMesh for Component(CharacterMesh1P) Actor(ImaginePowerCharacter_1)
[2021.06.03-23.21.04:906][287]LogSkinnedMeshComp: Warning: GetSocketByName(GripPoint): No SkeletalMesh for Component(CharacterMesh1P) Actor(ImaginePowerCharacter_1)
[2021.06.03-23.21.04:907][287]LogSkinnedMeshComp: Warning: GetSocketByName(GripPoint): No SkeletalMesh for Component(CharacterMesh1P) Actor(ImaginePowerCharacter_1)
[2021.06.03-23.21.04:922][288]LogSkinnedMeshComp: Warning: GetSocketByName(GripPoint): No SkeletalMesh for Component(CharacterMesh1P) Actor(ImaginePowerCharacter_1)
[2021.06.03-23.21.04:923][288]LogSkinnedMeshComp: Warning: GetSocketByName(GripPoint): No SkeletalMesh for Component(CharacterMesh1P) Actor(ImaginePowerCharacter_1)
[2021.06.03-23.21.04:923][288]LogSkinnedMeshComp: Warning: GetSocketByName(GripPoint): No SkeletalMesh for Component(CharacterMesh1P) Actor(ImaginePowerCharacter_1)
[2021.06.03-23.21.04:938][289]LogSkinnedMeshComp: Warning: GetSocketByName(GripPoint): No SkeletalMesh for Component(CharacterMesh1P) Actor(ImaginePowerCharacter_1)
[2021.06.03-23.21.04:938][289]LogSkinnedMeshComp: Warning: GetSocketByName(GripPoint): No SkeletalMesh for Component(CharacterMesh1P) Actor(ImaginePowerCharacter_1)
[2021.06.03-23.21.04:939][289]LogSkinnedMeshComp: Warning: GetSocketByName(GripPoint): No SkeletalMesh for Component(CharacterMesh1P) Actor(ImaginePowerCharacter_1)
[2021.06.03-23.21.04:955][290]LogSkinnedMeshComp: Warning: GetSocketByName(GripPoint): No SkeletalMesh for Component(CharacterMesh1P) Actor(ImaginePowerCharacter_1)
[2021.06.03-23.21.04:955][290]LogSkinnedMeshComp: Warning: GetSocketByName(GripPoint): No SkeletalMesh for Component(CharacterMesh1P) Actor(ImaginePowerCharacter_1)
[2021.06.03-23.21.04:956][290]LogSkinnedMeshComp: Warning: GetSocketByName(GripPoint): No SkeletalMesh for Component(CharacterMesh1P) Actor(ImaginePowerCharacter_1)
[2021.06.03-23.21.04:971][291]LogSkinnedMeshComp: Warning: GetSocketByName(GripPoint): No SkeletalMesh for Component(CharacterMesh1P) Actor(ImaginePowerCharacter_1)
[2021.06.03-23.21.04:972][291]LogSkinnedMeshComp: Warning: GetSocketByName(GripPoint): No SkeletalMesh for Component(CharacterMesh1P) Actor(ImaginePowerCharacter_1)
[2021.06.03-23.21.04:972][291]LogSkinnedMeshComp: Warning: GetSocketByName(GripPoint): No SkeletalMesh for Component(CharacterMesh1P) Actor(ImaginePowerCharacter_1)
[2021.06.03-23.21.04:989][292]LogSkinnedMeshComp: Warning: GetSocketByName(GripPoint): No SkeletalMesh for Component(CharacterMesh1P) Actor(ImaginePowerCharacter_1)
[2021.06.03-23.21.04:989][292]LogSkinnedMeshComp: Warning: GetSocketByName(GripPoint): No SkeletalMesh for Component(CharacterMesh1P) Actor(ImaginePowerCharacter_1)
[2021.06.03-23.21.05:005][293]LogSkinnedMeshComp: Warning: GetSocketByName(GripPoint): No SkeletalMesh for Component(CharacterMesh1P) Actor(ImaginePowerCharacter_1)
[2021.06.03-23.21.05:022][294]LogSkinnedMeshComp: Warning: GetSocketByName(GripPoint): No SkeletalMesh for Component(CharacterMesh1P) Actor(ImaginePowerCharacter_1)
[2021.06.03-23.21.05:022][294]LogSkinnedMeshComp: Warning: GetSocketByName(GripPoint): No SkeletalMesh for Component(CharacterMesh1P) Actor(ImaginePowerCharacter_1)
[2021.06.03-23.21.05:022][294]LogSkinnedMeshComp: Warning: GetSocketByName(GripPoint): No SkeletalMesh for Component(CharacterMesh1P) Actor(ImaginePowerCharacter_1)
[2021.06.03-23.21.05:039][295]LogSkinnedMeshComp: Warning: GetSocketByName(GripPoint): No SkeletalMesh for Component(CharacterMesh1P) Actor(ImaginePowerCharacter_1)
[2021.06.03-23.21.05:039][295]LogSkinnedMeshComp: Warning: GetSocketByName(GripPoint): No SkeletalMesh for Component(CharacterMesh1P) Actor(ImaginePowerCharacter_1)
[2021.06.03-23.21.05:039][295]LogSkinnedMeshComp: Warning: GetSocketByName(GripPoint): No SkeletalMesh for Component(CharacterMesh1P) Actor(ImaginePowerCharacter_1)
[2021.06.03-23.21.05:054][296]LogSkinnedMeshComp: Warning: GetSocketByName(GripPoint): No SkeletalMesh for Component(CharacterMesh1P) Actor(ImaginePowerCharacter_1)
[2021.06.03-23.21.05:055][296]LogSkinnedMeshComp: Warning: GetSocketByName(GripPoint): No SkeletalMesh for Component(CharacterMesh1P) Actor(ImaginePowerCharacter_1)
[2021.06.03-23.21.05:071][297]LogSkinnedMeshComp: Warning: GetSocketByName(GripPoint): No SkeletalMesh for Component(CharacterMesh1P) Actor(ImaginePowerCharacter_1)
[2021.06.03-23.21.05:071][297]LogSkinnedMeshComp: Warning: GetSocketByName(GripPoint): No SkeletalMesh for Component(CharacterMesh1P) Actor(ImaginePowerCharacter_1)
[2021.06.03-23.21.05:071][297]LogSkinnedMeshComp: Warning: GetSocketByName(GripPoint): No SkeletalMesh for Component(CharacterMesh1P) Actor(ImaginePowerCharacter_1)
[2021.06.03-23.21.05:087][298]LogSkinnedMeshComp: Warning: GetSocketByName(GripPoint): No SkeletalMesh for Component(CharacterMesh1P) Actor(ImaginePowerCharacter_1)
[2021.06.03-23.21.05:088][298]LogSkinnedMeshComp: Warning: GetSocketByName(GripPoint): No SkeletalMesh for Component(CharacterMesh1P) Actor(ImaginePowerCharacter_1)
[2021.06.03-23.21.05:088][298]LogSkinnedMeshComp: Warning: GetSocketByName(GripPoint): No SkeletalMesh for Component(CharacterMesh1P) Actor(ImaginePowerCharacter_1)
[2021.06.03-23.21.05:104][299]LogSkinnedMeshComp: Warning: GetSocketByName(GripPoint): No SkeletalMesh for Component(CharacterMesh1P) Actor(ImaginePowerCharacter_1)
[2021.06.03-23.21.05:104][299]LogSkinnedMeshComp: Warning: GetSocketByName(GripPoint): No SkeletalMesh for Component(CharacterMesh1P) Actor(ImaginePowerCharacter_1)
[2021.06.03-23.21.05:105][299]LogSkinnedMeshComp: Warning: GetSocketByName(GripPoint): No SkeletalMesh for Component(CharacterMesh1P) Actor(ImaginePowerCharacter_1)
[2021.06.03-23.21.05:121][300]LogSkinnedMeshComp: Warning: GetSocketByName(GripPoint): No SkeletalMesh for Component(CharacterMesh1P) Actor(ImaginePowerCharacter_1)
[2021.06.03-23.21.05:121][300]LogSkinnedMeshComp: Warning: GetSocketByName(GripPoint): No SkeletalMesh for Component(CharacterMesh1P) Actor(ImaginePowerCharacter_1)
[2021.06.03-23.21.05:122][300]LogSkinnedMeshComp: Warning: GetSocketByName(GripPoint): No SkeletalMesh for Component(CharacterMesh1P) Actor(ImaginePowerCharacter_1)
[2021.06.03-23.21.05:139][301]LogSkinnedMeshComp: Warning: GetSocketByName(GripPoint): No SkeletalMesh for Component(CharacterMesh1P) Actor(ImaginePowerCharacter_1)
[2021.06.03-23.21.05:139][301]LogSkinnedMeshComp: Warning: GetSocketByName(GripPoint): No SkeletalMesh for Component(CharacterMesh1P) Actor(ImaginePowerCharacter_1)
[2021.06.03-23.21.05:140][301]LogSkinnedMeshComp: Warning: GetSocketByName(GripPoint): No SkeletalMesh for Component(CharacterMesh1P) Actor(ImaginePowerCharacter_1)
[2021.06.03-23.21.05:155][302]LogSkinnedMeshComp: Warning: GetSocketByName(GripPoint): No SkeletalMesh for Component(CharacterMesh1P) Actor(ImaginePowerCharacter_1)
[2021.06.03-23.21.05:155][302]LogSkinnedMeshComp: Warning: GetSocketByName(GripPoint): No SkeletalMesh for Component(CharacterMesh1P) Actor(ImaginePowerCharacter_1)
[2021.06.03-23.21.05:156][302]LogSkinnedMeshComp: Warning: GetSocketByName(GripPoint): No SkeletalMesh for Component(CharacterMesh1P) Actor(ImaginePowerCharacter_1)
[2021.06.03-23.21.05:172][303]LogSkinnedMeshComp: Warning: GetSocketByName(GripPoint): No SkeletalMesh for Component(CharacterMesh1P) Actor(ImaginePowerCharacter_1)
[2021.06.03-23.21.05:188][304]LogSkinnedMeshComp: Warning: GetSocketByName(GripPoint): No SkeletalMesh for Component(CharacterMesh1P) Actor(ImaginePowerCharacter_1)
[2021.06.03-23.21.05:189][304]LogSkinnedMeshComp: Warning: GetSocketByName(GripPoint): No SkeletalMesh for Component(CharacterMesh1P) Actor(ImaginePowerCharacter_1)
[2021.06.03-23.21.05:190][304]LogSkinnedMeshComp: Warning: GetSocketByName(GripPoint): No SkeletalMesh for Component(CharacterMesh1P) Actor(ImaginePowerCharacter_1)
[2021.06.03-23.21.05:205][305]LogSkinnedMeshComp: Warning: GetSocketByName(GripPoint): No SkeletalMesh for Component(CharacterMesh1P) Actor(ImaginePowerCharacter_1)
[2021.06.03-23.21.05:205][305]LogSkinnedMeshComp: Warning: GetSocketByName(GripPoint): No SkeletalMesh for Component(CharacterMesh1P) Actor(ImaginePowerCharacter_1)
[2021.06.03-23.21.05:205][305]LogSkinnedMeshComp: Warning: GetSocketByName(GripPoint): No SkeletalMesh for Component(CharacterMesh1P) Actor(ImaginePowerCharacter_1)
[2021.06.03-23.21.05:221][306]LogSkinnedMeshComp: Warning: GetSocketByName(GripPoint): No SkeletalMesh for Component(CharacterMesh1P) Actor(ImaginePowerCharacter_1)
[2021.06.03-23.21.05:222][306]LogSkinnedMeshComp: Warning: GetSocketByName(GripPoint): No SkeletalMesh for Component(CharacterMesh1P) Actor(ImaginePowerCharacter_1)
[2021.06.03-23.21.05:238][307]LogSkinnedMeshComp: Warning: GetSocketByName(GripPoint): No SkeletalMesh for Component(CharacterMesh1P) Actor(ImaginePowerCharacter_1)
[2021.06.03-23.21.05:238][307]LogSkinnedMeshComp: Warning: GetSocketByName(GripPoint): No SkeletalMesh for Component(CharacterMesh1P) Actor(ImaginePowerCharacter_1)
[2021.06.03-23.21.05:239][307]LogSkinnedMeshComp: Warning: GetSocketByName(GripPoint): No SkeletalMesh for Component(CharacterMesh1P) Actor(ImaginePowerCharacter_1)
[2021.06.03-23.21.05:255][308]LogSkinnedMeshComp: Warning: GetSocketByName(GripPoint): No SkeletalMesh for Component(CharacterMesh1P) Actor(ImaginePowerCharacter_1)
[2021.06.03-23.21.05:255][308]LogSkinnedMeshComp: Warning: GetSocketByName(GripPoint): No SkeletalMesh for Component(CharacterMesh1P) Actor(ImaginePowerCharacter_1)
[2021.06.03-23.21.05:256][308]LogSkinnedMeshComp: Warning: GetSocketByName(GripPoint): No SkeletalMesh for Component(CharacterMesh1P) Actor(ImaginePowerCharacter_1)
[2021.06.03-23.21.05:271][309]LogSkinnedMeshComp: Warning: GetSocketByName(GripPoint): No SkeletalMesh for Component(CharacterMesh1P) Actor(ImaginePowerCharacter_1)
[2021.06.03-23.21.05:272][309]LogSkinnedMeshComp: Warning: GetSocketByName(GripPoint): No SkeletalMesh for Component(CharacterMesh1P) Actor(ImaginePowerCharacter_1)
[2021.06.03-23.21.05:288][310]LogSkinnedMeshComp: Warning: GetSocketByName(GripPoint): No SkeletalMesh for Component(CharacterMesh1P) Actor(ImaginePowerCharacter_1)
[2021.06.03-23.21.05:304][311]LogSkinnedMeshComp: Warning: GetSocketByName(GripPoint): No SkeletalMesh for Component(CharacterMesh1P) Actor(ImaginePowerCharacter_1)
[2021.06.03-23.21.05:321][312]LogSkinnedMeshComp: Warning: GetSocketByName(GripPoint): No SkeletalMesh for Component(CharacterMesh1P) Actor(ImaginePowerCharacter_1)
[2021.06.03-23.21.05:339][313]LogSkinnedMeshComp: Warning: GetSocketByName(GripPoint): No SkeletalMesh for Component(CharacterMesh1P) Actor(ImaginePowerCharacter_1)
[2021.06.03-23.21.05:355][314]LogSkinnedMeshComp: Warning: GetSocketByName(GripPoint): No SkeletalMesh for Component(CharacterMesh1P) Actor(ImaginePowerCharacter_1)
[2021.06.03-23.21.05:371][315]LogSkinnedMeshComp: Warning: GetSocketByName(GripPoint): No SkeletalMesh for Component(CharacterMesh1P) Actor(ImaginePowerCharacter_1)
[2021.06.03-23.21.05:388][316]LogSkinnedMeshComp: Warning: GetSocketByName(GripPoint): No SkeletalMesh for Component(CharacterMesh1P) Actor(ImaginePowerCharacter_1)
[2021.06.03-23.21.05:405][317]LogSkinnedMeshComp: Warning: GetSocketByName(GripPoint): No SkeletalMesh for Component(CharacterMesh1P) Actor(ImaginePowerCharacter_1)
[2021.06.03-23.21.05:421][318]LogSkinnedMeshComp: Warning: GetSocketByName(GripPoint): No SkeletalMesh for Component(CharacterMesh1P) Actor(ImaginePowerCharacter_1)
[2021.06.03-23.21.05:438][319]LogSkinnedMeshComp: Warning: GetSocketByName(GripPoint): No SkeletalMesh for Component(CharacterMesh1P) Actor(ImaginePowerCharacter_1)
[2021.06.03-23.21.05:438][319]LogSkinnedMeshComp: Warning: GetSocketByName(GripPoint): No SkeletalMesh for Component(CharacterMesh1P) Actor(ImaginePowerCharacter_1)
[2021.06.03-23.21.05:439][319]LogSkinnedMeshComp: Warning: GetSocketByName(GripPoint): No SkeletalMesh for Component(CharacterMesh1P) Actor(ImaginePowerCharacter_1)
[2021.06.03-23.21.05:454][320]LogSkinnedMeshComp: Warning: GetSocketByName(GripPoint): No SkeletalMesh for Component(CharacterMesh1P) Actor(ImaginePowerCharacter_1)
[2021.06.03-23.21.05:455][320]LogSkinnedMeshComp: Warning: GetSocketByName(GripPoint): No SkeletalMesh for Component(CharacterMesh1P) Actor(ImaginePowerCharacter_1)
[2021.06.03-23.21.05:455][320]LogSkinnedMeshComp: Warning: GetSocketByName(GripPoint): No SkeletalMesh for Component(CharacterMesh1P) Actor(ImaginePowerCharacter_1)
[2021.06.03-23.21.05:471][321]LogSkinnedMeshComp: Warning: GetSocketByName(GripPoint): No SkeletalMesh for Component(CharacterMesh1P) Actor(ImaginePowerCharacter_1)
[2021.06.03-23.21.05:471][321]LogSkinnedMeshComp: Warning: GetSocketByName(GripPoint): No SkeletalMesh for Component(CharacterMesh1P) Actor(ImaginePowerCharacter_1)
[2021.06.03-23.21.05:472][321]LogSkinnedMeshComp: Warning: GetSocketByName(GripPoint): No SkeletalMesh for Component(CharacterMesh1P) Actor(ImaginePowerCharacter_1)
[2021.06.03-23.21.05:488][322]LogSkinnedMeshComp: Warning: GetSocketByName(GripPoint): No SkeletalMesh for Component(CharacterMesh1P) Actor(ImaginePowerCharacter_1)
[2021.06.03-23.21.05:488][322]LogSkinnedMeshComp: Warning: GetSocketByName(GripPoint): No SkeletalMesh for Component(CharacterMesh1P) Actor(ImaginePowerCharacter_1)
[2021.06.03-23.21.05:489][322]LogSkinnedMeshComp: Warning: GetSocketByName(GripPoint): No SkeletalMesh for Component(CharacterMesh1P) Actor(ImaginePowerCharacter_1)
[2021.06.03-23.21.05:505][323]LogSkinnedMeshComp: Warning: GetSocketByName(GripPoint): No SkeletalMesh for Component(CharacterMesh1P) Actor(ImaginePowerCharacter_1)
[2021.06.03-23.21.05:505][323]LogSkinnedMeshComp: Warning: GetSocketByName(GripPoint): No SkeletalMesh for Component(CharacterMesh1P) Actor(ImaginePowerCharacter_1)
[2021.06.03-23.21.05:505][323]LogSkinnedMeshComp: Warning: GetSocketByName(GripPoint): No SkeletalMesh for Component(CharacterMesh1P) Actor(ImaginePowerCharacter_1)
[2021.06.03-23.21.05:521][324]LogSkinnedMeshComp: Warning: GetSocketByName(GripPoint): No SkeletalMesh for Component(CharacterMesh1P) Actor(ImaginePowerCharacter_1)
[2021.06.03-23.21.05:522][324]LogSkinnedMeshComp: Warning: GetSocketByName(GripPoint): No SkeletalMesh for Component(CharacterMesh1P) Actor(ImaginePowerCharacter_1)
[2021.06.03-23.21.05:522][324]LogSkinnedMeshComp: Warning: GetSocketByName(GripPoint): No SkeletalMesh for Component(CharacterMesh1P) Actor(ImaginePowerCharacter_1)
[2021.06.03-23.21.05:538][325]LogSkinnedMeshComp: Warning: GetSocketByName(GripPoint): No SkeletalMesh for Component(CharacterMesh1P) Actor(ImaginePowerCharacter_1)
[2021.06.03-23.21.05:538][325]LogSkinnedMeshComp: Warning: GetSocketByName(GripPoint): No SkeletalMesh for Component(CharacterMesh1P) Actor(ImaginePowerCharacter_1)
[2021.06.03-23.21.05:555][326]LogSkinnedMeshComp: Warning: GetSocketByName(GripPoint): No SkeletalMesh for Component(CharacterMesh1P) Actor(ImaginePowerCharacter_1)
[2021.06.03-23.21.05:555][326]LogSkinnedMeshComp: Warning: GetSocketByName(GripPoint): No SkeletalMesh for Component(CharacterMesh1P) Actor(ImaginePowerCharacter_1)
[2021.06.03-23.21.05:571][327]LogSkinnedMeshComp: Warning: GetSocketByName(GripPoint): No SkeletalMesh for Component(CharacterMesh1P) Actor(ImaginePowerCharacter_1)
[2021.06.03-23.21.05:588][328]LogSkinnedMeshComp: Warning: GetSocketByName(GripPoint): No SkeletalMesh for Component(CharacterMesh1P) Actor(ImaginePowerCharacter_1)
[2021.06.03-23.21.05:604][329]LogSkinnedMeshComp: Warning: GetSocketByName(GripPoint): No SkeletalMesh for Component(CharacterMesh1P) Actor(ImaginePowerCharacter_1)
[2021.06.03-23.21.05:621][330]LogSkinnedMeshComp: Warning: GetSocketByName(GripPoint): No SkeletalMesh for Component(CharacterMesh1P) Actor(ImaginePowerCharacter_1)
[2021.06.03-23.21.05:622][330]LogSkinnedMeshComp: Warning: GetSocketByName(GripPoint): No SkeletalMesh for Component(CharacterMesh1P) Actor(ImaginePowerCharacter_1)
[2021.06.03-23.21.05:638][331]LogSkinnedMeshComp: Warning: GetSocketByName(GripPoint): No SkeletalMesh for Component(CharacterMesh1P) Actor(ImaginePowerCharacter_1)
[2021.06.03-23.21.05:654][332]LogSkinnedMeshComp: Warning: GetSocketByName(GripPoint): No SkeletalMesh for Component(CharacterMesh1P) Actor(ImaginePowerCharacter_1)
[2021.06.03-23.21.05:654][332]LogSkinnedMeshComp: Warning: GetSocketByName(GripPoint): No SkeletalMesh for Component(CharacterMesh1P) Actor(ImaginePowerCharacter_1)
[2021.06.03-23.21.05:671][333]LogSkinnedMeshComp: Warning: GetSocketByName(GripPoint): No SkeletalMesh for Component(CharacterMesh1P) Actor(ImaginePowerCharacter_1)
[2021.06.03-23.21.05:671][333]LogSkinnedMeshComp: Warning: GetSocketByName(GripPoint): No SkeletalMesh for Component(CharacterMesh1P) Actor(ImaginePowerCharacter_1)
[2021.06.03-23.21.05:688][334]LogSkinnedMeshComp: Warning: GetSocketByName(GripPoint): No SkeletalMesh for Component(CharacterMesh1P) Actor(ImaginePowerCharacter_1)
[2021.06.03-23.21.05:688][334]LogSkinnedMeshComp: Warning: GetSocketByName(GripPoint): No SkeletalMesh for Component(CharacterMesh1P) Actor(ImaginePowerCharacter_1)
[2021.06.03-23.21.05:688][334]LogSkinnedMeshComp: Warning: GetSocketByName(GripPoint): No SkeletalMesh for Component(CharacterMesh1P) Actor(ImaginePowerCharacter_1)
[2021.06.03-23.21.05:704][335]LogSkinnedMeshComp: Warning: GetSocketByName(GripPoint): No SkeletalMesh for Component(CharacterMesh1P) Actor(ImaginePowerCharacter_1)
[2021.06.03-23.21.05:704][335]LogSkinnedMeshComp: Warning: GetSocketByName(GripPoint): No SkeletalMesh for Component(CharacterMesh1P) Actor(ImaginePowerCharacter_1)
[2021.06.03-23.21.05:705][335]LogSkinnedMeshComp: Warning: GetSocketByName(GripPoint): No SkeletalMesh for Component(CharacterMesh1P) Actor(ImaginePowerCharacter_1)
[2021.06.03-23.21.05:721][336]LogSkinnedMeshComp: Warning: GetSocketByName(GripPoint): No SkeletalMesh for Component(CharacterMesh1P) Actor(ImaginePowerCharacter_1)
[2021.06.03-23.21.05:721][336]LogSkinnedMeshComp: Warning: GetSocketByName(GripPoint): No SkeletalMesh for Component(CharacterMesh1P) Actor(ImaginePowerCharacter_1)
[2021.06.03-23.21.05:722][336]LogSkinnedMeshComp: Warning: GetSocketByName(GripPoint): No SkeletalMesh for Component(CharacterMesh1P) Actor(ImaginePowerCharacter_1)
[2021.06.03-23.21.05:738][337]LogSkinnedMeshComp: Warning: GetSocketByName(GripPoint): No SkeletalMesh for Component(CharacterMesh1P) Actor(ImaginePowerCharacter_1)
[2021.06.03-23.21.05:738][337]LogSkinnedMeshComp: Warning: GetSocketByName(GripPoint): No SkeletalMesh for Component(CharacterMesh1P) Actor(ImaginePowerCharacter_1)
[2021.06.03-23.21.05:738][337]LogSkinnedMeshComp: Warning: GetSocketByName(GripPoint): No SkeletalMesh for Component(CharacterMesh1P) Actor(ImaginePowerCharacter_1)
[2021.06.03-23.21.05:755][338]LogSkinnedMeshComp: Warning: GetSocketByName(GripPoint): No SkeletalMesh for Component(CharacterMesh1P) Actor(ImaginePowerCharacter_1)
[2021.06.03-23.21.05:755][338]LogSkinnedMeshComp: Warning: GetSocketByName(GripPoint): No SkeletalMesh for Component(CharacterMesh1P) Actor(ImaginePowerCharacter_1)
[2021.06.03-23.21.05:755][338]LogSkinnedMeshComp: Warning: GetSocketByName(GripPoint): No SkeletalMesh for Component(CharacterMesh1P) Actor(ImaginePowerCharacter_1)
[2021.06.03-23.21.05:771][339]LogSkinnedMeshComp: Warning: GetSocketByName(GripPoint): No SkeletalMesh for Component(CharacterMesh1P) Actor(ImaginePowerCharacter_1)
[2021.06.03-23.21.05:771][339]LogSkinnedMeshComp: Warning: GetSocketByName(GripPoint): No SkeletalMesh for Component(CharacterMesh1P) Actor(ImaginePowerCharacter_1)
[2021.06.03-23.21.05:772][339]LogSkinnedMeshComp: Warning: GetSocketByName(GripPoint): No SkeletalMesh for Component(CharacterMesh1P) Actor(ImaginePowerCharacter_1)
[2021.06.03-23.21.05:788][340]LogSkinnedMeshComp: Warning: GetSocketByName(GripPoint): No SkeletalMesh for Component(CharacterMesh1P) Actor(ImaginePowerCharacter_1)
[2021.06.03-23.21.05:788][340]LogSkinnedMeshComp: Warning: GetSocketByName(GripPoint): No SkeletalMesh for Compo