Log file open, 06/04/21 13:00:17
LogInit: Display: Running engine for game: ImaginePower
LogPlatformFile: Not using cached read wrapper
LogTaskGraph: Started task graph with 5 named threads and 35 total threads with 3 sets of task threads.
LogStats: Stats thread started at 0.165992
LogD3D11RHI: Loaded GFSDK_Aftermath_Lib.x64.dll
LogICUInternationalization: ICU TimeZone Detection - Raw Offset: +1:00, Platform Override: ''
LogPluginManager: Mounting plugin Paper2D
LogPluginManager: Mounting plugin AISupport
LogPluginManager: Mounting plugin LightPropagationVolume
LogPluginManager: Mounting plugin CameraShakePreviewer
LogPluginManager: Mounting plugin ActorLayerUtilities
LogPluginManager: Mounting plugin AnimationSharing
LogPluginManager: Mounting plugin CLionSourceCodeAccess
LogPluginManager: Mounting plugin CodeLiteSourceCodeAccess
LogPluginManager: Mounting plugin GitSourceControl
LogPluginManager: Mounting plugin KDevelopSourceCodeAccess
LogPluginManager: Mounting plugin NullSourceCodeAccess
LogPluginManager: Mounting plugin PerforceSourceControl
LogPluginManager: Mounting plugin PlasticSourceControl
LogPluginManager: Mounting plugin RiderSourceCodeAccess
LogPluginManager: Mounting plugin SubversionSourceControl
LogPluginManager: Mounting plugin UObjectPlugin
LogPluginManager: Mounting plugin VisualStudioCodeSourceCodeAccess
LogPluginManager: Mounting plugin VisualStudioSourceCodeAccess
LogPluginManager: Mounting plugin XCodeSourceCodeAccess
LogPluginManager: Mounting plugin AssetManagerEditor
LogPluginManager: Mounting plugin CryptoKeys
LogPluginManager: Mounting plugin CurveEditorTools
LogPluginManager: Mounting plugin DataValidation
LogPluginManager: Mounting plugin EditorScriptingUtilities
LogPluginManager: Mounting plugin FacialAnimation
LogPluginManager: Mounting plugin GameplayTagsEditor
LogPluginManager: Mounting plugin GeometryMode
LogPluginManager: Mounting plugin MacGraphicsSwitching
LogPluginManager: Mounting plugin MaterialAnalyzer
LogPluginManager: Mounting plugin MobileLauncherProfileWizard
LogPluginManager: Mounting plugin PluginBrowser
LogPluginManager: Mounting plugin SpeedTreeImporter
LogPluginManager: Mounting plugin DatasmithContent
LogPluginManager: Mounting plugin VariantManagerContent
LogPluginManager: Mounting plugin AlembicImporter
LogPluginManager: Mounting plugin AutomationUtils
LogPluginManager: Mounting plugin BackChannel
LogPluginManager: Mounting plugin ChaosCloth
LogPluginManager: Mounting plugin ChaosClothEditor
LogPluginManager: Mounting plugin ChaosEditor
LogPluginManager: Mounting plugin ChaosNiagara
LogPluginManager: Mounting plugin ChaosSolverPlugin
LogPluginManager: Mounting plugin CharacterAI
LogPluginManager: Mounting plugin GeometryCache
LogPluginManager: Mounting plugin GeometryCollectionPlugin
LogPluginManager: Mounting plugin GeometryProcessing
LogPluginManager: Mounting plugin PlanarCut
LogPluginManager: Mounting plugin PlatformCrypto
LogPluginManager: Mounting plugin ProxyLODPlugin
LogPluginManager: Mounting plugin PythonScriptPlugin
LogPluginManager: Mounting plugin SkeletalReduction
LogPluginManager: Mounting plugin Niagara
LogPluginManager: Mounting plugin MagicLeap
LogPluginManager: Mounting plugin MagicLeapLightEstimation
LogPluginManager: Mounting plugin MagicLeapMedia
LogPluginManager: Mounting plugin MagicLeapPassableWorld
LogPluginManager: Mounting plugin MLSDK
LogPluginManager: Mounting plugin AndroidMedia
LogPluginManager: Mounting plugin AvfMedia
LogPluginManager: Mounting plugin ImgMedia
LogPluginManager: Mounting plugin MediaCompositing
LogPluginManager: Mounting plugin MediaPlayerEditor
LogPluginManager: Mounting plugin WebMMedia
LogPluginManager: Mounting plugin WmfMedia
LogPluginManager: Mounting plugin MegascansPlugin
LogPluginManager: Mounting plugin MeshPainting
LogPluginManager: Mounting plugin TcpMessaging
LogPluginManager: Mounting plugin UdpMessaging
LogPluginManager: Mounting plugin ActorSequence
LogPluginManager: Mounting plugin LevelSequenceEditor
LogPluginManager: Mounting plugin MatineeToLevelSequence
LogPluginManager: Mounting plugin MovieRenderPipeline
LogPluginManager: Mounting plugin TemplateSequence
LogPluginManager: Mounting plugin NetcodeUnitTest
LogPluginManager: Mounting plugin NUTUnrealEngine4
LogPluginManager: Mounting plugin OnlineSubsystemGooglePlay
LogPluginManager: Mounting plugin OnlineSubsystemIOS
LogPluginManager: Mounting plugin OnlineSubsystem
LogPluginManager: Mounting plugin OnlineSubsystemNull
LogPluginManager: Mounting plugin OnlineSubsystemUtils
LogPluginManager: Mounting plugin LauncherChunkInstaller
LogPluginManager: Mounting plugin AndroidDeviceProfileSelector
LogPluginManager: Mounting plugin AndroidMoviePlayer
LogPluginManager: Mounting plugin AndroidPermission
LogPluginManager: Mounting plugin AppleImageUtils
LogPluginManager: Mounting plugin AppleMoviePlayer
LogPluginManager: Mounting plugin ArchVisCharacter
LogPluginManager: Mounting plugin AssetTags
LogPluginManager: Mounting plugin AudioCapture
LogPluginManager: Mounting plugin CableComponent
LogPluginManager: Mounting plugin CustomMeshComponent
LogPluginManager: Mounting plugin DatabaseSupport
LogPluginManager: Mounting plugin SQLiteCore
LogPluginManager: Mounting plugin SQLiteSupport
LogPluginManager: Mounting plugin EditableMesh
LogPluginManager: Mounting plugin ExampleDeviceProfileSelector
LogPluginManager: Mounting plugin GoogleCloudMessaging
LogPluginManager: Mounting plugin GooglePAD
LogPluginManager: Mounting plugin IOSDeviceProfileSelector
LogPluginManager: Mounting plugin LinuxDeviceProfileSelector
LogPluginManager: Mounting plugin LocationServicesBPLibrary
LogPluginManager: Mounting plugin MobilePatchingUtils
LogPluginManager: Mounting plugin OculusVR
LogPluginManager: Mounting plugin PhysXVehicles
LogPluginManager: Mounting plugin PostSplashScreen
LogPluginManager: Mounting plugin ProceduralMeshComponent
LogPluginManager: Mounting plugin RuntimePhysXCooking
LogPluginManager: Mounting plugin SignificanceManager
LogPluginManager: Mounting plugin SoundFields
LogPluginManager: Mounting plugin SteamVR
LogPluginManager: Mounting plugin Synthesis
LogPluginManager: Mounting plugin WebMMoviePlayer
LogPluginManager: Mounting plugin WindowsMoviePlayer
LogPluginManager: Mounting plugin ScreenshotTools
LogInit: Using libcurl 7.55.1-DEV
LogInit:  - built for x86_64-pc-win32
LogInit:  - supports SSL with OpenSSL/1.1.1
LogInit:  - supports HTTP deflate (compression) using libz 1.2.8
LogInit:  - other features:
LogInit:      CURL_VERSION_SSL
LogInit:      CURL_VERSION_LIBZ
LogInit:      CURL_VERSION_IPV6
LogInit:      CURL_VERSION_ASYNCHDNS
LogInit:      CURL_VERSION_LARGEFILE
LogInit:      CURL_VERSION_IDN
LogInit:  CurlRequestOptions (configurable via config and command line):
LogInit:  - bVerifyPeer = true  - Libcurl will verify peer certificate
LogInit:  - bUseHttpProxy = false  - Libcurl will NOT use HTTP proxy
LogInit:  - bDontReuseConnections = false  - Libcurl will reuse connections
LogInit:  - MaxHostConnections = 16  - Libcurl will limit the number of connections to a host
LogInit:  - LocalHostAddr = Default
LogInit:  - BufferSize = 65536
LogOnline: OSS: Creating online subsystem instance for: NULL
LogInit: WinSock: version 1.1 (2.2), MaxSocks=32767, MaxUdp=65467
LogOnline: OSS: TryLoadSubsystemAndSetDefault: Loaded subsystem for module [NULL]
LogInit: Build: ++UE4+Release-4.25-CL-14469661
LogInit: Engine Version: 4.25.4-14469661+++UE4+Release-4.25
LogInit: Compatible Engine Version: 4.25.0-13144385+++UE4+Release-4.25
LogInit: Net CL: 13144385
LogInit: OS: Windows 10 (Release 2009) (), CPU: Intel(R) Core(TM) i7-9750H CPU @ 2.60GHz, GPU: Intel(R) UHD Graphics 630
LogInit: Compiled (64-bit): Oct 11 2020 08:10:49
LogInit: Compiled with Visual C++: 19.24.28315.00
LogInit: Build Configuration: Development
LogInit: Branch Name: ++UE4+Release-4.25
LogInit: Command Line:  -skipcompile
LogInit: Base Directory: C:/Program Files/Epic Games/UE_4.25/Engine/Binaries/Win64/
LogInit: Allocator: TBB
LogInit: Installed Engine Build: 1
LogDevObjectVersion: Number of dev versions registered: 26
LogDevObjectVersion:   Dev-Blueprints (B0D832E4-1F89-4F0D-ACCF-7EB736FD4AA2): 10
LogDevObjectVersion:   Dev-Build (E1C64328-A22C-4D53-A36C-8E866417BD8C): 0
LogDevObjectVersion:   Dev-Core (375EC13C-06E4-48FB-B500-84F0262A717E): 4
LogDevObjectVersion:   Dev-Editor (E4B068ED-F494-42E9-A231-DA0B2E46BB41): 38
LogDevObjectVersion:   Dev-Framework (CFFC743F-43B0-4480-9391-14DF171D2073): 37
LogDevObjectVersion:   Dev-Mobile (B02B49B5-BB20-44E9-A304-32B752E40360): 2
LogDevObjectVersion:   Dev-Networking (A4E4105C-59A1-49B5-A7C5-40C4547EDFEE): 0
LogDevObjectVersion:   Dev-Online (39C831C9-5AE6-47DC-9A44-9C173E1C8E7C): 0
LogDevObjectVersion:   Dev-Physics (78F01B33-EBEA-4F98-B9B4-84EACCB95AA2): 4
LogDevObjectVersion:   Dev-Platform (6631380F-2D4D-43E0-8009-CF276956A95A): 0
LogDevObjectVersion:   Dev-Rendering (12F88B9F-8875-4AFC-A67C-D90C383ABD29): 43
LogDevObjectVersion:   Dev-Sequencer (7B5AE74C-D270-4C10-A958-57980B212A5A): 12
LogDevObjectVersion:   Dev-VR (D7296918-1DD6-4BDD-9DE2-64A83CC13884): 3
LogDevObjectVersion:   Dev-LoadTimes (C2A15278-BFE7-4AFE-6C17-90FF531DF755): 1
LogDevObjectVersion:   Private-Geometry (6EACA3D4-40EC-4CC1-B786-8BED09428FC5): 3
LogDevObjectVersion:   Dev-AnimPhys (29E575DD-E0A3-4627-9D10-D276232CDCEA): 17
LogDevObjectVersion:   Dev-Anim (AF43A65D-7FD3-4947-9873-3E8ED9C1BB05): 7
LogDevObjectVersion:   Dev-ReflectionCapture (6B266CEC-1EC7-4B8F-A30B-E4D90942FC07): 1
LogDevObjectVersion:   Dev-Automation (0DF73D61-A23F-47EA-B727-89E90C41499A): 1
LogDevObjectVersion:   FortniteMain (601D1886-AC64-4F84-AA16-D3DE0DEAC7D6): 31
LogDevObjectVersion:   Dev-Enterprise (9DFFBCD6-494F-0158-E221-12823C92A888): 10
LogDevObjectVersion:   Dev-Niagara (F2AED0AC-9AFE-416F-8664-AA7FFA26D6FC): 1
LogDevObjectVersion:   Dev-Destruction (174F1F0B-B4C6-45A5-B13F-2EE8D0FB917D): 10
LogDevObjectVersion:   Dev-Physics-Ext (35F94A83-E258-406C-A318-09F59610247C): 37
LogDevObjectVersion:   Dev-PhysicsMaterial-Chaos (B68FC16E-8B1B-42E2-B453-215C058844FE): 1
LogDevObjectVersion:   Dev-CineCamera (B2E18506-4273-CFC2-A54E-F4BB758BBA07): 1
LogInit: Presizing for max 25165824 objects, including 0 objects not considered by GC, pre-allocating 0 bytes for permanent pool.
LogConfig: Applying CVar settings from Section [/Script/Engine.StreamingSettings] File [C:/Projects/Piotr_Starczewski_Imagine_Power/ImaginePower/Saved/Config/Windows/Engine.ini]
LogConfig: Setting CVar [[s.MinBulkDataSizeForAsyncLoading:131072]]
LogConfig: Setting CVar [[s.AsyncLoadingThreadEnabled:0]]
LogConfig: Setting CVar [[s.EventDrivenLoaderEnabled:1]]
LogConfig: Setting CVar [[s.WarnIfTimeLimitExceeded:0]]
LogConfig: Setting CVar [[s.TimeLimitExceededMultiplier:1.5]]
LogConfig: Setting CVar [[s.TimeLimitExceededMinTime:0.005]]
LogConfig: Setting CVar [[s.UseBackgroundLevelStreaming:1]]
LogConfig: Setting CVar [[s.PriorityAsyncLoadingExtraTime:15.0]]
LogConfig: Setting CVar [[s.LevelStreamingActorsUpdateTimeLimit:5.0]]
LogConfig: Setting CVar [[s.PriorityLevelStreamingActorsUpdateExtraTime:5.0]]
LogConfig: Setting CVar [[s.LevelStreamingComponentsRegistrationGranularity:10]]
LogConfig: Setting CVar [[s.UnregisterComponentsTimeLimit:1.0]]
LogConfig: Setting CVar [[s.LevelStreamingComponentsUnregistrationGranularity:5]]
LogConfig: Setting CVar [[s.FlushStreamingOnExit:1]]
LogInit: Object subsystem initialized
LogConfig: Setting CVar [[con.DebugEarlyDefault:1]]
LogConfig: Setting CVar [[r.setres:1280x720]]
[2021.06.04-11.00.17:981][  0]LogConfig: Setting CVar [[r.VSync:0]]
[2021.06.04-11.00.17:981][  0]LogConfig: Setting CVar [[r.RHICmdBypass:0]]
[2021.06.04-11.00.17:981][  0]LogConfig: Applying CVar settings from Section [/Script/Engine.RendererSettings] File [C:/Projects/Piotr_Starczewski_Imagine_Power/ImaginePower/Saved/Config/Windows/Engine.ini]
[2021.06.04-11.00.17:981][  0]LogConfig: Setting CVar [[r.GPUCrashDebugging:0]]
[2021.06.04-11.00.17:981][  0]LogConfig: Applying CVar settings from Section [/Script/Engine.RendererOverrideSettings] File [C:/Projects/Piotr_Starczewski_Imagine_Power/ImaginePower/Saved/Config/Windows/Engine.ini]
[2021.06.04-11.00.17:981][  0]LogConfig: Applying CVar settings from Section [/Script/Engine.StreamingSettings] File [C:/Projects/Piotr_Starczewski_Imagine_Power/ImaginePower/Saved/Config/Windows/Engine.ini]
[2021.06.04-11.00.17:981][  0]LogConfig: Setting CVar [[s.MinBulkDataSizeForAsyncLoading:131072]]
[2021.06.04-11.00.17:981][  0]LogConfig: Setting CVar [[s.AsyncLoadingThreadEnabled:0]]
[2021.06.04-11.00.17:981][  0]LogConfig: Setting CVar [[s.EventDrivenLoaderEnabled:1]]
[2021.06.04-11.00.17:981][  0]LogConfig: Setting CVar [[s.WarnIfTimeLimitExceeded:0]]
[2021.06.04-11.00.17:981][  0]LogConfig: Setting CVar [[s.TimeLimitExceededMultiplier:1.5]]
[2021.06.04-11.00.17:981][  0]LogConfig: Setting CVar [[s.TimeLimitExceededMinTime:0.005]]
[2021.06.04-11.00.17:981][  0]LogConfig: Setting CVar [[s.UseBackgroundLevelStreaming:1]]
[2021.06.04-11.00.17:981][  0]LogConfig: Setting CVar [[s.PriorityAsyncLoadingExtraTime:15.0]]
[2021.06.04-11.00.17:981][  0]LogConfig: Setting CVar [[s.LevelStreamingActorsUpdateTimeLimit:5.0]]
[2021.06.04-11.00.17:981][  0]LogConfig: Setting CVar [[s.PriorityLevelStreamingActorsUpdateExtraTime:5.0]]
[2021.06.04-11.00.17:981][  0]LogConfig: Setting CVar [[s.LevelStreamingComponentsRegistrationGranularity:10]]
[2021.06.04-11.00.17:981][  0]LogConfig: Setting CVar [[s.UnregisterComponentsTimeLimit:1.0]]
[2021.06.04-11.00.17:981][  0]LogConfig: Setting CVar [[s.LevelStreamingComponentsUnregistrationGranularity:5]]
[2021.06.04-11.00.17:981][  0]LogConfig: Setting CVar [[s.FlushStreamingOnExit:1]]
[2021.06.04-11.00.17:981][  0]LogConfig: Applying CVar settings from Section [/Script/Engine.GarbageCollectionSettings] File [C:/Projects/Piotr_Starczewski_Imagine_Power/ImaginePower/Saved/Config/Windows/Engine.ini]
[2021.06.04-11.00.17:981][  0]LogConfig: Setting CVar [[gc.MaxObjectsNotConsideredByGC:1]]
[2021.06.04-11.00.17:981][  0]LogConfig: Setting CVar [[gc.SizeOfPermanentObjectPool:0]]
[2021.06.04-11.00.17:981][  0]LogConfig: Setting CVar [[gc.FlushStreamingOnGC:0]]
[2021.06.04-11.00.17:981][  0]LogConfig: Setting CVar [[gc.NumRetriesBeforeForcingGC:10]]
[2021.06.04-11.00.17:981][  0]LogConfig: Setting CVar [[gc.AllowParallelGC:1]]
[2021.06.04-11.00.17:981][  0]LogConfig: Setting CVar [[gc.TimeBetweenPurgingPendingKillObjects:61.1]]
[2021.06.04-11.00.17:981][  0]LogConfig: Setting CVar [[gc.MaxObjectsInEditor:25165824]]
[2021.06.04-11.00.17:981][  0]LogConfig: Setting CVar [[gc.IncrementalBeginDestroyEnabled:1]]
[2021.06.04-11.00.17:981][  0]LogConfig: Setting CVar [[gc.CreateGCClusters:1]]
[2021.06.04-11.00.17:981][  0]LogConfig: Setting CVar [[gc.MinGCClusterSize:5]]
[2021.06.04-11.00.17:981][  0]LogConfig: Setting CVar [[gc.ActorClusteringEnabled:0]]
[2021.06.04-11.00.17:981][  0]LogConfig: Setting CVar [[gc.BlueprintClusteringEnabled:0]]
[2021.06.04-11.00.17:981][  0]LogConfig: Setting CVar [[gc.UseDisregardForGCOnDedicatedServers:0]]
[2021.06.04-11.00.17:981][  0]LogConfig: Applying CVar settings from Section [/Script/Engine.NetworkSettings] File [C:/Projects/Piotr_Starczewski_Imagine_Power/ImaginePower/Saved/Config/Windows/Engine.ini]
[2021.06.04-11.00.17:981][  0]LogConfig: Applying CVar settings from Section [/Script/UnrealEd.CookerSettings] File [C:/Projects/Piotr_Starczewski_Imagine_Power/ImaginePower/Saved/Config/Windows/Engine.ini]
[2021.06.04-11.00.17:983][  0]LogConfig: Applying CVar settings from Section [ViewDistanceQuality@3] File [C:/Projects/Piotr_Starczewski_Imagine_Power/ImaginePower/Saved/Config/Windows/Scalability.ini]
[2021.06.04-11.00.17:983][  0]LogConfig: Setting CVar [[r.SkeletalMeshLODBias:0]]
[2021.06.04-11.00.17:983][  0]LogConfig: Setting CVar [[r.ViewDistanceScale:1.0]]
[2021.06.04-11.00.17:983][  0]LogConfig: Applying CVar settings from Section [AntiAliasingQuality@3] File [C:/Projects/Piotr_Starczewski_Imagine_Power/ImaginePower/Saved/Config/Windows/Scalability.ini]
[2021.06.04-11.00.17:983][  0]LogConfig: Setting CVar [[r.PostProcessAAQuality:4]]
[2021.06.04-11.00.17:983][  0]LogConfig: Applying CVar settings from Section [ShadowQuality@3] File [C:/Projects/Piotr_Starczewski_Imagine_Power/ImaginePower/Saved/Config/Windows/Scalability.ini]
[2021.06.04-11.00.17:983][  0]LogConfig: Setting CVar [[r.LightFunctionQuality:1]]
[2021.06.04-11.00.17:983][  0]LogConfig: Setting CVar [[r.ShadowQuality:5]]
[2021.06.04-11.00.17:983][  0]LogConfig: Setting CVar [[r.Shadow.CSM.MaxCascades:10]]
[2021.06.04-11.00.17:983][  0]LogConfig: Setting CVar [[r.Shadow.MaxResolution:2048]]
[2021.06.04-11.00.17:983][  0]LogConfig: Setting CVar [[r.Shadow.MaxCSMResolution:2048]]
[2021.06.04-11.00.17:983][  0]LogConfig: Setting CVar [[r.Shadow.RadiusThreshold:0.01]]
[2021.06.04-11.00.17:983][  0]LogConfig: Setting CVar [[r.Shadow.DistanceScale:1.0]]
[2021.06.04-11.00.17:983][  0]LogConfig: Setting CVar [[r.Shadow.CSM.TransitionScale:1.0]]
[2021.06.04-11.00.17:983][  0]LogConfig: Setting CVar [[r.Shadow.PreShadowResolutionFactor:1.0]]
[2021.06.04-11.00.17:983][  0]LogConfig: Setting CVar [[r.DistanceFieldShadowing:1]]
[2021.06.04-11.00.17:983][  0]LogConfig: Setting CVar [[r.DistanceFieldAO:1]]
[2021.06.04-11.00.17:983][  0]LogConfig: Setting CVar [[r.AOQuality:2]]
[2021.06.04-11.00.17:983][  0]LogConfig: Setting CVar [[r.VolumetricFog:1]]
[2021.06.04-11.00.17:983][  0]LogConfig: Setting CVar [[r.VolumetricFog.GridPixelSize:8]]
[2021.06.04-11.00.17:983][  0]LogConfig: Setting CVar [[r.VolumetricFog.GridSizeZ:128]]
[2021.06.04-11.00.17:983][  0]LogConfig: Setting CVar [[r.VolumetricFog.HistoryMissSupersampleCount:4]]
[2021.06.04-11.00.17:983][  0]LogConfig: Setting CVar [[r.LightMaxDrawDistanceScale:1]]
[2021.06.04-11.00.17:983][  0]LogConfig: Setting CVar [[r.CapsuleShadows:1]]
[2021.06.04-11.00.17:983][  0]LogConfig: Applying CVar settings from Section [PostProcessQuality@3] File [C:/Projects/Piotr_Starczewski_Imagine_Power/ImaginePower/Saved/Config/Windows/Scalability.ini]
[2021.06.04-11.00.17:983][  0]LogConfig: Setting CVar [[r.MotionBlurQuality:4]]
[2021.06.04-11.00.17:983][  0]LogConfig: Setting CVar [[r.AmbientOcclusionMipLevelFactor:0.4]]
[2021.06.04-11.00.17:983][  0]LogConfig: Setting CVar [[r.AmbientOcclusionMaxQuality:100]]
[2021.06.04-11.00.17:983][  0]LogConfig: Setting CVar [[r.AmbientOcclusionLevels:-1]]
[2021.06.04-11.00.17:983][  0]LogConfig: Setting CVar [[r.AmbientOcclusionRadiusScale:1.0]]
[2021.06.04-11.00.17:983][  0]LogConfig: Setting CVar [[r.DepthOfFieldQuality:2]]
[2021.06.04-11.00.17:983][  0]LogConfig: Setting CVar [[r.RenderTargetPoolMin:400]]
[2021.06.04-11.00.17:983][  0]LogConfig: Setting CVar [[r.LensFlareQuality:2]]
[2021.06.04-11.00.17:983][  0]LogConfig: Setting CVar [[r.SceneColorFringeQuality:1]]
[2021.06.04-11.00.17:983][  0]LogConfig: Setting CVar [[r.EyeAdaptationQuality:2]]
[2021.06.04-11.00.17:983][  0]LogConfig: Setting CVar [[r.BloomQuality:5]]
[2021.06.04-11.00.17:983][  0]LogConfig: Setting CVar [[r.FastBlurThreshold:100]]
[2021.06.04-11.00.17:983][  0]LogConfig: Setting CVar [[r.Upscale.Quality:3]]
[2021.06.04-11.00.17:983][  0]LogConfig: Setting CVar [[r.Tonemapper.GrainQuantization:1]]
[2021.06.04-11.00.17:984][  0]LogConfig: Setting CVar [[r.LightShaftQuality:1]]
[2021.06.04-11.00.17:984][  0]LogConfig: Setting CVar [[r.Filter.SizeScale:1]]
[2021.06.04-11.00.17:984][  0]LogConfig: Setting CVar [[r.Tonemapper.Quality:5]]
[2021.06.04-11.00.17:984][  0]LogConfig: Setting CVar [[r.DOF.Gather.AccumulatorQuality:1        ; higher gathering accumulator quality]]
[2021.06.04-11.00.17:984][  0]LogConfig: Setting CVar [[r.DOF.Gather.PostfilterMethod:1          ; Median3x3 postfilering method]]
[2021.06.04-11.00.17:984][  0]LogConfig: Setting CVar [[r.DOF.Gather.EnableBokehSettings:0       ; no bokeh simulation when gathering]]
[2021.06.04-11.00.17:984][  0]LogConfig: Setting CVar [[r.DOF.Gather.RingCount:4                 ; medium number of samples when gathering]]
[2021.06.04-11.00.17:984][  0]LogConfig: Setting CVar [[r.DOF.Scatter.ForegroundCompositing:1    ; additive foreground scattering]]
[2021.06.04-11.00.17:984][  0]LogConfig: Setting CVar [[r.DOF.Scatter.BackgroundCompositing:2    ; additive background scattering]]
[2021.06.04-11.00.17:984][  0]LogConfig: Setting CVar [[r.DOF.Scatter.EnableBokehSettings:1      ; bokeh simulation when scattering]]
[2021.06.04-11.00.17:984][  0]LogConfig: Setting CVar [[r.DOF.Scatter.MaxSpriteRatio:0.1         ; only a maximum of 10% of scattered bokeh]]
[2021.06.04-11.00.17:984][  0]LogConfig: Setting CVar [[r.DOF.Recombine.Quality:1                ; cheap slight out of focus]]
[2021.06.04-11.00.17:984][  0]LogConfig: Setting CVar [[r.DOF.Recombine.EnableBokehSettings:0    ; no bokeh simulation on slight out of focus]]
[2021.06.04-11.00.17:984][  0]LogConfig: Setting CVar [[r.DOF.TemporalAAQuality:1                ; more stable temporal accumulation]]
[2021.06.04-11.00.17:984][  0]LogConfig: Setting CVar [[r.DOF.Kernel.MaxForegroundRadius:0.025]]
[2021.06.04-11.00.17:984][  0]LogConfig: Setting CVar [[r.DOF.Kernel.MaxBackgroundRadius:0.025]]
[2021.06.04-11.00.17:984][  0]LogConfig: Applying CVar settings from Section [TextureQuality@3] File [C:/Projects/Piotr_Starczewski_Imagine_Power/ImaginePower/Saved/Config/Windows/Scalability.ini]
[2021.06.04-11.00.17:984][  0]LogConfig: Setting CVar [[r.Streaming.MipBias:0]]
[2021.06.04-11.00.17:984][  0]LogConfig: Setting CVar [[r.Streaming.AmortizeCPUToGPUCopy:0]]
[2021.06.04-11.00.17:984][  0]LogConfig: Setting CVar [[r.Streaming.MaxNumTexturesToStreamPerFrame:0]]
[2021.06.04-11.00.17:984][  0]LogConfig: Setting CVar [[r.Streaming.Boost:1]]
[2021.06.04-11.00.17:984][  0]LogConfig: Setting CVar [[r.MaxAnisotropy:8]]
[2021.06.04-11.00.17:984][  0]LogConfig: Setting CVar [[r.VT.MaxAnisotropy:8]]
[2021.06.04-11.00.17:984][  0]LogConfig: Setting CVar [[r.Streaming.LimitPoolSizeToVRAM:0]]
[2021.06.04-11.00.17:984][  0]LogConfig: Setting CVar [[r.Streaming.PoolSize:1000]]
[2021.06.04-11.00.17:984][  0]LogConfig: Setting CVar [[r.Streaming.MaxEffectiveScreenSize:0]]
[2021.06.04-11.00.17:984][  0]LogConfig: Applying CVar settings from Section [EffectsQuality@3] File [C:/Projects/Piotr_Starczewski_Imagine_Power/ImaginePower/Saved/Config/Windows/Scalability.ini]
[2021.06.04-11.00.17:984][  0]LogConfig: Setting CVar [[r.TranslucencyLightingVolumeDim:64]]
[2021.06.04-11.00.17:984][  0]LogConfig: Setting CVar [[r.RefractionQuality:2]]
[2021.06.04-11.00.17:984][  0]LogConfig: Setting CVar [[r.SSR.Quality:3]]
[2021.06.04-11.00.17:984][  0]LogConfig: Setting CVar [[r.SSR.HalfResSceneColor:0]]
[2021.06.04-11.00.17:984][  0]LogConfig: Setting CVar [[r.SceneColorFormat:4]]
[2021.06.04-11.00.17:984][  0]LogConfig: Setting CVar [[r.DetailMode:2]]
[2021.06.04-11.00.17:984][  0]LogConfig: Setting CVar [[r.TranslucencyVolumeBlur:1]]
[2021.06.04-11.00.17:984][  0]LogConfig: Setting CVar [[r.MaterialQualityLevel:1 ; High quality]]
[2021.06.04-11.00.17:984][  0]LogConfig: Setting CVar [[r.SSS.Scale:1]]
[2021.06.04-11.00.17:984][  0]LogConfig: Setting CVar [[r.SSS.SampleSet:2]]
[2021.06.04-11.00.17:984][  0]LogConfig: Setting CVar [[r.SSS.Quality:1]]
[2021.06.04-11.00.17:984][  0]LogConfig: Setting CVar [[r.SSS.HalfRes:0]]
[2021.06.04-11.00.17:984][  0]LogConfig: Setting CVar [[r.SSGI.Quality:3]]
[2021.06.04-11.00.17:984][  0]LogConfig: Setting CVar [[r.EmitterSpawnRateScale:1.0]]
[2021.06.04-11.00.17:984][  0]LogConfig: Setting CVar [[r.ParticleLightQuality:2]]
[2021.06.04-11.00.17:984][  0]LogConfig: Setting CVar [[r.SkyAtmosphere.AerialPerspectiveLUT.FastApplyOnOpaque:1 ; Always have FastSkyLUT 1 in this case to avoid wrong sky]]
[2021.06.04-11.00.17:984][  0]LogConfig: Setting CVar [[r.SkyAtmosphere.AerialPerspectiveLUT.SampleCountPerSlice:1]]
[2021.06.04-11.00.17:984][  0]LogConfig: Setting CVar [[r.SkyAtmosphere.AerialPerspectiveLUT.DepthResolution:16.0]]
[2021.06.04-11.00.17:984][  0]LogConfig: Setting CVar [[r.SkyAtmosphere.FastSkyLUT:1]]
[2021.06.04-11.00.17:984][  0]LogConfig: Setting CVar [[r.SkyAtmosphere.FastSkyLUT.SampleCountMin:4.0]]
[2021.06.04-11.00.17:984][  0]LogConfig: Setting CVar [[r.SkyAtmosphere.FastSkyLUT.SampleCountMax:32.0]]
[2021.06.04-11.00.17:984][  0]LogConfig: Setting CVar [[r.SkyAtmosphere.SampleCountMin:4.0]]
[2021.06.04-11.00.17:984][  0]LogConfig: Setting CVar [[r.SkyAtmosphere.SampleCountMax:32.0]]
[2021.06.04-11.00.17:984][  0]LogConfig: Setting CVar [[r.SkyAtmosphere.TransmittanceLUT.UseSmallFormat:0]]
[2021.06.04-11.00.17:984][  0]LogConfig: Setting CVar [[r.SkyAtmosphere.TransmittanceLUT.SampleCount:10.0]]
[2021.06.04-11.00.17:984][  0]LogConfig: Setting CVar [[r.SkyAtmosphere.MultiScatteringLUT.SampleCount:15.0]]
[2021.06.04-11.00.17:984][  0]LogConfig: Applying CVar settings from Section [FoliageQuality@3] File [C:/Projects/Piotr_Starczewski_Imagine_Power/ImaginePower/Saved/Config/Windows/Scalability.ini]
[2021.06.04-11.00.17:984][  0]LogConfig: Setting CVar [[foliage.DensityScale:1.0]]
[2021.06.04-11.00.17:984][  0]LogConfig: Setting CVar [[grass.DensityScale:1.0]]
[2021.06.04-11.00.17:984][  0]LogConfig: Applying CVar settings from Section [ShadingQuality@3] File [C:/Projects/Piotr_Starczewski_Imagine_Power/ImaginePower/Saved/Config/Windows/Scalability.ini]
[2021.06.04-11.00.17:984][  0]LogConfig: Setting CVar [[r.HairStrands.SkyLighting.SampleCount:16]]
[2021.06.04-11.00.17:984][  0]LogConfig: Setting CVar [[r.HairStrands.SkyLighting.JitterIntegration:0]]
[2021.06.04-11.00.17:984][  0]LogConfig: Setting CVar [[r.HairStrands.SkyAO.SampleCount:16]]
[2021.06.04-11.00.17:984][  0]LogConfig: Setting CVar [[r.HairStrands.DeepShadow.SuperSampling:0]]
[2021.06.04-11.00.17:984][  0]LogConfig: Setting CVar [[r.HairStrands.VisibilityPPLL:0]]
[2021.06.04-11.00.17:984][  0]LogConfig: Setting CVar [[r.HairStrands.RasterizationScale:0.5]]
[2021.06.04-11.00.17:984][  0]LogConfig: Setting CVar [[r.HairStrands.VelocityRasterizationScale:1]]
[2021.06.04-11.00.17:984][  0]LogInit: Selected Device Profile: [Windows]
[2021.06.04-11.00.17:984][  0]LogInit: Applying CVar settings loaded from the selected device profile: [Windows]
[2021.06.04-11.00.17:984][  0]LogHAL: Display: Platform has ~ 16 GB [17012580352 / 17179869184 / 16], which maps to Larger [LargestMinGB=32, LargerMinGB=12, DefaultMinGB=8, SmallerMinGB=6, SmallestMinGB=0)
[2021.06.04-11.00.17:984][  0]LogInit: Going up to parent DeviceProfile []
[2021.06.04-11.00.17:984][  0]LogConfig: Applying CVar settings from Section [ViewDistanceQuality@Cine] File [C:/Projects/Piotr_Starczewski_Imagine_Power/ImaginePower/Saved/Config/Windows/Scalability.ini]
[2021.06.04-11.00.17:984][  0]LogConfig: Setting CVar [[r.SkeletalMeshLODBias:0]]
[2021.06.04-11.00.17:984][  0]LogConfig: Setting CVar [[r.ViewDistanceScale:10.0]]
[2021.06.04-11.00.17:984][  0]LogConfig: Applying CVar settings from Section [AntiAliasingQuality@0] File [C:/Projects/Piotr_Starczewski_Imagine_Power/ImaginePower/Saved/Config/Windows/Scalability.ini]
[2021.06.04-11.00.17:984][  0]LogConfig: Setting CVar [[r.PostProcessAAQuality:0]]
[2021.06.04-11.00.17:984][  0]LogConfig: Applying CVar settings from Section [ShadowQuality@Cine] File [C:/Projects/Piotr_Starczewski_Imagine_Power/ImaginePower/Saved/Config/Windows/Scalability.ini]
[2021.06.04-11.00.17:984][  0]LogConfig: Setting CVar [[r.LightFunctionQuality:1]]
[2021.06.04-11.00.17:984][  0]LogConfig: Setting CVar [[r.ShadowQuality:5]]
[2021.06.04-11.00.17:984][  0]LogConfig: Setting CVar [[r.Shadow.CSM.MaxCascades:10]]
[2021.06.04-11.00.17:984][  0]LogConfig: Setting CVar [[r.Shadow.MaxResolution:4096]]
[2021.06.04-11.00.17:984][  0]LogConfig: Setting CVar [[r.Shadow.MaxCSMResolution:4096]]
[2021.06.04-11.00.17:984][  0]LogConfig: Setting CVar [[r.Shadow.RadiusThreshold:0]]
[2021.06.04-11.00.17:984][  0]LogConfig: Setting CVar [[r.Shadow.DistanceScale:1.0]]
[2021.06.04-11.00.17:984][  0]LogConfig: Setting CVar [[r.Shadow.CSM.TransitionScale:1.0]]
[2021.06.04-11.00.17:984][  0]LogConfig: Setting CVar [[r.Shadow.PreShadowResolutionFactor:1.0]]
[2021.06.04-11.00.17:984][  0]LogConfig: Setting CVar [[r.DistanceFieldShadowing:1]]
[2021.06.04-11.00.17:984][  0]LogConfig: Setting CVar [[r.DistanceFieldAO:1]]
[2021.06.04-11.00.17:984][  0]LogConfig: Setting CVar [[r.AOQuality:2]]
[2021.06.04-11.00.17:984][  0]LogConfig: Setting CVar [[r.VolumetricFog:1]]
[2021.06.04-11.00.17:984][  0]LogConfig: Setting CVar [[r.VolumetricFog.GridPixelSize:4]]
[2021.06.04-11.00.17:984][  0]LogConfig: Setting CVar [[r.VolumetricFog.GridSizeZ:128]]
[2021.06.04-11.00.17:984][  0]LogConfig: Setting CVar [[r.VolumetricFog.HistoryMissSupersampleCount:16]]
[2021.06.04-11.00.17:984][  0]LogConfig: Setting CVar [[r.LightMaxDrawDistanceScale:1]]
[2021.06.04-11.00.17:984][  0]LogConfig: Setting CVar [[r.CapsuleShadows:1]]
[2021.06.04-11.00.17:984][  0]LogConfig: Applying CVar settings from Section [PostProcessQuality@Cine] File [C:/Projects/Piotr_Starczewski_Imagine_Power/ImaginePower/Saved/Config/Windows/Scalability.ini]
[2021.06.04-11.00.17:984][  0]LogConfig: Setting CVar [[r.MotionBlurQuality:4]]
[2021.06.04-11.00.17:984][  0]LogConfig: Setting CVar [[r.AmbientOcclusionMipLevelFactor:0.4]]
[2021.06.04-11.00.17:985][  0]LogConfig: Setting CVar [[r.AmbientOcclusionMaxQuality:100]]
[2021.06.04-11.00.17:985][  0]LogConfig: Setting CVar [[r.AmbientOcclusionLevels:-1]]
[2021.06.04-11.00.17:985][  0]LogConfig: Setting CVar [[r.AmbientOcclusionRadiusScale:1.0]]
[2021.06.04-11.00.17:985][  0]LogConfig: Setting CVar [[r.DepthOfFieldQuality:4]]
[2021.06.04-11.00.17:985][  0]LogConfig: Setting CVar [[r.RenderTargetPoolMin:1000]]
[2021.06.04-11.00.17:985][  0]LogConfig: Setting CVar [[r.LensFlareQuality:3]]
[2021.06.04-11.00.17:985][  0]LogConfig: Setting CVar [[r.SceneColorFringeQuality:1]]
[2021.06.04-11.00.17:985][  0]LogConfig: Setting CVar [[r.EyeAdaptationQuality:2]]
[2021.06.04-11.00.17:985][  0]LogConfig: Setting CVar [[r.BloomQuality:5]]
[2021.06.04-11.00.17:985][  0]LogConfig: Setting CVar [[r.FastBlurThreshold:100]]
[2021.06.04-11.00.17:985][  0]LogConfig: Setting CVar [[r.Upscale.Quality:3]]
[2021.06.04-11.00.17:985][  0]LogConfig: Setting CVar [[r.Tonemapper.GrainQuantization:1]]
[2021.06.04-11.00.17:985][  0]LogConfig: Setting CVar [[r.LightShaftQuality:1]]
[2021.06.04-11.00.17:985][  0]LogConfig: Setting CVar [[r.Filter.SizeScale:1]]
[2021.06.04-11.00.17:985][  0]LogConfig: Setting CVar [[r.Tonemapper.Quality:5]]
[2021.06.04-11.00.17:985][  0]LogConfig: Setting CVar [[r.DOF.Gather.AccumulatorQuality:1        ; higher gathering accumulator quality]]
[2021.06.04-11.00.17:985][  0]LogConfig: Setting CVar [[r.DOF.Gather.PostfilterMethod:1          ; Median3x3 postfilering method]]
[2021.06.04-11.00.17:985][  0]LogConfig: Setting CVar [[r.DOF.Gather.EnableBokehSettings:1       ; bokeh simulation when gathering]]
[2021.06.04-11.00.17:985][  0]LogConfig: Setting CVar [[r.DOF.Gather.RingCount:5                 ; high number of samples when gathering]]
[2021.06.04-11.00.17:985][  0]LogConfig: Setting CVar [[r.DOF.Scatter.ForegroundCompositing:1    ; additive foreground scattering]]
[2021.06.04-11.00.17:985][  0]LogConfig: Setting CVar [[r.DOF.Scatter.BackgroundCompositing:2    ; background scattering occlusion]]
[2021.06.04-11.00.17:985][  0]LogConfig: Setting CVar [[r.DOF.Scatter.EnableBokehSettings:1      ; no bokeh simulation when scattering]]
[2021.06.04-11.00.17:985][  0]LogConfig: Setting CVar [[r.DOF.Scatter.MaxSpriteRatio:0.25        ; only a maximum of 10% of scattered bokeh]]
[2021.06.04-11.00.17:985][  0]LogConfig: Setting CVar [[r.DOF.Recombine.Quality:2                ; highest slight out of focus]]
[2021.06.04-11.00.17:985][  0]LogConfig: Setting CVar [[r.DOF.Recombine.EnableBokehSettings:1    ; bokeh simulation on slight out of focus]]
[2021.06.04-11.00.17:985][  0]LogConfig: Setting CVar [[r.DOF.TemporalAAQuality:1                ; more stable temporal accumulation]]
[2021.06.04-11.00.17:985][  0]LogConfig: Setting CVar [[r.DOF.Kernel.MaxForegroundRadius:0.025]]
[2021.06.04-11.00.17:985][  0]LogConfig: Setting CVar [[r.DOF.Kernel.MaxBackgroundRadius:0.025]]
[2021.06.04-11.00.17:985][  0]LogConfig: Applying CVar settings from Section [TextureQuality@Cine] File [C:/Projects/Piotr_Starczewski_Imagine_Power/ImaginePower/Saved/Config/Windows/Scalability.ini]
[2021.06.04-11.00.17:985][  0]LogConfig: Setting CVar [[r.Streaming.MipBias:0]]
[2021.06.04-11.00.17:985][  0]LogConfig: Setting CVar [[r.Streaming.AmortizeCPUToGPUCopy:0]]
[2021.06.04-11.00.17:985][  0]LogConfig: Setting CVar [[r.Streaming.MaxNumTexturesToStreamPerFrame:0]]
[2021.06.04-11.00.17:985][  0]LogConfig: Setting CVar [[r.Streaming.Boost:1]]
[2021.06.04-11.00.17:985][  0]LogConfig: Setting CVar [[r.MaxAnisotropy:8]]
[2021.06.04-11.00.17:985][  0]LogConfig: Setting CVar [[r.VT.MaxAnisotropy:8]]
[2021.06.04-11.00.17:985][  0]LogConfig: Setting CVar [[r.Streaming.LimitPoolSizeToVRAM:0]]
[2021.06.04-11.00.17:985][  0]LogConfig: Setting CVar [[r.Streaming.PoolSize:3000]]
[2021.06.04-11.00.17:985][  0]LogConfig: Setting CVar [[r.Streaming.MaxEffectiveScreenSize:0]]
[2021.06.04-11.00.17:985][  0]LogConfig: Applying CVar settings from Section [EffectsQuality@Cine] File [C:/Projects/Piotr_Starczewski_Imagine_Power/ImaginePower/Saved/Config/Windows/Scalability.ini]
[2021.06.04-11.00.17:985][  0]LogConfig: Setting CVar [[r.TranslucencyLightingVolumeDim:64]]
[2021.06.04-11.00.17:985][  0]LogConfig: Setting CVar [[r.RefractionQuality:2]]
[2021.06.04-11.00.17:985][  0]LogConfig: Setting CVar [[r.SSR.Quality:4]]
[2021.06.04-11.00.17:985][  0]LogConfig: Setting CVar [[r.SSR.HalfResSceneColor:0]]
[2021.06.04-11.00.17:985][  0]LogConfig: Setting CVar [[r.SceneColorFormat:4]]
[2021.06.04-11.00.17:985][  0]LogConfig: Setting CVar [[r.DetailMode:2]]
[2021.06.04-11.00.17:985][  0]LogConfig: Setting CVar [[r.TranslucencyVolumeBlur:1]]
[2021.06.04-11.00.17:985][  0]LogConfig: Setting CVar [[r.MaterialQualityLevel:1 ; High quality]]
[2021.06.04-11.00.17:985][  0]LogConfig: Setting CVar [[r.SSS.Scale:1]]
[2021.06.04-11.00.17:985][  0]LogConfig: Setting CVar [[r.SSS.SampleSet:2]]
[2021.06.04-11.00.17:985][  0]LogConfig: Setting CVar [[r.SSS.Quality:1]]
[2021.06.04-11.00.17:985][  0]LogConfig: Setting CVar [[r.SSS.HalfRes:0]]
[2021.06.04-11.00.17:985][  0]LogConfig: Setting CVar [[r.SSGI.Quality:4]]
[2021.06.04-11.00.17:985][  0]LogConfig: Setting CVar [[r.EmitterSpawnRateScale:1.0]]
[2021.06.04-11.00.17:985][  0]LogConfig: Setting CVar [[r.ParticleLightQuality:2]]
[2021.06.04-11.00.17:985][  0]LogConfig: Setting CVar [[r.SkyAtmosphere.AerialPerspectiveLUT.FastApplyOnOpaque:0]]
[2021.06.04-11.00.17:985][  0]LogConfig: Setting CVar [[r.SkyAtmosphere.AerialPerspectiveLUT.SampleCountPerSlice:2]]
[2021.06.04-11.00.17:985][  0]LogConfig: Setting CVar [[r.SkyAtmosphere.AerialPerspectiveLUT.DepthResolution:32.0]]
[2021.06.04-11.00.17:985][  0]LogConfig: Setting CVar [[r.SkyAtmosphere.FastSkyLUT:0]]
[2021.06.04-11.00.17:985][  0]LogConfig: Setting CVar [[r.SkyAtmosphere.FastSkyLUT.SampleCountMin:4.0]]
[2021.06.04-11.00.17:985][  0]LogConfig: Setting CVar [[r.SkyAtmosphere.FastSkyLUT.SampleCountMax:32.0]]
[2021.06.04-11.00.17:985][  0]LogConfig: Setting CVar [[r.SkyAtmosphere.SampleCountMin:8.0]]
[2021.06.04-11.00.17:985][  0]LogConfig: Setting CVar [[r.SkyAtmosphere.SampleCountMax:32.0]]
[2021.06.04-11.00.17:985][  0]LogConfig: Setting CVar [[r.SkyAtmosphere.TransmittanceLUT.UseSmallFormat:0]]
[2021.06.04-11.00.17:985][  0]LogConfig: Setting CVar [[r.SkyAtmosphere.TransmittanceLUT.SampleCount:30.0]]
[2021.06.04-11.00.17:985][  0]LogConfig: Setting CVar [[r.SkyAtmosphere.MultiScatteringLUT.SampleCount:20.0]]
[2021.06.04-11.00.17:985][  0]LogConfig: Applying CVar settings from Section [FoliageQuality@Cine] File [C:/Projects/Piotr_Starczewski_Imagine_Power/ImaginePower/Saved/Config/Windows/Scalability.ini]
[2021.06.04-11.00.17:985][  0]LogConfig: Setting CVar [[foliage.DensityScale:1.0]]
[2021.06.04-11.00.17:985][  0]LogConfig: Setting CVar [[grass.DensityScale:1.0]]
[2021.06.04-11.00.17:985][  0]LogConfig: Applying CVar settings from Section [ShadingQuality@Cine] File [C:/Projects/Piotr_Starczewski_Imagine_Power/ImaginePower/Saved/Config/Windows/Scalability.ini]
[2021.06.04-11.00.17:985][  0]LogConfig: Setting CVar [[r.HairStrands.SkyLighting.SampleCount:64]]
[2021.06.04-11.00.17:985][  0]LogConfig: Setting CVar [[r.HairStrands.SkyLighting.JitterIntegration:1]]
[2021.06.04-11.00.17:985][  0]LogConfig: Setting CVar [[r.HairStrands.SkyAO.SampleCount:32]]
[2021.06.04-11.00.17:985][  0]LogConfig: Setting CVar [[r.HairStrands.DeepShadow.SuperSampling:1]]
[2021.06.04-11.00.17:985][  0]LogConfig: Setting CVar [[r.HairStrands.RasterizationScale:1]]
[2021.06.04-11.00.17:985][  0]LogConfig: Setting CVar [[r.HairStrands.VelocityRasterizationScale:1]]
[2021.06.04-11.00.17:985][  0]LogConfig: Setting CVar [[r.HairStrands.VisibilityPPLL:1]]
[2021.06.04-11.00.17:985][  0]LogConfig: Applying CVar settings from Section [Startup] File [../../../Engine/Config/ConsoleVariables.ini]
[2021.06.04-11.00.17:985][  0]LogConfig: Setting CVar [[net.UseAdaptiveNetUpdateFrequency:0]]
[2021.06.04-11.00.17:985][  0]LogConfig: Setting CVar [[p.chaos.AllowCreatePhysxBodies:1]]
[2021.06.04-11.00.17:985][  0]LogConfig: Setting CVar [[fx.SkipVectorVMBackendOptimizations:1]]
[2021.06.04-11.00.17:985][  0]LogConfig: Applying CVar settings from Section [ConsoleVariables] File [C:/Projects/Piotr_Starczewski_Imagine_Power/ImaginePower/Saved/Config/Windows/Engine.ini]
[2021.06.04-11.00.17:985][  0]LogInit: Computer: WINDOWSSALAMI
[2021.06.04-11.00.17:986][  0]LogInit: User: Proti
[2021.06.04-11.00.17:986][  0]LogInit: CPU Page size=4096, Cores=6
[2021.06.04-11.00.17:986][  0]LogInit: High frequency timer resolution =10.000000 MHz
[2021.06.04-11.00.17:986][  0]LogMemory: Memory total: Physical=15.8GB (16GB approx)
[2021.06.04-11.00.17:986][  0]LogMemory: Platform Memory Stats for Windows
[2021.06.04-11.00.17:986][  0]LogMemory: Process Physical Memory: 121.06 MB used, 121.07 MB peak
[2021.06.04-11.00.17:986][  0]LogMemory: Process Virtual Memory: 100.61 MB used, 100.61 MB peak
[2021.06.04-11.00.17:986][  0]LogMemory: Physical Memory: 7529.93 MB used,  8694.54 MB free, 16224.46 MB total
[2021.06.04-11.00.17:986][  0]LogMemory: Virtual Memory: 5174.58 MB used,  134212552.00 MB free, 134217728.00 MB total
[2021.06.04-11.00.17:991][  0]LogWindows: WindowsPlatformFeatures enabled
[2021.06.04-11.00.18:023][  0]LogInit: Physics initialised using underlying interface: PhysX
[2021.06.04-11.00.18:026][  0]LogInit: Using OS detected language (en-US).
[2021.06.04-11.00.18:026][  0]LogInit: Using OS detected locale (en-AT).
[2021.06.04-11.00.18:029][  0]LogTextLocalizationManager: No specific localization for 'en-US' exists, so the 'en' localization will be used.
[2021.06.04-11.00.18:154][  0]LogInit: Setting process to per monitor DPI aware
[2021.06.04-11.00.18:186][  0]LogSlate: New Slate User Created.  User Index 0, Is Virtual User: 0
[2021.06.04-11.00.18:186][  0]LogSlate: Slate User Registered.  User Index 0, Is Virtual User: 0
[2021.06.04-11.00.18:301][  0]LogHMD: Failed to initialize OpenVR with code 110
[2021.06.04-11.00.18:301][  0]LogD3D11RHI: D3D11 min allowed feature level: 11_0
[2021.06.04-11.00.18:301][  0]LogD3D11RHI: D3D11 max allowed feature level: 11_0
[2021.06.04-11.00.18:301][  0]LogD3D11RHI: D3D11 adapters:
[2021.06.04-11.00.18:409][  0]LogD3D11RHI:    0. 'NVIDIA GeForce RTX 2060' (Feature Level 11_0)
[2021.06.04-11.00.18:409][  0]LogD3D11RHI:       5980/0/8112 MB DedicatedVideo/DedicatedSystem/SharedSystem, Outputs:1, VendorId:0x10de
[2021.06.04-11.00.18:435][  0]LogD3D11RHI:    1. 'Intel(R) UHD Graphics 630' (Feature Level 11_0)
[2021.06.04-11.00.18:435][  0]LogD3D11RHI:       128/0/8112 MB DedicatedVideo/DedicatedSystem/SharedSystem, Outputs:0, VendorId:0x8086
[2021.06.04-11.00.18:437][  0]LogD3D11RHI:    2. 'Microsoft Basic Render Driver' (Feature Level 11_0)
[2021.06.04-11.00.18:437][  0]LogD3D11RHI:       0/0/8112 MB DedicatedVideo/DedicatedSystem/SharedSystem, Outputs:0, VendorId:0x1414
[2021.06.04-11.00.18:437][  0]LogD3D11RHI: Chosen D3D11 Adapter: 0
[2021.06.04-11.00.18:441][  0]LogD3D11RHI: Creating new Direct3DDevice
[2021.06.04-11.00.18:442][  0]LogD3D11RHI:     GPU DeviceId: 0x1f11 (for the marketing name, search the web for "GPU Device Id")
[2021.06.04-11.00.18:442][  0]LogWindows: EnumDisplayDevices:
[2021.06.04-11.00.18:442][  0]LogWindows:    0. 'Intel(R) UHD Graphics 630' (P:1 D:1)
[2021.06.04-11.00.18:442][  0]LogWindows:    1. 'Intel(R) UHD Graphics 630' (P:0 D:0)
[2021.06.04-11.00.18:442][  0]LogWindows:    2. 'Intel(R) UHD Graphics 630' (P:0 D:0)
[2021.06.04-11.00.18:442][  0]LogWindows:    3. 'NVIDIA GeForce RTX 2060' (P:0 D:0)
[2021.06.04-11.00.18:442][  0]LogWindows:    4. 'NVIDIA GeForce RTX 2060' (P:0 D:0)
[2021.06.04-11.00.18:442][  0]LogWindows:    5. 'NVIDIA GeForce RTX 2060' (P:0 D:0)
[2021.06.04-11.00.18:443][  0]LogWindows:    6. 'NVIDIA GeForce RTX 2060' (P:0 D:0)
[2021.06.04-11.00.18:443][  0]LogWindows: DebugString: PrimaryIsNotTheChoosenAdapter PrimaryIsNotTheChoosenAdapter PrimaryIsNotTheChoosenAdapter FoundDriverCount:4 
[2021.06.04-11.00.18:443][  0]LogD3D11RHI:     Adapter Name: NVIDIA GeForce RTX 2060
[2021.06.04-11.00.18:443][  0]LogD3D11RHI:   Driver Version: 465.89 (internal:27.21.14.6589, unified:465.89)
[2021.06.04-11.00.18:443][  0]LogD3D11RHI:      Driver Date: 3-25-2021
[2021.06.04-11.00.18:443][  0]LogRHI: Texture pool is 4186 MB (70% of 5980 MB)
[2021.06.04-11.00.18:511][  0]LogD3D11RHI: RHI has support for 64 bit atomics
[2021.06.04-11.00.18:511][  0]LogD3D11RHI: Async texture creation enabled
[2021.06.04-11.00.18:511][  0]LogD3D11RHI: Array index from any shader is supported
[2021.06.04-11.00.18:523][  0]LogD3D11RHI: GPU Timing Frequency: 1000.000000 (Debug: 2 1)
[2021.06.04-11.00.18:756][  0]LogTargetPlatformManager: Display: Loaded TargetPlatform 'AllDesktop'
[2021.06.04-11.00.18:772][  0]LogTargetPlatformManager: Display: Loaded TargetPlatform 'Android'
[2021.06.04-11.00.18:772][  0]LogTargetPlatformManager: Display: Loaded TargetPlatform 'Android_ASTC'
[2021.06.04-11.00.18:772][  0]LogTargetPlatformManager: Display: Loaded TargetPlatform 'Android_DXT'
[2021.06.04-11.00.18:772][  0]LogTargetPlatformManager: Display: Loaded TargetPlatform 'Android_ETC2'
[2021.06.04-11.00.18:772][  0]LogTargetPlatformManager: Display: Loaded TargetPlatform 'AndroidClient'
[2021.06.04-11.00.18:772][  0]LogTargetPlatformManager: Display: Loaded TargetPlatform 'Android_ASTCClient'
[2021.06.04-11.00.18:772][  0]LogTargetPlatformManager: Display: Loaded TargetPlatform 'Android_DXTClient'
[2021.06.04-11.00.18:772][  0]LogTargetPlatformManager: Display: Loaded TargetPlatform 'Android_ETC2Client'
[2021.06.04-11.00.18:772][  0]LogTargetPlatformManager: Display: Loaded TargetPlatform 'Android_Multi'
[2021.06.04-11.00.18:772][  0]LogTargetPlatformManager: Display: Loaded TargetPlatform 'Android_MultiClient'
[2021.06.04-11.00.18:791][  0]LogTargetPlatformManager: Display: Loaded TargetPlatform 'IOSClient'
[2021.06.04-11.00.18:791][  0]LogTargetPlatformManager: Display: Loaded TargetPlatform 'IOS'
[2021.06.04-11.00.18:798][  0]LogTargetPlatformManager: Display: Loaded TargetPlatform 'Linux'
[2021.06.04-11.00.18:805][  0]LogTargetPlatformManager: Display: Loaded TargetPlatform 'LinuxNoEditor'
[2021.06.04-11.00.18:812][  0]LogTargetPlatformManager: Display: Loaded TargetPlatform 'LinuxClient'
[2021.06.04-11.00.18:819][  0]LogTargetPlatformManager: Display: Loaded TargetPlatform 'LinuxServer'
[2021.06.04-11.00.18:825][  0]LogTargetPlatformManager: Display: Loaded TargetPlatform 'LinuxAArch64NoEditor'
[2021.06.04-11.00.18:832][  0]LogTargetPlatformManager: Display: Loaded TargetPlatform 'LinuxAArch64Client'
[2021.06.04-11.00.18:839][  0]LogTargetPlatformManager: Display: Loaded TargetPlatform 'LinuxAArch64Server'
[2021.06.04-11.00.18:859][  0]LogTargetPlatformManager: Display: Loaded TargetPlatform 'Lumin'
[2021.06.04-11.00.18:859][  0]LogTargetPlatformManager: Display: Loaded TargetPlatform 'LuminClient'
[2021.06.04-11.00.18:872][  0]LogTargetPlatformManager: Display: Loaded TargetPlatform 'TVOSClient'
[2021.06.04-11.00.18:872][  0]LogTargetPlatformManager: Display: Loaded TargetPlatform 'TVOS'
[2021.06.04-11.00.18:879][  0]LogTargetPlatformManager: Display: Loaded TargetPlatform 'WindowsNoEditor'
[2021.06.04-11.00.18:886][  0]LogTargetPlatformManager: Display: Loaded TargetPlatform 'Windows'
[2021.06.04-11.00.18:893][  0]LogTargetPlatformManager: Display: Loaded TargetPlatform 'WindowsClient'
[2021.06.04-11.00.18:900][  0]LogTargetPlatformManager: Display: Loaded TargetPlatform 'WindowsServer'
[2021.06.04-11.00.18:900][  0]LogTargetPlatformManager: Display: Building Assets For Windows
[2021.06.04-11.00.18:905][  0]LogAudioDebug: Display: Lib vorbis DLL was dynamically loaded.
[2021.06.04-11.00.18:944][  0]LogShaderCompilers: Guid format shader working directory is -25 characters bigger than the processId version (../../../../../../Projects/Piotr_Starczewski_Imagine_Power/ImaginePower/Intermediate/Shaders/WorkingDirectory/1216/).
[2021.06.04-11.00.18:945][  0]LogShaderCompilers: Cleaned the shader compiler working directory 'C:/Users/Proti/AppData/Local/Temp/UnrealShaderWorkingDir/D11181C94740722C172782AF1471E4B7/'.
[2021.06.04-11.00.18:945][  0]LogXGEController: Cleaning working directory: C:/Users/Proti/AppData/Local/Temp/UnrealXGEWorkingDir/
[2021.06.04-11.00.18:946][  0]LogXGEController: Cannot use XGE Controller as Incredibuild is not installed on this machine.
[2021.06.04-11.00.18:946][  0]LogShaderCompilers: Cannot use XGE Shader Compiler as Incredibuild is not installed on this machine.
[2021.06.04-11.00.18:946][  0]LogShaderCompilers: Display: Using Local Shader Compiler.
[2021.06.04-11.00.19:573][  0]LogDerivedDataCache: Display: Max Cache Size: 512 MB
[2021.06.04-11.00.19:616][  0]LogDerivedDataCache: Loaded boot cache 0.04s 79MB C:/Users/Proti/AppData/Local/UnrealEngine/4.25/DerivedDataCache/Boot.ddc.
[2021.06.04-11.00.19:617][  0]LogDerivedDataCache: Display: Loaded Boot cache: C:/Users/Proti/AppData/Local/UnrealEngine/4.25/DerivedDataCache/Boot.ddc
[2021.06.04-11.00.19:617][  0]LogDerivedDataCache: FDerivedDataBackendGraph:  Pak pak cache file ../../../../../../Projects/Piotr_Starczewski_Imagine_Power/ImaginePower/DerivedDataCache/DDC.ddp not found, will not use a pak cache.
[2021.06.04-11.00.19:617][  0]LogDerivedDataCache: Unable to find inner node Pak for hierarchical cache Hierarchy.
[2021.06.04-11.00.19:617][  0]LogDerivedDataCache: FDerivedDataBackendGraph:  CompressedPak pak cache file ../../../../../../Projects/Piotr_Starczewski_Imagine_Power/ImaginePower/DerivedDataCache/Compressed.ddp not found, will not use a pak cache.
[2021.06.04-11.00.19:617][  0]LogDerivedDataCache: Unable to find inner node CompressedPak for hierarchical cache Hierarchy.
[2021.06.04-11.00.19:625][  0]LogDerivedDataCache: Display: Pak cache opened for reading ../../../Engine/DerivedDataCache/Compressed.ddp.
[2021.06.04-11.00.19:625][  0]LogDerivedDataCache: FDerivedDataBackendGraph:  EnterprisePak pak cache file ../../../Enterprise/DerivedDataCache/Compressed.ddp not found, will not use a pak cache.
[2021.06.04-11.00.19:625][  0]LogDerivedDataCache: Unable to find inner node EnterprisePak for hierarchical cache Hierarchy.
[2021.06.04-11.00.19:626][  0]LogDerivedDataCache: Using Local data cache path C:/Users/Proti/AppData/Local/UnrealEngine/Common/DerivedDataCache: Writable
[2021.06.04-11.00.19:626][  0]LogDerivedDataCache: Shared data cache path not found in *engine.ini, will not use an Shared cache.
[2021.06.04-11.00.19:626][  0]LogDerivedDataCache: Unable to find inner node Shared for hierarchical cache Hierarchy.
[2021.06.04-11.00.19:668][  0]LogSlate: Using FreeType 2.10.0
[2021.06.04-11.00.19:668][  0]LogSlate: SlateFontServices - WITH_FREETYPE: 1, WITH_HARFBUZZ: 1
[2021.06.04-11.00.19:691][  0]LogAssetRegistry: FAssetRegistry took 0.0019 seconds to start up
[2021.06.04-11.00.19:873][  0]LogInit: Selected Device Profile: [Windows]
[2021.06.04-11.00.19:960][  0]LogMeshReduction: Using QuadricMeshReduction for automatic static mesh reduction
[2021.06.04-11.00.19:960][  0]LogMeshReduction: Using SimplygonMeshReduction for automatic skeletal mesh reduction
[2021.06.04-11.00.19:960][  0]LogMeshReduction: Using ProxyLODMeshReduction for automatic mesh merging
[2021.06.04-11.00.19:960][  0]LogMeshReduction: No distributed automatic mesh merging module available
[2021.06.04-11.00.19:960][  0]LogMeshMerging: No distributed automatic mesh merging module available
[2021.06.04-11.00.19:971][  0]LogNetVersion: ImaginePower 1.0.0, NetCL: 13144385, EngineNetVer: 14, GameNetVer: 0 (Checksum: 3019717282)
[2021.06.04-11.00.20:325][  0]LogAISub: UAISubsystem::UAISubsystem AISubsystem (0000024E1ACE9C40), frame # 0
[2021.06.04-11.00.20:325][  0]LogAISub: UAISubsystem::UAISubsystem AIPerceptionSystem (0000024E1AC3CCC0), frame # 0
[2021.06.04-11.00.20:327][  0]LogAISub: UAISubsystem::UAISubsystem EnvQueryManager (0000024E1ACB8800), frame # 0
[2021.06.04-11.00.20:353][  0]LogPackageLocalizationCache: Processed 21 localized package path(s) for 1 prioritized culture(s) in 0.021334 seconds
[2021.06.04-11.00.20:356][  0]LogUObjectArray: 15917 objects as part of root set at end of initial load.
[2021.06.04-11.00.20:356][  0]LogUObjectAllocator: 3965568 out of 0 bytes used by permanent object pool.
[2021.06.04-11.00.20:357][  0]LogUObjectArray: CloseDisregardForGC: 0/0 objects in disregard for GC pool
[2021.06.04-11.00.20:529][  0]LogPython: Using Python 2.7.14
[2021.06.04-11.00.21:195][  0]LogTcpMessaging: Initializing TcpMessaging bridge
[2021.06.04-11.00.21:198][  0]LogUdpMessaging: Initializing bridge on interface 0.0.0.0:0 to multicast group 230.0.0.1:6666.
[2021.06.04-11.00.21:373][  0]SourceControl: Source control is disabled
[2021.06.04-11.00.21:373][  0]SourceControl: Source control is disabled
[2021.06.04-11.00.21:375][  0]SourceControl: Source control is disabled
[2021.06.04-11.00.21:377][  0]SourceControl: Source control is disabled
[2021.06.04-11.00.21:382][  0]SourceControl: Source control is disabled
[2021.06.04-11.00.21:601][  0]LogAndroidPermission: UAndroidPermissionCallbackProxy::GetInstance
[2021.06.04-11.00.21:622][  0]LogAudioCaptureCore: Display: No Audio Capture implementations found. Audio input will be silent.
[2021.06.04-11.00.21:622][  0]LogAudioCaptureCore: Display: No Audio Capture implementations found. Audio input will be silent.
[2021.06.04-11.00.21:679][  0]LogOcInput: OculusInput pre-init called
[2021.06.04-11.00.21:687][  0]LogWindows: Failed to load 'OVRPlugin.dll' (GetLastError=126)
[2021.06.04-11.00.21:687][  0]LogWindows: File 'OVRPlugin.dll' does not exist
[2021.06.04-11.00.22:033][  0]LogEngine: Initializing Engine...
[2021.06.04-11.00.22:034][  0]LogHMD: Failed to initialize OpenVR with code 110
[2021.06.04-11.00.22:034][  0]LogMagicLeap: Warning: VR disabled because ZI is not enabled.  To enable, in the editor, Edit -> Project Settings -> Plugins -> Magic Leap Plugin -> Enable Zero Iteration
[2021.06.04-11.00.22:035][  0]LogStats: UGameplayTagsManager::InitializeManager -  0.000 s
[2021.06.04-11.00.22:123][  0]LogInit: Initializing FReadOnlyCVARCache
[2021.06.04-11.00.22:130][  0]LogAIModule: Creating AISystem for world Untitled
[2021.06.04-11.00.22:131][  0]LogAISub: UAISubsystem::UAISubsystem EnvQueryManager (0000024E25A89A00), frame # 0
[2021.06.04-11.00.22:131][  0]LogAISub: UAISubsystem::UAISubsystem AIPerceptionSystem (0000024E25AAAE80), frame # 0
[2021.06.04-11.00.22:141][  0]LogAudioMixer: Display: Audio Mixer Platform Settings:
[2021.06.04-11.00.22:142][  0]LogAudioMixer: Display: 	Sample Rate:						  48000
[2021.06.04-11.00.22:142][  0]LogAudioMixer: Display: 	Callback Buffer Frame Size Requested: 1024
[2021.06.04-11.00.22:142][  0]LogAudioMixer: Display: 	Callback Buffer Frame Size To Use:	  1024
[2021.06.04-11.00.22:142][  0]LogAudioMixer: Display: 	Number of buffers to queue:			  2
[2021.06.04-11.00.22:142][  0]LogAudioMixer: Display: 	Max Channels (voices):				  32
[2021.06.04-11.00.22:142][  0]LogAudioMixer: Display: 	Number of Async Source Workers:		  0
[2021.06.04-11.00.22:142][  0]LogAudio: Display: AudioDevice MaxSources: 32
[2021.06.04-11.00.22:142][  0]LogAudio: Display: Using built-in audio occlusion.
[2021.06.04-11.00.22:142][  0]LogAudioMixer: Display: Initializing audio mixer.
[2021.06.04-11.00.22:156][  0]LogAudioMixer: Display: 0: FrontLeft
[2021.06.04-11.00.22:156][  0]LogAudioMixer: Display: 1: FrontRight
[2021.06.04-11.00.22:200][  0]LogAudioMixer: Display: Using Audio Device Speakers (Realtek(R) Audio)
[2021.06.04-11.00.22:202][  0]LogAudioMixer: Display: Initializing Sound Submixes...
[2021.06.04-11.00.22:204][  0]LogAudioMixer: Display: Creating Master Submix 'MasterSubmixDefault'
[2021.06.04-11.00.22:204][  0]LogAudioMixer: Display: Creating Master Submix 'MasterReverbSubmixDefault'
[2021.06.04-11.00.22:205][  0]LogAudioMixer: Display: Creating Master Submix 'MasterEQSubmixDefault'
[2021.06.04-11.00.22:205][  0]LogInit: FAudioDevice initialized.
[2021.06.04-11.00.22:205][  0]LogNetVersion: Set ProjectVersion to 1.0.0.0. Version Checksum will be recalculated on next use.
[2021.06.04-11.00.22:249][  0]LogDerivedDataCache: Saved boot cache 0.04s 79MB C:/Users/Proti/AppData/Local/UnrealEngine/4.25/DerivedDataCache/Boot.ddc.
[2021.06.04-11.00.22:251][  0]LogInit: Texture streaming: Enabled
[2021.06.04-11.00.22:262][  0]LogEngineSessionManager: EngineSessionManager initialized
[2021.06.04-11.00.22:262][  0]LogEngineSessionManager: EngineSessionManager sent abnormal shutdown report. Type=Crashed, SessionId={17781759-40B8-EDBD-7EBE-A9B2F0C8B23E}
[2021.06.04-11.00.22:262][  0]LogEditorSessionSummary: Verbose: Initializing EditorSessionSummaryWriter for editor session tracking
[2021.06.04-11.00.22:263][  0]LogEditorSessionSummary: EditorSessionSummaryWriter initialized
[2021.06.04-11.00.22:296][  0]LogInit: Transaction tracking system initialized
[2021.06.04-11.00.22:310][  0]BlueprintLog: New page: Editor Load
[2021.06.04-11.00.22:361][  0]LocalizationService: Localization service is disabled
[2021.06.04-11.00.22:472][  0]LogCook: Display: Max memory allowance for cook 16384mb min free memory 0mb
[2021.06.04-11.00.22:472][  0]LogCook: Display: Mobile HDR setting 1
[2021.06.04-11.00.22:580][  0]LogFileCache: Scanning file cache for directory 'C:/Projects/Piotr_Starczewski_Imagine_Power/ImaginePower/Content/' took 0.00s
[2021.06.04-11.00.22:747][  0]SourceControl: Source control is disabled
[2021.06.04-11.00.22:747][  0]LogUnrealEdMisc: Loading editor; pre map load, took 5.784
[2021.06.04-11.00.22:747][  0]Cmd: MAP LOAD FILE="../../../../../../Projects/Piotr_Starczewski_Imagine_Power/ImaginePower/Content/FirstPersonCPP/Maps/FirstPersonExampleMap.umap" TEMPLATE=0 SHOWPROGRESS=1 FEATURELEVEL=3
[2021.06.04-11.00.22:748][  0]LightingResults: New page: Lighting Build
[2021.06.04-11.00.22:748][  0]LogWorld: UWorld::CleanupWorld for Untitled, bSessionEnded=true, bCleanupResources=true
[2021.06.04-11.00.22:749][  0]LogSlate: InvalidateAllWidgets triggered.  All widgets were invalidated
[2021.06.04-11.00.22:749][  0]MapCheck: New page: Map Check
[2021.06.04-11.00.22:749][  0]LightingResults: New page: Lighting Build
[2021.06.04-11.00.22:757][  0]LogAISub: UAISubsystem::~UAISubsystem EnvQueryManager (0000024E25A89A00), frame # 0
[2021.06.04-11.00.22:757][  0]LogAISub: UAISubsystem::~UAISubsystem AIPerceptionSystem (0000024E25AAAE80), frame # 0
[2021.06.04-11.00.22:758][  0]LogUObjectHash: Compacting FUObjectHashTables data took   0.65ms
[2021.06.04-11.00.22:823][  0]LogAIModule: Creating AISystem for world FirstPersonExampleMap
[2021.06.04-11.00.22:823][  0]LogAISub: UAISubsystem::UAISubsystem EnvQueryManager (0000024E0FDBFE00), frame # 0
[2021.06.04-11.00.22:823][  0]LogAISub: UAISubsystem::UAISubsystem AIPerceptionSystem (0000024E2448E840), frame # 0
[2021.06.04-11.00.22:826][  0]LogEditorServer: Finished looking for orphan Actors (0.000 secs)
[2021.06.04-11.00.22:838][  0]LogUObjectHash: Compacting FUObjectHashTables data took   0.74ms
[2021.06.04-11.00.22:838][  0]Cmd: MAP CHECKDEP NOCLEARLOG
[2021.06.04-11.00.22:838][  0]MapCheck: Map check complete: 0 Error(s), 0 Warning(s), took 0,116ms to complete.
[2021.06.04-11.00.22:838][  0]LogFileHelpers: Loading map 'FirstPersonExampleMap' took 0.091
[2021.06.04-11.00.22:840][  0]LogUnrealEdMisc: Total Editor Startup Time, took 5.878
[2021.06.04-11.00.22:934][  0]LogSlate: Updating window title bar state: overlay mode, drag disabled, window buttons hidden, title bar hidden
[2021.06.04-11.00.22:939][  0]LogSlate: Updating window title bar state: overlay mode, drag disabled, window buttons hidden, title bar hidden
[2021.06.04-11.00.22:945][  0]LogSlate: Updating window title bar state: overlay mode, drag disabled, window buttons hidden, title bar hidden
[2021.06.04-11.00.22:950][  0]LogSlate: Updating window title bar state: overlay mode, drag disabled, window buttons hidden, title bar hidden
[2021.06.04-11.00.22:955][  0]LogCollectionManager: Loaded 0 collections in 0.001236 seconds
[2021.06.04-11.00.22:966][  0]LogFileCache: Scanning file cache for directory 'C:/Projects/Piotr_Starczewski_Imagine_Power/ImaginePower/Saved/Collections/' took 0.00s
[2021.06.04-11.00.22:966][  0]LogFileCache: Scanning file cache for directory 'C:/Projects/Piotr_Starczewski_Imagine_Power/ImaginePower/Content/Developers/Proti/Collections/' took 0.00s
[2021.06.04-11.00.22:966][  0]LogFileCache: Scanning file cache for directory 'C:/Projects/Piotr_Starczewski_Imagine_Power/ImaginePower/Content/Collections/' took 0.00s
[2021.06.04-11.00.22:966][  0]LogContentBrowser: Native class hierarchy populated in 0.0080 seconds. Added 3455 classes and 830 folders.
[2021.06.04-11.00.22:969][  0]LogContentBrowser: Native class hierarchy updated for 'WidgetCarousel' in 0.0003 seconds. Added 0 classes and 0 folders.
[2021.06.04-11.00.23:008][  0]LogContentBrowser: Native class hierarchy updated for 'AddContentDialog' in 0.0004 seconds. Added 0 classes and 0 folders.
[2021.06.04-11.00.23:015][  0]LogContentBrowser: Native class hierarchy updated for 'SceneOutliner' in 0.0003 seconds. Added 2 classes and 0 folders.
[2021.06.04-11.00.23:104][  0]LogSlate: Took 0.000158 seconds to synchronously load lazily loaded font '../../../Engine/Content/Slate/Fonts/Roboto-Regular.ttf' (155K)
[2021.06.04-11.00.23:106][  0]LogSlate: Took 0.000243 seconds to synchronously load lazily loaded font '../../../Engine/Content/Slate/Fonts/Roboto-Bold.ttf' (160K)
[2021.06.04-11.00.23:111][  0]LogSlate: Took 0.000133 seconds to synchronously load lazily loaded font '../../../Engine/Content/Editor/Slate/Fonts/FontAwesome.ttf' (139K)
[2021.06.04-11.00.23:162][  0]LogRenderer: Reallocating scene render targets to support 1024x608 Format 10 NumSamples 1 (Frame:1).
[2021.06.04-11.00.23:251][  0]LogContentBrowser: Native class hierarchy updated for 'HierarchicalLODOutliner' in 0.0004 seconds. Added 0 classes and 0 folders.
[2021.06.04-11.00.23:252][  0]LogLoad: (Engine Initialization) Total time: 6.29 seconds
[2021.06.04-11.00.23:252][  0]LogLoad: (Engine Initialization) Total Blueprint compile time: 0.00 seconds
[2021.06.04-11.00.23:295][  0]LogAssetRegistry: Asset discovery search completed in 3.6058 seconds
[2021.06.04-11.00.23:299][  0]LogCollectionManager: Fixed up redirectors for 0 collections in 0.000002 seconds (updated 0 objects)
[2021.06.04-11.00.23:300][  0]LogContentStreaming: Texture pool size now 3000 MB
[2021.06.04-11.00.23:428][  0]LogSlate: Took 0.000134 seconds to synchronously load lazily loaded font '../../../Engine/Content/Slate/Fonts/Roboto-Light.ttf' (167K)
[2021.06.04-11.00.24:287][ 51]LogSlate: Took 0.000194 seconds to synchronously load lazily loaded font '../../../Engine/Content/Slate/Fonts/Roboto-Light.ttf' (167K)
[2021.06.04-11.00.25:223][105]LogAssetEditorSubsystem: Opening Asset editor for WidgetBlueprint /Game/HUD/WB_InteractionMenu.WB_InteractionMenu
[2021.06.04-11.00.25:357][105]LogContentBrowser: Native class hierarchy updated for 'BlueprintGraph' in 0.0005 seconds. Added 125 classes and 0 folders.
[2021.06.04-11.00.26:320][105]LogSlate: Took 0.000130 seconds to synchronously load lazily loaded font '../../../Engine/Content/Slate/Fonts/Roboto-BoldCondensed.ttf' (158K)
[2021.06.04-11.00.29:355][210]LogTcpMessaging: Started Connection to '127.0.0.1:6666'
[2021.06.04-11.00.43:481][350]LogSlate: Window 'WB_InteractionMenu' being destroyed
[2021.06.04-11.00.46:736][543]LogSlate: Took 0.000134 seconds to synchronously load lazily loaded font '../../../Engine/Content/Slate/Fonts/Roboto-Italic.ttf' (157K)
[2021.06.04-11.01.01:607][434]LogTemp: Repeating last play command: Selected Viewport
[2021.06.04-11.01.01:617][434]BlueprintLog: New page: Pre-Play auto-recompile
[2021.06.04-11.01.01:617][434]LogPlayLevel: [PlayLevel] Compiling WB_InteractionMenu before play...
[2021.06.04-11.01.01:687][434]LogUObjectHash: Compacting FUObjectHashTables data took   3.00ms
[2021.06.04-11.01.01:689][434]LogPlayLevel: PlayLevel: Blueprint regeneration took 71 ms (1 blueprints)
[2021.06.04-11.01.01:689][434]PIE: New page: PIE session: FirstPersonExampleMap (4 Jun 2021, 15:01:01)
[2021.06.04-11.01.01:690][434]LogOnline: OSS: Creating online subsystem instance for: NULL
[2021.06.04-11.01.01:691][434]LogOnline: OSS: TryLoadSubsystemAndSetDefault: Loaded subsystem for module [NULL]
[2021.06.04-11.01.01:692][434]LogPlayLevel: Creating play world package: /Game/FirstPersonCPP/Maps/UEDPIE_0_FirstPersonExampleMap
[2021.06.04-11.01.01:703][434]LogPlayLevel: PIE: StaticDuplicateObject took: (0.011339s)
[2021.06.04-11.01.01:704][434]LogAIModule: Creating AISystem for world FirstPersonExampleMap
[2021.06.04-11.01.01:704][434]LogAISub: UAISubsystem::UAISubsystem EnvQueryManager (0000024E92589C00), frame # 1434
[2021.06.04-11.01.01:704][434]LogAISub: UAISubsystem::UAISubsystem AIPerceptionSystem (0000024E369ECE00), frame # 1434
[2021.06.04-11.01.01:704][434]LogPlayLevel: PIE: World Init took: (0.001203s)
[2021.06.04-11.01.01:704][434]LogPlayLevel: PIE: Created PIE world by copying editor world from /Game/FirstPersonCPP/Maps/FirstPersonExampleMap.FirstPersonExampleMap to /Game/FirstPersonCPP/Maps/UEDPIE_0_FirstPersonExampleMap.FirstPersonExampleMap (0.012701s)
[2021.06.04-11.01.01:731][434]LogUObjectHash: Compacting FUObjectHashTables data took   2.29ms
[2021.06.04-11.01.01:731][434]LogAudioMixer: Display: Audio Mixer Platform Settings:
[2021.06.04-11.01.01:731][434]LogAudioMixer: Display: 	Sample Rate:						  48000
[2021.06.04-11.01.01:731][434]LogAudioMixer: Display: 	Callback Buffer Frame Size Requested: 1024
[2021.06.04-11.01.01:731][434]LogAudioMixer: Display: 	Callback Buffer Frame Size To Use:	  1024
[2021.06.04-11.01.01:731][434]LogAudioMixer: Display: 	Number of buffers to queue:			  2
[2021.06.04-11.01.01:731][434]LogAudioMixer: Display: 	Max Channels (voices):				  32
[2021.06.04-11.01.01:731][434]LogAudioMixer: Display: 	Number of Async Source Workers:		  0
[2021.06.04-11.01.01:732][434]LogAudio: Display: AudioDevice MaxSources: 32
[2021.06.04-11.01.01:732][434]LogAudio: Display: Using built-in audio occlusion.
[2021.06.04-11.01.01:732][434]LogAudioMixer: Display: Initializing audio mixer.
[2021.06.04-11.01.01:733][434]LogAudioMixer: Display: 0: FrontLeft
[2021.06.04-11.01.01:733][434]LogAudioMixer: Display: 1: FrontRight
[2021.06.04-11.01.01:740][434]LogAudioMixer: Display: Using Audio Device Speakers (Realtek(R) Audio)
[2021.06.04-11.01.01:740][434]LogAudioMixer: Display: Initializing Sound Submixes...
[2021.06.04-11.01.01:740][434]LogAudioMixer: Display: Creating Master Submix 'MasterSubmixDefault'
[2021.06.04-11.01.01:740][434]LogAudioMixer: Display: Creating Master Submix 'MasterReverbSubmixDefault'
[2021.06.04-11.01.01:740][434]LogAudioMixer: Display: Creating Master Submix 'MasterEQSubmixDefault'
[2021.06.04-11.01.01:751][434]LogInit: FAudioDevice initialized.
[2021.06.04-11.01.01:759][434]LogLoad: Game class is 'ImaginePowerGameMode'
[2021.06.04-11.01.01:761][434]LogWorld: Bringing World /Game/FirstPersonCPP/Maps/UEDPIE_0_FirstPersonExampleMap.FirstPersonExampleMap up for play (max tick rate 60) at 2021.06.04-13.01.01
[2021.06.04-11.01.01:761][434]LogWorld: Bringing up level for play took: 0.001493
[2021.06.04-11.01.01:761][434]LogOnline: OSS: Creating online subsystem instance for: :Context_3
[2021.06.04-11.01.01:763][434]LogContentBrowser: Native class hierarchy updated for 'MovieSceneCapture' in 0.0004 seconds. Added 20 classes and 0 folders.
[2021.06.04-11.01.01:764][434]LogSkinnedMeshComp: Warning: GetSocketByName(GripPoint): No SkeletalMesh for Component(CharacterMesh1P) Actor(ImaginePowerCharacter_1)
[2021.06.04-11.01.01:764][434]LogSkinnedMeshComp: Warning: GetSocketByName(GripPoint): No SkeletalMesh for Component(CharacterMesh1P) Actor(ImaginePowerCharacter_1)
[2021.06.04-11.01.01:764][434]PIE: Server logged in
[2021.06.04-11.01.01:765][434]PIE: Play in editor total start time 0,149 seconds.
[2021.06.04-11.01.01:766][434]LogSkinnedMeshComp: Warning: GetSocketByName(GripPoint): No SkeletalMesh for Component(CharacterMesh1P) Actor(ImaginePowerCharacter_1)
[2021.06.04-11.01.02:061][435]LogSkinnedMeshComp: Warning: GetSocketByName(GripPoint): No SkeletalMesh for Component(CharacterMesh1P) Actor(ImaginePowerCharacter_1)
[2021.06.04-11.01.02:061][435]LogSkinnedMeshComp: Warning: GetSocketByName(GripPoint): No SkeletalMesh for Component(CharacterMesh1P) Actor(ImaginePowerCharacter_1)
[2021.06.04-11.01.02:072][436]LogSkinnedMeshComp: Warning: GetSocketByName(GripPoint): No SkeletalMesh for Component(CharacterMesh1P) Actor(ImaginePowerCharacter_1)
[2021.06.04-11.01.02:072][436]LogSkinnedMeshComp: Warning: GetSocketByName(GripPoint): No SkeletalMesh for Component(CharacterMesh1P) Actor(ImaginePowerCharacter_1)
[2021.06.04-11.01.02:073][436]LogSkinnedMeshComp: Warning: GetSocketByName(GripPoint): No SkeletalMesh for Component(CharacterMesh1P) Actor(ImaginePowerCharacter_1)
[2021.06.04-11.01.02:084][437]LogSkinnedMeshComp: Warning: GetSocketByName(GripPoint): No SkeletalMesh for Component(CharacterMesh1P) Actor(ImaginePowerCharacter_1)
[2021.06.04-11.01.02:084][437]LogSkinnedMeshComp: Warning: GetSocketByName(GripPoint): No SkeletalMesh for Component(CharacterMesh1P) Actor(ImaginePowerCharacter_1)
[2021.06.04-11.01.02:084][437]LogSkinnedMeshComp: Warning: GetSocketByName(GripPoint): No SkeletalMesh for Component(CharacterMesh1P) Actor(ImaginePowerCharacter_1)
[2021.06.04-11.01.02:100][438]LogSkinnedMeshComp: Warning: GetSocketByName(GripPoint): No SkeletalMesh for Component(CharacterMesh1P) Actor(ImaginePowerCharacter_1)
[2021.06.04-11.01.02:101][438]LogSkinnedMeshComp: Warning: GetSocketByName(GripPoint): No SkeletalMesh for Component(CharacterMesh1P) Actor(ImaginePowerCharacter_1)
[2021.06.04-11.01.02:101][438]LogSkinnedMeshComp: Warning: GetSocketByName(GripPoint): No SkeletalMesh for Component(CharacterMesh1P) Actor(ImaginePowerCharacter_1)
[2021.06.04-11.01.02:117][439]LogSkinnedMeshComp: Warning: GetSocketByName(GripPoint): No SkeletalMesh for Component(CharacterMesh1P) Actor(ImaginePowerCharacter_1)
[2021.06.04-11.01.02:117][439]LogSkinnedMeshComp: Warning: GetSocketByName(GripPoint): No SkeletalMesh for Component(CharacterMesh1P) Actor(ImaginePowerCharacter_1)
[2021.06.04-11.01.02:118][439]LogSkinnedMeshComp: Warning: GetSocketByName(GripPoint): No SkeletalMesh for Component(CharacterMesh1P) Actor(ImaginePowerCharacter_1)
[2021.06.04-11.01.02:134][440]LogSkinnedMeshComp: Warning: GetSocketByName(GripPoint): No SkeletalMesh for Component(CharacterMesh1P) Actor(ImaginePowerCharacter_1)
[2021.06.04-11.01.02:135][440]LogSkinnedMeshComp: Warning: GetSocketByName(GripPoint): No SkeletalMesh for Component(CharacterMesh1P) Actor(ImaginePowerCharacter_1)
[2021.06.04-11.01.02:135][440]LogSkinnedMeshComp: Warning: GetSocketByName(GripPoint): No SkeletalMesh for Component(CharacterMesh1P) Actor(ImaginePowerCharacter_1)
[2021.06.04-11.01.02:151][441]LogSkinnedMeshComp: Warning: GetSocketByName(GripPoint): No SkeletalMesh for Component(CharacterMesh1P) Actor(ImaginePowerCharacter_1)
[2021.06.04-11.01.02:151][441]LogSkinnedMeshComp: Warning: GetSocketByName(GripPoint): No SkeletalMesh for Component(CharacterMesh1P) Actor(ImaginePowerCharacter_1)
[2021.06.04-11.01.02:152][441]LogSkinnedMeshComp: Warning: GetSocketByName(GripPoint): No SkeletalMesh for Component(CharacterMesh1P) Actor(ImaginePowerCharacter_1)
[2021.06.04-11.01.02:168][442]LogSkinnedMeshComp: Warning: GetSocketByName(GripPoint): No SkeletalMesh for Component(CharacterMesh1P) Actor(ImaginePowerCharacter_1)
[2021.06.04-11.01.02:168][442]LogSkinnedMeshComp: Warning: GetSocketByName(GripPoint): No SkeletalMesh for Component(CharacterMesh1P) Actor(ImaginePowerCharacter_1)
[2021.06.04-11.01.02:168][442]LogSkinnedMeshComp: Warning: GetSocketByName(GripPoint): No SkeletalMesh for Component(CharacterMesh1P) Actor(ImaginePowerCharacter_1)
[2021.06.04-11.01.02:184][443]LogSkinnedMeshComp: Warning: GetSocketByName(GripPoint): No SkeletalMesh for Component(CharacterMesh1P) Actor(ImaginePowerCharacter_1)
[2021.06.04-11.01.02:184][443]LogSkinnedMeshComp: Warning: GetSocketByName(GripPoint): No SkeletalMesh for Component(CharacterMesh1P) Actor(ImaginePowerCharacter_1)
[2021.06.04-11.01.02:185][443]LogSkinnedMeshComp: Warning: GetSocketByName(GripPoint): No SkeletalMesh for Component(CharacterMesh1P) Actor(ImaginePowerCharacter_1)
[2021.06.04-11.01.02:201][444]LogSkinnedMeshComp: Warning: GetSocketByName(GripPoint): No SkeletalMesh for Component(CharacterMesh1P) Actor(ImaginePowerCharacter_1)
[2021.06.04-11.01.02:201][444]LogSkinnedMeshComp: Warning: GetSocketByName(GripPoint): No SkeletalMesh for Component(CharacterMesh1P) Actor(ImaginePowerCharacter_1)
[2021.06.04-11.01.02:201][444]LogSkinnedMeshComp: Warning: GetSocketByName(GripPoint): No SkeletalMesh for Component(CharacterMesh1P) Actor(ImaginePowerCharacter_1)
[2021.06.04-11.01.02:217][445]LogSkinnedMeshComp: Warning: GetSocketByName(GripPoint): No SkeletalMesh for Component(CharacterMesh1P) Actor(ImaginePowerCharacter_1)
[2021.06.04-11.01.02:217][445]LogSkinnedMeshComp: Warning: GetSocketByName(GripPoint): No SkeletalMesh for Component(CharacterMesh1P) Actor(ImaginePowerCharacter_1)
[2021.06.04-11.01.02:234][446]LogSkinnedMeshComp: Warning: GetSocketByName(GripPoint): No SkeletalMesh for Component(CharacterMesh1P) Actor(ImaginePowerCharacter_1)
[2021.06.04-11.01.02:234][446]LogSkinnedMeshComp: Warning: GetSocketByName(GripPoint): No SkeletalMesh for Component(CharacterMesh1P) Actor(ImaginePowerCharacter_1)
[2021.06.04-11.01.02:251][447]LogSkinnedMeshComp: Warning: GetSocketByName(GripPoint): No SkeletalMesh for Component(CharacterMesh1P) Actor(ImaginePowerCharacter_1)
[2021.06.04-11.01.02:251][447]LogSkinnedMeshComp: Warning: GetSocketByName(GripPoint): No SkeletalMesh for Component(CharacterMesh1P) Actor(ImaginePowerCharacter_1)
[2021.06.04-11.01.02:251][447]LogSkinnedMeshComp: Warning: GetSocketByName(GripPoint): No SkeletalMesh for Component(CharacterMesh1P) Actor(ImaginePowerCharacter_1)
[2021.06.04-11.01.02:267][448]LogSkinnedMeshComp: Warning: GetSocketByName(GripPoint): No SkeletalMesh for Component(CharacterMesh1P) Actor(ImaginePowerCharacter_1)
[2021.06.04-11.01.02:267][448]LogSkinnedMeshComp: Warning: GetSocketByName(GripPoint): No SkeletalMesh for Component(CharacterMesh1P) Actor(ImaginePowerCharacter_1)
[2021.06.04-11.01.02:284][449]LogSkinnedMeshComp: Warning: GetSocketByName(GripPoint): No SkeletalMesh for Component(CharacterMesh1P) Actor(ImaginePowerCharacter_1)
[2021.06.04-11.01.02:284][449]LogSkinnedMeshComp: Warning: GetSocketByName(GripPoint): No SkeletalMesh for Component(CharacterMesh1P) Actor(ImaginePowerCharacter_1)
[2021.06.04-11.01.02:284][449]LogSkinnedMeshComp: Warning: GetSocketByName(GripPoint): No SkeletalMesh for Component(CharacterMesh1P) Actor(ImaginePowerCharacter_1)
[2021.06.04-11.01.02:300][450]LogSkinnedMeshComp: Warning: GetSocketByName(GripPoint): No SkeletalMesh for Component(CharacterMesh1P) Actor(ImaginePowerCharacter_1)
[2021.06.04-11.01.02:300][450]LogSkinnedMeshComp: Warning: GetSocketByName(GripPoint): No SkeletalMesh for Component(CharacterMesh1P) Actor(ImaginePowerCharacter_1)
[2021.06.04-11.01.02:317][451]LogSkinnedMeshComp: Warning: GetSocketByName(GripPoint): No SkeletalMesh for Component(CharacterMesh1P) Actor(ImaginePowerCharacter_1)
[2021.06.04-11.01.02:334][452]LogSkinnedMeshComp: Warning: GetSocketByName(GripPoint): No SkeletalMesh for Component(CharacterMesh1P) Actor(ImaginePowerCharacter_1)
[2021.06.04-11.01.02:351][453]LogSkinnedMeshComp: Warning: GetSocketByName(GripPoint): No SkeletalMesh for Component(CharacterMesh1P) Actor(ImaginePowerCharacter_1)
[2021.06.04-11.01.02:351][453]LogSkinnedMeshComp: Warning: GetSocketByName(GripPoint): No SkeletalMesh for Component(CharacterMesh1P) Actor(ImaginePowerCharacter_1)
[2021.06.04-11.01.02:351][453]LogSkinnedMeshComp: Warning: GetSocketByName(GripPoint): No SkeletalMesh for Component(CharacterMesh1P) Actor(ImaginePowerCharacter_1)
[2021.06.04-11.01.02:367][454]LogSkinnedMeshComp: Warning: GetSocketByName(GripPoint): No SkeletalMesh for Component(CharacterMesh1P) Actor(ImaginePowerCharacter_1)
[2021.06.04-11.01.02:368][454]LogSkinnedMeshComp: Warning: GetSocketByName(GripPoint): No SkeletalMesh for Component(CharacterMesh1P) Actor(ImaginePowerCharacter_1)
[2021.06.04-11.01.02:368][454]LogSkinnedMeshComp: Warning: GetSocketByName(GripPoint): No SkeletalMesh for Component(CharacterMesh1P) Actor(ImaginePowerCharacter_1)
[2021.06.04-11.01.02:385][455]LogSkinnedMeshComp: Warning: GetSocketByName(GripPoint): No SkeletalMesh for Component(CharacterMesh1P) Actor(ImaginePowerCharacter_1)
[2021.06.04-11.01.02:385][455]LogSkinnedMeshComp: Warning: GetSocketByName(GripPoint): No SkeletalMesh for Component(CharacterMesh1P) Actor(ImaginePowerCharacter_1)
[2021.06.04-11.01.02:385][455]LogSkinnedMeshComp: Warning: GetSocketByName(GripPoint): No SkeletalMesh for Component(CharacterMesh1P) Actor(ImaginePowerCharacter_1)
[2021.06.04-11.01.02:402][456]LogSkinnedMeshComp: Warning: GetSocketByName(GripPoint): No SkeletalMesh for Component(CharacterMesh1P) Actor(ImaginePowerCharacter_1)
[2021.06.04-11.01.02:402][456]LogSkinnedMeshComp: Warning: GetSocketByName(GripPoint): No SkeletalMesh for Component(CharacterMesh1P) Actor(ImaginePowerCharacter_1)
[2021.06.04-11.01.02:403][456]LogSkinnedMeshComp: Warning: GetSocketByName(GripPoint): No SkeletalMesh for Component(CharacterMesh1P) Actor(ImaginePowerCharacter_1)
[2021.06.04-11.01.02:418][457]LogSkinnedMeshComp: Warning: GetSocketByName(GripPoint): No SkeletalMesh for Component(CharacterMesh1P) Actor(ImaginePowerCharacter_1)
[2021.06.04-11.01.02:418][457]LogSkinnedMeshComp: Warning: GetSocketByName(GripPoint): No SkeletalMesh for Component(CharacterMesh1P) Actor(ImaginePowerCharacter_1)
[2021.06.04-11.01.02:418][457]LogSkinnedMeshComp: Warning: GetSocketByName(GripPoint): No SkeletalMesh for Component(CharacterMesh1P) Actor(ImaginePowerCharacter_1)
[2021.06.04-11.01.02:434][458]LogSkinnedMeshComp: Warning: GetSocketByName(GripPoint): No SkeletalMesh for Component(CharacterMesh1P) Actor(ImaginePowerCharacter_1)
[2021.06.04-11.01.02:434][458]LogSkinnedMeshComp: Warning: GetSocketByName(GripPoint): No SkeletalMesh for Component(CharacterMesh1P) Actor(ImaginePowerCharacter_1)
[2021.06.04-11.01.02:451][459]LogSkinnedMeshComp: Warning: GetSocketByName(GripPoint): No SkeletalMesh for Component(CharacterMesh1P) Actor(ImaginePowerCharacter_1)
[2021.06.04-11.01.02:451][459]LogSkinnedMeshComp: Warning: GetSocketByName(GripPoint): No SkeletalMesh for Component(CharacterMesh1P) Actor(ImaginePowerCharacter_1)
[2021.06.04-11.01.02:451][459]LogSkinnedMeshComp: Warning: GetSocketByName(GripPoint): No SkeletalMesh for Component(CharacterMesh1P) Actor(ImaginePowerCharacter_1)
[2021.06.04-11.01.02:467][460]LogSkinnedMeshComp: Warning: GetSocketByName(GripPoint): No SkeletalMesh for Component(CharacterMesh1P) Actor(ImaginePowerCharacter_1)
[2021.06.04-11.01.02:468][460]LogSkinnedMeshComp: Warning: GetSocketByName(GripPoint): No SkeletalMesh for Component(CharacterMesh1P) Actor(ImaginePowerCharacter_1)
[2021.06.04-11.01.02:484][461]LogSkinnedMeshComp: Warning: GetSocketByName(GripPoint): No SkeletalMesh for Component(CharacterMesh1P) Actor(ImaginePowerCharacter_1)
[2021.06.04-11.01.02:501][462]LogSkinnedMeshComp: Warning: GetSocketByName(GripPoint): No SkeletalMesh for Component(CharacterMesh1P) Actor(ImaginePowerCharacter_1)
[2021.06.04-11.01.02:517][463]LogSkinnedMeshComp: Warning: GetSocketByName(GripPoint): No SkeletalMesh for Component(CharacterMesh1P) Actor(ImaginePowerCharacter_1)
[2021.06.04-11.01.02:534][464]LogSkinnedMeshComp: Warning: GetSocketByName(GripPoint): No SkeletalMesh for Component(CharacterMesh1P) Actor(ImaginePowerCharacter_1)
[2021.06.04-11.01.02:550][465]LogSkinnedMeshComp: Warning: GetSocketByName(GripPoint): No SkeletalMesh for Component(CharacterMesh1P) Actor(ImaginePowerCharacter_1)
[2021.06.04-11.01.02:567][466]LogSkinnedMeshComp: Warning: GetSocketByName(GripPoint): No SkeletalMesh for Component(CharacterMesh1P) Actor(ImaginePowerCharacter_1)
[2021.06.04-11.01.02:583][467]LogSkinnedMeshComp: Warning: GetSocketByName(GripPoint): No SkeletalMesh for Component(CharacterMesh1P) Actor(ImaginePowerCharacter_1)
[2021.06.04-11.01.02:600][468]LogSkinnedMeshComp: Warning: GetSocketByName(GripPoint): No SkeletalMesh for Component(CharacterMesh1P) Actor(ImaginePowerCharacter_1)
[2021.06.04-11.01.02:617][469]LogSkinnedMeshComp: Warning: GetSocketByName(GripPoint): No SkeletalMesh for Component(CharacterMesh1P) Actor(ImaginePowerCharacter_1)
[2021.06.04-11.01.02:634][470]LogSkinnedMeshComp: Warning: GetSocketByName(GripPoint): No SkeletalMesh for Component(CharacterMesh1P) Actor(ImaginePowerCharacter_1)
[2021.06.04-11.01.02:651][471]LogSkinnedMeshComp: Warning: GetSocketByName(GripPoint): No SkeletalMesh for Component(CharacterMesh1P) Actor(ImaginePowerCharacter_1)
[2021.06.04-11.01.02:668][472]LogPlayerController: Error: InputMode:UIOnly - Attempting to focus Non-Focusable widget SObjectWidget [Widget.cpp(799)]!
[2021.06.04-11.01.02:668][472]LogSkinnedMeshComp: Warning: GetSocketByName(GripPoint): No SkeletalMesh for Component(CharacterMesh1P) Actor(ImaginePowerCharacter_1)
[2021.06.04-11.01.02:672][472]LogSlate: Warning: WidgetMapToItem length (1) does not match ItemsWithGeneratedWidgets length (2). This is often because the same item is in the list more than once in ListViewT<ItemType> [ListViewBase.h(229)]. Diagnostics follow.
[2021.06.04-11.01.02:672][472]LogSlate: Warning: 
[2021.06.04-11.01.02:672][472]LogSlate: Warning: ItemToWidgetMap :
[2021.06.04-11.01.02:672][472]LogSlate: Warning: 0x104f8100 [WB_ItemWidget] -> 0xadedc110 @ ObjectTableRowT [ListViewBase.h(602)]
[2021.06.04-11.01.02:672][472]LogSlate: Warning: 
[2021.06.04-11.01.02:672][472]LogSlate: Warning: WidgetMapToItem:
[2021.06.04-11.01.02:672][472]LogSlate: Warning: 0xadedc520 -> 0x104f8100 [WB_ItemWidget]
[2021.06.04-11.01.02:672][472]LogSlate: Warning: 
[2021.06.04-11.01.02:672][472]LogSlate: Warning: ItemsWithGeneratedWidgets:
[2021.06.04-11.01.02:672][472]LogSlate: Warning: [0] 0x104f8100 [WB_ItemWidget]
[2021.06.04-11.01.02:672][472]LogSlate: Warning: [1] 0x104f8100 [WB_ItemWidget]
[2021.06.04-11.01.02:672][472]LogOutputDevice: Warning: 

Script Stack (0 frames):

[2021.06.04-11.01.02:672][472]LogWindows: Windows GetLastError: The operation completed successfully. (0)
[2021.06.04-11.01.03:749][472]LogWindows: Error: === Critical error: ===
[2021.06.04-11.01.03:749][472]LogWindows: Error: 
[2021.06.04-11.01.03:749][472]LogWindows: Error: Assertion failed: false [File:D:\Build\++UE4\Sync\Engine\Source\Runtime\Slate\Public\Widgets/Views/SListView.h] [Line: 697] 
[2021.06.04-11.01.03:749][472]LogWindows: Error: ListViewT<ItemType> [ListViewBase.h(229)] detected a critical error. See diagnostic dump above. Provide a custom 'OnItemToString_Debug' for more detailed diagnostics.
[2021.06.04-11.01.03:749][472]LogWindows: Error: 
[2021.06.04-11.01.03:749][472]LogWindows: Error: 
[2021.06.04-11.01.03:749][472]LogWindows: Error: [Callstack] 0x00007ffbbd484b89 KERNELBASE.dll!UnknownFunction []
[2021.06.04-11.01.03:749][472]LogWindows: Error: [Callstack] 0x00007ffb6bfcec66 UE4Editor-Core.dll!UnknownFunction []
[2021.06.04-11.01.03:749][472]LogWindows: Error: [Callstack] 0x00007ffb6bfd2048 UE4Editor-Core.dll!UnknownFunction []
[2021.06.04-11.01.03:749][472]LogWindows: Error: [Callstack] 0x00007ffb6bd5e52d UE4Editor-Core.dll!UnknownFunction []
[2021.06.04-11.01.03:749][472]LogWindows: Error: [Callstack] 0x00007ffb6bce97c5 UE4Editor-Core.dll!UnknownFunction []
[2021.06.04-11.01.03:749][472]LogWindows: Error: [Callstack] 0x00007ffb6bcebb00 UE4Editor-Core.dll!UnknownFunction []
[2021.06.04-11.01.03:749][472]LogWindows: Error: [Callstack] 0x00007ffb593294c0 UE4Editor-UMG.dll!UnknownFunction []
[2021.06.04-11.01.03:749][472]LogWindows: Error: [Callstack] 0x00007ffb59291779 UE4Editor-UMG.dll!UnknownFunction []
[2021.06.04-11.01.03:749][472]LogWindows: Error: [Callstack] 0x00007ffb59241041 UE4Editor-UMG.dll!UnknownFunction []
[2021.06.04-11.01.03:749][472]LogWindows: Error: [Callstack] 0x00007ffb687fa933 UE4Editor-Slate.dll!UnknownFunction []
[2021.06.04-11.01.03:749][472]LogWindows: Error: [Callstack] 0x00007ffb681d7031 UE4Editor-SlateCore.dll!UnknownFunction []
[2021.06.04-11.01.03:749][472]LogWindows: Error: [Callstack] 0x00007ffb681d8248 UE4Editor-SlateCore.dll!UnknownFunction []
[2021.06.04-11.01.03:749][472]LogWindows: Error: [Callstack] 0x00007ffb681d5aab UE4Editor-SlateCore.dll!UnknownFunction []
[2021.06.04-11.01.03:749][472]LogWindows: Error: [Callstack] 0x00007ffb681d7866 UE4Editor-SlateCore.dll!UnknownFunction []
[2021.06.04-11.01.03:749][472]LogWindows: Error: [Callstack] 0x00007ffb681d5915 UE4Editor-SlateCore.dll!UnknownFunction []
[2021.06.04-11.01.03:749][472]LogWindows: Error: [Callstack] 0x00007ffb681d7866 UE4Editor-SlateCore.dll!UnknownFunction []
[2021.06.04-11.01.03:749][472]LogWindows: Error: [Callstack] 0x00007ffb681d8248 UE4Editor-SlateCore.dll!UnknownFunction []
[2021.06.04-11.01.03:749][472]LogWindows: Error: [Callstack] 0x00007ffb681d5aab UE4Editor-SlateCore.dll!UnknownFunction []
[2021.06.04-11.01.03:749][472]LogWindows: Error: [Callstack] 0x00007ffb681d7866 UE4Editor-SlateCore.dll!UnknownFunction []
[2021.06.04-11.01.03:749][472]LogWindows: Error: [Callstack] 0x00007ffb681d4fe4 UE4Editor-SlateCore.dll!UnknownFunction []
[2021.06.04-11.01.03:749][472]LogWindows: Error: [Callstack] 0x00007ffb6879e16d UE4Editor-Slate.dll!UnknownFunction []
[2021.06.04-11.01.03:749][472]LogWindows: Error: [Callstack] 0x00007ffb681d7866 UE4Editor-SlateCore.dll!UnknownFunction []
[2021.06.04-11.01.03:749][472]LogWindows: Error: [Callstack] 0x00007ffb681d8248 UE4Editor-SlateCore.dll!UnknownFunction []
[2021.06.04-11.01.03:749][472]LogWindows: Error: [Callstack] 0x00007ffb681d5aab UE4Editor-SlateCore.dll!UnknownFunction []
[2021.06.04-11.01.03:749][472]LogWindows: Error: [Callstack] 0x00007ffb681d7866 UE4Editor-SlateCore.dll!UnknownFunction []
[2021.06.04-11.01.03:749][472]LogWindows: Error: [Callstack] 0x00007ffb681d4fe4 UE4Editor-SlateCore.dll!UnknownFunction []
[2021.06.04-11.01.03:749][472]LogWindows: Error: [Callstack] 0x00007ffb59231227 UE4Editor-UMG.dll!UnknownFunction []
[2021.06.04-11.01.03:749][472]LogWindows: Error: [Callstack] 0x00007ffb681d7866 UE4Editor-SlateCore.dll!UnknownFunction []
[2021.06.04-11.01.03:749][472]LogWindows: Error: [Callstack] 0x00007ffb6879ca17 UE4Editor-Slate.dll!UnknownFunction []
[2021.06.04-11.01.03:749][472]LogWindows: Error: [Callstack] 0x00007ffb681d7866 UE4Editor-SlateCore.dll!UnknownFunction []
[2021.06.04-11.01.03:749][472]LogWindows: Error: [Callstack] 0x00007ffb681d5915 UE4Editor-SlateCore.dll!UnknownFunction []
[2021.06.04-11.01.03:749][472]LogWindows: Error: [Callstack] 0x00007ffb681d7866 UE4Editor-SlateCore.dll!UnknownFunction []
[2021.06.04-11.01.03:749][472]LogWindows: Error: [Callstack] 0x00007ffb681d5915 UE4Editor-SlateCore.dll!UnknownFunction []
[2021.06.04-11.01.03:749][472]LogWindows: Error: [Callstack] 0x00007ffb681d7866 UE4Editor-SlateCore.dll!UnknownFunction []
[2021.06.04-11.01.03:749][472]LogWindows: Error: [Callstack] 0x00007ffb681d8248 UE4Editor-SlateCore.dll!UnknownFunction []
[2021.06.04-11.01.03:749][472]LogWindows: Error: [Callstack] 0x00007ffb681d5aab UE4Editor-SlateCore.dll!UnknownFunction []
[2021.06.04-11.01.03:749][472]LogWindows: Error: [Callstack] 0x00007ffb681d7866 UE4Editor-SlateCore.dll!UnknownFunction []
[2021.06.04-11.01.03:749][472]LogWindows: Error: [Callstack] 0x00007ffb681d8248 UE4Editor-SlateCore.dll!UnknownFunction []
[2021.06.04-11.01.03:749][472]LogWindows: Error: [Callstack] 0x00007ffb681d5aab UE4Editor-SlateCore.dll!UnknownFunction []
[2021.06.04-11.01.03:749][472]LogWindows: Error: [Callstack] 0x00007ffb681d7866 UE4Editor-SlateCore.dll!UnknownFunction []
[2021.06.04-11.01.03:749][472]LogWindows: Error: [Callstack] 0x00007ffb681d4fe4 UE4Editor-SlateCore.dll!UnknownFunction []
[2021.06.04-11.01.03:749][472]LogWindows: Error: [Callstack] 0x00007ffb69dedc98 UE4Editor-Engine.dll!UnknownFunction []
[2021.06.04-11.01.03:749][472]LogWindows: Error: [Callstack] 0x00007ffb681d7866 UE4Editor-SlateCore.dll!UnknownFunction []
[2021.06.04-11.01.03:749][472]LogWindows: Error: [Callstack] 0x00007ffb681d5915 UE4Editor-SlateCore.dll!UnknownFunction []
[2021.06.04-11.01.03:749][472]LogWindows: Error: [Callstack] 0x00007ffb681d7866 UE4Editor-SlateCore.dll!UnknownFunction []
[2021.06.04-11.01.03:749][472]LogWindows: Error: [Callstack] 0x00007ffb681d4fe4 UE4Editor-SlateCore.dll!UnknownFunction []
[2021.06.04-11.01.03:749][472]LogWindows: Error: [Callstack] 0x00007ffb687ecf3e UE4Editor-Slate.dll!UnknownFunction []
[2021.06.04-11.01.03:749][472]LogWindows: Error: [Callstack] 0x00007ffb681d7866 UE4Editor-SlateCore.dll!UnknownFunction []
[2021.06.04-11.01.03:749][472]LogWindows: Error: [Callstack] 0x00007ffb681d4fe4 UE4Editor-SlateCore.dll!UnknownFunction []
[2021.06.04-11.01.03:749][472]LogWindows: Error: [Callstack] 0x00007ffb681d7866 UE4Editor-SlateCore.dll!UnknownFunction []
[2021.06.04-11.01.03:749][472]LogWindows: Error: [Callstack] 0x00007ffb681d4fe4 UE4Editor-SlateCore.dll!UnknownFunction []
[2021.06.04-11.01.03:749][472]LogWindows: Error: [Callstack] 0x00007ffb6879df2c UE4Editor-Slate.dll!UnknownFunction []
[2021.06.04-11.01.03:749][472]LogWindows: Error: [Callstack] 0x00007ffb681d7866 UE4Editor-SlateCore.dll!UnknownFunction []
[2021.06.04-11.01.03:749][472]LogWindows: Error: [Callstack] 0x00007ffb681d4fe4 UE4Editor-SlateCore.dll!UnknownFunction []
[2021.06.04-11.01.03:750][472]LogWindows: Error: [Callstack] 0x00007ffb681d7866 UE4Editor-SlateCore.dll!UnknownFunction []
[2021.06.04-11.01.03:750][472]LogWindows: Error: [Callstack] 0x00007ffb687ea4e6 UE4Editor-Slate.dll!UnknownFunction []
[2021.06.04-11.01.03:750][472]LogWindows: Error: [Callstack] 0x00007ffb681d7866 UE4Editor-SlateCore.dll!UnknownFunction []
[2021.06.04-11.01.03:750][472]LogWindows: Error: [Callstack] 0x00007ffb681d5915 UE4Editor-SlateCore.dll!UnknownFunction []
[2021.06.04-11.01.03:750][472]LogWindows: Error: [Callstack] 0x00007ffb681d7866 UE4Editor-SlateCore.dll!UnknownFunction []
[2021.06.04-11.01.03:750][472]LogWindows: Error: [Callstack] 0x00007ffb681d4fe4 UE4Editor-SlateCore.dll!UnknownFunction []
[2021.06.04-11.01.03:750][472]LogWindows: Error: [Callstack] 0x00007ffb681d7866 UE4Editor-SlateCore.dll!UnknownFunction []
[2021.06.04-11.01.03:750][472]LogWindows: Error: [Callstack] 0x00007ffb681d4fe4 UE4Editor-SlateCore.dll!UnknownFunction []
[2021.06.04-11.01.03:750][472]LogWindows: Error: [Callstack] 0x00007ffb6879c664 UE4Editor-Slate.dll!UnknownFunction []
[2021.06.04-11.01.03:750][472]LogWindows: Error: [Callstack] 0x00007ffb681d7866 UE4Editor-SlateCore.dll!UnknownFunction []
[2021.06.04-11.01.03:750][472]LogWindows: Error: [Callstack] 0x00007ffb681d5915 UE4Editor-SlateCore.dll!UnknownFunction []
[2021.06.04-11.01.03:750][472]LogWindows: Error: [Callstack] 0x00007ffb681d7866 UE4Editor-SlateCore.dll!UnknownFunction []
[2021.06.04-11.01.03:750][472]LogWindows: Error: [Callstack] 0x00007ffb681d8248 UE4Editor-SlateCore.dll!UnknownFunction []
[2021.06.04-11.01.03:750][472]LogWindows: Error: [Callstack] 0x00007ffb681d5aab UE4Editor-SlateCore.dll!UnknownFunction []
[2021.06.04-11.01.03:750][472]LogWindows: Error: [Callstack] 0x00007ffb681d7866 UE4Editor-SlateCore.dll!UnknownFunction []
[2021.06.04-11.01.03:750][472]LogWindows: Error: [Callstack] 0x00007ffb681d4fe4 UE4Editor-SlateCore.dll!UnknownFunction []
[2021.06.04-11.01.03:750][472]LogWindows: Error: [Callstack] 0x00007ffb681d7866 UE4Editor-SlateCore.dll!UnknownFunction []
[2021.06.04-11.01.03:750][472]LogWindows: Error: [Callstack] 0x00007ffb681d8248 UE4Editor-SlateCore.dll!UnknownFunction []
[2021.06.04-11.01.03:750][472]LogWindows: Error: [Callstack] 0x00007ffb6879ea00 UE4Editor-Slate.dll!UnknownFunction []
[2021.06.04-11.01.03:750][472]LogWindows: Error: [Callstack] 0x00007ffb681d7866 UE4Editor-SlateCore.dll!UnknownFunction []
[2021.06.04-11.01.03:750][472]LogWindows: Error: [Callstack] 0x00007ffb681d4fe4 UE4Editor-SlateCore.dll!UnknownFunction []
[2021.06.04-11.01.03:750][472]LogWindows: Error: [Callstack] 0x00007ffb681d7866 UE4Editor-SlateCore.dll!UnknownFunction []
[2021.06.04-11.01.03:750][472]LogWindows: Error: [Callstack] 0x00007ffb681d8248 UE4Editor-SlateCore.dll!UnknownFunction []
[2021.06.04-11.01.03:750][472]LogWindows: Error: [Callstack] 0x00007ffb6879ea00 UE4Editor-Slate.dll!UnknownFunction []
[2021.06.04-11.01.03:750][472]LogWindows: Error: [Callstack] 0x00007ffb681d7866 UE4Editor-SlateCore.dll!UnknownFunction []
[2021.06.04-11.01.03:750][472]LogWindows: Error: [Callstack] 0x00007ffb681d4fe4 UE4Editor-SlateCore.dll!UnknownFunction []
[2021.06.04-11.01.03:750][472]LogWindows: Error: [Callstack] 0x00007ffb681d7866 UE4Editor-SlateCore.dll!UnknownFunction []
[2021.06.04-11.01.03:750][472]LogWindows: Error: [Callstack] 0x00007ffb681d8248 UE4Editor-SlateCore.dll!UnknownFunction []
[2021.06.04-11.01.03:750][472]LogWindows: Error: [Callstack] 0x00007ffb6879ea00 UE4Editor-Slate.dll!UnknownFunction []
[2021.06.04-11.01.03:750][472]LogWindows: Error: [Callstack] 0x00007ffb681d7866 UE4Editor-SlateCore.dll!UnknownFunction []
[2021.06.04-11.01.03:750][472]LogWindows: Error: [Callstack] 0x00007ffb681d4fe4 UE4Editor-SlateCore.dll!UnknownFunction []
[2021.06.04-11.01.03:750][472]LogWindows: Error: [Callstack] 0x00007ffb681d7866 UE4Editor-SlateCore.dll!UnknownFunction []
[2021.06.04-11.01.03:750][472]LogWindows: Error: [Callstack] 0x00007ffb681d8248 UE4Editor-SlateCore.dll!UnknownFunction []
[2021.06.04-11.01.03:750][472]LogWindows: Error: [Callstack] 0x00007ffb6879ea00 UE4Editor-Slate.dll!UnknownFunction []
[2021.06.04-11.01.03:750][472]LogWindows: Error: [Callstack] 0x00007ffb681d7866 UE4Editor-SlateCore.dll!UnknownFunction []
[2021.06.04-11.01.03:750][472]LogWindows: Error: [Callstack] 0x00007ffb681d5915 UE4Editor-SlateCore.dll!UnknownFunction []
[2021.06.04-11.01.03:750][472]LogWindows: Error: [Callstack] 0x00007ffb681d7866 UE4Editor-SlateCore.dll!UnknownFunction []
[2021.06.04-11.01.03:750][472]LogWindows: Error: [Callstack] 0x00007ffb681d4fe4 UE4Editor-SlateCore.dll!UnknownFunction []
[2021.06.04-11.01.03:750][472]LogWindows: Error: [Callstack] 0x00007ffb681d7866 UE4Editor-SlateCore.dll!UnknownFunction []
[2021.06.04-11.01.03:750][472]LogWindows: Error: [Callstack] 0x00007ffb681d8248 UE4Editor-SlateCore.dll!UnknownFunction []
[2021.06.04-11.01.03:750][472]LogWindows: Error: [Callstack] 0x00007ffb681d5aab UE4Editor-SlateCore.dll!UnknownFunction []
[2021.06.04-11.01.03:750][472]LogWindows: Error: [Callstack] 0x00007ffb681d7866 UE4Editor-SlateCore.dll!UnknownFunction []
[2021.06.04-11.01.03:750][472]LogWindows: Error: [Callstack] 0x00007ffb681d4fe4 UE4Editor-SlateCore.dll!UnknownFunction []
[2021.06.04-11.01.03:750][472]LogWindows: Error: [Callstack] 0x00007ffb681d7866 UE4Editor-SlateCore.dll!UnknownFunction []
[2021.06.04-11.01.03:750][472]LogWindows: Error: [Callstack] 0x00007ffb681d4fe4 UE4Editor-SlateCore.dll!UnknownFunction []
[2021.06.04-11.01.03:750][472]LogWindows: Error: [Callstack] 0x00007ffb6879c664 UE4Editor-Slate.dll!UnknownFunction []
[2021.06.04-11.01.03:750][472]LogWindows: Error: 
[2021.06.04-11.01.03:757][472]LogExit: Executing StaticShutdownAfterError
[2021.06.04-11.01.03:760][472]LogWindows: FPlatformMisc::RequestExit(1)
[2021.06.04-11.01.03:760][472]LogCore: Engine exit requested (reason: Win RequestExit)
[2021.06.04-11.01.03:764][472]Log file closed, 06/04/21 13:01:03
