Log file open, 06/03/21 13:44:36
LogInit: Display: Running engine for game: ImaginePower
LogPlatformFile: Not using cached read wrapper
LogTaskGraph: Started task graph with 5 named threads and 35 total threads with 3 sets of task threads.
LogStats: Stats thread started at 0.173745
LogD3D11RHI: Loaded GFSDK_Aftermath_Lib.x64.dll
LogICUInternationalization: ICU TimeZone Detection - Raw Offset: +1:00, Platform Override: ''
LogPluginManager: Mounting plugin Paper2D
LogPluginManager: Mounting plugin AISupport
LogPluginManager: Mounting plugin LightPropagationVolume
LogPluginManager: Mounting plugin CameraShakePreviewer
LogPluginManager: Mounting plugin ActorLayerUtilities
LogPluginManager: Mounting plugin AnimationSharing
LogPluginManager: Mounting plugin CLionSourceCodeAccess
LogPluginManager: Mounting plugin CodeLiteSourceCodeAccess
LogPluginManager: Mounting plugin GitSourceControl
LogPluginManager: Mounting plugin KDevelopSourceCodeAccess
LogPluginManager: Mounting plugin NullSourceCodeAccess
LogPluginManager: Mounting plugin PerforceSourceControl
LogPluginManager: Mounting plugin PlasticSourceControl
LogPluginManager: Mounting plugin RiderSourceCodeAccess
LogPluginManager: Mounting plugin SubversionSourceControl
LogPluginManager: Mounting plugin UObjectPlugin
LogPluginManager: Mounting plugin VisualStudioCodeSourceCodeAccess
LogPluginManager: Mounting plugin VisualStudioSourceCodeAccess
LogPluginManager: Mounting plugin XCodeSourceCodeAccess
LogPluginManager: Mounting plugin AssetManagerEditor
LogPluginManager: Mounting plugin CryptoKeys
LogPluginManager: Mounting plugin CurveEditorTools
LogPluginManager: Mounting plugin DataValidation
LogPluginManager: Mounting plugin EditorScriptingUtilities
LogPluginManager: Mounting plugin FacialAnimation
LogPluginManager: Mounting plugin GameplayTagsEditor
LogPluginManager: Mounting plugin GeometryMode
LogPluginManager: Mounting plugin MacGraphicsSwitching
LogPluginManager: Mounting plugin MaterialAnalyzer
LogPluginManager: Mounting plugin MobileLauncherProfileWizard
LogPluginManager: Mounting plugin PluginBrowser
LogPluginManager: Mounting plugin SpeedTreeImporter
LogPluginManager: Mounting plugin DatasmithContent
LogPluginManager: Mounting plugin VariantManagerContent
LogPluginManager: Mounting plugin AlembicImporter
LogPluginManager: Mounting plugin AutomationUtils
LogPluginManager: Mounting plugin BackChannel
LogPluginManager: Mounting plugin ChaosCloth
LogPluginManager: Mounting plugin ChaosClothEditor
LogPluginManager: Mounting plugin ChaosEditor
LogPluginManager: Mounting plugin ChaosNiagara
LogPluginManager: Mounting plugin ChaosSolverPlugin
LogPluginManager: Mounting plugin CharacterAI
LogPluginManager: Mounting plugin GeometryCache
LogPluginManager: Mounting plugin GeometryCollectionPlugin
LogPluginManager: Mounting plugin GeometryProcessing
LogPluginManager: Mounting plugin PlanarCut
LogPluginManager: Mounting plugin PlatformCrypto
LogPluginManager: Mounting plugin ProxyLODPlugin
LogPluginManager: Mounting plugin PythonScriptPlugin
LogPluginManager: Mounting plugin SkeletalReduction
LogPluginManager: Mounting plugin Niagara
LogPluginManager: Mounting plugin MagicLeap
LogPluginManager: Mounting plugin MagicLeapLightEstimation
LogPluginManager: Mounting plugin MagicLeapMedia
LogPluginManager: Mounting plugin MagicLeapPassableWorld
LogPluginManager: Mounting plugin MLSDK
LogPluginManager: Mounting plugin AndroidMedia
LogPluginManager: Mounting plugin AvfMedia
LogPluginManager: Mounting plugin ImgMedia
LogPluginManager: Mounting plugin MediaCompositing
LogPluginManager: Mounting plugin MediaPlayerEditor
LogPluginManager: Mounting plugin WebMMedia
LogPluginManager: Mounting plugin WmfMedia
LogPluginManager: Mounting plugin MegascansPlugin
LogPluginManager: Mounting plugin MeshPainting
LogPluginManager: Mounting plugin TcpMessaging
LogPluginManager: Mounting plugin UdpMessaging
LogPluginManager: Mounting plugin ActorSequence
LogPluginManager: Mounting plugin LevelSequenceEditor
LogPluginManager: Mounting plugin MatineeToLevelSequence
LogPluginManager: Mounting plugin MovieRenderPipeline
LogPluginManager: Mounting plugin TemplateSequence
LogPluginManager: Mounting plugin NetcodeUnitTest
LogPluginManager: Mounting plugin NUTUnrealEngine4
LogPluginManager: Mounting plugin OnlineSubsystemGooglePlay
LogPluginManager: Mounting plugin OnlineSubsystemIOS
LogPluginManager: Mounting plugin OnlineSubsystem
LogPluginManager: Mounting plugin OnlineSubsystemNull
LogPluginManager: Mounting plugin OnlineSubsystemUtils
LogPluginManager: Mounting plugin LauncherChunkInstaller
LogPluginManager: Mounting plugin AndroidDeviceProfileSelector
LogPluginManager: Mounting plugin AndroidMoviePlayer
LogPluginManager: Mounting plugin AndroidPermission
LogPluginManager: Mounting plugin AppleImageUtils
LogPluginManager: Mounting plugin AppleMoviePlayer
LogPluginManager: Mounting plugin ArchVisCharacter
LogPluginManager: Mounting plugin AssetTags
LogPluginManager: Mounting plugin AudioCapture
LogPluginManager: Mounting plugin CableComponent
LogPluginManager: Mounting plugin CustomMeshComponent
LogPluginManager: Mounting plugin DatabaseSupport
LogPluginManager: Mounting plugin SQLiteCore
LogPluginManager: Mounting plugin SQLiteSupport
LogPluginManager: Mounting plugin EditableMesh
LogPluginManager: Mounting plugin ExampleDeviceProfileSelector
LogPluginManager: Mounting plugin GoogleCloudMessaging
LogPluginManager: Mounting plugin GooglePAD
LogPluginManager: Mounting plugin IOSDeviceProfileSelector
LogPluginManager: Mounting plugin LinuxDeviceProfileSelector
LogPluginManager: Mounting plugin LocationServicesBPLibrary
LogPluginManager: Mounting plugin MobilePatchingUtils
LogPluginManager: Mounting plugin OculusVR
LogPluginManager: Mounting plugin PhysXVehicles
LogPluginManager: Mounting plugin PostSplashScreen
LogPluginManager: Mounting plugin ProceduralMeshComponent
LogPluginManager: Mounting plugin RuntimePhysXCooking
LogPluginManager: Mounting plugin SignificanceManager
LogPluginManager: Mounting plugin SoundFields
LogPluginManager: Mounting plugin SteamVR
LogPluginManager: Mounting plugin Synthesis
LogPluginManager: Mounting plugin WebMMoviePlayer
LogPluginManager: Mounting plugin WindowsMoviePlayer
LogPluginManager: Mounting plugin ScreenshotTools
LogInit: Using libcurl 7.55.1-DEV
LogInit:  - built for x86_64-pc-win32
LogInit:  - supports SSL with OpenSSL/1.1.1
LogInit:  - supports HTTP deflate (compression) using libz 1.2.8
LogInit:  - other features:
LogInit:      CURL_VERSION_SSL
LogInit:      CURL_VERSION_LIBZ
LogInit:      CURL_VERSION_IPV6
LogInit:      CURL_VERSION_ASYNCHDNS
LogInit:      CURL_VERSION_LARGEFILE
LogInit:      CURL_VERSION_IDN
LogInit:  CurlRequestOptions (configurable via config and command line):
LogInit:  - bVerifyPeer = true  - Libcurl will verify peer certificate
LogInit:  - bUseHttpProxy = false  - Libcurl will NOT use HTTP proxy
LogInit:  - bDontReuseConnections = false  - Libcurl will reuse connections
LogInit:  - MaxHostConnections = 16  - Libcurl will limit the number of connections to a host
LogInit:  - LocalHostAddr = Default
LogInit:  - BufferSize = 65536
LogOnline: OSS: Creating online subsystem instance for: NULL
LogInit: WinSock: version 1.1 (2.2), MaxSocks=32767, MaxUdp=65467
LogOnline: OSS: TryLoadSubsystemAndSetDefault: Loaded subsystem for module [NULL]
LogInit: Build: ++UE4+Release-4.25-CL-14469661
LogInit: Engine Version: 4.25.4-14469661+++UE4+Release-4.25
LogInit: Compatible Engine Version: 4.25.0-13144385+++UE4+Release-4.25
LogInit: Net CL: 13144385
LogInit: OS: Windows 10 (Release 2009) (), CPU: Intel(R) Core(TM) i7-9750H CPU @ 2.60GHz, GPU: Intel(R) UHD Graphics 630
LogInit: Compiled (64-bit): Oct 11 2020 08:10:49
LogInit: Compiled with Visual C++: 19.24.28315.00
LogInit: Build Configuration: Development
LogInit: Branch Name: ++UE4+Release-4.25
LogInit: Command Line:  -EpicPortal -epicusername=Proti0 -epicuserid=fbc9a29351c042fbafd16034f9817105 -epiclocale=en
LogInit: Base Directory: C:/Program Files/Epic Games/UE_4.25/Engine/Binaries/Win64/
LogInit: Allocator: TBB
LogInit: Installed Engine Build: 1
LogDevObjectVersion: Number of dev versions registered: 26
LogDevObjectVersion:   Dev-Blueprints (B0D832E4-1F89-4F0D-ACCF-7EB736FD4AA2): 10
LogDevObjectVersion:   Dev-Build (E1C64328-A22C-4D53-A36C-8E866417BD8C): 0
LogDevObjectVersion:   Dev-Core (375EC13C-06E4-48FB-B500-84F0262A717E): 4
LogDevObjectVersion:   Dev-Editor (E4B068ED-F494-42E9-A231-DA0B2E46BB41): 38
LogDevObjectVersion:   Dev-Framework (CFFC743F-43B0-4480-9391-14DF171D2073): 37
LogDevObjectVersion:   Dev-Mobile (B02B49B5-BB20-44E9-A304-32B752E40360): 2
LogDevObjectVersion:   Dev-Networking (A4E4105C-59A1-49B5-A7C5-40C4547EDFEE): 0
LogDevObjectVersion:   Dev-Online (39C831C9-5AE6-47DC-9A44-9C173E1C8E7C): 0
LogDevObjectVersion:   Dev-Physics (78F01B33-EBEA-4F98-B9B4-84EACCB95AA2): 4
LogDevObjectVersion:   Dev-Platform (6631380F-2D4D-43E0-8009-CF276956A95A): 0
LogDevObjectVersion:   Dev-Rendering (12F88B9F-8875-4AFC-A67C-D90C383ABD29): 43
LogDevObjectVersion:   Dev-Sequencer (7B5AE74C-D270-4C10-A958-57980B212A5A): 12
LogDevObjectVersion:   Dev-VR (D7296918-1DD6-4BDD-9DE2-64A83CC13884): 3
LogDevObjectVersion:   Dev-LoadTimes (C2A15278-BFE7-4AFE-6C17-90FF531DF755): 1
LogDevObjectVersion:   Private-Geometry (6EACA3D4-40EC-4CC1-B786-8BED09428FC5): 3
LogDevObjectVersion:   Dev-AnimPhys (29E575DD-E0A3-4627-9D10-D276232CDCEA): 17
LogDevObjectVersion:   Dev-Anim (AF43A65D-7FD3-4947-9873-3E8ED9C1BB05): 7
LogDevObjectVersion:   Dev-ReflectionCapture (6B266CEC-1EC7-4B8F-A30B-E4D90942FC07): 1
LogDevObjectVersion:   Dev-Automation (0DF73D61-A23F-47EA-B727-89E90C41499A): 1
LogDevObjectVersion:   FortniteMain (601D1886-AC64-4F84-AA16-D3DE0DEAC7D6): 31
LogDevObjectVersion:   Dev-Enterprise (9DFFBCD6-494F-0158-E221-12823C92A888): 10
LogDevObjectVersion:   Dev-Niagara (F2AED0AC-9AFE-416F-8664-AA7FFA26D6FC): 1
LogDevObjectVersion:   Dev-Destruction (174F1F0B-B4C6-45A5-B13F-2EE8D0FB917D): 10
LogDevObjectVersion:   Dev-Physics-Ext (35F94A83-E258-406C-A318-09F59610247C): 37
LogDevObjectVersion:   Dev-PhysicsMaterial-Chaos (B68FC16E-8B1B-42E2-B453-215C058844FE): 1
LogDevObjectVersion:   Dev-CineCamera (B2E18506-4273-CFC2-A54E-F4BB758BBA07): 1
LogInit: Presizing for max 25165824 objects, including 0 objects not considered by GC, pre-allocating 0 bytes for permanent pool.
LogConfig: Applying CVar settings from Section [/Script/Engine.StreamingSettings] File [C:/Users/Proti/Documents/Unreal Projects/ImaginePower/Piotr_Starczewski_Imagine_Power/ImaginePower/Saved/Config/Windows/Engine.ini]
LogConfig: Setting CVar [[s.MinBulkDataSizeForAsyncLoading:131072]]
LogConfig: Setting CVar [[s.AsyncLoadingThreadEnabled:0]]
LogConfig: Setting CVar [[s.EventDrivenLoaderEnabled:1]]
LogConfig: Setting CVar [[s.WarnIfTimeLimitExceeded:0]]
LogConfig: Setting CVar [[s.TimeLimitExceededMultiplier:1.5]]
LogConfig: Setting CVar [[s.TimeLimitExceededMinTime:0.005]]
LogConfig: Setting CVar [[s.UseBackgroundLevelStreaming:1]]
LogConfig: Setting CVar [[s.PriorityAsyncLoadingExtraTime:15.0]]
LogConfig: Setting CVar [[s.LevelStreamingActorsUpdateTimeLimit:5.0]]
LogConfig: Setting CVar [[s.PriorityLevelStreamingActorsUpdateExtraTime:5.0]]
LogConfig: Setting CVar [[s.LevelStreamingComponentsRegistrationGranularity:10]]
LogConfig: Setting CVar [[s.UnregisterComponentsTimeLimit:1.0]]
LogConfig: Setting CVar [[s.LevelStreamingComponentsUnregistrationGranularity:5]]
LogConfig: Setting CVar [[s.FlushStreamingOnExit:1]]
LogInit: Object subsystem initialized
LogConfig: Setting CVar [[con.DebugEarlyDefault:1]]
LogConfig: Setting CVar [[r.setres:1280x720]]
[2021.06.03-11.44.36:696][  0]LogConfig: Setting CVar [[r.VSync:0]]
[2021.06.03-11.44.36:696][  0]LogConfig: Setting CVar [[r.RHICmdBypass:0]]
[2021.06.03-11.44.36:696][  0]LogConfig: Applying CVar settings from Section [/Script/Engine.RendererSettings] File [C:/Users/Proti/Documents/Unreal Projects/ImaginePower/Piotr_Starczewski_Imagine_Power/ImaginePower/Saved/Config/Windows/Engine.ini]
[2021.06.03-11.44.36:696][  0]LogConfig: Setting CVar [[r.GPUCrashDebugging:0]]
[2021.06.03-11.44.36:696][  0]LogConfig: Applying CVar settings from Section [/Script/Engine.RendererOverrideSettings] File [C:/Users/Proti/Documents/Unreal Projects/ImaginePower/Piotr_Starczewski_Imagine_Power/ImaginePower/Saved/Config/Windows/Engine.ini]
[2021.06.03-11.44.36:696][  0]LogConfig: Applying CVar settings from Section [/Script/Engine.StreamingSettings] File [C:/Users/Proti/Documents/Unreal Projects/ImaginePower/Piotr_Starczewski_Imagine_Power/ImaginePower/Saved/Config/Windows/Engine.ini]
[2021.06.03-11.44.36:696][  0]LogConfig: Setting CVar [[s.MinBulkDataSizeForAsyncLoading:131072]]
[2021.06.03-11.44.36:696][  0]LogConfig: Setting CVar [[s.AsyncLoadingThreadEnabled:0]]
[2021.06.03-11.44.36:696][  0]LogConfig: Setting CVar [[s.EventDrivenLoaderEnabled:1]]
[2021.06.03-11.44.36:696][  0]LogConfig: Setting CVar [[s.WarnIfTimeLimitExceeded:0]]
[2021.06.03-11.44.36:696][  0]LogConfig: Setting CVar [[s.TimeLimitExceededMultiplier:1.5]]
[2021.06.03-11.44.36:696][  0]LogConfig: Setting CVar [[s.TimeLimitExceededMinTime:0.005]]
[2021.06.03-11.44.36:696][  0]LogConfig: Setting CVar [[s.UseBackgroundLevelStreaming:1]]
[2021.06.03-11.44.36:696][  0]LogConfig: Setting CVar [[s.PriorityAsyncLoadingExtraTime:15.0]]
[2021.06.03-11.44.36:696][  0]LogConfig: Setting CVar [[s.LevelStreamingActorsUpdateTimeLimit:5.0]]
[2021.06.03-11.44.36:696][  0]LogConfig: Setting CVar [[s.PriorityLevelStreamingActorsUpdateExtraTime:5.0]]
[2021.06.03-11.44.36:696][  0]LogConfig: Setting CVar [[s.LevelStreamingComponentsRegistrationGranularity:10]]
[2021.06.03-11.44.36:696][  0]LogConfig: Setting CVar [[s.UnregisterComponentsTimeLimit:1.0]]
[2021.06.03-11.44.36:696][  0]LogConfig: Setting CVar [[s.LevelStreamingComponentsUnregistrationGranularity:5]]
[2021.06.03-11.44.36:696][  0]LogConfig: Setting CVar [[s.FlushStreamingOnExit:1]]
[2021.06.03-11.44.36:696][  0]LogConfig: Applying CVar settings from Section [/Script/Engine.GarbageCollectionSettings] File [C:/Users/Proti/Documents/Unreal Projects/ImaginePower/Piotr_Starczewski_Imagine_Power/ImaginePower/Saved/Config/Windows/Engine.ini]
[2021.06.03-11.44.36:696][  0]LogConfig: Setting CVar [[gc.MaxObjectsNotConsideredByGC:1]]
[2021.06.03-11.44.36:696][  0]LogConfig: Setting CVar [[gc.SizeOfPermanentObjectPool:0]]
[2021.06.03-11.44.36:696][  0]LogConfig: Setting CVar [[gc.FlushStreamingOnGC:0]]
[2021.06.03-11.44.36:696][  0]LogConfig: Setting CVar [[gc.NumRetriesBeforeForcingGC:10]]
[2021.06.03-11.44.36:696][  0]LogConfig: Setting CVar [[gc.AllowParallelGC:1]]
[2021.06.03-11.44.36:696][  0]LogConfig: Setting CVar [[gc.TimeBetweenPurgingPendingKillObjects:61.1]]
[2021.06.03-11.44.36:696][  0]LogConfig: Setting CVar [[gc.MaxObjectsInEditor:25165824]]
[2021.06.03-11.44.36:696][  0]LogConfig: Setting CVar [[gc.IncrementalBeginDestroyEnabled:1]]
[2021.06.03-11.44.36:696][  0]LogConfig: Setting CVar [[gc.CreateGCClusters:1]]
[2021.06.03-11.44.36:696][  0]LogConfig: Setting CVar [[gc.MinGCClusterSize:5]]
[2021.06.03-11.44.36:696][  0]LogConfig: Setting CVar [[gc.ActorClusteringEnabled:0]]
[2021.06.03-11.44.36:696][  0]LogConfig: Setting CVar [[gc.BlueprintClusteringEnabled:0]]
[2021.06.03-11.44.36:696][  0]LogConfig: Setting CVar [[gc.UseDisregardForGCOnDedicatedServers:0]]
[2021.06.03-11.44.36:696][  0]LogConfig: Applying CVar settings from Section [/Script/Engine.NetworkSettings] File [C:/Users/Proti/Documents/Unreal Projects/ImaginePower/Piotr_Starczewski_Imagine_Power/ImaginePower/Saved/Config/Windows/Engine.ini]
[2021.06.03-11.44.36:696][  0]LogConfig: Applying CVar settings from Section [/Script/UnrealEd.CookerSettings] File [C:/Users/Proti/Documents/Unreal Projects/ImaginePower/Piotr_Starczewski_Imagine_Power/ImaginePower/Saved/Config/Windows/Engine.ini]
[2021.06.03-11.44.36:698][  0]LogConfig: Applying CVar settings from Section [ViewDistanceQuality@3] File [C:/Users/Proti/Documents/Unreal Projects/ImaginePower/Piotr_Starczewski_Imagine_Power/ImaginePower/Saved/Config/Windows/Scalability.ini]
[2021.06.03-11.44.36:698][  0]LogConfig: Setting CVar [[r.SkeletalMeshLODBias:0]]
[2021.06.03-11.44.36:698][  0]LogConfig: Setting CVar [[r.ViewDistanceScale:1.0]]
[2021.06.03-11.44.36:698][  0]LogConfig: Applying CVar settings from Section [AntiAliasingQuality@3] File [C:/Users/Proti/Documents/Unreal Projects/ImaginePower/Piotr_Starczewski_Imagine_Power/ImaginePower/Saved/Config/Windows/Scalability.ini]
[2021.06.03-11.44.36:698][  0]LogConfig: Setting CVar [[r.PostProcessAAQuality:4]]
[2021.06.03-11.44.36:698][  0]LogConfig: Applying CVar settings from Section [ShadowQuality@3] File [C:/Users/Proti/Documents/Unreal Projects/ImaginePower/Piotr_Starczewski_Imagine_Power/ImaginePower/Saved/Config/Windows/Scalability.ini]
[2021.06.03-11.44.36:698][  0]LogConfig: Setting CVar [[r.LightFunctionQuality:1]]
[2021.06.03-11.44.36:698][  0]LogConfig: Setting CVar [[r.ShadowQuality:5]]
[2021.06.03-11.44.36:698][  0]LogConfig: Setting CVar [[r.Shadow.CSM.MaxCascades:10]]
[2021.06.03-11.44.36:698][  0]LogConfig: Setting CVar [[r.Shadow.MaxResolution:2048]]
[2021.06.03-11.44.36:698][  0]LogConfig: Setting CVar [[r.Shadow.MaxCSMResolution:2048]]
[2021.06.03-11.44.36:698][  0]LogConfig: Setting CVar [[r.Shadow.RadiusThreshold:0.01]]
[2021.06.03-11.44.36:698][  0]LogConfig: Setting CVar [[r.Shadow.DistanceScale:1.0]]
[2021.06.03-11.44.36:698][  0]LogConfig: Setting CVar [[r.Shadow.CSM.TransitionScale:1.0]]
[2021.06.03-11.44.36:698][  0]LogConfig: Setting CVar [[r.Shadow.PreShadowResolutionFactor:1.0]]
[2021.06.03-11.44.36:698][  0]LogConfig: Setting CVar [[r.DistanceFieldShadowing:1]]
[2021.06.03-11.44.36:698][  0]LogConfig: Setting CVar [[r.DistanceFieldAO:1]]
[2021.06.03-11.44.36:698][  0]LogConfig: Setting CVar [[r.AOQuality:2]]
[2021.06.03-11.44.36:698][  0]LogConfig: Setting CVar [[r.VolumetricFog:1]]
[2021.06.03-11.44.36:698][  0]LogConfig: Setting CVar [[r.VolumetricFog.GridPixelSize:8]]
[2021.06.03-11.44.36:698][  0]LogConfig: Setting CVar [[r.VolumetricFog.GridSizeZ:128]]
[2021.06.03-11.44.36:698][  0]LogConfig: Setting CVar [[r.VolumetricFog.HistoryMissSupersampleCount:4]]
[2021.06.03-11.44.36:698][  0]LogConfig: Setting CVar [[r.LightMaxDrawDistanceScale:1]]
[2021.06.03-11.44.36:698][  0]LogConfig: Setting CVar [[r.CapsuleShadows:1]]
[2021.06.03-11.44.36:698][  0]LogConfig: Applying CVar settings from Section [PostProcessQuality@3] File [C:/Users/Proti/Documents/Unreal Projects/ImaginePower/Piotr_Starczewski_Imagine_Power/ImaginePower/Saved/Config/Windows/Scalability.ini]
[2021.06.03-11.44.36:698][  0]LogConfig: Setting CVar [[r.MotionBlurQuality:4]]
[2021.06.03-11.44.36:698][  0]LogConfig: Setting CVar [[r.AmbientOcclusionMipLevelFactor:0.4]]
[2021.06.03-11.44.36:698][  0]LogConfig: Setting CVar [[r.AmbientOcclusionMaxQuality:100]]
[2021.06.03-11.44.36:698][  0]LogConfig: Setting CVar [[r.AmbientOcclusionLevels:-1]]
[2021.06.03-11.44.36:698][  0]LogConfig: Setting CVar [[r.AmbientOcclusionRadiusScale:1.0]]
[2021.06.03-11.44.36:698][  0]LogConfig: Setting CVar [[r.DepthOfFieldQuality:2]]
[2021.06.03-11.44.36:698][  0]LogConfig: Setting CVar [[r.RenderTargetPoolMin:400]]
[2021.06.03-11.44.36:698][  0]LogConfig: Setting CVar [[r.LensFlareQuality:2]]
[2021.06.03-11.44.36:698][  0]LogConfig: Setting CVar [[r.SceneColorFringeQuality:1]]
[2021.06.03-11.44.36:698][  0]LogConfig: Setting CVar [[r.EyeAdaptationQuality:2]]
[2021.06.03-11.44.36:698][  0]LogConfig: Setting CVar [[r.BloomQuality:5]]
[2021.06.03-11.44.36:698][  0]LogConfig: Setting CVar [[r.FastBlurThreshold:100]]
[2021.06.03-11.44.36:698][  0]LogConfig: Setting CVar [[r.Upscale.Quality:3]]
[2021.06.03-11.44.36:698][  0]LogConfig: Setting CVar [[r.Tonemapper.GrainQuantization:1]]
[2021.06.03-11.44.36:698][  0]LogConfig: Setting CVar [[r.LightShaftQuality:1]]
[2021.06.03-11.44.36:698][  0]LogConfig: Setting CVar [[r.Filter.SizeScale:1]]
[2021.06.03-11.44.36:699][  0]LogConfig: Setting CVar [[r.Tonemapper.Quality:5]]
[2021.06.03-11.44.36:699][  0]LogConfig: Setting CVar [[r.DOF.Gather.AccumulatorQuality:1        ; higher gathering accumulator quality]]
[2021.06.03-11.44.36:699][  0]LogConfig: Setting CVar [[r.DOF.Gather.PostfilterMethod:1          ; Median3x3 postfilering method]]
[2021.06.03-11.44.36:699][  0]LogConfig: Setting CVar [[r.DOF.Gather.EnableBokehSettings:0       ; no bokeh simulation when gathering]]
[2021.06.03-11.44.36:699][  0]LogConfig: Setting CVar [[r.DOF.Gather.RingCount:4                 ; medium number of samples when gathering]]
[2021.06.03-11.44.36:699][  0]LogConfig: Setting CVar [[r.DOF.Scatter.ForegroundCompositing:1    ; additive foreground scattering]]
[2021.06.03-11.44.36:699][  0]LogConfig: Setting CVar [[r.DOF.Scatter.BackgroundCompositing:2    ; additive background scattering]]
[2021.06.03-11.44.36:699][  0]LogConfig: Setting CVar [[r.DOF.Scatter.EnableBokehSettings:1      ; bokeh simulation when scattering]]
[2021.06.03-11.44.36:699][  0]LogConfig: Setting CVar [[r.DOF.Scatter.MaxSpriteRatio:0.1         ; only a maximum of 10% of scattered bokeh]]
[2021.06.03-11.44.36:699][  0]LogConfig: Setting CVar [[r.DOF.Recombine.Quality:1                ; cheap slight out of focus]]
[2021.06.03-11.44.36:699][  0]LogConfig: Setting CVar [[r.DOF.Recombine.EnableBokehSettings:0    ; no bokeh simulation on slight out of focus]]
[2021.06.03-11.44.36:699][  0]LogConfig: Setting CVar [[r.DOF.TemporalAAQuality:1                ; more stable temporal accumulation]]
[2021.06.03-11.44.36:699][  0]LogConfig: Setting CVar [[r.DOF.Kernel.MaxForegroundRadius:0.025]]
[2021.06.03-11.44.36:699][  0]LogConfig: Setting CVar [[r.DOF.Kernel.MaxBackgroundRadius:0.025]]
[2021.06.03-11.44.36:699][  0]LogConfig: Applying CVar settings from Section [TextureQuality@3] File [C:/Users/Proti/Documents/Unreal Projects/ImaginePower/Piotr_Starczewski_Imagine_Power/ImaginePower/Saved/Config/Windows/Scalability.ini]
[2021.06.03-11.44.36:699][  0]LogConfig: Setting CVar [[r.Streaming.MipBias:0]]
[2021.06.03-11.44.36:699][  0]LogConfig: Setting CVar [[r.Streaming.AmortizeCPUToGPUCopy:0]]
[2021.06.03-11.44.36:699][  0]LogConfig: Setting CVar [[r.Streaming.MaxNumTexturesToStreamPerFrame:0]]
[2021.06.03-11.44.36:699][  0]LogConfig: Setting CVar [[r.Streaming.Boost:1]]
[2021.06.03-11.44.36:699][  0]LogConfig: Setting CVar [[r.MaxAnisotropy:8]]
[2021.06.03-11.44.36:699][  0]LogConfig: Setting CVar [[r.VT.MaxAnisotropy:8]]
[2021.06.03-11.44.36:699][  0]LogConfig: Setting CVar [[r.Streaming.LimitPoolSizeToVRAM:0]]
[2021.06.03-11.44.36:699][  0]LogConfig: Setting CVar [[r.Streaming.PoolSize:1000]]
[2021.06.03-11.44.36:699][  0]LogConfig: Setting CVar [[r.Streaming.MaxEffectiveScreenSize:0]]
[2021.06.03-11.44.36:699][  0]LogConfig: Applying CVar settings from Section [EffectsQuality@3] File [C:/Users/Proti/Documents/Unreal Projects/ImaginePower/Piotr_Starczewski_Imagine_Power/ImaginePower/Saved/Config/Windows/Scalability.ini]
[2021.06.03-11.44.36:699][  0]LogConfig: Setting CVar [[r.TranslucencyLightingVolumeDim:64]]
[2021.06.03-11.44.36:699][  0]LogConfig: Setting CVar [[r.RefractionQuality:2]]
[2021.06.03-11.44.36:699][  0]LogConfig: Setting CVar [[r.SSR.Quality:3]]
[2021.06.03-11.44.36:699][  0]LogConfig: Setting CVar [[r.SSR.HalfResSceneColor:0]]
[2021.06.03-11.44.36:699][  0]LogConfig: Setting CVar [[r.SceneColorFormat:4]]
[2021.06.03-11.44.36:699][  0]LogConfig: Setting CVar [[r.DetailMode:2]]
[2021.06.03-11.44.36:699][  0]LogConfig: Setting CVar [[r.TranslucencyVolumeBlur:1]]
[2021.06.03-11.44.36:699][  0]LogConfig: Setting CVar [[r.MaterialQualityLevel:1 ; High quality]]
[2021.06.03-11.44.36:699][  0]LogConfig: Setting CVar [[r.SSS.Scale:1]]
[2021.06.03-11.44.36:699][  0]LogConfig: Setting CVar [[r.SSS.SampleSet:2]]
[2021.06.03-11.44.36:699][  0]LogConfig: Setting CVar [[r.SSS.Quality:1]]
[2021.06.03-11.44.36:699][  0]LogConfig: Setting CVar [[r.SSS.HalfRes:0]]
[2021.06.03-11.44.36:699][  0]LogConfig: Setting CVar [[r.SSGI.Quality:3]]
[2021.06.03-11.44.36:699][  0]LogConfig: Setting CVar [[r.EmitterSpawnRateScale:1.0]]
[2021.06.03-11.44.36:699][  0]LogConfig: Setting CVar [[r.ParticleLightQuality:2]]
[2021.06.03-11.44.36:699][  0]LogConfig: Setting CVar [[r.SkyAtmosphere.AerialPerspectiveLUT.FastApplyOnOpaque:1 ; Always have FastSkyLUT 1 in this case to avoid wrong sky]]
[2021.06.03-11.44.36:699][  0]LogConfig: Setting CVar [[r.SkyAtmosphere.AerialPerspectiveLUT.SampleCountPerSlice:1]]
[2021.06.03-11.44.36:699][  0]LogConfig: Setting CVar [[r.SkyAtmosphere.AerialPerspectiveLUT.DepthResolution:16.0]]
[2021.06.03-11.44.36:699][  0]LogConfig: Setting CVar [[r.SkyAtmosphere.FastSkyLUT:1]]
[2021.06.03-11.44.36:699][  0]LogConfig: Setting CVar [[r.SkyAtmosphere.FastSkyLUT.SampleCountMin:4.0]]
[2021.06.03-11.44.36:699][  0]LogConfig: Setting CVar [[r.SkyAtmosphere.FastSkyLUT.SampleCountMax:32.0]]
[2021.06.03-11.44.36:699][  0]LogConfig: Setting CVar [[r.SkyAtmosphere.SampleCountMin:4.0]]
[2021.06.03-11.44.36:699][  0]LogConfig: Setting CVar [[r.SkyAtmosphere.SampleCountMax:32.0]]
[2021.06.03-11.44.36:699][  0]LogConfig: Setting CVar [[r.SkyAtmosphere.TransmittanceLUT.UseSmallFormat:0]]
[2021.06.03-11.44.36:699][  0]LogConfig: Setting CVar [[r.SkyAtmosphere.TransmittanceLUT.SampleCount:10.0]]
[2021.06.03-11.44.36:699][  0]LogConfig: Setting CVar [[r.SkyAtmosphere.MultiScatteringLUT.SampleCount:15.0]]
[2021.06.03-11.44.36:699][  0]LogConfig: Applying CVar settings from Section [FoliageQuality@3] File [C:/Users/Proti/Documents/Unreal Projects/ImaginePower/Piotr_Starczewski_Imagine_Power/ImaginePower/Saved/Config/Windows/Scalability.ini]
[2021.06.03-11.44.36:699][  0]LogConfig: Setting CVar [[foliage.DensityScale:1.0]]
[2021.06.03-11.44.36:699][  0]LogConfig: Setting CVar [[grass.DensityScale:1.0]]
[2021.06.03-11.44.36:699][  0]LogConfig: Applying CVar settings from Section [ShadingQuality@3] File [C:/Users/Proti/Documents/Unreal Projects/ImaginePower/Piotr_Starczewski_Imagine_Power/ImaginePower/Saved/Config/Windows/Scalability.ini]
[2021.06.03-11.44.36:699][  0]LogConfig: Setting CVar [[r.HairStrands.SkyLighting.SampleCount:16]]
[2021.06.03-11.44.36:699][  0]LogConfig: Setting CVar [[r.HairStrands.SkyLighting.JitterIntegration:0]]
[2021.06.03-11.44.36:699][  0]LogConfig: Setting CVar [[r.HairStrands.SkyAO.SampleCount:16]]
[2021.06.03-11.44.36:699][  0]LogConfig: Setting CVar [[r.HairStrands.DeepShadow.SuperSampling:0]]
[2021.06.03-11.44.36:699][  0]LogConfig: Setting CVar [[r.HairStrands.VisibilityPPLL:0]]
[2021.06.03-11.44.36:699][  0]LogConfig: Setting CVar [[r.HairStrands.RasterizationScale:0.5]]
[2021.06.03-11.44.36:699][  0]LogConfig: Setting CVar [[r.HairStrands.VelocityRasterizationScale:1]]
[2021.06.03-11.44.36:699][  0]LogInit: Selected Device Profile: [Windows]
[2021.06.03-11.44.36:699][  0]LogInit: Applying CVar settings loaded from the selected device profile: [Windows]
[2021.06.03-11.44.36:699][  0]LogHAL: Display: Platform has ~ 16 GB [17012580352 / 17179869184 / 16], which maps to Larger [LargestMinGB=32, LargerMinGB=12, DefaultMinGB=8, SmallerMinGB=6, SmallestMinGB=0)
[2021.06.03-11.44.36:699][  0]LogInit: Going up to parent DeviceProfile []
[2021.06.03-11.44.36:699][  0]LogConfig: Applying CVar settings from Section [ViewDistanceQuality@Cine] File [C:/Users/Proti/Documents/Unreal Projects/ImaginePower/Piotr_Starczewski_Imagine_Power/ImaginePower/Saved/Config/Windows/Scalability.ini]
[2021.06.03-11.44.36:699][  0]LogConfig: Setting CVar [[r.SkeletalMeshLODBias:0]]
[2021.06.03-11.44.36:699][  0]LogConfig: Setting CVar [[r.ViewDistanceScale:10.0]]
[2021.06.03-11.44.36:699][  0]LogConfig: Applying CVar settings from Section [AntiAliasingQuality@0] File [C:/Users/Proti/Documents/Unreal Projects/ImaginePower/Piotr_Starczewski_Imagine_Power/ImaginePower/Saved/Config/Windows/Scalability.ini]
[2021.06.03-11.44.36:699][  0]LogConfig: Setting CVar [[r.PostProcessAAQuality:0]]
[2021.06.03-11.44.36:699][  0]LogConfig: Applying CVar settings from Section [ShadowQuality@Cine] File [C:/Users/Proti/Documents/Unreal Projects/ImaginePower/Piotr_Starczewski_Imagine_Power/ImaginePower/Saved/Config/Windows/Scalability.ini]
[2021.06.03-11.44.36:699][  0]LogConfig: Setting CVar [[r.LightFunctionQuality:1]]
[2021.06.03-11.44.36:699][  0]LogConfig: Setting CVar [[r.ShadowQuality:5]]
[2021.06.03-11.44.36:699][  0]LogConfig: Setting CVar [[r.Shadow.CSM.MaxCascades:10]]
[2021.06.03-11.44.36:699][  0]LogConfig: Setting CVar [[r.Shadow.MaxResolution:4096]]
[2021.06.03-11.44.36:699][  0]LogConfig: Setting CVar [[r.Shadow.MaxCSMResolution:4096]]
[2021.06.03-11.44.36:699][  0]LogConfig: Setting CVar [[r.Shadow.RadiusThreshold:0]]
[2021.06.03-11.44.36:699][  0]LogConfig: Setting CVar [[r.Shadow.DistanceScale:1.0]]
[2021.06.03-11.44.36:699][  0]LogConfig: Setting CVar [[r.Shadow.CSM.TransitionScale:1.0]]
[2021.06.03-11.44.36:699][  0]LogConfig: Setting CVar [[r.Shadow.PreShadowResolutionFactor:1.0]]
[2021.06.03-11.44.36:699][  0]LogConfig: Setting CVar [[r.DistanceFieldShadowing:1]]
[2021.06.03-11.44.36:699][  0]LogConfig: Setting CVar [[r.DistanceFieldAO:1]]
[2021.06.03-11.44.36:699][  0]LogConfig: Setting CVar [[r.AOQuality:2]]
[2021.06.03-11.44.36:699][  0]LogConfig: Setting CVar [[r.VolumetricFog:1]]
[2021.06.03-11.44.36:699][  0]LogConfig: Setting CVar [[r.VolumetricFog.GridPixelSize:4]]
[2021.06.03-11.44.36:699][  0]LogConfig: Setting CVar [[r.VolumetricFog.GridSizeZ:128]]
[2021.06.03-11.44.36:699][  0]LogConfig: Setting CVar [[r.VolumetricFog.HistoryMissSupersampleCount:16]]
[2021.06.03-11.44.36:699][  0]LogConfig: Setting CVar [[r.LightMaxDrawDistanceScale:1]]
[2021.06.03-11.44.36:699][  0]LogConfig: Setting CVar [[r.CapsuleShadows:1]]
[2021.06.03-11.44.36:699][  0]LogConfig: Applying CVar settings from Section [PostProcessQuality@Cine] File [C:/Users/Proti/Documents/Unreal Projects/ImaginePower/Piotr_Starczewski_Imagine_Power/ImaginePower/Saved/Config/Windows/Scalability.ini]
[2021.06.03-11.44.36:699][  0]LogConfig: Setting CVar [[r.MotionBlurQuality:4]]
[2021.06.03-11.44.36:699][  0]LogConfig: Setting CVar [[r.AmbientOcclusionMipLevelFactor:0.4]]
[2021.06.03-11.44.36:699][  0]LogConfig: Setting CVar [[r.AmbientOcclusionMaxQuality:100]]
[2021.06.03-11.44.36:699][  0]LogConfig: Setting CVar [[r.AmbientOcclusionLevels:-1]]
[2021.06.03-11.44.36:700][  0]LogConfig: Setting CVar [[r.AmbientOcclusionRadiusScale:1.0]]
[2021.06.03-11.44.36:700][  0]LogConfig: Setting CVar [[r.DepthOfFieldQuality:4]]
[2021.06.03-11.44.36:700][  0]LogConfig: Setting CVar [[r.RenderTargetPoolMin:1000]]
[2021.06.03-11.44.36:700][  0]LogConfig: Setting CVar [[r.LensFlareQuality:3]]
[2021.06.03-11.44.36:700][  0]LogConfig: Setting CVar [[r.SceneColorFringeQuality:1]]
[2021.06.03-11.44.36:700][  0]LogConfig: Setting CVar [[r.EyeAdaptationQuality:2]]
[2021.06.03-11.44.36:700][  0]LogConfig: Setting CVar [[r.BloomQuality:5]]
[2021.06.03-11.44.36:700][  0]LogConfig: Setting CVar [[r.FastBlurThreshold:100]]
[2021.06.03-11.44.36:700][  0]LogConfig: Setting CVar [[r.Upscale.Quality:3]]
[2021.06.03-11.44.36:700][  0]LogConfig: Setting CVar [[r.Tonemapper.GrainQuantization:1]]
[2021.06.03-11.44.36:700][  0]LogConfig: Setting CVar [[r.LightShaftQuality:1]]
[2021.06.03-11.44.36:700][  0]LogConfig: Setting CVar [[r.Filter.SizeScale:1]]
[2021.06.03-11.44.36:700][  0]LogConfig: Setting CVar [[r.Tonemapper.Quality:5]]
[2021.06.03-11.44.36:700][  0]LogConfig: Setting CVar [[r.DOF.Gather.AccumulatorQuality:1        ; higher gathering accumulator quality]]
[2021.06.03-11.44.36:700][  0]LogConfig: Setting CVar [[r.DOF.Gather.PostfilterMethod:1          ; Median3x3 postfilering method]]
[2021.06.03-11.44.36:700][  0]LogConfig: Setting CVar [[r.DOF.Gather.EnableBokehSettings:1       ; bokeh simulation when gathering]]
[2021.06.03-11.44.36:700][  0]LogConfig: Setting CVar [[r.DOF.Gather.RingCount:5                 ; high number of samples when gathering]]
[2021.06.03-11.44.36:700][  0]LogConfig: Setting CVar [[r.DOF.Scatter.ForegroundCompositing:1    ; additive foreground scattering]]
[2021.06.03-11.44.36:700][  0]LogConfig: Setting CVar [[r.DOF.Scatter.BackgroundCompositing:2    ; background scattering occlusion]]
[2021.06.03-11.44.36:700][  0]LogConfig: Setting CVar [[r.DOF.Scatter.EnableBokehSettings:1      ; no bokeh simulation when scattering]]
[2021.06.03-11.44.36:700][  0]LogConfig: Setting CVar [[r.DOF.Scatter.MaxSpriteRatio:0.25        ; only a maximum of 10% of scattered bokeh]]
[2021.06.03-11.44.36:700][  0]LogConfig: Setting CVar [[r.DOF.Recombine.Quality:2                ; highest slight out of focus]]
[2021.06.03-11.44.36:700][  0]LogConfig: Setting CVar [[r.DOF.Recombine.EnableBokehSettings:1    ; bokeh simulation on slight out of focus]]
[2021.06.03-11.44.36:700][  0]LogConfig: Setting CVar [[r.DOF.TemporalAAQuality:1                ; more stable temporal accumulation]]
[2021.06.03-11.44.36:700][  0]LogConfig: Setting CVar [[r.DOF.Kernel.MaxForegroundRadius:0.025]]
[2021.06.03-11.44.36:700][  0]LogConfig: Setting CVar [[r.DOF.Kernel.MaxBackgroundRadius:0.025]]
[2021.06.03-11.44.36:700][  0]LogConfig: Applying CVar settings from Section [TextureQuality@Cine] File [C:/Users/Proti/Documents/Unreal Projects/ImaginePower/Piotr_Starczewski_Imagine_Power/ImaginePower/Saved/Config/Windows/Scalability.ini]
[2021.06.03-11.44.36:700][  0]LogConfig: Setting CVar [[r.Streaming.MipBias:0]]
[2021.06.03-11.44.36:700][  0]LogConfig: Setting CVar [[r.Streaming.AmortizeCPUToGPUCopy:0]]
[2021.06.03-11.44.36:700][  0]LogConfig: Setting CVar [[r.Streaming.MaxNumTexturesToStreamPerFrame:0]]
[2021.06.03-11.44.36:700][  0]LogConfig: Setting CVar [[r.Streaming.Boost:1]]
[2021.06.03-11.44.36:700][  0]LogConfig: Setting CVar [[r.MaxAnisotropy:8]]
[2021.06.03-11.44.36:700][  0]LogConfig: Setting CVar [[r.VT.MaxAnisotropy:8]]
[2021.06.03-11.44.36:700][  0]LogConfig: Setting CVar [[r.Streaming.LimitPoolSizeToVRAM:0]]
[2021.06.03-11.44.36:700][  0]LogConfig: Setting CVar [[r.Streaming.PoolSize:3000]]
[2021.06.03-11.44.36:700][  0]LogConfig: Setting CVar [[r.Streaming.MaxEffectiveScreenSize:0]]
[2021.06.03-11.44.36:700][  0]LogConfig: Applying CVar settings from Section [EffectsQuality@Cine] File [C:/Users/Proti/Documents/Unreal Projects/ImaginePower/Piotr_Starczewski_Imagine_Power/ImaginePower/Saved/Config/Windows/Scalability.ini]
[2021.06.03-11.44.36:700][  0]LogConfig: Setting CVar [[r.TranslucencyLightingVolumeDim:64]]
[2021.06.03-11.44.36:700][  0]LogConfig: Setting CVar [[r.RefractionQuality:2]]
[2021.06.03-11.44.36:700][  0]LogConfig: Setting CVar [[r.SSR.Quality:4]]
[2021.06.03-11.44.36:700][  0]LogConfig: Setting CVar [[r.SSR.HalfResSceneColor:0]]
[2021.06.03-11.44.36:700][  0]LogConfig: Setting CVar [[r.SceneColorFormat:4]]
[2021.06.03-11.44.36:700][  0]LogConfig: Setting CVar [[r.DetailMode:2]]
[2021.06.03-11.44.36:700][  0]LogConfig: Setting CVar [[r.TranslucencyVolumeBlur:1]]
[2021.06.03-11.44.36:700][  0]LogConfig: Setting CVar [[r.MaterialQualityLevel:1 ; High quality]]
[2021.06.03-11.44.36:700][  0]LogConfig: Setting CVar [[r.SSS.Scale:1]]
[2021.06.03-11.44.36:700][  0]LogConfig: Setting CVar [[r.SSS.SampleSet:2]]
[2021.06.03-11.44.36:700][  0]LogConfig: Setting CVar [[r.SSS.Quality:1]]
[2021.06.03-11.44.36:700][  0]LogConfig: Setting CVar [[r.SSS.HalfRes:0]]
[2021.06.03-11.44.36:700][  0]LogConfig: Setting CVar [[r.SSGI.Quality:4]]
[2021.06.03-11.44.36:700][  0]LogConfig: Setting CVar [[r.EmitterSpawnRateScale:1.0]]
[2021.06.03-11.44.36:700][  0]LogConfig: Setting CVar [[r.ParticleLightQuality:2]]
[2021.06.03-11.44.36:700][  0]LogConfig: Setting CVar [[r.SkyAtmosphere.AerialPerspectiveLUT.FastApplyOnOpaque:0]]
[2021.06.03-11.44.36:700][  0]LogConfig: Setting CVar [[r.SkyAtmosphere.AerialPerspectiveLUT.SampleCountPerSlice:2]]
[2021.06.03-11.44.36:700][  0]LogConfig: Setting CVar [[r.SkyAtmosphere.AerialPerspectiveLUT.DepthResolution:32.0]]
[2021.06.03-11.44.36:700][  0]LogConfig: Setting CVar [[r.SkyAtmosphere.FastSkyLUT:0]]
[2021.06.03-11.44.36:700][  0]LogConfig: Setting CVar [[r.SkyAtmosphere.FastSkyLUT.SampleCountMin:4.0]]
[2021.06.03-11.44.36:700][  0]LogConfig: Setting CVar [[r.SkyAtmosphere.FastSkyLUT.SampleCountMax:32.0]]
[2021.06.03-11.44.36:700][  0]LogConfig: Setting CVar [[r.SkyAtmosphere.SampleCountMin:8.0]]
[2021.06.03-11.44.36:700][  0]LogConfig: Setting CVar [[r.SkyAtmosphere.SampleCountMax:32.0]]
[2021.06.03-11.44.36:700][  0]LogConfig: Setting CVar [[r.SkyAtmosphere.TransmittanceLUT.UseSmallFormat:0]]
[2021.06.03-11.44.36:700][  0]LogConfig: Setting CVar [[r.SkyAtmosphere.TransmittanceLUT.SampleCount:30.0]]
[2021.06.03-11.44.36:700][  0]LogConfig: Setting CVar [[r.SkyAtmosphere.MultiScatteringLUT.SampleCount:20.0]]
[2021.06.03-11.44.36:700][  0]LogConfig: Applying CVar settings from Section [FoliageQuality@Cine] File [C:/Users/Proti/Documents/Unreal Projects/ImaginePower/Piotr_Starczewski_Imagine_Power/ImaginePower/Saved/Config/Windows/Scalability.ini]
[2021.06.03-11.44.36:700][  0]LogConfig: Setting CVar [[foliage.DensityScale:1.0]]
[2021.06.03-11.44.36:700][  0]LogConfig: Setting CVar [[grass.DensityScale:1.0]]
[2021.06.03-11.44.36:700][  0]LogConfig: Applying CVar settings from Section [ShadingQuality@Cine] File [C:/Users/Proti/Documents/Unreal Projects/ImaginePower/Piotr_Starczewski_Imagine_Power/ImaginePower/Saved/Config/Windows/Scalability.ini]
[2021.06.03-11.44.36:700][  0]LogConfig: Setting CVar [[r.HairStrands.SkyLighting.SampleCount:64]]
[2021.06.03-11.44.36:700][  0]LogConfig: Setting CVar [[r.HairStrands.SkyLighting.JitterIntegration:1]]
[2021.06.03-11.44.36:700][  0]LogConfig: Setting CVar [[r.HairStrands.SkyAO.SampleCount:32]]
[2021.06.03-11.44.36:700][  0]LogConfig: Setting CVar [[r.HairStrands.DeepShadow.SuperSampling:1]]
[2021.06.03-11.44.36:700][  0]LogConfig: Setting CVar [[r.HairStrands.RasterizationScale:1]]
[2021.06.03-11.44.36:700][  0]LogConfig: Setting CVar [[r.HairStrands.VelocityRasterizationScale:1]]
[2021.06.03-11.44.36:700][  0]LogConfig: Setting CVar [[r.HairStrands.VisibilityPPLL:1]]
[2021.06.03-11.44.36:700][  0]LogConfig: Applying CVar settings from Section [Startup] File [../../../Engine/Config/ConsoleVariables.ini]
[2021.06.03-11.44.36:700][  0]LogConfig: Setting CVar [[net.UseAdaptiveNetUpdateFrequency:0]]
[2021.06.03-11.44.36:700][  0]LogConfig: Setting CVar [[p.chaos.AllowCreatePhysxBodies:1]]
[2021.06.03-11.44.36:700][  0]LogConfig: Setting CVar [[fx.SkipVectorVMBackendOptimizations:1]]
[2021.06.03-11.44.36:700][  0]LogConfig: Applying CVar settings from Section [ConsoleVariables] File [C:/Users/Proti/Documents/Unreal Projects/ImaginePower/Piotr_Starczewski_Imagine_Power/ImaginePower/Saved/Config/Windows/Engine.ini]
[2021.06.03-11.44.36:700][  0]LogInit: Computer: WINDOWSSALAMI
[2021.06.03-11.44.36:700][  0]LogInit: User: Proti
[2021.06.03-11.44.36:700][  0]LogInit: CPU Page size=4096, Cores=6
[2021.06.03-11.44.36:700][  0]LogInit: High frequency timer resolution =10.000000 MHz
[2021.06.03-11.44.36:701][  0]LogMemory: Memory total: Physical=15.8GB (16GB approx)
[2021.06.03-11.44.36:701][  0]LogMemory: Platform Memory Stats for Windows
[2021.06.03-11.44.36:701][  0]LogMemory: Process Physical Memory: 120.89 MB used, 120.90 MB peak
[2021.06.03-11.44.36:701][  0]LogMemory: Process Virtual Memory: 109.83 MB used, 109.83 MB peak
[2021.06.03-11.44.36:701][  0]LogMemory: Physical Memory: 7181.85 MB used,  9042.61 MB free, 16224.46 MB total
[2021.06.03-11.44.36:701][  0]LogMemory: Virtual Memory: 5183.58 MB used,  134212544.00 MB free, 134217728.00 MB total
[2021.06.03-11.44.36:704][  0]LogWindows: WindowsPlatformFeatures enabled
[2021.06.03-11.44.36:739][  0]LogInit: Physics initialised using underlying interface: PhysX
[2021.06.03-11.44.36:739][  0]LogInit: Using OS detected language (en-US).
[2021.06.03-11.44.36:739][  0]LogInit: Using OS detected locale (en-AT).
[2021.06.03-11.44.36:745][  0]LogTextLocalizationManager: No specific localization for 'en-US' exists, so the 'en' localization will be used.
[2021.06.03-11.44.36:900][  0]LogInit: Setting process to per monitor DPI aware
[2021.06.03-11.44.36:926][  0]LogSlate: New Slate User Created.  User Index 0, Is Virtual User: 0
[2021.06.03-11.44.36:926][  0]LogSlate: Slate User Registered.  User Index 0, Is Virtual User: 0
[2021.06.03-11.44.37:057][  0]LogHMD: Failed to initialize OpenVR with code 110
[2021.06.03-11.44.37:057][  0]LogD3D11RHI: D3D11 min allowed feature level: 11_0
[2021.06.03-11.44.37:057][  0]LogD3D11RHI: D3D11 max allowed feature level: 11_0
[2021.06.03-11.44.37:057][  0]LogD3D11RHI: D3D11 adapters:
[2021.06.03-11.44.37:157][  0]LogD3D11RHI:    0. 'NVIDIA GeForce RTX 2060' (Feature Level 11_0)
[2021.06.03-11.44.37:157][  0]LogD3D11RHI:       5980/0/8112 MB DedicatedVideo/DedicatedSystem/SharedSystem, Outputs:1, VendorId:0x10de
[2021.06.03-11.44.37:185][  0]LogD3D11RHI:    1. 'Intel(R) UHD Graphics 630' (Feature Level 11_0)
[2021.06.03-11.44.37:185][  0]LogD3D11RHI:       128/0/8112 MB DedicatedVideo/DedicatedSystem/SharedSystem, Outputs:0, VendorId:0x8086
[2021.06.03-11.44.37:187][  0]LogD3D11RHI:    2. 'Microsoft Basic Render Driver' (Feature Level 11_0)
[2021.06.03-11.44.37:187][  0]LogD3D11RHI:       0/0/8112 MB DedicatedVideo/DedicatedSystem/SharedSystem, Outputs:0, VendorId:0x1414
[2021.06.03-11.44.37:187][  0]LogD3D11RHI: Chosen D3D11 Adapter: 0
[2021.06.03-11.44.37:191][  0]LogD3D11RHI: Creating new Direct3DDevice
[2021.06.03-11.44.37:191][  0]LogD3D11RHI:     GPU DeviceId: 0x1f11 (for the marketing name, search the web for "GPU Device Id")
[2021.06.03-11.44.37:191][  0]LogWindows: EnumDisplayDevices:
[2021.06.03-11.44.37:191][  0]LogWindows:    0. 'Intel(R) UHD Graphics 630' (P:1 D:1)
[2021.06.03-11.44.37:191][  0]LogWindows:    1. 'Intel(R) UHD Graphics 630' (P:0 D:0)
[2021.06.03-11.44.37:191][  0]LogWindows:    2. 'Intel(R) UHD Graphics 630' (P:0 D:0)
[2021.06.03-11.44.37:191][  0]LogWindows:    3. 'NVIDIA GeForce RTX 2060' (P:0 D:0)
[2021.06.03-11.44.37:192][  0]LogWindows:    4. 'NVIDIA GeForce RTX 2060' (P:0 D:0)
[2021.06.03-11.44.37:192][  0]LogWindows:    5. 'NVIDIA GeForce RTX 2060' (P:0 D:0)
[2021.06.03-11.44.37:192][  0]LogWindows:    6. 'NVIDIA GeForce RTX 2060' (P:0 D:0)
[2021.06.03-11.44.37:192][  0]LogWindows: DebugString: PrimaryIsNotTheChoosenAdapter PrimaryIsNotTheChoosenAdapter PrimaryIsNotTheChoosenAdapter FoundDriverCount:4 
[2021.06.03-11.44.37:192][  0]LogD3D11RHI:     Adapter Name: NVIDIA GeForce RTX 2060
[2021.06.03-11.44.37:192][  0]LogD3D11RHI:   Driver Version: 465.89 (internal:27.21.14.6589, unified:465.89)
[2021.06.03-11.44.37:192][  0]LogD3D11RHI:      Driver Date: 3-25-2021
[2021.06.03-11.44.37:192][  0]LogRHI: Texture pool is 4186 MB (70% of 5980 MB)
[2021.06.03-11.44.37:260][  0]LogD3D11RHI: RHI has support for 64 bit atomics
[2021.06.03-11.44.37:260][  0]LogD3D11RHI: Async texture creation enabled
[2021.06.03-11.44.37:260][  0]LogD3D11RHI: Array index from any shader is supported
[2021.06.03-11.44.37:272][  0]LogD3D11RHI: GPU Timing Frequency: 1000.000000 (Debug: 2 1)
[2021.06.03-11.44.37:493][  0]LogTargetPlatformManager: Display: Loaded TargetPlatform 'AllDesktop'
[2021.06.03-11.44.37:511][  0]LogTargetPlatformManager: Display: Loaded TargetPlatform 'Android'
[2021.06.03-11.44.37:511][  0]LogTargetPlatformManager: Display: Loaded TargetPlatform 'Android_ASTC'
[2021.06.03-11.44.37:511][  0]LogTargetPlatformManager: Display: Loaded TargetPlatform 'Android_DXT'
[2021.06.03-11.44.37:511][  0]LogTargetPlatformManager: Display: Loaded TargetPlatform 'Android_ETC2'
[2021.06.03-11.44.37:511][  0]LogTargetPlatformManager: Display: Loaded TargetPlatform 'AndroidClient'
[2021.06.03-11.44.37:511][  0]LogTargetPlatformManager: Display: Loaded TargetPlatform 'Android_ASTCClient'
[2021.06.03-11.44.37:511][  0]LogTargetPlatformManager: Display: Loaded TargetPlatform 'Android_DXTClient'
[2021.06.03-11.44.37:511][  0]LogTargetPlatformManager: Display: Loaded TargetPlatform 'Android_ETC2Client'
[2021.06.03-11.44.37:511][  0]LogTargetPlatformManager: Display: Loaded TargetPlatform 'Android_Multi'
[2021.06.03-11.44.37:511][  0]LogTargetPlatformManager: Display: Loaded TargetPlatform 'Android_MultiClient'
[2021.06.03-11.44.37:529][  0]LogTargetPlatformManager: Display: Loaded TargetPlatform 'IOSClient'
[2021.06.03-11.44.37:529][  0]LogTargetPlatformManager: Display: Loaded TargetPlatform 'IOS'
[2021.06.03-11.44.37:538][  0]LogTargetPlatformManager: Display: Loaded TargetPlatform 'Linux'
[2021.06.03-11.44.37:545][  0]LogTargetPlatformManager: Display: Loaded TargetPlatform 'LinuxNoEditor'
[2021.06.03-11.44.37:553][  0]LogTargetPlatformManager: Display: Loaded TargetPlatform 'LinuxClient'
[2021.06.03-11.44.37:560][  0]LogTargetPlatformManager: Display: Loaded TargetPlatform 'LinuxServer'
[2021.06.03-11.44.37:567][  0]LogTargetPlatformManager: Display: Loaded TargetPlatform 'LinuxAArch64NoEditor'
[2021.06.03-11.44.37:575][  0]LogTargetPlatformManager: Display: Loaded TargetPlatform 'LinuxAArch64Client'
[2021.06.03-11.44.37:582][  0]LogTargetPlatformManager: Display: Loaded TargetPlatform 'LinuxAArch64Server'
[2021.06.03-11.44.37:604][  0]LogTargetPlatformManager: Display: Loaded TargetPlatform 'Lumin'
[2021.06.03-11.44.37:604][  0]LogTargetPlatformManager: Display: Loaded TargetPlatform 'LuminClient'
[2021.06.03-11.44.37:618][  0]LogTargetPlatformManager: Display: Loaded TargetPlatform 'TVOSClient'
[2021.06.03-11.44.37:618][  0]LogTargetPlatformManager: Display: Loaded TargetPlatform 'TVOS'
[2021.06.03-11.44.37:625][  0]LogTargetPlatformManager: Display: Loaded TargetPlatform 'WindowsNoEditor'
[2021.06.03-11.44.37:633][  0]LogTargetPlatformManager: Display: Loaded TargetPlatform 'Windows'
[2021.06.03-11.44.37:640][  0]LogTargetPlatformManager: Display: Loaded TargetPlatform 'WindowsClient'
[2021.06.03-11.44.37:648][  0]LogTargetPlatformManager: Display: Loaded TargetPlatform 'WindowsServer'
[2021.06.03-11.44.37:648][  0]LogTargetPlatformManager: Display: Building Assets For Windows
[2021.06.03-11.44.37:653][  0]LogAudioDebug: Display: Lib vorbis DLL was dynamically loaded.
[2021.06.03-11.44.37:697][  0]LogShaderCompilers: Guid format shader working directory is -67 characters bigger than the processId version (../../../../../../Users/Proti/Documents/Unreal Projects/ImaginePower/Piotr_Starczewski_Imagine_Power/ImaginePower/Intermediate/Shaders/WorkingDirectory/7188/).
[2021.06.03-11.44.37:697][  0]LogShaderCompilers: Cleaned the shader compiler working directory 'C:/Users/Proti/AppData/Local/Temp/UnrealShaderWorkingDir/D0174C8542228595F1E20F9D51CC5AAF/'.
[2021.06.03-11.44.37:697][  0]LogXGEController: Cannot use XGE Controller as Incredibuild is not installed on this machine.
[2021.06.03-11.44.37:697][  0]LogShaderCompilers: Cannot use XGE Shader Compiler as Incredibuild is not installed on this machine.
[2021.06.03-11.44.37:697][  0]LogShaderCompilers: Display: Using Local Shader Compiler.
[2021.06.03-11.44.38:392][  0]LogDerivedDataCache: Display: Max Cache Size: 512 MB
[2021.06.03-11.44.38:434][  0]LogDerivedDataCache: Loaded boot cache 0.04s 79MB C:/Users/Proti/AppData/Local/UnrealEngine/4.25/DerivedDataCache/Boot.ddc.
[2021.06.03-11.44.38:434][  0]LogDerivedDataCache: Display: Loaded Boot cache: C:/Users/Proti/AppData/Local/UnrealEngine/4.25/DerivedDataCache/Boot.ddc
[2021.06.03-11.44.38:434][  0]LogDerivedDataCache: FDerivedDataBackendGraph:  Pak pak cache file ../../../../../../Users/Proti/Documents/Unreal Projects/ImaginePower/Piotr_Starczewski_Imagine_Power/ImaginePower/DerivedDataCache/DDC.ddp not found, will not use a pak cache.
[2021.06.03-11.44.38:434][  0]LogDerivedDataCache: Unable to find inner node Pak for hierarchical cache Hierarchy.
[2021.06.03-11.44.38:434][  0]LogDerivedDataCache: FDerivedDataBackendGraph:  CompressedPak pak cache file ../../../../../../Users/Proti/Documents/Unreal Projects/ImaginePower/Piotr_Starczewski_Imagine_Power/ImaginePower/DerivedDataCache/Compressed.ddp not found, will not use a pak cache.
[2021.06.03-11.44.38:434][  0]LogDerivedDataCache: Unable to find inner node CompressedPak for hierarchical cache Hierarchy.
[2021.06.03-11.44.38:443][  0]LogDerivedDataCache: Display: Pak cache opened for reading ../../../Engine/DerivedDataCache/Compressed.ddp.
[2021.06.03-11.44.38:443][  0]LogDerivedDataCache: FDerivedDataBackendGraph:  EnterprisePak pak cache file ../../../Enterprise/DerivedDataCache/Compressed.ddp not found, will not use a pak cache.
[2021.06.03-11.44.38:443][  0]LogDerivedDataCache: Unable to find inner node EnterprisePak for hierarchical cache Hierarchy.
[2021.06.03-11.44.38:444][  0]LogDerivedDataCache: Using Local data cache path C:/Users/Proti/AppData/Local/UnrealEngine/Common/DerivedDataCache: Writable
[2021.06.03-11.44.38:444][  0]LogDerivedDataCache: Shared data cache path not found in *engine.ini, will not use an Shared cache.
[2021.06.03-11.44.38:444][  0]LogDerivedDataCache: Unable to find inner node Shared for hierarchical cache Hierarchy.
[2021.06.03-11.44.38:487][  0]LogSlate: Using FreeType 2.10.0
[2021.06.03-11.44.38:488][  0]LogSlate: SlateFontServices - WITH_FREETYPE: 1, WITH_HARFBUZZ: 1
[2021.06.03-11.44.38:508][  0]LogAssetRegistry: FAssetRegistry took 0.0020 seconds to start up
[2021.06.03-11.44.38:688][  0]LogInit: Selected Device Profile: [Windows]
[2021.06.03-11.44.38:817][  0]LogMeshReduction: Using QuadricMeshReduction for automatic static mesh reduction
[2021.06.03-11.44.38:817][  0]LogMeshReduction: Using SimplygonMeshReduction for automatic skeletal mesh reduction
[2021.06.03-11.44.38:817][  0]LogMeshReduction: Using ProxyLODMeshReduction for automatic mesh merging
[2021.06.03-11.44.38:817][  0]LogMeshReduction: No distributed automatic mesh merging module available
[2021.06.03-11.44.38:817][  0]LogMeshMerging: No distributed automatic mesh merging module available
[2021.06.03-11.44.38:829][  0]LogNetVersion: ImaginePower 1.0.0, NetCL: 13144385, EngineNetVer: 14, GameNetVer: 0 (Checksum: 3019717282)
[2021.06.03-11.44.39:247][  0]LogAISub: UAISubsystem::UAISubsystem AISubsystem (0000029C29AC9BC0), frame # 0
[2021.06.03-11.44.39:247][  0]LogAISub: UAISubsystem::UAISubsystem AIPerceptionSystem (0000029C29A0D080), frame # 0
[2021.06.03-11.44.39:248][  0]LogAISub: UAISubsystem::UAISubsystem EnvQueryManager (0000029C29A5DE00), frame # 0
[2021.06.03-11.44.39:272][  0]LogPackageLocalizationCache: Processed 21 localized package path(s) for 1 prioritized culture(s) in 0.019429 seconds
[2021.06.03-11.44.39:276][  0]LogUObjectArray: 15917 objects as part of root set at end of initial load.
[2021.06.03-11.44.39:276][  0]LogUObjectAllocator: 3965568 out of 0 bytes used by permanent object pool.
[2021.06.03-11.44.39:276][  0]LogUObjectArray: CloseDisregardForGC: 0/0 objects in disregard for GC pool
[2021.06.03-11.44.39:453][  0]LogPython: Using Python 2.7.14
[2021.06.03-11.44.40:110][  0]LogTcpMessaging: Initializing TcpMessaging bridge
[2021.06.03-11.44.40:132][  0]LogUdpMessaging: Initializing bridge on interface 0.0.0.0:0 to multicast group 230.0.0.1:6666.
[2021.06.03-11.44.40:311][  0]SourceControl: Source control is disabled
[2021.06.03-11.44.40:311][  0]SourceControl: Source control is disabled
[2021.06.03-11.44.40:313][  0]SourceControl: Source control is disabled
[2021.06.03-11.44.40:315][  0]SourceControl: Source control is disabled
[2021.06.03-11.44.40:320][  0]SourceControl: Source control is disabled
[2021.06.03-11.44.40:545][  0]LogAndroidPermission: UAndroidPermissionCallbackProxy::GetInstance
[2021.06.03-11.44.40:569][  0]LogAudioCaptureCore: Display: No Audio Capture implementations found. Audio input will be silent.
[2021.06.03-11.44.40:569][  0]LogAudioCaptureCore: Display: No Audio Capture implementations found. Audio input will be silent.
[2021.06.03-11.44.40:628][  0]LogOcInput: OculusInput pre-init called
[2021.06.03-11.44.40:636][  0]LogWindows: Failed to load 'OVRPlugin.dll' (GetLastError=126)
[2021.06.03-11.44.40:636][  0]LogWindows: File 'OVRPlugin.dll' does not exist
[2021.06.03-11.44.40:980][  0]LogEngine: Initializing Engine...
[2021.06.03-11.44.40:981][  0]LogHMD: Failed to initialize OpenVR with code 110
[2021.06.03-11.44.40:981][  0]LogMagicLeap: Warning: VR disabled because ZI is not enabled.  To enable, in the editor, Edit -> Project Settings -> Plugins -> Magic Leap Plugin -> Enable Zero Iteration
[2021.06.03-11.44.40:982][  0]LogStats: UGameplayTagsManager::InitializeManager -  0.000 s
[2021.06.03-11.44.41:071][  0]LogInit: Initializing FReadOnlyCVARCache
[2021.06.03-11.44.41:078][  0]LogAIModule: Creating AISystem for world Untitled
[2021.06.03-11.44.41:078][  0]LogAISub: UAISubsystem::UAISubsystem EnvQueryManager (0000029C34CCBC00), frame # 0
[2021.06.03-11.44.41:078][  0]LogAISub: UAISubsystem::UAISubsystem AIPerceptionSystem (0000029C34CF6E80), frame # 0
[2021.06.03-11.44.41:089][  0]LogAudioMixer: Display: Audio Mixer Platform Settings:
[2021.06.03-11.44.41:089][  0]LogAudioMixer: Display: 	Sample Rate:						  48000
[2021.06.03-11.44.41:089][  0]LogAudioMixer: Display: 	Callback Buffer Frame Size Requested: 1024
[2021.06.03-11.44.41:089][  0]LogAudioMixer: Display: 	Callback Buffer Frame Size To Use:	  1024
[2021.06.03-11.44.41:089][  0]LogAudioMixer: Display: 	Number of buffers to queue:			  2
[2021.06.03-11.44.41:089][  0]LogAudioMixer: Display: 	Max Channels (voices):				  32
[2021.06.03-11.44.41:089][  0]LogAudioMixer: Display: 	Number of Async Source Workers:		  0
[2021.06.03-11.44.41:089][  0]LogAudio: Display: AudioDevice MaxSources: 32
[2021.06.03-11.44.41:089][  0]LogAudio: Display: Using built-in audio occlusion.
[2021.06.03-11.44.41:089][  0]LogAudioMixer: Display: Initializing audio mixer.
[2021.06.03-11.44.41:104][  0]LogAudioMixer: Display: 0: FrontLeft
[2021.06.03-11.44.41:104][  0]LogAudioMixer: Display: 1: FrontRight
[2021.06.03-11.44.41:123][  0]LogAudioMixer: Display: Using Audio Device Speakers (Realtek(R) Audio)
[2021.06.03-11.44.41:126][  0]LogAudioMixer: Display: Initializing Sound Submixes...
[2021.06.03-11.44.41:127][  0]LogAudioMixer: Display: Creating Master Submix 'MasterSubmixDefault'
[2021.06.03-11.44.41:127][  0]LogAudioMixer: Display: Creating Master Submix 'MasterReverbSubmixDefault'
[2021.06.03-11.44.41:128][  0]LogAudioMixer: Display: Creating Master Submix 'MasterEQSubmixDefault'
[2021.06.03-11.44.41:129][  0]LogInit: FAudioDevice initialized.
[2021.06.03-11.44.41:129][  0]LogNetVersion: Set ProjectVersion to 1.0.0.0. Version Checksum will be recalculated on next use.
[2021.06.03-11.44.41:170][  0]LogDerivedDataCache: Saved boot cache 0.04s 79MB C:/Users/Proti/AppData/Local/UnrealEngine/4.25/DerivedDataCache/Boot.ddc.
[2021.06.03-11.44.41:172][  0]LogInit: Texture streaming: Enabled
[2021.06.03-11.44.41:183][  0]LogEngineSessionManager: EngineSessionManager initialized
[2021.06.03-11.44.41:183][  0]LogEditorSessionSummary: Verbose: Initializing EditorSessionSummaryWriter for editor session tracking
[2021.06.03-11.44.41:184][  0]LogEditorSessionSummary: EditorSessionSummaryWriter initialized
[2021.06.03-11.44.41:297][  0]LogInit: Transaction tracking system initialized
[2021.06.03-11.44.41:313][  0]BlueprintLog: New page: Editor Load
[2021.06.03-11.44.41:384][  0]LocalizationService: Localization service is disabled
[2021.06.03-11.44.41:532][  0]LogCook: Display: Max memory allowance for cook 16384mb min free memory 0mb
[2021.06.03-11.44.41:533][  0]LogCook: Display: Mobile HDR setting 1
[2021.06.03-11.44.41:540][  0]LogFileCache: Scanning file cache for directory 'C:/Users/Proti/Documents/Unreal Projects/ImaginePower/Piotr_Starczewski_Imagine_Power/ImaginePower/Content/' took 0.00s
[2021.06.03-11.44.41:828][  0]SourceControl: Source control is disabled
[2021.06.03-11.44.41:828][  0]LogUnrealEdMisc: Loading editor; pre map load, took 6.234
[2021.06.03-11.44.41:829][  0]LightingResults: New page: Lighting Build
[2021.06.03-11.44.41:829][  0]LogWorld: UWorld::CleanupWorld for Untitled, bSessionEnded=true, bCleanupResources=true
[2021.06.03-11.44.41:829][  0]LogSlate: InvalidateAllWidgets triggered.  All widgets were invalidated
[2021.06.03-11.44.41:830][  0]MapCheck: New page: Map Check
[2021.06.03-11.44.41:830][  0]LightingResults: New page: Lighting Build
[2021.06.03-11.44.41:840][  0]LogAISub: UAISubsystem::~UAISubsystem EnvQueryManager (0000029C34CCBC00), frame # 0
[2021.06.03-11.44.41:840][  0]LogAISub: UAISubsystem::~UAISubsystem AIPerceptionSystem (0000029C34CF6E80), frame # 0
[2021.06.03-11.44.41:840][  0]LogUObjectHash: Compacting FUObjectHashTables data took   0.63ms
[2021.06.03-11.44.41:897][  0]LogAIModule: Creating AISystem for world FirstPersonExampleMap
[2021.06.03-11.44.41:897][  0]LogAISub: UAISubsystem::UAISubsystem EnvQueryManager (0000029C40B20400), frame # 0
[2021.06.03-11.44.41:897][  0]LogAISub: UAISubsystem::UAISubsystem AIPerceptionSystem (0000029C34CDC400), frame # 0
[2021.06.03-11.44.41:902][  0]LogEditorServer: Finished looking for orphan Actors (0.000 secs)
[2021.06.03-11.44.41:915][  0]LogUObjectHash: Compacting FUObjectHashTables data took   0.67ms
[2021.06.03-11.44.41:915][  0]Cmd: MAP CHECKDEP NOCLEARLOG
[2021.06.03-11.44.41:915][  0]MapCheck: Map check complete: 0 Error(s), 0 Warning(s), took 0,129ms to complete.
[2021.06.03-11.44.41:915][  0]LogFileHelpers: Loading map 'FirstPersonExampleMap' took 0.087
[2021.06.03-11.44.41:917][  0]LogUnrealEdMisc: Total Editor Startup Time, took 6.322
[2021.06.03-11.44.42:010][  0]LogSlate: Updating window title bar state: overlay mode, drag disabled, window buttons hidden, title bar hidden
[2021.06.03-11.44.42:015][  0]LogSlate: Updating window title bar state: overlay mode, drag disabled, window buttons hidden, title bar hidden
[2021.06.03-11.44.42:021][  0]LogSlate: Updating window title bar state: overlay mode, drag disabled, window buttons hidden, title bar hidden
[2021.06.03-11.44.42:026][  0]LogSlate: Updating window title bar state: overlay mode, drag disabled, window buttons hidden, title bar hidden
[2021.06.03-11.44.42:031][  0]LogCollectionManager: Loaded 0 collections in 0.001203 seconds
[2021.06.03-11.44.42:043][  0]LogFileCache: Scanning file cache for directory 'C:/Users/Proti/Documents/Unreal Projects/ImaginePower/Piotr_Starczewski_Imagine_Power/ImaginePower/Saved/Collections/' took 0.00s
[2021.06.03-11.44.42:043][  0]LogFileCache: Scanning file cache for directory 'C:/Users/Proti/Documents/Unreal Projects/ImaginePower/Piotr_Starczewski_Imagine_Power/ImaginePower/Content/Developers/Proti/Collections/' took 0.00s
[2021.06.03-11.44.42:043][  0]LogFileCache: Scanning file cache for directory 'C:/Users/Proti/Documents/Unreal Projects/ImaginePower/Piotr_Starczewski_Imagine_Power/ImaginePower/Content/Collections/' took 0.00s
[2021.06.03-11.44.42:043][  0]LogContentBrowser: Native class hierarchy populated in 0.0078 seconds. Added 3450 classes and 830 folders.
[2021.06.03-11.44.42:046][  0]LogContentBrowser: Native class hierarchy updated for 'WidgetCarousel' in 0.0003 seconds. Added 0 classes and 0 folders.
[2021.06.03-11.44.42:095][  0]LogContentBrowser: Native class hierarchy updated for 'AddContentDialog' in 0.0004 seconds. Added 0 classes and 0 folders.
[2021.06.03-11.44.42:100][  0]LogContentBrowser: Native class hierarchy updated for 'SceneOutliner' in 0.0003 seconds. Added 2 classes and 0 folders.
[2021.06.03-11.44.42:202][  0]LogSlate: Took 0.000131 seconds to synchronously load lazily loaded font '../../../Engine/Content/Slate/Fonts/Roboto-Regular.ttf' (155K)
[2021.06.03-11.44.42:945][  0]LogSlate: Took 0.000144 seconds to synchronously load lazily loaded font '../../../Engine/Content/Slate/Fonts/Roboto-Bold.ttf' (160K)
[2021.06.03-11.44.42:949][  0]LogSlate: Took 0.000261 seconds to synchronously load lazily loaded font '../../../Engine/Content/Editor/Slate/Fonts/FontAwesome.ttf' (139K)
[2021.06.03-11.44.43:001][  0]LogRenderer: Reallocating scene render targets to support 1024x628 Format 10 NumSamples 1 (Frame:1).
[2021.06.03-11.44.43:072][  0]LogContentBrowser: Native class hierarchy updated for 'HierarchicalLODOutliner' in 0.0005 seconds. Added 0 classes and 0 folders.
[2021.06.03-11.44.43:073][  0]LogLoad: (Engine Initialization) Total time: 7.48 seconds
[2021.06.03-11.44.43:073][  0]LogLoad: (Engine Initialization) Total Blueprint compile time: 0.00 seconds
[2021.06.03-11.44.43:130][  0]LogAssetRegistry: Asset discovery search completed in 4.6230 seconds
[2021.06.03-11.44.43:133][  0]LogCollectionManager: Fixed up redirectors for 0 collections in 0.000002 seconds (updated 0 objects)
[2021.06.03-11.44.43:135][  0]LogContentStreaming: Texture pool size now 3000 MB
[2021.06.03-11.44.43:149][  0]LogSlate: Took 0.000131 seconds to synchronously load lazily loaded font '../../../Engine/Content/Slate/Fonts/Roboto-Light.ttf' (167K)
[2021.06.03-11.44.49:121][358]LogTcpMessaging: Started Connection to '127.0.0.1:6666'
[2021.06.03-12.06.26:555][825]LogSlate: Took 0.000173 seconds to synchronously load lazily loaded font '../../../Engine/Content/Slate/Fonts/Roboto-Light.ttf' (167K)
[2021.06.03-12.06.26:596][825]LogSlate: WidgetSwitcher ('None') active index changed to -1
[2021.06.03-12.06.26:596][825]LogSlate: WidgetSwitcher ('None') active index changed to 0
[2021.06.03-12.06.26:616][825]LogSlate: Took 0.000149 seconds to synchronously load lazily loaded font '../../../Engine/Content/Slate/Fonts/Roboto-BoldCondensed.ttf' (158K)
[2021.06.03-12.18.28:083][634]LogSlate: Window 'Add C++ Class' being destroyed
[2021.06.03-12.30.37:369][952]LogAssetEditorSubsystem: Opening Asset editor for Class /Script/ImaginePower.ImaginePowerCharacter
[2021.06.03-12.30.37:536][952]LogVSAccessor: Warning: Couldn't goto line number '1' in 'C:/Users/Proti/Documents/Unreal Projects/ImaginePower/Piotr_Starczewski_Imagine_Power/ImaginePower/Source/ImaginePower/ImaginePowerCharacter.h'
[2021.06.03-12.30.37:616][952]LogVSAccessor: Warning: Couldn't goto line number '1' in 'C:/Users/Proti/Documents/Unreal Projects/ImaginePower/Piotr_Starczewski_Imagine_Power/ImaginePower/Source/ImaginePower/ImaginePowerCharacter.cpp'
[2021.06.03-12.35.46:863][875]LogUdpMessaging: Warning: UDP messaging encountered an error. Auto repair routine started for reinitialization
[2021.06.03-12.38.46:506][411]LogHttp: Warning: 0000029C43FFD600: invalid HTTP response code received. URL: https://datarouter.ol.epicgames.com/datarouter/api/v1/public/data?SessionID=%7B9DEB0C13-4414-F160-9E13-318350CDF0BC%7D&AppID=UEEditor.Rocket.Release&AppVersion=4.25.4-14469661%2B%2B%2BUE4%2BRelease-4.25&UserID=3f1707cc46f67a8ec3c05dba81ae25fa%7Cfbc9a29351c042fbafd16034f9817105%7Cb15b6e19-eb6d-406d-8eea-fa0e3a4d10a6&AppEnvironment=datacollector-source&UploadType=eteventstream, HTTP code: 0, content length: 0, actual payload size: 0
[2021.06.03-12.38.46:506][411]LogHttp: Warning: 0000029C43FFD600: request failed, libcurl error: 56 (Failure when receiving data from the peer)
[2021.06.03-12.38.46:506][411]LogHttp: Warning: 0000029C43FFD600: libcurl info message cache 0 (Connection 16 seems to be dead!)
[2021.06.03-12.38.46:506][411]LogHttp: Warning: 0000029C43FFD600: libcurl info message cache 1 (Closing connection 16)
[2021.06.03-12.38.46:506][411]LogHttp: Warning: 0000029C43FFD600: libcurl info message cache 2 (  Trying 54.152.236.216...)
[2021.06.03-12.38.46:506][411]LogHttp: Warning: 0000029C43FFD600: libcurl info message cache 3 (TCP_NODELAY set)
[2021.06.03-12.38.46:506][411]LogHttp: Warning: 0000029C43FFD600: libcurl info message cache 4 (Connected to datarouter.ol.epicgames.com (54.152.236.216) port 443 (#17))
[2021.06.03-12.38.46:506][411]LogHttp: Warning: 0000029C43FFD600: libcurl info message cache 5 (ALPN, offering http/1.1)
[2021.06.03-12.38.46:506][411]LogHttp: Warning: 0000029C43FFD600: libcurl info message cache 6 (Cipher selection: ALL:!EXPORT:!EXPORT40:!EXPORT56:!aNULL:!LOW:!RC4:@STRENGTH)
[2021.06.03-12.38.46:506][411]LogHttp: Warning: 0000029C43FFD600: libcurl info message cache 7 (SSL re-using session ID)
[2021.06.03-12.38.46:506][411]LogHttp: Warning: 0000029C43FFD600: libcurl info message cache 8 (TLSv1.3 (OUT), TLS handshake, Client hello (1):)
[2021.06.03-12.38.46:506][411]LogHttp: Warning: 0000029C43FFD600: libcurl info message cache 9 (TLSv1.3 (IN), TLS handshake, Server hello (2):)
[2021.06.03-12.38.46:506][411]LogHttp: Warning: 0000029C43FFD600: libcurl info message cache 10 (TLSv1.2 (IN), TLS handshake, Certificate (11):)
[2021.06.03-12.38.46:506][411]LogHttp: Warning: 0000029C43FFD600: libcurl info message cache 11 (TLSv1.2 (IN), TLS handshake, Server key exchange (12):)
[2021.06.03-12.38.46:506][411]LogHttp: Warning: 0000029C43FFD600: libcurl info message cache 12 (TLSv1.2 (IN), TLS handshake, Server finished (14):)
[2021.06.03-12.38.46:506][411]LogHttp: Warning: 0000029C43FFD600: libcurl info message cache 13 (TLSv1.2 (OUT), TLS handshake, Client key exchange (16):)
[2021.06.03-12.38.46:506][411]LogHttp: Warning: 0000029C43FFD600: libcurl info message cache 14 (TLSv1.2 (OUT), TLS change cipher, Client hello (1):)
[2021.06.03-12.38.46:506][411]LogHttp: Warning: 0000029C43FFD600: libcurl info message cache 15 (TLSv1.2 (OUT), TLS handshake, Finished (20):)
[2021.06.03-12.38.46:506][411]LogHttp: Warning: 0000029C43FFD600: libcurl info message cache 16 (TLSv1.2 (IN), TLS handshake, Finished (20):)
[2021.06.03-12.38.46:506][411]LogHttp: Warning: 0000029C43FFD600: libcurl info message cache 17 (SSL connection using TLSv1.2 / ECDHE-RSA-AES128-GCM-SHA256)
[2021.06.03-12.38.46:506][411]LogHttp: Warning: 0000029C43FFD600: libcurl info message cache 18 (ALPN, server accepted to use http/1.1)
[2021.06.03-12.38.46:506][411]LogHttp: Warning: 0000029C43FFD600: libcurl info message cache 19 (old SSL session ID is stale, removing)
[2021.06.03-12.38.46:506][411]LogHttp: Warning: 0000029C43FFD600: libcurl info message cache 20 (Server certificate:)
[2021.06.03-12.38.46:506][411]LogHttp: Warning: 0000029C43FFD600: libcurl info message cache 21 ( subject: CN=*.ol.epicgames.com)
[2021.06.03-12.38.46:506][411]LogHttp: Warning: 0000029C43FFD600: libcurl info message cache 22 ( start date: Feb  5 00:00:00 2021 GMT)
[2021.06.03-12.38.46:506][411]LogHttp: Warning: 0000029C43FFD600: libcurl info message cache 23 ( expire date: Mar  5 23:59:59 2022 GMT)
[2021.06.03-12.38.46:506][411]LogHttp: Warning: 0000029C43FFD600: libcurl info message cache 24 ( subjectAltName: host "datarouter.ol.epicgames.com" matched cert's "*.ol.epicgames.com")
[2021.06.03-12.38.46:506][411]LogHttp: Warning: 0000029C43FFD600: libcurl info message cache 25 ( issuer: C=US; O=Amazon; OU=Server CA 1B; CN=Amazon)
[2021.06.03-12.38.46:506][411]LogHttp: Warning: 0000029C43FFD600: libcurl info message cache 26 ( SSL certificate verify ok.)
[2021.06.03-12.38.46:506][411]LogHttp: Warning: 0000029C43FFD600: libcurl info message cache 27 (We are completely uploaded and fine)
[2021.06.03-12.38.46:506][411]LogHttp: Warning: 0000029C43FFD600: libcurl info message cache 28 (OpenSSL SSL_read: SSL_ERROR_SYSCALL, errno 10054)
[2021.06.03-12.38.46:506][411]LogHttp: Warning: 0000029C43FFD600: libcurl info message cache 29 (Closing connection 17)
[2021.06.03-12.38.46:506][411]LogHttp: Warning: 0000029C43FFE400: invalid HTTP response code received. URL: https://datarouter.ol.epicgames.com/datarouter/api/v1/public/data?SessionID=%7B9DEB0C13-4414-F160-9E13-318350CDF0BC%7D&AppID=UEEditor.Rocket.Release&AppVersion=4.25.4-14469661%2B%2B%2BUE4%2BRelease-4.25&UserID=3f1707cc46f67a8ec3c05dba81ae25fa%7Cfbc9a29351c042fbafd16034f9817105%7Cb15b6e19-eb6d-406d-8eea-fa0e3a4d10a6&AppEnvironment=datacollector-source&UploadType=eteventstream, HTTP code: 0, content length: 0, actual payload size: 0
[2021.06.03-12.38.46:506][411]LogHttp: Warning: 0000029C43FFE400: request failed, libcurl error: 56 (Failure when receiving data from the peer)
[2021.06.03-12.38.46:506][411]LogHttp: Warning: 0000029C43FFE400: libcurl info message cache 0 (Found bundle for host datarouter.ol.epicgames.com: 0x29c6d63ff70 [can pipeline])
[2021.06.03-12.38.46:506][411]LogHttp: Warning: 0000029C43FFE400: libcurl info message cache 1 (Re-using existing connection! (#18) with host datarouter.ol.epicgames.com)
[2021.06.03-12.38.46:506][411]LogHttp: Warning: 0000029C43FFE400: libcurl info message cache 2 (Connected to datarouter.ol.epicgames.com (54.152.236.216) port 443 (#18))
[2021.06.03-12.38.46:506][411]LogHttp: Warning: 0000029C43FFE400: libcurl info message cache 3 (We are completely uploaded and fine)
[2021.06.03-12.38.46:506][411]LogHttp: Warning: 0000029C43FFE400: libcurl info message cache 4 (OpenSSL SSL_read: SSL_ERROR_SYSCALL, errno 10054)
[2021.06.03-12.38.46:506][411]LogHttp: Warning: 0000029C43FFE400: libcurl info message cache 5 (Connection died, retrying a fresh connect)
[2021.06.03-12.38.46:506][411]LogHttp: Warning: 0000029C43FFE400: libcurl info message cache 6 (necessary data rewind wasn't possible)
[2021.06.03-12.38.46:506][411]LogHttp: Warning: 0000029C43FFE400: libcurl info message cache 7 (Closing connection 18)
[2021.06.03-12.38.46:843][412]LogHttp: Warning: Retry exhausted on https://datarouter.ol.epicgames.com/datarouter/api/v1/public/data?SessionID=%7B9DEB0C13-4414-F160-9E13-318350CDF0BC%7D&AppID=UEEditor.Rocket.Release&AppVersion=4.25.4-14469661%2B%2B%2BUE4%2BRelease-4.25&UserID=3f1707cc46f67a8ec3c05dba81ae25fa%7Cfbc9a29351c042fbafd16034f9817105%7Cb15b6e19-eb6d-406d-8eea-fa0e3a4d10a6&AppEnvironment=datacollector-source&UploadType=eteventstream
[2021.06.03-12.38.46:843][412]LogHttp: Warning: Retry exhausted on https://datarouter.ol.epicgames.com/datarouter/api/v1/public/data?SessionID=%7B9DEB0C13-4414-F160-9E13-318350CDF0BC%7D&AppID=UEEditor.Rocket.Release&AppVersion=4.25.4-14469661%2B%2B%2BUE4%2BRelease-4.25&UserID=3f1707cc46f67a8ec3c05dba81ae25fa%7Cfbc9a29351c042fbafd16034f9817105%7Cb15b6e19-eb6d-406d-8eea-fa0e3a4d10a6&AppEnvironment=datacollector-source&UploadType=eteventstream
[2021.06.03-12.42.34:499][293]LogAssetEditorSubsystem: Opening Asset editor for Class /Script/ImaginePower.ImaginePowerCharacter
[2021.06.03-12.42.34:545][293]LogVSAccessor: Warning: Couldn't goto line number '1' in 'C:/Users/Proti/Documents/Unreal Projects/ImaginePower/Piotr_Starczewski_Imagine_Power/ImaginePower/Source/ImaginePower/ImaginePowerCharacter.h'
[2021.06.03-12.42.34:579][293]LogVSAccessor: Warning: Couldn't goto line number '1' in 'C:/Users/Proti/Documents/Unreal Projects/ImaginePower/Piotr_Starczewski_Imagine_Power/ImaginePower/Source/ImaginePower/ImaginePowerCharacter.cpp'
[2021.06.03-12.44.38:777][281]LogSlate: WidgetSwitcher ('None') active index changed to -1
[2021.06.03-12.44.38:777][281]LogSlate: WidgetSwitcher ('None') active index changed to 0
[2021.06.03-12.44.42:131][481]LogSlate: Window 'Add C++ Class' being destroyed
[2021.06.03-12.44.43:472][561]LogSlate: WidgetSwitcher ('None') active index changed to -1
[2021.06.03-12.44.43:472][561]LogSlate: WidgetSwitcher ('None') active index changed to 0
[2021.06.03-12.44.57:461][396]LogSlate: WidgetSwitcher ('None') active index changed to 1
[2021.06.03-12.46.19:047][369]LogSlate: Window 'Add C++ Class' being destroyed
[2021.06.03-12.47.17:777][965]LogSlate: WidgetSwitcher ('None') active index changed to -1
[2021.06.03-12.47.17:777][965]LogSlate: WidgetSwitcher ('None') active index changed to 0
[2021.06.03-12.47.18:848][ 28]LogSlate: WidgetSwitcher ('None') active index changed to 1
[2021.06.03-12.48.06:040][651]Running C:/Program Files/Epic Games/UE_4.25/Engine/Binaries/DotNET/UnrealBuildTool.exe  -projectfiles -project="C:/Users/Proti/Documents/Unreal Projects/ImaginePower/Piotr_Starczewski_Imagine_Power/ImaginePower/ImaginePower.uproject" -game -rocket -progress
[2021.06.03-12.48.06:350][651]Discovering modules, targets and source code for project...
[2021.06.03-12.48.07:659][651]Binding IntelliSense data...
[2021.06.03-12.48.09:483][651]Binding IntelliSense data... 100%
[2021.06.03-12.48.09:483][651]Writing project files...
[2021.06.03-12.48.13:018][651]Writing project files... 100%
[2021.06.03-12.48.13:193][651]Candidate modules for hot reload:
[2021.06.03-12.48.13:193][651]  ImaginePower
[2021.06.03-12.48.13:193][651]Launching UnrealBuildTool... [C:/Program Files/Epic Games/UE_4.25/Engine/Binaries/DotNET/UnrealBuildTool.exe  -ModuleWithSuffix=ImaginePower,1171 ImaginePowerEditor Win64 Development -Project="C:/Users/Proti/Documents/Unreal Projects/ImaginePower/Piotr_Starczewski_Imagine_Power/ImaginePower/ImaginePower.uproject" "C:/Users/Proti/Documents/Unreal Projects/ImaginePower/Piotr_Starczewski_Imagine_Power/ImaginePower/ImaginePower.uproject"  -IgnoreJunk]
[2021.06.03-12.48.24:598][651]CompilerResultsLog: New page: Compilation - 3 Jun 2021, 16:48:24
[2021.06.03-12.48.24:598][651]CompilerResultsLog: Using 'git status' to determine working set for adaptive non-unity build (C:\Users\Proti\Documents\Unreal Projects\ImaginePower\Piotr_Starczewski_Imagine_Power).
[2021.06.03-12.48.24:598][651]CompilerResultsLog: Creating makefile for ImaginePowerEditor (no existing makefile)
[2021.06.03-12.48.24:598][651]CompilerResultsLog: Parsing headers for ImaginePowerEditor
[2021.06.03-12.48.24:598][651]CompilerResultsLog:   Running UnrealHeaderTool "C:\Users\Proti\Documents\Unreal Projects\ImaginePower\Piotr_Starczewski_Imagine_Power\ImaginePower\ImaginePower.uproject" "C:\Users\Proti\Documents\Unreal Projects\ImaginePower\Piotr_Starczewski_Imagine_Power\ImaginePower\Intermediate\Build\Win64\ImaginePowerEditor\Development\ImaginePowerEditor.uhtmanifest" -LogCmds="loginit warning, logexit warning, logdatabase error" -Unattended -WarningsAsErrors -abslog="C:\Users\Proti\AppData\Local\UnrealBuildTool\Log_UHT.txt" -installed
[2021.06.03-12.48.24:598][651]CompilerResultsLog: Reflection code generated for ImaginePowerEditor in 5,4024879 seconds
[2021.06.03-12.48.24:598][651]CompilerResultsLog: Building ImaginePowerEditor...
[2021.06.03-12.48.24:598][651]CompilerResultsLog: Using Visual Studio 2017 14.16.27045 toolchain (C:\Program Files (x86)\Microsoft Visual Studio\2017\Community\VC\Tools\MSVC\14.16.27023) and Windows 10.0.17763.0 SDK (C:\Program Files (x86)\Windows Kits\10).
[2021.06.03-12.48.24:598][651]CompilerResultsLog: Building 15 actions with 12 processes...
[2021.06.03-12.48.24:598][651]CompilerResultsLog:   [1/15] ImaginePowerHUD.cpp
[2021.06.03-12.48.24:598][651]CompilerResultsLog:   [2/15] ImaginePowerGameMode.cpp
[2021.06.03-12.48.24:598][651]CompilerResultsLog:   [3/15] ImaginePowerGameMode.gen.cpp
[2021.06.03-12.48.24:598][651]CompilerResultsLog:   [4/15] ImaginePowerHUD.gen.cpp
[2021.06.03-12.48.24:598][651]CompilerResultsLog:   [5/15] Minion.gen.cpp
[2021.06.03-12.48.24:598][651]CompilerResultsLog:   [6/15] ImaginePower.cpp
[2021.06.03-12.48.24:598][651]CompilerResultsLog:   [7/15] Minion.cpp
[2021.06.03-12.48.24:598][651]CompilerResultsLog:   [8/15] ImaginePower.init.gen.cpp
[2021.06.03-12.48.24:598][651]CompilerResultsLog:   [9/15] ImaginePowerProjectile.cpp
[2021.06.03-12.48.24:598][651]CompilerResultsLog:   [10/15] ImaginePowerProjectile.gen.cpp
[2021.06.03-12.48.24:598][651]CompilerResultsLog:   [11/15] ImaginePowerCharacter.gen.cpp
[2021.06.03-12.48.24:598][651]CompilerResultsLog:   [12/15] ImaginePowerCharacter.cpp
[2021.06.03-12.48.24:598][651]CompilerResultsLog:   [13/15] UE4Editor-ImaginePower-1171.lib
[2021.06.03-12.48.24:598][651]CompilerResultsLog:      Creating library C:\Users\Proti\Documents\Unreal Projects\ImaginePower\Piotr_Starczewski_Imagine_Power\ImaginePower\Intermediate\Build\Win64\UE4Editor\Development\ImaginePower\UE4Editor-ImaginePower-1171.lib and object C:\Users\Proti\Documents\Unreal Projects\ImaginePower\Piotr_Starczewski_Imagine_Power\ImaginePower\Intermediate\Build\Win64\UE4Editor\Development\ImaginePower\UE4Editor-ImaginePower-1171.exp
[2021.06.03-12.48.24:598][651]CompilerResultsLog:   [14/15] UE4Editor-ImaginePower-1171.dll
[2021.06.03-12.48.24:598][651]CompilerResultsLog:      Creating library C:\Users\Proti\Documents\Unreal Projects\ImaginePower\Piotr_Starczewski_Imagine_Power\ImaginePower\Intermediate\Build\Win64\UE4Editor\Development\ImaginePower\UE4Editor-ImaginePower-1171.suppressed.lib and object C:\Users\Proti\Documents\Unreal Projects\ImaginePower\Piotr_Starczewski_Imagine_Power\ImaginePower\Intermediate\Build\Win64\UE4Editor\Development\ImaginePower\UE4Editor-ImaginePower-1171.suppressed.exp
[2021.06.03-12.48.24:598][651]CompilerResultsLog:   [15/15] ImaginePowerEditor.target
[2021.06.03-12.48.24:598][651]CompilerResultsLog: Total time in Parallel executor: 4,01 seconds
[2021.06.03-12.48.24:598][651]CompilerResultsLog: Total execution time: 11,27 seconds
[2021.06.03-12.48.24:598][651]LogMainFrame: MainFrame: Module compiling took 11.423 seconds
[2021.06.03-12.48.24:659][651]LogClass: Could not find existing class Minion in package /Script/ImaginePower for HotReload, assuming new class
[2021.06.03-12.48.24:672][651]LogContentBrowser: Native class hierarchy updated for 'ImaginePower' in 0.0012 seconds. Added 5 classes and 3 folders.
[2021.06.03-12.48.24:697][651]Display: HotReload successful (1 functions remapped  0 scriptstructs remapped)
[2021.06.03-12.48.24:761][651]LogContentBrowser: Native class hierarchy populated in 0.0111 seconds. Added 3451 classes and 831 folders.
[2021.06.03-12.48.24:762][651]Display: HotReload took 11.6s.
[2021.06.03-12.48.24:767][651]Warning: HotReload operation took 11.6s.
[2021.06.03-12.48.24:905][651]LogVSAccessor: Warning: Couldn't goto line number '1' in 'C:/Users/Proti/Documents/Unreal Projects/ImaginePower/Piotr_Starczewski_Imagine_Power/ImaginePower/Source/ImaginePower/Characters/Minion.h'
[2021.06.03-12.48.24:984][651]LogVSAccessor: Warning: Couldn't goto line number '1' in 'C:/Users/Proti/Documents/Unreal Projects/ImaginePower/Piotr_Starczewski_Imagine_Power/ImaginePower/Source/ImaginePower/Characters/Minion.cpp'
[2021.06.03-12.48.24:993][651]LogSlate: Window 'Add C++ Class' being destroyed
[2021.06.03-12.48.25:003][651]LogHotReload: New module detected: UE4Editor-ImaginePower-1171.dll
[2021.06.03-12.48.25:047][652]LogHotReload: Starting Hot-Reload from IDE
[2021.06.03-12.48.25:084][652]LogContentBrowser: Native class hierarchy updated for 'ImaginePower' in 0.0004 seconds. Added 5 classes and 3 folders.
[2021.06.03-12.48.25:089][652]Display: HotReload successful (0 functions remapped  0 scriptstructs remapped)
[2021.06.03-12.48.25:103][652]LogContentBrowser: Native class hierarchy populated in 0.0098 seconds. Added 3451 classes and 831 folders.
[2021.06.03-12.48.25:107][652]Display: HotReload took  0.1s.
[2021.06.03-12.48.42:304][280]LogSlate: WidgetSwitcher ('None') active index changed to -1
[2021.06.03-12.48.42:304][280]LogSlate: WidgetSwitcher ('None') active index changed to 0
[2021.06.03-12.48.43:573][355]LogSlate: WidgetSwitcher ('None') active index changed to 1
[2021.06.03-12.49.30:252][530]Running C:/Program Files/Epic Games/UE_4.25/Engine/Binaries/DotNET/UnrealBuildTool.exe  -projectfiles -project="C:/Users/Proti/Documents/Unreal Projects/ImaginePower/Piotr_Starczewski_Imagine_Power/ImaginePower/ImaginePower.uproject" -game -rocket -progress
[2021.06.03-12.49.30:569][530]Discovering modules, targets and source code for project...
[2021.06.03-12.49.31:878][530]Binding IntelliSense data...
[2021.06.03-12.49.33:595][530]Binding IntelliSense data... 100%
[2021.06.03-12.49.33:595][530]Writing project files...
[2021.06.03-12.49.36:516][530]Writing project files... 100%
[2021.06.03-12.49.36:630][530]LogVSAccessor: Warning: Couldn't save all documents
[2021.06.03-12.49.36:638][530]Candidate modules for hot reload:
[2021.06.03-12.49.36:638][530]  ImaginePower
[2021.06.03-12.49.36:638][530]Launching UnrealBuildTool... [C:/Program Files/Epic Games/UE_4.25/Engine/Binaries/DotNET/UnrealBuildTool.exe  -ModuleWithSuffix=ImaginePower,2115 ImaginePowerEditor Win64 Development -Project="C:/Users/Proti/Documents/Unreal Projects/ImaginePower/Piotr_Starczewski_Imagine_Power/ImaginePower/ImaginePower.uproject" "C:/Users/Proti/Documents/Unreal Projects/ImaginePower/Piotr_Starczewski_Imagine_Power/ImaginePower/ImaginePower.uproject"  -IgnoreJunk]
[2021.06.03-12.49.44:708][530]CompilerResultsLog: New page: Compilation - 3 Jun 2021, 16:49:44
[2021.06.03-12.49.44:708][530]CompilerResultsLog: Using 'git status' to determine working set for adaptive non-unity build (C:\Users\Proti\Documents\Unreal Projects\ImaginePower\Piotr_Starczewski_Imagine_Power).
[2021.06.03-12.49.44:708][530]CompilerResultsLog: Creating makefile for ImaginePowerEditor (no existing makefile)
[2021.06.03-12.49.44:708][530]CompilerResultsLog: Parsing headers for ImaginePowerEditor
[2021.06.03-12.49.44:708][530]CompilerResultsLog:   Running UnrealHeaderTool "C:\Users\Proti\Documents\Unreal Projects\ImaginePower\Piotr_Starczewski_Imagine_Power\ImaginePower\ImaginePower.uproject" "C:\Users\Proti\Documents\Unreal Projects\ImaginePower\Piotr_Starczewski_Imagine_Power\ImaginePower\Intermediate\Build\Win64\ImaginePowerEditor\Development\ImaginePowerEditor.uhtmanifest" -LogCmds="loginit warning, logexit warning, logdatabase error" -Unattended -WarningsAsErrors -abslog="C:\Users\Proti\AppData\Local\UnrealBuildTool\Log_UHT.txt" -installed
[2021.06.03-12.49.44:708][530]CompilerResultsLog: Reflection code generated for ImaginePowerEditor in 4,4203128 seconds
[2021.06.03-12.49.44:708][530]CompilerResultsLog: Building ImaginePowerEditor...
[2021.06.03-12.49.44:708][530]CompilerResultsLog: Using Visual Studio 2017 14.16.27045 toolchain (C:\Program Files (x86)\Microsoft Visual Studio\2017\Community\VC\Tools\MSVC\14.16.27023) and Windows 10.0.17763.0 SDK (C:\Program Files (x86)\Windows Kits\10).
[2021.06.03-12.49.44:708][530]CompilerResultsLog: Building 6 actions with 12 processes...
[2021.06.03-12.49.44:708][530]CompilerResultsLog:   [1/6] ImaginePower.init.gen.cpp
[2021.06.03-12.49.44:708][530]CompilerResultsLog:   [2/6] Container.cpp
[2021.06.03-12.49.44:708][530]CompilerResultsLog:   [3/6] Container.gen.cpp
[2021.06.03-12.49.44:708][530]CompilerResultsLog:   [4/6] UE4Editor-ImaginePower-2115.lib
[2021.06.03-12.49.44:708][530]CompilerResultsLog:      Creating library C:\Users\Proti\Documents\Unreal Projects\ImaginePower\Piotr_Starczewski_Imagine_Power\ImaginePower\Intermediate\Build\Win64\UE4Editor\Development\ImaginePower\UE4Editor-ImaginePower-2115.lib and object C:\Users\Proti\Documents\Unreal Projects\ImaginePower\Piotr_Starczewski_Imagine_Power\ImaginePower\Intermediate\Build\Win64\UE4Editor\Development\ImaginePower\UE4Editor-ImaginePower-2115.exp
[2021.06.03-12.49.44:708][530]CompilerResultsLog:   [5/6] UE4Editor-ImaginePower-2115.dll
[2021.06.03-12.49.44:708][530]CompilerResultsLog:      Creating library C:\Users\Proti\Documents\Unreal Projects\ImaginePower\Piotr_Starczewski_Imagine_Power\ImaginePower\Intermediate\Build\Win64\UE4Editor\Development\ImaginePower\UE4Editor-ImaginePower-2115.suppressed.lib and object C:\Users\Proti\Documents\Unreal Projects\ImaginePower\Piotr_Starczewski_Imagine_Power\ImaginePower\Intermediate\Build\Win64\UE4Editor\Development\ImaginePower\UE4Editor-ImaginePower-2115.suppressed.exp
[2021.06.03-12.49.44:709][530]CompilerResultsLog:   [6/6] ImaginePowerEditor.target
[2021.06.03-12.49.44:709][530]CompilerResultsLog: Total time in Parallel executor: 1,80 seconds
[2021.06.03-12.49.44:709][530]CompilerResultsLog: Total execution time: 7,91 seconds
[2021.06.03-12.49.44:709][530]LogMainFrame: MainFrame: Module compiling took 8.077 seconds
[2021.06.03-12.49.44:713][530]LogClass: Could not find existing class Container in package /Script/ImaginePower for HotReload, assuming new class
[2021.06.03-12.49.44:723][530]LogContentBrowser: Native class hierarchy updated for 'ImaginePower' in 0.0005 seconds. Added 6 classes and 4 folders.
[2021.06.03-12.49.44:729][530]Display: HotReload successful (1 functions remapped  0 scriptstructs remapped)
[2021.06.03-12.49.44:765][530]LogContentBrowser: Native class hierarchy populated in 0.0081 seconds. Added 3452 classes and 832 folders.
[2021.06.03-12.49.44:765][530]Display: HotReload took  8.1s.
[2021.06.03-12.49.44:765][530]Warning: HotReload operation took  8.1s.
[2021.06.03-12.49.44:880][530]LogVSAccessor: Warning: Couldn't goto column number '1' of line '1' in 'C:/Users/Proti/Documents/Unreal Projects/ImaginePower/Piotr_Starczewski_Imagine_Power/ImaginePower/Source/ImaginePower/Items/Container.h'
[2021.06.03-12.49.44:975][530]LogSlate: Window 'Add C++ Class' being destroyed
[2021.06.03-12.49.44:986][530]LogHotReload: New module detected: UE4Editor-ImaginePower-2115.dll
[2021.06.03-12.49.45:021][531]LogHotReload: Starting Hot-Reload from IDE
[2021.06.03-12.49.45:058][531]LogContentBrowser: Native class hierarchy updated for 'ImaginePower' in 0.0005 seconds. Added 6 classes and 4 folders.
[2021.06.03-12.49.45:063][531]Display: HotReload successful (0 functions remapped  0 scriptstructs remapped)
[2021.06.03-12.49.45:074][531]LogContentBrowser: Native class hierarchy populated in 0.0074 seconds. Added 3452 classes and 832 folders.
[2021.06.03-12.49.45:078][531]Display: HotReload took  0.1s.
[2021.06.03-12.53.54:637][ 19]LogSlate: WidgetSwitcher ('None') active index changed to -1
[2021.06.03-12.53.54:638][ 19]LogSlate: WidgetSwitcher ('None') active index changed to 1
[2021.06.03-12.54.02:150][469]LogSlate: Window 'Add Blueprint Class' being destroyed
[2021.06.03-12.54.05:699][681]LogUObjectHash: Compacting FUObjectHashTables data took   1.41ms
[2021.06.03-12.54.11:311][ 15]LogTemp: Repeating last play command: Selected Viewport
[2021.06.03-12.54.11:325][ 15]LogPlayLevel: PlayLevel: No blueprints needed recompiling
[2021.06.03-12.54.11:326][ 15]PIE: New page: PIE session: FirstPersonExampleMap (3 Jun 2021, 16:54:11)
[2021.06.03-12.54.11:328][ 15]LogOnline: OSS: Creating online subsystem instance for: NULL
[2021.06.03-12.54.11:330][ 15]LogOnline: OSS: TryLoadSubsystemAndSetDefault: Loaded subsystem for module [NULL]
[2021.06.03-12.54.11:331][ 15]LogPlayLevel: Creating play world package: /Game/FirstPersonCPP/Maps/UEDPIE_0_FirstPersonExampleMap
[2021.06.03-12.54.11:347][ 15]LogPlayLevel: PIE: StaticDuplicateObject took: (0.015432s)
[2021.06.03-12.54.11:350][ 15]LogAIModule: Creating AISystem for world FirstPersonExampleMap
[2021.06.03-12.54.11:350][ 15]LogAISub: UAISubsystem::UAISubsystem EnvQueryManager (0000029C42D5BA00), frame # 33015
[2021.06.03-12.54.11:350][ 15]LogAISub: UAISubsystem::UAISubsystem AIPerceptionSystem (0000029C335DDA80), frame # 33015
[2021.06.03-12.54.11:350][ 15]LogPlayLevel: PIE: World Init took: (0.003077s)
[2021.06.03-12.54.11:351][ 15]LogPlayLevel: PIE: Created PIE world by copying editor world from /Game/FirstPersonCPP/Maps/FirstPersonExampleMap.FirstPersonExampleMap to /Game/FirstPersonCPP/Maps/UEDPIE_0_FirstPersonExampleMap.FirstPersonExampleMap (0.019416s)
[2021.06.03-12.54.11:363][ 15]LogUObjectHash: Compacting FUObjectHashTables data took   0.62ms
[2021.06.03-12.54.11:366][ 15]LogAudioMixer: Display: Audio Mixer Platform Settings:
[2021.06.03-12.54.11:366][ 15]LogAudioMixer: Display: 	Sample Rate:						  48000
[2021.06.03-12.54.11:366][ 15]LogAudioMixer: Display: 	Callback Buffer Frame Size Requested: 1024
[2021.06.03-12.54.11:366][ 15]LogAudioMixer: Display: 	Callback Buffer Frame Size To Use:	  1024
[2021.06.03-12.54.11:366][ 15]LogAudioMixer: Display: 	Number of buffers to queue:			  2
[2021.06.03-12.54.11:366][ 15]LogAudioMixer: Display: 	Max Channels (voices):				  32
[2021.06.03-12.54.11:366][ 15]LogAudioMixer: Display: 	Number of Async Source Workers:		  0
[2021.06.03-12.54.11:366][ 15]LogAudio: Display: AudioDevice MaxSources: 32
[2021.06.03-12.54.11:366][ 15]LogAudio: Display: Using built-in audio occlusion.
[2021.06.03-12.54.11:366][ 15]LogAudioMixer: Display: Initializing audio mixer.
[2021.06.03-12.54.11:368][ 15]LogAudioMixer: Display: 0: FrontLeft
[2021.06.03-12.54.11:368][ 15]LogAudioMixer: Display: 1: FrontRight
[2021.06.03-12.54.11:378][ 15]LogAudioMixer: Display: Using Audio Device Speakers (Realtek(R) Audio)
[2021.06.03-12.54.11:378][ 15]LogAudioMixer: Display: Initializing Sound Submixes...
[2021.06.03-12.54.11:378][ 15]LogAudioMixer: Display: Creating Master Submix 'MasterSubmixDefault'
[2021.06.03-12.54.11:378][ 15]LogAudioMixer: Display: Creating Master Submix 'MasterReverbSubmixDefault'
[2021.06.03-12.54.11:380][ 15]LogAudioMixer: Display: Creating Master Submix 'MasterEQSubmixDefault'
[2021.06.03-12.54.11:393][ 15]LogInit: FAudioDevice initialized.
[2021.06.03-12.54.11:409][ 15]LogLoad: Game class is 'ImaginePowerGameMode'
[2021.06.03-12.54.11:418][ 15]LogWorld: Bringing World /Game/FirstPersonCPP/Maps/UEDPIE_0_FirstPersonExampleMap.FirstPersonExampleMap up for play (max tick rate 60) at 2021.06.03-14.54.11
[2021.06.03-12.54.11:420][ 15]LogWorld: Bringing up level for play took: 0.003296
[2021.06.03-12.54.11:420][ 15]LogOnline: OSS: Creating online subsystem instance for: :Context_2
[2021.06.03-12.54.11:456][ 15]LogContentBrowser: Native class hierarchy updated for 'MovieSceneCapture' in 0.0005 seconds. Added 20 classes and 0 folders.
[2021.06.03-12.54.11:459][ 15]PIE: Server logged in
[2021.06.03-12.54.11:460][ 15]PIE: Play in editor total start time 0,141 seconds.
[2021.06.03-12.54.15:091][227]LogSlate: Updating window title bar state: overlay mode, drag disabled, window buttons hidden, title bar hidden
[2021.06.03-12.54.15:091][227]LogWorld: BeginTearingDown for /Game/FirstPersonCPP/Maps/UEDPIE_0_FirstPersonExampleMap
[2021.06.03-12.54.15:092][227]LogWorld: UWorld::CleanupWorld for FirstPersonExampleMap, bSessionEnded=true, bCleanupResources=true
[2021.06.03-12.54.15:092][227]LogSlate: InvalidateAllWidgets triggered.  All widgets were invalidated
[2021.06.03-12.54.15:107][227]LogPlayLevel: Display: Shutting down PIE online subsystems
[2021.06.03-12.54.15:109][227]LogSlate: InvalidateAllWidgets triggered.  All widgets were invalidated
[2021.06.03-12.54.15:137][227]LogSlate: Updating window title bar state: overlay mode, drag disabled, window buttons hidden, title bar hidden
[2021.06.03-12.54.15:138][227]LogAISub: UAISubsystem::~UAISubsystem EnvQueryManager (0000029C42D5BA00), frame # 33227
[2021.06.03-12.54.15:138][227]LogAISub: UAISubsystem::~UAISubsystem AIPerceptionSystem (0000029C335DDA80), frame # 33227
[2021.06.03-12.54.15:139][227]LogUObjectHash: Compacting FUObjectHashTables data took   0.48ms
[2021.06.03-12.54.15:156][228]LogPlayLevel: Display: Destroying online subsystem :Context_2
[2021.06.03-12.54.21:900][625]LogAssetEditorSubsystem: Opening Asset editor for Class /Script/ImaginePower.ImaginePowerHUD
[2021.06.03-12.54.21:980][625]LogVSAccessor: Warning: Couldn't goto line number '1' in 'C:/Users/Proti/Documents/Unreal Projects/ImaginePower/Piotr_Starczewski_Imagine_Power/ImaginePower/Source/ImaginePower/ImaginePowerHUD.h'
